                                                                      Page 1
                                                              C:\Users\Fengyuan\AppData\Local\Temp\gh_0000kmc1.s
Command Line: C:\ghs\comp_201714\asarm.exe -elf -b0 -I../../../bsw/../thirdparty/mcal_s32k/supply/s32k14x_mcal4_2_rtm_hf3_1_0_1/eclipse/plugins/base_ts_t40d2m10i1r0/include -I../../../bsw/../thirdparty/mcal_s32k/supply/s32k14x_mcal4_2_rtm_hf3_1_0_1/eclipse/plugins/dio_ts_t40d2m10i1r0/include -I../../../bsw/../thirdparty/mcal_s32k/supply/s32k14x_mcal4_2_rtm_hf3_1_0_1/eclipse/plugins/mcu_ts_t40d2m10i1r0/include -I../../../bsw/../thirdparty/mcal_s32k/supply/s32k14x_mcal4_2_rtm_hf3_1_0_1/eclipse/plugins/port_ts_t40d2m10i1r0/include -I../../../bsw/../thirdparty/mcal_s32k/supply/s32k14x_mcal4_2_rtm_hf3_1_0_1/eclipse/plugins/spi_ts_t40d2m10i1r0/include -I../../../bsw/_common -I../../../bsw/bswm -I../../../bsw/can -I../../../bsw/canif -I../../../bsw/cansm -I../../../bsw/cantp -I../../../bsw/com -I../../../bsw/comm -I../../../bsw/dcm -I../../../bsw/dem -I../../../bsw/det -I../../../bsw/ecum -I../../../bsw/gendata -I../../../bsw/iohwab -I../../../bsw/mcal_s32k -I../../../bsw/os -I../../../bsw/pdur -I../../../bsw/vstdlib -I./shared/zbrs_armcommon -I./shared/zbrs_asrembeddedruntimesystemcfg5 -I./shared/zbrs_s32arm -Ic:/ghs/comp_201714/ansi -Ic:/ghs/comp_201714/include/arm -Igendata -Igendata/components -Igendata/include -Iinclude -IC:\ghs\comp_201714\lib\thumb2 -cpu=cortexm4 -fpu=soft -patch_dbo=C:\Vector\CBD1800257_D01_S32K1xx\Applications\S32K144_Start_new\Appl\obj\Appl_RamTst.dbo -source=Appl_RamTst.c -o obj\gh_0000kmc1.o -list=lst/Appl_RamTst.lst C:\Users\Fengyuan\AppData\Local\Temp\gh_0000kmc1.s 
Original File: C:\Users\Fengyuan\AppData\Local\Temp\gh_0000kmc1.s
Source File: Appl_RamTst.c
Directory: C:\Vector\CBD1800257_D01_S32K1xx\Applications\S32K144_Start_new\Appl
Host OS: Windows
EASE: Copyright (C) 1983-2016 Green Hills Software.  All Rights Reserved.
Release: Compiler v2017.1.4
Build Directory: [Directory] COMP-VAL-WIN47:l:/compiler/release-branch-2017-1-comp/build/v2017.1-2017-04-09/win32-comp-ecom
Revision: [VCInfo] http://toolsvc/branches/release-branch-2017-1-comp/src@589570 (built by auto-compiler)
Revision Date: Mon Apr 10 10:52:57 2017

Release Date: Mon Apr 10 08:00:05 2017

                       1 ;Driver Command: ccarm -DBRS_DERIVATIVE_S32K144 -DBRS_OSC_CLK=8
                       2 ;		-DBRS_TIMEBASE_CLOCK=96 -DBRS_OS_USECASE_OSGEN7 -DBRS_EVA_BOARD_
                       3 ;		-DBRS_PROGRAM_CODE_LOCATION_FLASH
                       4 ;		-DBRS_VECTOR_TABLE_LOCATION_FLASH -DBRS_CPU_CORE_CORTEX_M4
                       5 ;		-DBRS_STACK_SIZE=0xC800 -DBRS_PLATFORM_ARM -DBRS_COMP_GHS
                       6 ;		-DBRS_INSTRUCTION_SET_ARM -DBRS_OPTIONBYTES_ADR=1
                       7 ;		-DBRS_RAM_ETH_SIZE=0 -DBRS_RAM_ETH_MAPPING=0
                       8 ;		-DBRS_RAM_SIZE=0x0000F000 -DBRS_RAM_MAPPING=0x1FFF8000 -c
                       9 ;		-object_dir=obj -list=lst/Appl_RamTst.lst --diag_suppress=1
                      10 ;		-cpu=cortexm4 -noobj --long_long -g -dual_debug -farcalls -dwarf2
                      11 ;		-no_misalign_pack -nostartfiles -act_like=2015.1
                      12 ;		-pragma_asm_inline -thumb -thumb_lib -Osize -object_dir= -e
                      13 ;		Startup_Handler
                      14 ;		-I../../../bsw/../thirdparty/mcal_s32k/supply/s32k14x_mcal4_2_rtm_hf3_1_0_1/eclipse/plugins/base_ts_t40d2m10i1r0/include
                      15 ;		-I../../../bsw/../thirdparty/mcal_s32k/supply/s32k14x_mcal4_2_rtm_hf3_1_0_1/eclipse/plugins/dio_ts_t40d2m10i1r0/include
                      16 ;		-I../../../bsw/../thirdparty/mcal_s32k/supply/s32k14x_mcal4_2_rtm_hf3_1_0_1/eclipse/plugins/mcu_ts_t40d2m10i1r0/include
                      17 ;		-I../../../bsw/../thirdparty/mcal_s32k/supply/s32k14x_mcal4_2_rtm_hf3_1_0_1/eclipse/plugins/port_ts_t40d2m10i1r0/include
                      18 ;		-I../../../bsw/../thirdparty/mcal_s32k/supply/s32k14x_mcal4_2_rtm_hf3_1_0_1/eclipse/plugins/spi_ts_t40d2m10i1r0/include
                      19 ;		-I../../../bsw/_common -I../../../bsw/bswm -I../../../bsw/can
                      20 ;		-I../../../bsw/canif -I../../../bsw/cansm -I../../../bsw/cantp
                      21 ;		-I../../../bsw/com -I../../../bsw/comm -I../../../bsw/dcm
                      22 ;		-I../../../bsw/dem -I../../../bsw/det -I../../../bsw/ecum
                      23 ;		-I../../../bsw/gendata -I../../../bsw/iohwab
                      24 ;		-I../../../bsw/mcal_s32k -I../../../bsw/os -I../../../bsw/pdur
                      25 ;		-I../../../bsw/vstdlib -I./shared/zbrs_armcommon
                      26 ;		-I./shared/zbrs_asrembeddedruntimesystemcfg5
                      27 ;		-I./shared/zbrs_s32arm -Ic:/ghs/comp_201714/ansi
                      28 ;		-Ic:/ghs/comp_201714/include/arm -Igendata -Igendata/components
                      29 ;		-Igendata/include -Iinclude
                      30 ;		shared/zBrs_AsrEmbeddedRunTimeSystemCfg5/Appl_RamTst.c
                      31 ;Source File:   shared/zBrs_AsrEmbeddedRunTimeSystemCfg5/Appl_RamTst.c
                      32 ;Directory:     
                      33 ;		C:\Vector\CBD1800257_D01_S32K1xx\Applications\S32K144_Start_new\Appl
                      34 ;Compile Date:  Fri Jun 18 09:56:47 2021
                      35 ;Host OS:       Win32
                      36 ;Version:       C-ARM 2017.1.4 RELEASE VERSION
                      37 ;Release:       Compiler v2017.1.4
                      38 ;Revision Date: Tue Apr 11 01:37:22 2017
                      39 ;Release Date:  Mon Apr 10 08:00:05 2017
                      40 ; ecom  -g -w -OMS
                      41 	.text
                      42 ..bof.C.3A.5CVector.5CCBD1800257_D01_S32K1xx.5CApplications.5CS32K144_Start_new.5CAppl.5Cobj.5CAppl_RamTst...43.3A.5CVector.5CCBD1800257_D01_S32K1xx.5CApplications.5CS32K144_Start_new.5CAppl..60CBFD5F..0::
                      43 	.align	2
                      44 ..gh.f.a.1.e.0:
                      45 	.endo	..gh.f.a.1.e.0
                      46 	.thumb2
                      47 RamTst_ErrorNotification::
                      48 .LDW01:
                      49 .LDW11:
00000000 4770         50 	ret

                                                                      Page 2
                                                              C:\Users\Fengyuan\AppData\Local\Temp\gh_0000kmc1.s
                      51 __ghs_eofn_RamTst_ErrorNotification::
                      52 	.endf	RamTst_ErrorNotification
                      53 
                      54 	.section ".bss","awb"
                      55 .L30:
                      56 	.endo	.L30
                      57 	.text
                      58 ..gh.f.a.1.e.1:
                      59 	.endo	..gh.f.a.1.e.1
                      60 RamTst_TestCompletedNotification::
                      61 .LDW21:
                      62 .LDW31:
00000002 4770         63 	ret
                      64 __ghs_eofn_RamTst_TestCompletedNotification::
                      65 	.endf	RamTst_TestCompletedNotification
                      66 
                      67 	.section ".bss","awb"
                      68 .L62:
                      69 	.endo	.L62
                      70 	.text
                      71 
                      72 	.ghsnote info, 19, 3, 640
                      73 	.align	2
                      74 ..eof.C.3A.5CVector.5CCBD1800257_D01_S32K1xx.5CApplications.5CS32K144_Start_new.5CAppl.5Cobj.5CAppl_RamTst...43.3A.5CVector.5CCBD1800257_D01_S32K1xx.5CApplications.5CS32K144_Start_new.5CAppl..60CBFD5F..0::
                      75 	.section	.debug_info
                      76 .Ldw_begin:
00000000 00000000*    77 	.data.w	.Ldw_end-.Ldw_begin-4
00000004 0002         78 	.data.b	2,0
00000006 00000000*    79 	.data.w	.Ldw_abbr_begin
0000000a 04           80 	.data.b	4
                      81 	.section	.debug_abbrev
                      82 .Ldw_abbr_begin:
                      83 	.section	.debug_info
0000000b 01           84 	.data.b	1
0000000c 00000000*    85 	.data.w	..bof.C.3A.5CVector.5CCBD1800257_D01_S32K1xx.5CApplications.5CS32K144_Start_new.5CAppl.5Cobj.5CAppl_RamTst...43.3A.5CVector.5CCBD1800257_D01_S32K1xx.5CApplications.5CS32K144_Start_new.5CAppl..60CBFD5F..0
00000010 00000000*    86 	.data.w	..eof.C.3A.5CVector.5CCBD1800257_D01_S32K1xx.5CApplications.5CS32K144_Start_new.5CAppl.5Cobj.5CAppl_RamTst...43.3A.5CVector.5CCBD1800257_D01_S32K1xx.5CApplications.5CS32K144_Start_new.5CAppl..60CBFD5F..0
00000014 72616873     87 	.data.b	115,104,97,114,101,100,47,122,66,114,115,95,65,115,114,69,109,98,101,100,100,101,100,82,117,110,84,105,109,101,83,121,115,116,101,109,67,102,103,53,47,65,112,112,108,95,82,97,109,84,115,116,46,99,0
00000018 7a2f6465 
0000001c 5f737242 
00000020 45727341 
00000024 6465626d 
00000028 52646564 
0000002c 69546e75 
00000030 7953656d 
00000034 6d657473 
00000038 35676643 
0000003c 7070412f 
00000040 61525f6c 
00000044 7473546d 
00000048 00632e 
0000004b 565c3a43     88 	.data.b	67,58,92,86,101,99,116,111,114,92,67,66,68,49,56,48,48,50,53,55,95,68,48,49,95,83,51,50,75,49,120,120,92,65,112,112,108,105,99,97,116,105,111,110,115,92,83,51,50,75,49,52,52,95,83,116,97,114,116,95
0000004f 6f746365 
00000053 42435c72 
00000057 30383144 
0000005b 37353230 
0000005f 3130445f 
00000063 3233535f 
00000067 7878314b 
0000006b 7070415c 
0000006f 6163696c 
00000073 6e6f6974 

                                                                      Page 3
                                                              C:\Users\Fengyuan\AppData\Local\Temp\gh_0000kmc1.s
00000077 33535c73 
0000007b 34314b32 
0000007f 74535f34 
00000083 5f747261 
00000087 5c77656e     89 	.data.b	110,101,119,92,65,112,112,108,0
0000008b 6c707041 
0000008f 00 
00000090 20534847     90 	.data.b	71,72,83,32,67,32,50,48,49,55,46,49,46,52,32,91,100,117,97,108,93,0
00000094 30322043 
00000098 312e3731 
0000009c 5b20342e 
000000a0 6c617564 
000000a4 005d 
000000a6 0001         91 	.data.b	1,0
000000a8 00000000*    92 	.data.w	.Ldw_line_begin
000000ac 00000000*    93 	.data.w	.Ldw_macinfo_begin
000000b0 00           94 	.data.b	0
                      95 
                      96 	.section	.debug_abbrev
00000000 01           97 	.data.b	1
00000001 11           98 	.data.b	17
00000002 01           99 	.data.b	1
00000003 0111        100 	.data.b	17,1
00000005 0112        101 	.data.b	18,1
00000007 0803        102 	.data.b	3,8
00000009 081b        103 	.data.b	27,8
0000000b 0825        104 	.data.b	37,8
0000000d 0513        105 	.data.b	19,5
0000000f 0610        106 	.data.b	16,6
00000011 0643        107 	.data.b	67,6
00000013 0b42        108 	.data.b	66,11
00000015 0000        109 	.data.b	0,0
                     110 
                     111 	.section	.debug_line
                     112 .Ldw_line_begin:
00000000 00000000*   113 	.data.w	.Ldw_line_end-.Ldw_line_begin-4
00000004 0002        114 	.data.b	2,0
00000006 00000000*   115 	.data.w	.Ldw_lpro_end-.Ldw_lpro_begin
                     116 .Ldw_lpro_begin:
0000000a 01          117 	.data.b	1
0000000b 00          118 	.data.b	0
0000000c 00          119 	.data.b	0
0000000d 04          120 	.data.b	4
0000000e 0a          121 	.data.b	10
0000000f 010100      122 	.data.b	0,1,1
00000012 000101      123 	.data.b	1,1,0
00000015 010000      124 	.data.b	0,0,1
00000018 00          125 	.data.b	0
00000019 72616873    126 	.data.b	115,104,97,114,101,100,47,122,66,114,115,95,65,115,114,69,109,98,101,100,100,101,100,82,117,110,84,105,109,101,83,121,115,116,101,109,67,102,103,53,47,65,112,112,108,95,82,97,109,84,115,116,46,99,0
0000001d 7a2f6465 
00000021 5f737242 
00000025 45727341 
00000029 6465626d 
0000002d 52646564 
00000031 69546e75 
00000035 7953656d 
00000039 6d657473 
0000003d 35676643 
00000041 7070412f 
00000045 61525f6c 
00000049 7473546d 

                                                                      Page 4
                                                              C:\Users\Fengyuan\AppData\Local\Temp\gh_0000kmc1.s
0000004d 00632e 
00000050 000000      127 	.data.b	0,0,0
00000053 72616873    128 	.data.b	115,104,97,114,101,100,47,122,66,114,115,95,65,115,114,69,109,98,101,100,100,101,100,82,117,110,84,105,109,101,83,121,115,116,101,109,67,102,103,53,47,65,112,112,108,95,82,97,109,84,115,116,46,104,0
00000057 7a2f6465 
0000005b 5f737242 
0000005f 45727341 
00000063 6465626d 
00000067 52646564 
0000006b 69546e75 
0000006f 7953656d 
00000073 6d657473 
00000077 35676643 
0000007b 7070412f 
0000007f 61525f6c 
00000083 7473546d 
00000087 00682e 
0000008a 000000      129 	.data.b	0,0,0
0000008d 00          130 	.data.b	0
                     131 .Ldw_lpro_end:
                     132 	.section	.debug_macinfo
                     133 .Ldw_macinfo_begin:
                     134 	.section	.debug_frame
                     135 .LDW_4a9a0b8:
00000000 00000000*   136 	.data.w	.LDW_unq_2-.LDW_unq_1
                     137 .LDW_unq_1:
00000004 ffffffff    138 	.data.b	255,255,255,255
00000008 01          139 	.data.b	1
00000009 00          140 	.data.b	0
0000000a 01          141 	.data.b	1
0000000b 01          142 	.data.b	1
0000000c 00          143 	.data.b	0
0000000d 0c          144 	.data.b	12
0000000e 0d          145 	.data.b	13
0000000f 00          146 	.data.b	0
00000010 07          147 	.data.b	7
00000011 00          148 	.data.b	0
00000012 07          149 	.data.b	7
00000013 01          150 	.data.b	1
00000014 07          151 	.data.b	7
00000015 02          152 	.data.b	2
00000016 07          153 	.data.b	7
00000017 03          154 	.data.b	3
00000018 07          155 	.data.b	7
00000019 04          156 	.data.b	4
0000001a 07          157 	.data.b	7
0000001b 05          158 	.data.b	5
0000001c 07          159 	.data.b	7
0000001d 06          160 	.data.b	6
0000001e 07          161 	.data.b	7
0000001f 07          162 	.data.b	7
00000020 07          163 	.data.b	7
00000021 08          164 	.data.b	8
00000022 07          165 	.data.b	7
00000023 09          166 	.data.b	9
00000024 07          167 	.data.b	7
00000025 0a          168 	.data.b	10
00000026 07          169 	.data.b	7
00000027 0b          170 	.data.b	11
00000028 07          171 	.data.b	7
00000029 0c          172 	.data.b	12
0000002a 07          173 	.data.b	7

                                                                      Page 5
                                                              C:\Users\Fengyuan\AppData\Local\Temp\gh_0000kmc1.s
0000002b 0d          174 	.data.b	13
0000002c 07          175 	.data.b	7
0000002d 0e          176 	.data.b	14
0000002e 07          177 	.data.b	7
0000002f 0f          178 	.data.b	15
00000030 07          179 	.data.b	7
00000031 10          180 	.data.b	16
00000032 07          181 	.data.b	7
00000033 11          182 	.data.b	17
00000034 07          183 	.data.b	7
00000035 12          184 	.data.b	18
00000036 07          185 	.data.b	7
00000037 13          186 	.data.b	19
00000038 07          187 	.data.b	7
00000039 14          188 	.data.b	20
0000003a 07          189 	.data.b	7
0000003b 15          190 	.data.b	21
0000003c 07          191 	.data.b	7
0000003d 16          192 	.data.b	22
0000003e 07          193 	.data.b	7
0000003f 17          194 	.data.b	23
00000040 07          195 	.data.b	7
00000041 18          196 	.data.b	24
00000042 07          197 	.data.b	7
00000043 19          198 	.data.b	25
00000044 07          199 	.data.b	7
00000045 1a          200 	.data.b	26
00000046 07          201 	.data.b	7
00000047 1b          202 	.data.b	27
00000048 07          203 	.data.b	7
00000049 1c          204 	.data.b	28
0000004a 07          205 	.data.b	7
0000004b 1d          206 	.data.b	29
0000004c 07          207 	.data.b	7
0000004d 1e          208 	.data.b	30
0000004e 07          209 	.data.b	7
0000004f 1f          210 	.data.b	31
00000050 07          211 	.data.b	7
00000051 20          212 	.data.b	32
00000052 07          213 	.data.b	7
00000053 21          214 	.data.b	33
00000054 07          215 	.data.b	7
00000055 22          216 	.data.b	34
00000056 07          217 	.data.b	7
00000057 23          218 	.data.b	35
00000058 07          219 	.data.b	7
00000059 24          220 	.data.b	36
0000005a 07          221 	.data.b	7
0000005b 25          222 	.data.b	37
0000005c 07          223 	.data.b	7
0000005d 26          224 	.data.b	38
0000005e 07          225 	.data.b	7
0000005f 27          226 	.data.b	39
00000060 07          227 	.data.b	7
00000061 28          228 	.data.b	40
00000062 07          229 	.data.b	7
00000063 29          230 	.data.b	41
00000064 07          231 	.data.b	7
00000065 2a          232 	.data.b	42
00000066 07          233 	.data.b	7
00000067 2b          234 	.data.b	43

                                                                      Page 6
                                                              C:\Users\Fengyuan\AppData\Local\Temp\gh_0000kmc1.s
00000068 07          235 	.data.b	7
00000069 2c          236 	.data.b	44
0000006a 07          237 	.data.b	7
0000006b 2d          238 	.data.b	45
0000006c 07          239 	.data.b	7
0000006d 2e          240 	.data.b	46
0000006e 07          241 	.data.b	7
0000006f 2f          242 	.data.b	47
00000070 07          243 	.data.b	7
00000071 30          244 	.data.b	48
00000072 07          245 	.data.b	7
00000073 31          246 	.data.b	49
00000074 07          247 	.data.b	7
00000075 32          248 	.data.b	50
00000076 07          249 	.data.b	7
00000077 33          250 	.data.b	51
00000078 07          251 	.data.b	7
00000079 34          252 	.data.b	52
0000007a 07          253 	.data.b	7
0000007b 35          254 	.data.b	53
0000007c 07          255 	.data.b	7
0000007d 36          256 	.data.b	54
0000007e 07          257 	.data.b	7
0000007f 37          258 	.data.b	55
00000080 07          259 	.data.b	7
00000081 38          260 	.data.b	56
00000082 07          261 	.data.b	7
00000083 39          262 	.data.b	57
00000084 07          263 	.data.b	7
00000085 3a          264 	.data.b	58
00000086 07          265 	.data.b	7
00000087 3b          266 	.data.b	59
00000088 07          267 	.data.b	7
00000089 3c          268 	.data.b	60
0000008a 07          269 	.data.b	7
0000008b 3d          270 	.data.b	61
0000008c 07          271 	.data.b	7
0000008d 3e          272 	.data.b	62
0000008e 07          273 	.data.b	7
0000008f 3f          274 	.data.b	63
                     275 .LDW_unq_2:
                     276 	.section	.debug_info
                     277 .LDW_4a6d188:
000000b1 47          278 	.data.b	71
000000b2 01          279 	.data.b	1
                     280 
                     281 	.section	.debug_abbrev
00000017 47          282 	.data.b	71
00000018 15          283 	.data.b	21
00000019 01          284 	.data.b	1
0000001a 0c27        285 	.data.b	39,12
0000001c 0000        286 	.data.b	0,0
                     287 
                     288 	.section	.debug_info
000000b3 00          289 	.data.b	0
                     290 
                     291 .LDW_4a6d700:
000000b4 47          292 	.data.b	71
000000b5 01          293 	.data.b	1
                     294 
000000b6 00          295 	.data.b	0

                                                                      Page 7
                                                              C:\Users\Fengyuan\AppData\Local\Temp\gh_0000kmc1.s
                     296 
                     297 .LDW_5d25bb0:
000000b7 15          298 	.data.b	21
000000b8 546d6152    299 	.data.b	82,97,109,84,115,116,95,69,114,114,111,114,78,111,116,105,102,105,99,97,116,105,111,110,0
000000bc 455f7473 
000000c0 726f7272 
000000c4 69746f4e 
000000c8 61636966 
000000cc 6e6f6974 
000000d0 00 
000000d1 37          300 	.data.b	55
000000d2 06          301 	.data.b	6
000000d3 01          302 	.data.b	1
000000d4 00000000*   303 	.data.w	RamTst_ErrorNotification
000000d8 00000000*   304 	.data.w	__ghs_eofn_RamTst_ErrorNotification
000000dc 5d01        305 	.data.b	1,93
000000de 00          306 	.data.b	0
000000df 04          307 	.data.b	4
000000e0 00          308 	.data.b	0
000000e1 7c          309 	.data.b	124
000000e2 01          310 	.data.b	1
000000e3 00          311 	.data.b	0
000000e4 00          312 	.data.b	0
000000e5 01          313 	.data.b	1
000000e6 01          314 	.data.b	1
000000e7 00          315 	.data.b	0
000000e8 01          316 	.data.b	1
                     317 
                     318 	.section	.debug_abbrev
0000001e 15          319 	.data.b	21
0000001f 2e          320 	.data.b	46
00000020 01          321 	.data.b	1
00000021 0803        322 	.data.b	3,8
00000023 0f3b        323 	.data.b	59,15
00000025 0f39        324 	.data.b	57,15
00000027 0f3a        325 	.data.b	58,15
00000029 0111        326 	.data.b	17,1
0000002b 0112        327 	.data.b	18,1
0000002d 0a40        328 	.data.b	64,10
0000002f 4183        329 	.data.b	131,65
00000031 0f          330 	.data.b	15
00000032 4187        331 	.data.b	135,65
00000034 0d          332 	.data.b	13
00000035 4185        333 	.data.b	133,65
00000037 0f          334 	.data.b	15
00000038 4186        335 	.data.b	134,65
0000003a 0d          336 	.data.b	13
0000003b 4192        337 	.data.b	146,65
0000003d 0f          338 	.data.b	15
0000003e 0c3c        339 	.data.b	60,12
00000040 0b20        340 	.data.b	32,11
00000042 0c3f        341 	.data.b	63,12
00000044 0b32        342 	.data.b	50,11
00000046 0b4c        343 	.data.b	76,11
00000048 0c27        344 	.data.b	39,12
0000004a 0000        345 	.data.b	0,0
                     346 
                     347 	.section	.debug_frame
                     348 .LDW_5d13400:
00000090 00000000*   349 	.data.w	.LDW_unq_4-.LDW_unq_3
                     350 .LDW_unq_3:

                                                                      Page 8
                                                              C:\Users\Fengyuan\AppData\Local\Temp\gh_0000kmc1.s
00000094 00000000*   351 	.data.w	.LDW_4a9a0b8
00000098 00000000*   352 	.data.w	RamTst_ErrorNotification
0000009c 00000002    353 	.data.w	__ghs_eofn_RamTst_ErrorNotification-RamTst_ErrorNotification
000000a0 01          354 	.data.b	1
000000a1 00000000*   355 	.data.w	.LDW11
000000a5 00          356 	.data.b	0
000000a6 00          357 	.data.b	0
000000a7 00          358 	.data.b	0
                     359 .LDW_unq_4:
                     360 	.section	.debug_line
0000008e 020500      361 	.data.b	0,5,2
00000091 00000000*   362 	.data.w	RamTst_ErrorNotification
00000095 06          363 	.data.b	6
00000096 03          364 	.data.b	3
00000097 39          365 	.data.b	57
00000098 02          366 	.data.b	2
00000099 00          367 	.data.b	0
0000009a 01          368 	.data.b	1
0000009b 02          369 	.data.b	2
0000009c 02          370 	.data.b	2
0000009d 010100      371 	.data.b	0,1,1
                     372 	.section	.debug_info
                     373 .LDW_4a4ffc8:
000000e9 1f          374 	.data.b	31
000000ea 00000000*   375 	.data.w	.LDW01
000000ee 00000000*   376 	.data.w	.LDW11
                     377 
                     378 	.section	.debug_abbrev
0000004c 1f          379 	.data.b	31
0000004d 0b          380 	.data.b	11
0000004e 01          381 	.data.b	1
0000004f 0111        382 	.data.b	17,1
00000051 0112        383 	.data.b	18,1
00000053 0000        384 	.data.b	0,0
                     385 
                     386 	.section	.debug_info
000000f2 00          387 	.data.b	0
                     388 
000000f3 00          389 	.data.b	0
                     390 
                     391 .LDW_5d25c48:
000000f4 15          392 	.data.b	21
000000f5 546d6152    393 	.data.b	82,97,109,84,115,116,95,84,101,115,116,67,111,109,112,108,101,116,101,100,78,111,116,105,102,105,99,97,116,105,111,110,0
000000f9 545f7473 
000000fd 43747365 
00000101 6c706d6f 
00000105 64657465 
00000109 69746f4e 
0000010d 61636966 
00000111 6e6f6974 
00000115 00 
00000116 3c          394 	.data.b	60
00000117 06          395 	.data.b	6
00000118 01          396 	.data.b	1
00000119 00000000*   397 	.data.w	RamTst_TestCompletedNotification
0000011d 00000000*   398 	.data.w	__ghs_eofn_RamTst_TestCompletedNotification
00000121 5d01        399 	.data.b	1,93
00000123 00          400 	.data.b	0
00000124 04          401 	.data.b	4
00000125 00          402 	.data.b	0
00000126 7c          403 	.data.b	124

                                                                      Page 9
                                                              C:\Users\Fengyuan\AppData\Local\Temp\gh_0000kmc1.s
00000127 01          404 	.data.b	1
00000128 00          405 	.data.b	0
00000129 00          406 	.data.b	0
0000012a 01          407 	.data.b	1
0000012b 01          408 	.data.b	1
0000012c 00          409 	.data.b	0
0000012d 01          410 	.data.b	1
                     411 
                     412 	.section	.debug_frame
                     413 .LDW_5d134c0:
000000a8 00000000*   414 	.data.w	.LDW_unq_6-.LDW_unq_5
                     415 .LDW_unq_5:
000000ac 00000000*   416 	.data.w	.LDW_4a9a0b8
000000b0 00000000*   417 	.data.w	RamTst_TestCompletedNotification
000000b4 00000002    418 	.data.w	__ghs_eofn_RamTst_TestCompletedNotification-RamTst_TestCompletedNotification
000000b8 01          419 	.data.b	1
000000b9 00000000*   420 	.data.w	.LDW31
000000bd 00          421 	.data.b	0
000000be 00          422 	.data.b	0
000000bf 00          423 	.data.b	0
                     424 .LDW_unq_6:
                     425 	.section	.debug_line
000000a0 020500      426 	.data.b	0,5,2
000000a3 00000000*   427 	.data.w	RamTst_TestCompletedNotification
000000a7 06          428 	.data.b	6
000000a8 03          429 	.data.b	3
000000a9 3e          430 	.data.b	62
000000aa 02          431 	.data.b	2
000000ab 00          432 	.data.b	0
000000ac 01          433 	.data.b	1
000000ad 02          434 	.data.b	2
000000ae 02          435 	.data.b	2
000000af 010100      436 	.data.b	0,1,1
                     437 	.section	.debug_info
                     438 .LDW_4a50208:
0000012e 1f          439 	.data.b	31
0000012f 00000000*   440 	.data.w	.LDW21
00000133 00000000*   441 	.data.w	.LDW31
                     442 
00000137 00          443 	.data.b	0
                     444 
00000138 00          445 	.data.b	0
                     446 
00000139 00          447 	.data.b	0
                     448 
                     449 	.section	.debug_line
                     450 .Ldw_line_end:
                     451 	.section	.debug_macinfo
00000000 03          452 	.data.b	3
00000001 00          453 	.data.b	0
00000002 01          454 	.data.b	1
00000003 03          455 	.data.b	3
00000004 35          456 	.data.b	53
00000005 02          457 	.data.b	2
00000006 04          458 	.data.b	4
00000007 04          459 	.data.b	4
00000008 00          460 	.data.b	0
                     461 	.section	.debug_abbrev
00000055 00          462 	.data.b	0
                     463 	.section	.debug_info
                     464 .Ldw_end:

                                                                      Page 10
                                                              C:\Users\Fengyuan\AppData\Local\Temp\gh_0000kmc1.s
