                                                                      Page 1
                                                              C:\Users\Fengyuan\AppData\Local\Temp\gh_0000mjc1.s
Command Line: C:\ghs\comp_201714\asarm.exe -elf -b0 -I../../../bsw/../thirdparty/mcal_s32k/supply/s32k14x_mcal4_2_rtm_hf3_1_0_1/eclipse/plugins/base_ts_t40d2m10i1r0/include -I../../../bsw/../thirdparty/mcal_s32k/supply/s32k14x_mcal4_2_rtm_hf3_1_0_1/eclipse/plugins/dio_ts_t40d2m10i1r0/include -I../../../bsw/../thirdparty/mcal_s32k/supply/s32k14x_mcal4_2_rtm_hf3_1_0_1/eclipse/plugins/mcu_ts_t40d2m10i1r0/include -I../../../bsw/../thirdparty/mcal_s32k/supply/s32k14x_mcal4_2_rtm_hf3_1_0_1/eclipse/plugins/port_ts_t40d2m10i1r0/include -I../../../bsw/../thirdparty/mcal_s32k/supply/s32k14x_mcal4_2_rtm_hf3_1_0_1/eclipse/plugins/spi_ts_t40d2m10i1r0/include -I../../../bsw/_common -I../../../bsw/bswm -I../../../bsw/can -I../../../bsw/canif -I../../../bsw/cansm -I../../../bsw/cantp -I../../../bsw/com -I../../../bsw/comm -I../../../bsw/dcm -I../../../bsw/dem -I../../../bsw/det -I../../../bsw/ecum -I../../../bsw/gendata -I../../../bsw/iohwab -I../../../bsw/mcal_s32k -I../../../bsw/os -I../../../bsw/pdur -I../../../bsw/vstdlib -I./shared/zbrs_armcommon -I./shared/zbrs_asrembeddedruntimesystemcfg5 -I./shared/zbrs_s32arm -Ic:/ghs/comp_201714/ansi -Ic:/ghs/comp_201714/include/arm -Igendata -Igendata/components -Igendata/include -Iinclude -IC:\ghs\comp_201714\lib\thumb2 -cpu=cortexm4 -fpu=soft -patch_dbo=C:\Vector\CBD1800257_D01_S32K1xx\Applications\S32K144_Start_new\Appl\obj\ARMStartup_CortexM.dbo -source=ARMStartup_CortexM.c -o obj\gh_0000mjc1.o -list=lst/ARMStartup_CortexM.lst C:\Users\Fengyuan\AppData\Local\Temp\gh_0000mjc1.s 
Original File: C:\Users\Fengyuan\AppData\Local\Temp\gh_0000mjc1.s
Source File: ARMStartup_CortexM.c
Directory: C:\Vector\CBD1800257_D01_S32K1xx\Applications\S32K144_Start_new\Appl
Host OS: Windows
EASE: Copyright (C) 1983-2016 Green Hills Software.  All Rights Reserved.
Release: Compiler v2017.1.4
Build Directory: [Directory] COMP-VAL-WIN47:l:/compiler/release-branch-2017-1-comp/build/v2017.1-2017-04-09/win32-comp-ecom
Revision: [VCInfo] http://toolsvc/branches/release-branch-2017-1-comp/src@589570 (built by auto-compiler)
Revision Date: Mon Apr 10 10:52:57 2017

Release Date: Mon Apr 10 08:00:05 2017

                       1 ;Driver Command: ccarm -DBRS_DERIVATIVE_S32K144 -DBRS_OSC_CLK=8
                       2 ;		-DBRS_TIMEBASE_CLOCK=96 -DBRS_OS_USECASE_OSGEN7 -DBRS_EVA_BOARD_
                       3 ;		-DBRS_PROGRAM_CODE_LOCATION_FLASH
                       4 ;		-DBRS_VECTOR_TABLE_LOCATION_FLASH -DBRS_CPU_CORE_CORTEX_M4
                       5 ;		-DBRS_STACK_SIZE=0xC800 -DBRS_PLATFORM_ARM -DBRS_COMP_GHS
                       6 ;		-DBRS_INSTRUCTION_SET_ARM -DBRS_OPTIONBYTES_ADR=1
                       7 ;		-DBRS_RAM_ETH_SIZE=0 -DBRS_RAM_ETH_MAPPING=0
                       8 ;		-DBRS_RAM_SIZE=0x0000F000 -DBRS_RAM_MAPPING=0x1FFF8000 -c
                       9 ;		-object_dir=obj -list=lst/ARMStartup_CortexM.lst
                      10 ;		--diag_suppress=1 -cpu=cortexm4 -noobj --long_long -g -dual_debug
                      11 ;		-farcalls -dwarf2 -no_misalign_pack -nostartfiles
                      12 ;		-act_like=2015.1 -pragma_asm_inline -thumb -thumb_lib -Osize
                      13 ;		-object_dir= -e Startup_Handler
                      14 ;		-I../../../bsw/../thirdparty/mcal_s32k/supply/s32k14x_mcal4_2_rtm_hf3_1_0_1/eclipse/plugins/base_ts_t40d2m10i1r0/include
                      15 ;		-I../../../bsw/../thirdparty/mcal_s32k/supply/s32k14x_mcal4_2_rtm_hf3_1_0_1/eclipse/plugins/dio_ts_t40d2m10i1r0/include
                      16 ;		-I../../../bsw/../thirdparty/mcal_s32k/supply/s32k14x_mcal4_2_rtm_hf3_1_0_1/eclipse/plugins/mcu_ts_t40d2m10i1r0/include
                      17 ;		-I../../../bsw/../thirdparty/mcal_s32k/supply/s32k14x_mcal4_2_rtm_hf3_1_0_1/eclipse/plugins/port_ts_t40d2m10i1r0/include
                      18 ;		-I../../../bsw/../thirdparty/mcal_s32k/supply/s32k14x_mcal4_2_rtm_hf3_1_0_1/eclipse/plugins/spi_ts_t40d2m10i1r0/include
                      19 ;		-I../../../bsw/_common -I../../../bsw/bswm -I../../../bsw/can
                      20 ;		-I../../../bsw/canif -I../../../bsw/cansm -I../../../bsw/cantp
                      21 ;		-I../../../bsw/com -I../../../bsw/comm -I../../../bsw/dcm
                      22 ;		-I../../../bsw/dem -I../../../bsw/det -I../../../bsw/ecum
                      23 ;		-I../../../bsw/gendata -I../../../bsw/iohwab
                      24 ;		-I../../../bsw/mcal_s32k -I../../../bsw/os -I../../../bsw/pdur
                      25 ;		-I../../../bsw/vstdlib -I./shared/zbrs_armcommon
                      26 ;		-I./shared/zbrs_asrembeddedruntimesystemcfg5
                      27 ;		-I./shared/zbrs_s32arm -Ic:/ghs/comp_201714/ansi
                      28 ;		-Ic:/ghs/comp_201714/include/arm -Igendata -Igendata/components
                      29 ;		-Igendata/include -Iinclude
                      30 ;		shared/zBrs_ArmCommon/ARMStartup_CortexM.c
                      31 ;Source File:   shared/zBrs_ArmCommon/ARMStartup_CortexM.c
                      32 ;Directory:     
                      33 ;		C:\Vector\CBD1800257_D01_S32K1xx\Applications\S32K144_Start_new\Appl
                      34 ;Compile Date:  Fri Jun 18 09:56:47 2021
                      35 ;Host OS:       Win32
                      36 ;Version:       C-ARM 2017.1.4 RELEASE VERSION
                      37 ;Release:       Compiler v2017.1.4
                      38 ;Revision Date: Tue Apr 11 01:37:22 2017
                      39 ;Release Date:  Mon Apr 10 08:00:05 2017
                      40 ; ecom  -g -w -OMS
                      41 	.text
                      42 ..bof.C.3A.5CVector.5CCBD1800257_D01_S32K1xx.5CApplications.5CS32K144_Start_new.5CAppl.5Cobj.5CARMStartup_CortexM...43.3A.5CVector.5CCBD1800257_D01_S32K1xx.5CApplications.5CS32K144_Start_new.5CAppl..60CBFD5F..0::
                      43 ..gh.beginasm.0:
                      44 	.endo	..gh.beginasm.0
                      45 
                      46 
                      47   .section .STARTUP
                      48   EXPORT Startup_Handler
                      49   EXPORT _start
                      50 

                                                                      Page 2
                                                              C:\Users\Fengyuan\AppData\Local\Temp\gh_0000mjc1.s
                      51 Startup_Handler:
                      52 _start:
                      53 
                      54 
                      55 
                      56 
                      57 
                      58 
                      59 
                      60   ;/*----- Stack initialization ---------------------------------------------------*/
                      61   ;/* Stack initialization has to be done in assembler instead by a for() loop,    */
                      62   ;/* because otherwise the loop counter variable will be overwritten in the loop! */
                      63   ;/*------------------------------------------------------------------------------*/
00000000 4801*        64   LDR  R0, =__stack_start
00000002 4901*        65   LDR  R1, =__stack_top
00000004 22ff         66   MOVS R2, #0xFF
                      67 
                      68 stack_init_loop:
                      69 
00000006 4281         70   CMP  R1, R0
00000008 d902*        71   BLS  stack_init_loop_end
0000000a 7002         72   STRB R2, [R0]
0000000c 1c40         73   ADDS R0, R0, #1
0000000e e7fa*        74   B    stack_init_loop
                      75 
                      76 stack_init_loop_end:
                      77 
                      78   ;/*----- .bss initialization ---------------------------------------------------*/
00000010 4801*        79   LDR  R0,=__bss_start
00000012 4901*        80   LDR  R1,=__bss_end
00000014 2200         81   MOVS R2,#0
                      82 
                      83 bss_loop:
                      84 
00000016 4281         85   CMP  R1, R0
00000018 d902*        86   BLS  bss_loop_end
0000001a 7002         87   STRB R2, [R0]
0000001c 1c40         88   ADDS R0, R0, #1
0000001e e7fa*        89   B    bss_loop
                      90 
                      91 bss_loop_end:
                      92 
                      93 
                      94   ;/*----- .data initialization --------------------------------------------------*/
00000020 4801*        95   LDR  R0,=RC_SDATA_SRC
00000022 4901*        96   LDR  R1,=RC_SDATA_DEST
00000024 4a01*        97   LDR  R2,=RC_SDATA_SIZE
                      98 
                      99 datainit_loop:
                     100 
00000026 4212        101   TST  R2, R2
00000028 d008*       102   BEQ  datainit_loop_end
0000002a 7803        103   LDRB R3, [R0]
0000002c 700b        104   STRB R3, [R1]
0000002e f1000001    105   ADD  R0, R0, #1
00000032 f1010101    106   ADD  R1, R1, #1
00000036 f1a20201    107   SUB  R2, R2, #1
0000003a d1f4*       108   BNE  datainit_loop
                     109 
                     110 datainit_loop_end:
                     111 

                                                                      Page 3
                                                              C:\Users\Fengyuan\AppData\Local\Temp\gh_0000mjc1.s
                     112 
                     113   ;/*----- Branch to main() -----------------------------------------------------*/
                     114   IMPORT  main
0000003c f000f800*   115   BL      main          ;/* Branch to main() */
                     116 
                     117   ;/*----- Capture the case of an unexpected return from main()! ----------------*/
00000040 e7fe*       118 Loop: B Loop
                     119 
                     120 
                     121 
                     122 ..gh.endasm.1:
                     123 	.endo	..gh.endasm.1
                     124 ;option_bytes	option_bytes	export
                     125 
                     126 	.section ".OPTIONBYTES","a"
                     127 	.align	4
00000000 fffffffe    128 option_bytes::	.data.b	254,255,255,255
                     129 	.endo	option_bytes
                     130 	.ghsnote info, 19, 8195, 640
                     131 	.text
                     132 ..eof.C.3A.5CVector.5CCBD1800257_D01_S32K1xx.5CApplications.5CS32K144_Start_new.5CAppl.5Cobj.5CARMStartup_CortexM...43.3A.5CVector.5CCBD1800257_D01_S32K1xx.5CApplications.5CS32K144_Start_new.5CAppl..60CBFD5F..0::
                     133 	.section	.debug_info
                     134 .Ldw_begin:
00000000 00000000*   135 	.data.w	.Ldw_end-.Ldw_begin-4
00000004 0002        136 	.data.b	2,0
00000006 00000000*   137 	.data.w	.Ldw_abbr_begin
0000000a 04          138 	.data.b	4
                     139 	.section	.debug_abbrev
                     140 .Ldw_abbr_begin:
                     141 	.section	.debug_info
0000000b 01          142 	.data.b	1
0000000c 00000000*   143 	.data.w	..bof.C.3A.5CVector.5CCBD1800257_D01_S32K1xx.5CApplications.5CS32K144_Start_new.5CAppl.5Cobj.5CARMStartup_CortexM...43.3A.5CVector.5CCBD1800257_D01_S32K1xx.5CApplications.5CS32K144_Start_new.5CAppl..60CBFD5F..0
00000010 00000000*   144 	.data.w	..eof.C.3A.5CVector.5CCBD1800257_D01_S32K1xx.5CApplications.5CS32K144_Start_new.5CAppl.5Cobj.5CARMStartup_CortexM...43.3A.5CVector.5CCBD1800257_D01_S32K1xx.5CApplications.5CS32K144_Start_new.5CAppl..60CBFD5F..0
00000014 72616873    145 	.data.b	115,104,97,114,101,100,47,122,66,114,115,95,65,114,109,67,111,109,109,111,110,47,65,82,77,83,116,97,114,116,117,112,95,67,111,114,116,101,120,77,46,99,0
00000018 7a2f6465 
0000001c 5f737242 
00000020 436d7241 
00000024 6f6d6d6f 
00000028 52412f6e 
0000002c 6174534d 
00000030 70757472 
00000034 726f435f 
00000038 4d786574 
0000003c 00632e 
0000003f 565c3a43    146 	.data.b	67,58,92,86,101,99,116,111,114,92,67,66,68,49,56,48,48,50,53,55,95,68,48,49,95,83,51,50,75,49,120,120,92,65,112,112,108,105,99,97,116,105,111,110,115,92,83,51,50,75,49,52,52,95,83,116,97,114,116,95
00000043 6f746365 
00000047 42435c72 
0000004b 30383144 
0000004f 37353230 
00000053 3130445f 
00000057 3233535f 
0000005b 7878314b 
0000005f 7070415c 
00000063 6163696c 
00000067 6e6f6974 
0000006b 33535c73 
0000006f 34314b32 
00000073 74535f34 
00000077 5f747261 
0000007b 5c77656e    147 	.data.b	110,101,119,92,65,112,112,108,0
0000007f 6c707041 

                                                                      Page 4
                                                              C:\Users\Fengyuan\AppData\Local\Temp\gh_0000mjc1.s
00000083 00 
00000084 20534847    148 	.data.b	71,72,83,32,67,32,50,48,49,55,46,49,46,52,32,91,100,117,97,108,93,0
00000088 30322043 
0000008c 312e3731 
00000090 5b20342e 
00000094 6c617564 
00000098 005d 
0000009a 0001        149 	.data.b	1,0
0000009c 00000000*   150 	.data.w	.Ldw_line_begin
000000a0 00000000*   151 	.data.w	.Ldw_macinfo_begin
000000a4 00          152 	.data.b	0
                     153 
                     154 	.section	.debug_abbrev
00000000 01          155 	.data.b	1
00000001 11          156 	.data.b	17
00000002 01          157 	.data.b	1
00000003 0111        158 	.data.b	17,1
00000005 0112        159 	.data.b	18,1
00000007 0803        160 	.data.b	3,8
00000009 081b        161 	.data.b	27,8
0000000b 0825        162 	.data.b	37,8
0000000d 0513        163 	.data.b	19,5
0000000f 0610        164 	.data.b	16,6
00000011 0643        165 	.data.b	67,6
00000013 0b42        166 	.data.b	66,11
00000015 0000        167 	.data.b	0,0
                     168 
                     169 	.section	.debug_line
                     170 .Ldw_line_begin:
00000000 00000000*   171 	.data.w	.Ldw_line_end-.Ldw_line_begin-4
00000004 0002        172 	.data.b	2,0
00000006 00000000*   173 	.data.w	.Ldw_lpro_end-.Ldw_lpro_begin
                     174 .Ldw_lpro_begin:
0000000a 01          175 	.data.b	1
0000000b 00          176 	.data.b	0
0000000c 00          177 	.data.b	0
0000000d 04          178 	.data.b	4
0000000e 0a          179 	.data.b	10
0000000f 010100      180 	.data.b	0,1,1
00000012 000101      181 	.data.b	1,1,0
00000015 010000      182 	.data.b	0,0,1
00000018 00          183 	.data.b	0
00000019 72616873    184 	.data.b	115,104,97,114,101,100,47,122,66,114,115,95,65,114,109,67,111,109,109,111,110,47,65,82,77,83,116,97,114,116,117,112,95,67,111,114,116,101,120,77,46,99,0
0000001d 7a2f6465 
00000021 5f737242 
00000025 436d7241 
00000029 6f6d6d6f 
0000002d 52412f6e 
00000031 6174534d 
00000035 70757472 
00000039 726f435f 
0000003d 4d786574 
00000041 00632e 
00000044 000000      185 	.data.b	0,0,0
00000047 68732f2e    186 	.data.b	46,47,115,104,97,114,101,100,47,122,98,114,115,95,115,51,50,97,114,109,47,66,114,115,72,119,46,104,0
0000004b 64657261 
0000004f 72627a2f 
00000053 33735f73 
00000057 6d726132 
0000005b 7372422f 
0000005f 682e7748 

                                                                      Page 5
                                                              C:\Users\Fengyuan\AppData\Local\Temp\gh_0000mjc1.s
00000063 00 
00000064 000000      187 	.data.b	0,0,0
00000067 68732f2e    188 	.data.b	46,47,115,104,97,114,101,100,47,122,98,114,115,95,115,51,50,97,114,109,47,66,114,115,72,119,95,68,101,114,105,118,97,116,105,118,101,76,105,115,116,46,104,0
0000006b 64657261 
0000006f 72627a2f 
00000073 33735f73 
00000077 6d726132 
0000007b 7372422f 
0000007f 445f7748 
00000083 76697265 
00000087 76697461 
0000008b 73694c65 
0000008f 00682e74 
00000093 000000      189 	.data.b	0,0,0
00000096 6c636e69    190 	.data.b	105,110,99,108,117,100,101,92,66,114,115,67,102,103,46,104,0
0000009a 5c656475 
0000009e 43737242 
000000a2 682e6766 
000000a6 00 
000000a7 000000      191 	.data.b	0,0,0
000000aa 2e2f2e2e    192 	.data.b	46,46,47,46,46,47,46,46,47,98,115,119,47,95,99,111,109,109,111,110,47,83,116,100,95,84,121,112,101,115,46,104,0
000000ae 2e2e2f2e 
000000b2 7773622f 
000000b6 6f635f2f 
000000ba 6e6f6d6d 
000000be 6474532f 
000000c2 7079545f 
000000c6 682e7365 
000000ca 00 
000000cb 000000      193 	.data.b	0,0,0
000000ce 2e2f2e2e    194 	.data.b	46,46,47,46,46,47,46,46,47,98,115,119,47,95,99,111,109,109,111,110,47,80,108,97,116,102,111,114,109,95,84,121,112,101,115,46,104,0
000000d2 2e2e2f2e 
000000d6 7773622f 
000000da 6f635f2f 
000000de 6e6f6d6d 
000000e2 616c502f 
000000e6 726f6674 
000000ea 79545f6d 
000000ee 2e736570 
000000f2 0068 
000000f4 000000      195 	.data.b	0,0,0
000000f7 2e2f2e2e    196 	.data.b	46,46,47,46,46,47,46,46,47,98,115,119,47,95,99,111,109,109,111,110,47,67,111,109,112,105,108,101,114,46,104,0
000000fb 2e2e2f2e 
000000ff 7773622f 
00000103 6f635f2f 
00000107 6e6f6d6d 
0000010b 6d6f432f 
0000010f 656c6970 
00000113 00682e72 
00000117 000000      197 	.data.b	0,0,0
0000011a 6c636e69    198 	.data.b	105,110,99,108,117,100,101,92,67,111,109,112,105,108,101,114,95,67,102,103,46,104,0
0000011e 5c656475 
00000122 706d6f43 
00000126 72656c69 
0000012a 6766435f 
0000012e 00682e 
00000131 000000      199 	.data.b	0,0,0
00000134 646e6567    200 	.data.b	103,101,110,100,97,116,97,92,82,116,101,95,67,111,109,112,105,108,101,114,95,67,102,103,46,104,0
00000138 5c617461 
0000013c 5f657452 
00000140 706d6f43 

                                                                      Page 6
                                                              C:\Users\Fengyuan\AppData\Local\Temp\gh_0000mjc1.s
00000144 72656c69 
00000148 6766435f 
0000014c 00682e 
0000014f 000000      201 	.data.b	0,0,0
00000152 6c636e69    202 	.data.b	105,110,99,108,117,100,101,92,67,100,100,95,84,112,95,67,111,109,112,105,108,101,114,95,67,102,103,46,104,0
00000156 5c656475 
0000015a 5f646443 
0000015e 435f7054 
00000162 69706d6f 
00000166 5f72656c 
0000016a 2e676643 
0000016e 0068 
00000170 000000      203 	.data.b	0,0,0
00000173 6c636e69    204 	.data.b	105,110,99,108,117,100,101,92,67,100,100,95,67,111,109,95,67,111,109,112,105,108,101,114,95,67,102,103,46,104,0
00000177 5c656475 
0000017b 5f646443 
0000017f 5f6d6f43 
00000183 706d6f43 
00000187 72656c69 
0000018b 6766435f 
0000018f 00682e 
00000192 000000      205 	.data.b	0,0,0
00000195 646e6567    206 	.data.b	103,101,110,100,97,116,97,92,79,115,95,67,111,109,112,105,108,101,114,95,67,102,103,46,104,0
00000199 5c617461 
0000019d 435f734f 
000001a1 69706d6f 
000001a5 5f72656c 
000001a9 2e676643 
000001ad 0068 
000001af 000000      207 	.data.b	0,0,0
000001b2 68732f2e    208 	.data.b	46,47,115,104,97,114,101,100,47,122,98,114,115,95,97,114,109,99,111,109,109,111,110,47,65,82,77,66,114,115,72,119,46,104,0
000001b6 64657261 
000001ba 72627a2f 
000001be 72615f73 
000001c2 6d6f636d 
000001c6 2f6e6f6d 
000001ca 424d5241 
000001ce 77487372 
000001d2 00682e 
000001d5 000000      209 	.data.b	0,0,0
000001d8 68732f2e    210 	.data.b	46,47,115,104,97,114,101,100,47,122,98,114,115,95,97,115,114,101,109,98,101,100,100,101,100,114,117,110,116,105,109,101,115,121,115,116,101,109,99,102,103,53,47,66,114,115,84,121,112,101,115,46,104,0
000001dc 64657261 
000001e0 72627a2f 
000001e4 73615f73 
000001e8 626d6572 
000001ec 65646465 
000001f0 6e757264 
000001f4 656d6974 
000001f8 74737973 
000001fc 66636d65 
00000200 422f3567 
00000204 79547372 
00000208 2e736570 
0000020c 0068 
0000020e 000000      211 	.data.b	0,0,0
00000211 00          212 	.data.b	0
                     213 .Ldw_lpro_end:
                     214 	.section	.debug_macinfo
                     215 .Ldw_macinfo_begin:
                     216 	.section	.debug_info
                     217 .LDW_323d648:

                                                                      Page 7
                                                              C:\Users\Fengyuan\AppData\Local\Temp\gh_0000mjc1.s
000000a5 27          218 	.data.b	39
000000a6 69736e75    219 	.data.b	117,110,115,105,103,110,101,100,32,108,111,110,103,0
000000aa 64656e67 
000000ae 6e6f6c20 
000000b2 0067 
000000b4 07          220 	.data.b	7
000000b5 04          221 	.data.b	4
                     222 
                     223 	.section	.debug_abbrev
00000017 27          224 	.data.b	39
00000018 24          225 	.data.b	36
00000019 00          226 	.data.b	0
0000001a 0803        227 	.data.b	3,8
0000001c 0b3e        228 	.data.b	62,11
0000001e 0b0b        229 	.data.b	11,11
00000020 0000        230 	.data.b	0,0
                     231 
                     232 	.section	.debug_info
                     233 .LDW_323d760:
000000b6 27          234 	.data.b	39
000000b7 00746e69    235 	.data.b	105,110,116,0
000000bb 05          236 	.data.b	5
000000bc 04          237 	.data.b	4
                     238 
                     239 .LDW_5c733e8:
000000bd 2b          240 	.data.b	43
000000be 00000000*   241 	.data.w	.LDW_323d648
                     242 
                     243 	.section	.debug_abbrev
00000022 2b          244 	.data.b	43
00000023 26          245 	.data.b	38
00000024 00          246 	.data.b	0
00000025 1049        247 	.data.b	73,16
00000027 0000        248 	.data.b	0,0
                     249 
                     250 	.section	.debug_info
                     251 .LDW_326ab60:
000000c2 3c          252 	.data.b	60
000000c3 00          253 	.data.b	0
000000c4 04          254 	.data.b	4
000000c5 00000000*   255 	.data.w	.LDW_5c733e8
                     256 
                     257 	.section	.debug_abbrev
00000029 3c          258 	.data.b	60
0000002a 01          259 	.data.b	1
0000002b 01          260 	.data.b	1
0000002c 0b09        261 	.data.b	9,11
0000002e 0f0b        262 	.data.b	11,15
00000030 1049        263 	.data.b	73,16
00000032 0000        264 	.data.b	0,0
                     265 
                     266 	.section	.debug_info
000000c9 34          267 	.data.b	52
000000ca 00000000*   268 	.data.w	.LDW_323d760
000000ce 04          269 	.data.b	4
000000cf 00          270 	.data.b	0
000000d0 00          271 	.data.b	0
                     272 
                     273 	.section	.debug_abbrev
00000034 34          274 	.data.b	52
00000035 21          275 	.data.b	33

                                                                      Page 8
                                                              C:\Users\Fengyuan\AppData\Local\Temp\gh_0000mjc1.s
00000036 00          276 	.data.b	0
00000037 1049        277 	.data.b	73,16
00000039 0f0b        278 	.data.b	11,15
0000003b 0d22        279 	.data.b	34,13
0000003d 0d2f        280 	.data.b	47,13
0000003f 0000        281 	.data.b	0,0
                     282 
                     283 	.section	.debug_info
000000d1 00          284 	.data.b	0
                     285 
                     286 .LDW_5c73128:
000000d2 06          287 	.data.b	6
000000d3 6974706f    288 	.data.b	111,112,116,105,111,110,95,98,121,116,101,115,0
000000d7 625f6e6f 
000000db 73657479 
000000df 00 
000000e0 018e        289 	.data.b	142,1
000000e2 1d          290 	.data.b	29
000000e3 01          291 	.data.b	1
000000e4 00000000*   292 	.data.w	.LDW_326ab60
000000e8 01          293 	.data.b	1
000000e9 00          294 	.data.b	0
000000ea 0305        295 	.data.b	5,3
000000ec 00000000*   296 	.data.w	option_bytes
                     297 
                     298 	.section	.debug_abbrev
00000041 06          299 	.data.b	6
00000042 34          300 	.data.b	52
00000043 00          301 	.data.b	0
00000044 0803        302 	.data.b	3,8
00000046 0f3b        303 	.data.b	59,15
00000048 0f39        304 	.data.b	57,15
0000004a 0f3a        305 	.data.b	58,15
0000004c 1049        306 	.data.b	73,16
0000004e 0c3f        307 	.data.b	63,12
00000050 0c3c        308 	.data.b	60,12
00000052 0a02        309 	.data.b	2,10
00000054 0000        310 	.data.b	0,0
                     311 
                     312 	.section	.debug_info
000000f0 00          313 	.data.b	0
                     314 
                     315 	.section	.debug_line
                     316 .Ldw_line_end:
                     317 	.section	.debug_macinfo
00000000 01          318 	.data.b	1
00000001 00          319 	.data.b	0
00000002 5f535242    320 	.data.b	66,82,83,95,68,69,82,73,86,65,84,73,86,69,95,83,51,50,75,49,52,52,32,49,0
00000006 49524544 
0000000a 49544156 
0000000e 535f4556 
00000012 314b3233 
00000016 31203434 
0000001a 00 
0000001b 01          321 	.data.b	1
0000001c 00          322 	.data.b	0
0000001d 5f535242    323 	.data.b	66,82,83,95,79,83,95,85,83,69,67,65,83,69,95,79,83,71,69,78,55,32,49,0
00000021 555f534f 
00000025 41434553 
00000029 4f5f4553 
0000002d 4e454753 

                                                                      Page 9
                                                              C:\Users\Fengyuan\AppData\Local\Temp\gh_0000mjc1.s
00000031 00312037 
00000035 01          324 	.data.b	1
00000036 00          325 	.data.b	0
00000037 5f535242    326 	.data.b	66,82,83,95,67,80,85,95,67,79,82,69,95,67,79,82,84,69,88,95,77,52,32,49,0
0000003b 5f555043 
0000003f 45524f43 
00000043 524f435f 
00000047 5f584554 
0000004b 3120344d 
0000004f 00 
00000050 01          327 	.data.b	1
00000051 00          328 	.data.b	0
00000052 5f535242    329 	.data.b	66,82,83,95,67,79,77,80,95,71,72,83,32,49,0
00000056 504d4f43 
0000005a 5348475f 
0000005e 003120 
00000061 01          330 	.data.b	1
00000062 00          331 	.data.b	0
00000063 5f535242    332 	.data.b	66,82,83,95,79,80,84,73,79,78,66,89,84,69,83,95,65,68,82,32,49,0
00000067 4954504f 
0000006b 59424e4f 
0000006f 5f534554 
00000073 20524441 
00000077 0031 
00000079 03          333 	.data.b	3
0000007a 00          334 	.data.b	0
0000007b 01          335 	.data.b	1
0000007c 03          336 	.data.b	3
0000007d 63          337 	.data.b	99
0000007e 02          338 	.data.b	2
0000007f 03          339 	.data.b	3
00000080 27          340 	.data.b	39
00000081 03          341 	.data.b	3
00000082 04          342 	.data.b	4
00000083 03          343 	.data.b	3
00000084 2f          344 	.data.b	47
00000085 04          345 	.data.b	4
00000086 03          346 	.data.b	3
00000087 26          347 	.data.b	38
00000088 05          348 	.data.b	5
00000089 03          349 	.data.b	3
0000008a 3f          350 	.data.b	63
0000008b 06          351 	.data.b	6
0000008c 04          352 	.data.b	4
0000008d 03          353 	.data.b	3
0000008e 40          354 	.data.b	64
0000008f 07          355 	.data.b	7
00000090 03          356 	.data.b	3
00000091 3e          357 	.data.b	62
00000092 08          358 	.data.b	8
00000093 03          359 	.data.b	3
00000094 7f          360 	.data.b	127
00000095 09          361 	.data.b	9
00000096 04          362 	.data.b	4
00000097 03          363 	.data.b	3
00000098 01d6        364 	.data.b	214,1
0000009a 0a          365 	.data.b	10
0000009b 04          366 	.data.b	4
0000009c 03          367 	.data.b	3
0000009d 01d7        368 	.data.b	215,1
0000009f 0b          369 	.data.b	11

                                                                      Page 10
                                                              C:\Users\Fengyuan\AppData\Local\Temp\gh_0000mjc1.s
000000a0 04          370 	.data.b	4
000000a1 03          371 	.data.b	3
000000a2 06c5        372 	.data.b	197,6
000000a4 0c          373 	.data.b	12
000000a5 04          374 	.data.b	4
000000a6 04          375 	.data.b	4
000000a7 04          376 	.data.b	4
000000a8 04          377 	.data.b	4
000000a9 01          378 	.data.b	1
000000aa 2e          379 	.data.b	46
000000ab 49534142    380 	.data.b	66,65,83,73,67,95,82,85,78,84,73,77,69,95,83,89,83,84,69,77,95,84,89,80,69,95,77,83,82,52,32,0
000000af 55525f43 
000000b3 4d49544e 
000000b7 59535f45 
000000bb 4d455453 
000000bf 5059545f 
000000c3 534d5f45 
000000c7 00203452 
000000cb 01          381 	.data.b	1
000000cc 4c          382 	.data.b	76
000000cd 41535242    383 	.data.b	66,82,83,65,83,82,95,69,78,65,66,76,69,95,83,65,70,69,67,84,88,83,85,80,80,79,82,84,32,0
000000d1 455f5253 
000000d5 4c42414e 
000000d9 41535f45 
000000dd 54434546 
000000e1 50555358 
000000e5 54524f50 
000000e9 0020 
000000eb 01          384 	.data.b	1
000000ec 0184        385 	.data.b	132,1
000000ee 4e454756    386 	.data.b	86,71,69,78,95,69,78,65,66,76,69,95,68,82,86,80,79,82,84,32,0
000000f2 414e455f 
000000f6 5f454c42 
000000fa 50565244 
000000fe 2054524f 
00000102 00 
00000103 04          387 	.data.b	4
00000104 03          388 	.data.b	3
00000105 48          389 	.data.b	72
00000106 0d          390 	.data.b	13
00000107 04          391 	.data.b	4
00000108 04          392 	.data.b	4
00000109 03          393 	.data.b	3
0000010a 68          394 	.data.b	104
0000010b 0e          395 	.data.b	14
0000010c 04          396 	.data.b	4
0000010d 01          397 	.data.b	1
0000010e 70          398 	.data.b	112
0000010f 74636553    399 	.data.b	83,101,99,116,105,111,110,95,51,40,97,44,98,44,99,41,32,46,115,101,99,116,105,111,110,32,97,0
00000113 5f6e6f69 
00000117 2c612833 
0000011b 29632c62 
0000011f 65732e20 
00000123 6f697463 
00000127 0061206e 
0000012b 01          400 	.data.b	1
0000012c 72          401 	.data.b	114
0000012d 6562614c    402 	.data.b	76,97,98,101,108,40,97,41,32,97,58,0
00000131 2961286c 
00000135 003a6120 
00000139 01          403 	.data.b	1

                                                                      Page 11
                                                              C:\Users\Fengyuan\AppData\Local\Temp\gh_0000mjc1.s
0000013a 73          404 	.data.b	115
0000013b 6c646e45    405 	.data.b	69,110,100,108,101,115,115,76,111,111,112,72,97,110,100,108,101,114,40,97,41,32,97,58,32,66,32,97,0
0000013f 4c737365 
00000143 48706f6f 
00000147 6c646e61 
0000014b 61287265 
0000014f 3a612029 
00000153 61204220 
00000157 00 
00000158 04          406 	.data.b	4
00000159 00          407 	.data.b	0
                     408 	.section	.debug_abbrev
00000056 00          409 	.data.b	0
                     410 	.section	.debug_info
                     411 .Ldw_end:
