                                                                      Page 1
                                                              C:\Users\Fengyuan\AppData\Local\Temp\gh_000110k1.s
Command Line: C:\ghs\comp_201714\asarm.exe -elf -b0 -I../../../bsw/../thirdparty/mcal_s32k/supply/s32k14x_mcal4_2_rtm_hf3_1_0_1/eclipse/plugins/base_ts_t40d2m10i1r0/include -I../../../bsw/../thirdparty/mcal_s32k/supply/s32k14x_mcal4_2_rtm_hf3_1_0_1/eclipse/plugins/dio_ts_t40d2m10i1r0/include -I../../../bsw/../thirdparty/mcal_s32k/supply/s32k14x_mcal4_2_rtm_hf3_1_0_1/eclipse/plugins/mcu_ts_t40d2m10i1r0/include -I../../../bsw/../thirdparty/mcal_s32k/supply/s32k14x_mcal4_2_rtm_hf3_1_0_1/eclipse/plugins/port_ts_t40d2m10i1r0/include -I../../../bsw/../thirdparty/mcal_s32k/supply/s32k14x_mcal4_2_rtm_hf3_1_0_1/eclipse/plugins/spi_ts_t40d2m10i1r0/include -I../../../bsw/_common -I../../../bsw/bswm -I../../../bsw/can -I../../../bsw/canif -I../../../bsw/cansm -I../../../bsw/cantp -I../../../bsw/com -I../../../bsw/comm -I../../../bsw/dcm -I../../../bsw/dem -I../../../bsw/det -I../../../bsw/ecum -I../../../bsw/gendata -I../../../bsw/iohwab -I../../../bsw/mcal_s32k -I../../../bsw/os -I../../../bsw/pdur -I../../../bsw/vstdlib -I./shared/zbrs_armcommon -I./shared/zbrs_asrembeddedruntimesystemcfg5 -I./shared/zbrs_s32arm -Ic:/ghs/comp_201714/ansi -Ic:/ghs/comp_201714/include/arm -Igendata -Igendata/components -Igendata/include -Iinclude -IC:\ghs\comp_201714\lib\thumb2 -cpu=cortexm4 -fpu=soft -patch_dbo=C:\Vector\CBD1800257_D01_S32K1xx\Applications\S32K144_Start_new\Appl\obj\Can_PBcfg.dbo -source=Can_PBcfg.c -o obj\gh_000110k1.o -list=lst/Can_PBcfg.lst C:\Users\Fengyuan\AppData\Local\Temp\gh_000110k1.s 
Original File: C:\Users\Fengyuan\AppData\Local\Temp\gh_000110k1.s
Source File: Can_PBcfg.c
Directory: C:\Vector\CBD1800257_D01_S32K1xx\Applications\S32K144_Start_new\Appl
Host OS: Windows
EASE: Copyright (C) 1983-2016 Green Hills Software.  All Rights Reserved.
Release: Compiler v2017.1.4
Build Directory: [Directory] COMP-VAL-WIN47:l:/compiler/release-branch-2017-1-comp/build/v2017.1-2017-04-09/win32-comp-ecom
Revision: [VCInfo] http://toolsvc/branches/release-branch-2017-1-comp/src@589570 (built by auto-compiler)
Revision Date: Mon Apr 10 10:52:57 2017

Release Date: Mon Apr 10 08:00:05 2017

                       1 ;Driver Command: ccarm -DBRS_DERIVATIVE_S32K144 -DBRS_OSC_CLK=8
                       2 ;		-DBRS_TIMEBASE_CLOCK=96 -DBRS_OS_USECASE_OSGEN7 -DBRS_EVA_BOARD_
                       3 ;		-DBRS_PROGRAM_CODE_LOCATION_FLASH
                       4 ;		-DBRS_VECTOR_TABLE_LOCATION_FLASH -DBRS_CPU_CORE_CORTEX_M4
                       5 ;		-DBRS_STACK_SIZE=0xC800 -DBRS_PLATFORM_ARM -DBRS_COMP_GHS
                       6 ;		-DBRS_INSTRUCTION_SET_ARM -DBRS_OPTIONBYTES_ADR=1
                       7 ;		-DBRS_RAM_ETH_SIZE=0 -DBRS_RAM_ETH_MAPPING=0
                       8 ;		-DBRS_RAM_SIZE=0x0000F000 -DBRS_RAM_MAPPING=0x1FFF8000 -c
                       9 ;		-object_dir=obj -list=lst/Can_PBcfg.lst --diag_suppress=1
                      10 ;		-cpu=cortexm4 -noobj --long_long -g -dual_debug -farcalls -dwarf2
                      11 ;		-no_misalign_pack -nostartfiles -act_like=2015.1
                      12 ;		-pragma_asm_inline -thumb -thumb_lib -Osize -object_dir= -e
                      13 ;		Startup_Handler
                      14 ;		-I../../../bsw/../thirdparty/mcal_s32k/supply/s32k14x_mcal4_2_rtm_hf3_1_0_1/eclipse/plugins/base_ts_t40d2m10i1r0/include
                      15 ;		-I../../../bsw/../thirdparty/mcal_s32k/supply/s32k14x_mcal4_2_rtm_hf3_1_0_1/eclipse/plugins/dio_ts_t40d2m10i1r0/include
                      16 ;		-I../../../bsw/../thirdparty/mcal_s32k/supply/s32k14x_mcal4_2_rtm_hf3_1_0_1/eclipse/plugins/mcu_ts_t40d2m10i1r0/include
                      17 ;		-I../../../bsw/../thirdparty/mcal_s32k/supply/s32k14x_mcal4_2_rtm_hf3_1_0_1/eclipse/plugins/port_ts_t40d2m10i1r0/include
                      18 ;		-I../../../bsw/../thirdparty/mcal_s32k/supply/s32k14x_mcal4_2_rtm_hf3_1_0_1/eclipse/plugins/spi_ts_t40d2m10i1r0/include
                      19 ;		-I../../../bsw/_common -I../../../bsw/bswm -I../../../bsw/can
                      20 ;		-I../../../bsw/canif -I../../../bsw/cansm -I../../../bsw/cantp
                      21 ;		-I../../../bsw/com -I../../../bsw/comm -I../../../bsw/dcm
                      22 ;		-I../../../bsw/dem -I../../../bsw/det -I../../../bsw/ecum
                      23 ;		-I../../../bsw/gendata -I../../../bsw/iohwab
                      24 ;		-I../../../bsw/mcal_s32k -I../../../bsw/os -I../../../bsw/pdur
                      25 ;		-I../../../bsw/vstdlib -I./shared/zbrs_armcommon
                      26 ;		-I./shared/zbrs_asrembeddedruntimesystemcfg5
                      27 ;		-I./shared/zbrs_s32arm -Ic:/ghs/comp_201714/ansi
                      28 ;		-Ic:/ghs/comp_201714/include/arm -Igendata -Igendata/components
                      29 ;		-Igendata/include -Iinclude GenData/Can_PBcfg.c
                      30 ;Source File:   GenData/Can_PBcfg.c
                      31 ;Directory:     
                      32 ;		C:\Vector\CBD1800257_D01_S32K1xx\Applications\S32K144_Start_new\Appl
                      33 ;Compile Date:  Fri Jun 18 09:57:07 2021
                      34 ;Host OS:       Win32
                      35 ;Version:       C-ARM 2017.1.4 RELEASE VERSION
                      36 ;Release:       Compiler v2017.1.4
                      37 ;Revision Date: Tue Apr 11 01:37:22 2017
                      38 ;Release Date:  Mon Apr 10 08:00:05 2017
                      39 ; ecom  -g -w -OMS
                      40 
                      41 	.ghsnote info, 19, 3, 640
                      42 	.text
                      43 ..bof.C.3A.5CVector.5CCBD1800257_D01_S32K1xx.5CApplications.5CS32K144_Start_new.5CAppl.5Cobj.5CCan_PBcfg...43.3A.5CVector.5CCBD1800257_D01_S32K1xx.5CApplications.5CS32K144_Start_new.5CAppl..60CBFD73..0::
                      44 ..eof.C.3A.5CVector.5CCBD1800257_D01_S32K1xx.5CApplications.5CS32K144_Start_new.5CAppl.5Cobj.5CCan_PBcfg...43.3A.5CVector.5CCBD1800257_D01_S32K1xx.5CApplications.5CS32K144_Start_new.5CAppl..60CBFD73..0::
                      45 	.section	.debug_info
                      46 .Ldw_begin:
00000000 00000000*    47 	.data.w	.Ldw_end-.Ldw_begin-4
00000004 0002         48 	.data.b	2,0
00000006 00000000*    49 	.data.w	.Ldw_abbr_begin
0000000a 04           50 	.data.b	4

                                                                      Page 2
                                                              C:\Users\Fengyuan\AppData\Local\Temp\gh_000110k1.s
                      51 	.section	.debug_abbrev
                      52 .Ldw_abbr_begin:
                      53 	.section	.debug_info
0000000b 01           54 	.data.b	1
0000000c 00000000*    55 	.data.w	..bof.C.3A.5CVector.5CCBD1800257_D01_S32K1xx.5CApplications.5CS32K144_Start_new.5CAppl.5Cobj.5CCan_PBcfg...43.3A.5CVector.5CCBD1800257_D01_S32K1xx.5CApplications.5CS32K144_Start_new.5CAppl..60CBFD73..0
00000010 00000000*    56 	.data.w	..eof.C.3A.5CVector.5CCBD1800257_D01_S32K1xx.5CApplications.5CS32K144_Start_new.5CAppl.5Cobj.5CCan_PBcfg...43.3A.5CVector.5CCBD1800257_D01_S32K1xx.5CApplications.5CS32K144_Start_new.5CAppl..60CBFD73..0
00000014 446e6547     57 	.data.b	71,101,110,68,97,116,97,47,67,97,110,95,80,66,99,102,103,46,99,0
00000018 2f617461 
0000001c 5f6e6143 
00000020 66634250 
00000024 00632e67 
00000028 565c3a43     58 	.data.b	67,58,92,86,101,99,116,111,114,92,67,66,68,49,56,48,48,50,53,55,95,68,48,49,95,83,51,50,75,49,120,120,92,65,112,112,108,105,99,97,116,105,111,110,115,92,83,51,50,75,49,52,52,95,83,116,97,114,116,95
0000002c 6f746365 
00000030 42435c72 
00000034 30383144 
00000038 37353230 
0000003c 3130445f 
00000040 3233535f 
00000044 7878314b 
00000048 7070415c 
0000004c 6163696c 
00000050 6e6f6974 
00000054 33535c73 
00000058 34314b32 
0000005c 74535f34 
00000060 5f747261 
00000064 5c77656e     59 	.data.b	110,101,119,92,65,112,112,108,0
00000068 6c707041 
0000006c 00 
0000006d 20534847     60 	.data.b	71,72,83,32,67,32,50,48,49,55,46,49,46,52,32,91,100,117,97,108,93,0
00000071 30322043 
00000075 312e3731 
00000079 5b20342e 
0000007d 6c617564 
00000081 005d 
00000083 0001         61 	.data.b	1,0
00000085 00000000*    62 	.data.w	.Ldw_line_begin
00000089 00000000*    63 	.data.w	.Ldw_macinfo_begin
0000008d 00           64 	.data.b	0
                      65 
                      66 	.section	.debug_abbrev
00000000 01           67 	.data.b	1
00000001 11           68 	.data.b	17
00000002 01           69 	.data.b	1
00000003 0111         70 	.data.b	17,1
00000005 0112         71 	.data.b	18,1
00000007 0803         72 	.data.b	3,8
00000009 081b         73 	.data.b	27,8
0000000b 0825         74 	.data.b	37,8
0000000d 0513         75 	.data.b	19,5
0000000f 0610         76 	.data.b	16,6
00000011 0643         77 	.data.b	67,6
00000013 0b42         78 	.data.b	66,11
00000015 0000         79 	.data.b	0,0
                      80 
                      81 	.section	.debug_line
                      82 .Ldw_line_begin:
00000000 00000000*    83 	.data.w	.Ldw_line_end-.Ldw_line_begin-4
00000004 0002         84 	.data.b	2,0
00000006 00000000*    85 	.data.w	.Ldw_lpro_end-.Ldw_lpro_begin
                      86 .Ldw_lpro_begin:

                                                                      Page 3
                                                              C:\Users\Fengyuan\AppData\Local\Temp\gh_000110k1.s
0000000a 01           87 	.data.b	1
0000000b 00           88 	.data.b	0
0000000c 00           89 	.data.b	0
0000000d 04           90 	.data.b	4
0000000e 0a           91 	.data.b	10
0000000f 010100       92 	.data.b	0,1,1
00000012 000101       93 	.data.b	1,1,0
00000015 010000       94 	.data.b	0,0,1
00000018 00           95 	.data.b	0
00000019 446e6547     96 	.data.b	71,101,110,68,97,116,97,47,67,97,110,95,80,66,99,102,103,46,99,0
0000001d 2f617461 
00000021 5f6e6143 
00000025 66634250 
00000029 00632e67 
0000002d 000000       97 	.data.b	0,0,0
00000030 446e6547     98 	.data.b	71,101,110,68,97,116,97,47,67,97,110,95,67,102,103,46,104,0
00000034 2f617461 
00000038 5f6e6143 
0000003c 2e676643 
00000040 0068 
00000042 000000       99 	.data.b	0,0,0
00000045 2e2f2e2e    100 	.data.b	46,46,47,46,46,47,46,46,47,98,115,119,47,95,99,111,109,109,111,110,47,67,111,109,83,116,97,99,107,95,84,121,112,101,115,46,104,0
00000049 2e2e2f2e 
0000004d 7773622f 
00000051 6f635f2f 
00000055 6e6f6d6d 
00000059 6d6f432f 
0000005d 63617453 
00000061 79545f6b 
00000065 2e736570 
00000069 0068 
0000006b 000000      101 	.data.b	0,0,0
0000006e 2e2f2e2e    102 	.data.b	46,46,47,46,46,47,46,46,47,98,115,119,47,95,99,111,109,109,111,110,47,83,116,100,95,84,121,112,101,115,46,104,0
00000072 2e2e2f2e 
00000076 7773622f 
0000007a 6f635f2f 
0000007e 6e6f6d6d 
00000082 6474532f 
00000086 7079545f 
0000008a 682e7365 
0000008e 00 
0000008f 000000      103 	.data.b	0,0,0
00000092 2e2f2e2e    104 	.data.b	46,46,47,46,46,47,46,46,47,98,115,119,47,95,99,111,109,109,111,110,47,80,108,97,116,102,111,114,109,95,84,121,112,101,115,46,104,0
00000096 2e2e2f2e 
0000009a 7773622f 
0000009e 6f635f2f 
000000a2 6e6f6d6d 
000000a6 616c502f 
000000aa 726f6674 
000000ae 79545f6d 
000000b2 2e736570 
000000b6 0068 
000000b8 000000      105 	.data.b	0,0,0
000000bb 2e2f2e2e    106 	.data.b	46,46,47,46,46,47,46,46,47,98,115,119,47,95,99,111,109,109,111,110,47,67,111,109,112,105,108,101,114,46,104,0
000000bf 2e2e2f2e 
000000c3 7773622f 
000000c7 6f635f2f 
000000cb 6e6f6d6d 
000000cf 6d6f432f 
000000d3 656c6970 
000000d7 00682e72 

                                                                      Page 4
                                                              C:\Users\Fengyuan\AppData\Local\Temp\gh_000110k1.s
000000db 000000      107 	.data.b	0,0,0
000000de 6c636e69    108 	.data.b	105,110,99,108,117,100,101,92,67,111,109,112,105,108,101,114,95,67,102,103,46,104,0
000000e2 5c656475 
000000e6 706d6f43 
000000ea 72656c69 
000000ee 6766435f 
000000f2 00682e 
000000f5 000000      109 	.data.b	0,0,0
000000f8 646e6567    110 	.data.b	103,101,110,100,97,116,97,92,82,116,101,95,67,111,109,112,105,108,101,114,95,67,102,103,46,104,0
000000fc 5c617461 
00000100 5f657452 
00000104 706d6f43 
00000108 72656c69 
0000010c 6766435f 
00000110 00682e 
00000113 000000      111 	.data.b	0,0,0
00000116 6c636e69    112 	.data.b	105,110,99,108,117,100,101,92,67,100,100,95,84,112,95,67,111,109,112,105,108,101,114,95,67,102,103,46,104,0
0000011a 5c656475 
0000011e 5f646443 
00000122 435f7054 
00000126 69706d6f 
0000012a 5f72656c 
0000012e 2e676643 
00000132 0068 
00000134 000000      113 	.data.b	0,0,0
00000137 6c636e69    114 	.data.b	105,110,99,108,117,100,101,92,67,100,100,95,67,111,109,95,67,111,109,112,105,108,101,114,95,67,102,103,46,104,0
0000013b 5c656475 
0000013f 5f646443 
00000143 5f6d6f43 
00000147 706d6f43 
0000014b 72656c69 
0000014f 6766435f 
00000153 00682e 
00000156 000000      115 	.data.b	0,0,0
00000159 646e6567    116 	.data.b	103,101,110,100,97,116,97,92,79,115,95,67,111,109,112,105,108,101,114,95,67,102,103,46,104,0
0000015d 5c617461 
00000161 435f734f 
00000165 69706d6f 
00000169 5f72656c 
0000016d 2e676643 
00000171 0068 
00000173 000000      117 	.data.b	0,0,0
00000176 646e6567    118 	.data.b	103,101,110,100,97,116,97,92,67,111,109,83,116,97,99,107,95,67,102,103,46,104,0
0000017a 5c617461 
0000017e 536d6f43 
00000182 6b636174 
00000186 6766435f 
0000018a 00682e 
0000018d 000000      119 	.data.b	0,0,0
00000190 2e2f2e2e    120 	.data.b	46,46,47,46,46,47,46,46,47,98,115,119,47,95,99,111,109,109,111,110,47,67,97,110,95,71,101,110,101,114,97,108,84,121,112,101,115,46,104,0
00000194 2e2e2f2e 
00000198 7773622f 
0000019c 6f635f2f 
000001a0 6e6f6d6d 
000001a4 6e61432f 
000001a8 6e65475f 
000001ac 6c617265 
000001b0 65707954 
000001b4 00682e73 
000001b8 000000      121 	.data.b	0,0,0
000001bb 646e6567    122 	.data.b	103,101,110,100,97,116,97,92,67,97,110,95,68,114,118,71,101,110,101,114,97,108,84,121,112,101,115,46,104,0

                                                                      Page 5
                                                              C:\Users\Fengyuan\AppData\Local\Temp\gh_000110k1.s
000001bf 5c617461 
000001c3 5f6e6143 
000001c7 47767244 
000001cb 72656e65 
000001cf 79546c61 
000001d3 2e736570 
000001d7 0068 
000001d9 000000      123 	.data.b	0,0,0
000001dc 2e2f2e2e    124 	.data.b	46,46,47,46,46,47,46,46,47,98,115,119,47,99,97,110,105,102,47,67,97,110,73,102,95,71,101,110,101,114,97,108,84,121,112,101,115,46,104,0
000001e0 2e2e2f2e 
000001e4 7773622f 
000001e8 6e61632f 
000001ec 432f6669 
000001f0 66496e61 
000001f4 6e65475f 
000001f8 6c617265 
000001fc 65707954 
00000200 00682e73 
00000204 000000      125 	.data.b	0,0,0
00000207 6c636e69    126 	.data.b	105,110,99,108,117,100,101,92,77,101,109,77,97,112,46,104,0
0000020b 5c656475 
0000020f 4d6d654d 
00000213 682e7061 
00000217 00 
00000218 000000      127 	.data.b	0,0,0
0000021b 00          128 	.data.b	0
                     129 .Ldw_lpro_end:
                     130 	.section	.debug_macinfo
                     131 .Ldw_macinfo_begin:
                     132 	.section	.debug_info
0000008e 00          133 	.data.b	0
                     134 
                     135 	.section	.debug_line
                     136 .Ldw_line_end:
                     137 	.section	.debug_macinfo
00000000 03          138 	.data.b	3
00000001 00          139 	.data.b	0
00000002 01          140 	.data.b	1
00000003 03          141 	.data.b	3
00000004 2a          142 	.data.b	42
00000005 02          143 	.data.b	2
00000006 03          144 	.data.b	3
00000007 38          145 	.data.b	56
00000008 03          146 	.data.b	3
00000009 03          147 	.data.b	3
0000000a 4a          148 	.data.b	74
0000000b 04          149 	.data.b	4
0000000c 03          150 	.data.b	3
0000000d 3f          151 	.data.b	63
0000000e 05          152 	.data.b	5
0000000f 01          153 	.data.b	1
00000010 5a          154 	.data.b	90
00000011 5f555043    155 	.data.b	67,80,85,95,84,89,80,69,95,56,32,56,117,0
00000015 45505954 
00000019 3820385f 
0000001d 0075 
0000001f 01          156 	.data.b	1
00000020 5b          157 	.data.b	91
00000021 5f555043    158 	.data.b	67,80,85,95,84,89,80,69,95,49,54,32,49,54,117,0
00000025 45505954 
00000029 2036315f 

                                                                      Page 6
                                                              C:\Users\Fengyuan\AppData\Local\Temp\gh_000110k1.s
0000002d 00753631 
00000031 01          159 	.data.b	1
00000032 5c          160 	.data.b	92
00000033 5f555043    161 	.data.b	67,80,85,95,84,89,80,69,95,51,50,32,51,50,117,0
00000037 45505954 
0000003b 2032335f 
0000003f 00753233 
00000043 01          162 	.data.b	1
00000044 5e          163 	.data.b	94
00000045 5f42534d    164 	.data.b	77,83,66,95,70,73,82,83,84,32,48,117,0
00000049 53524946 
0000004d 75302054 
00000051 00 
00000052 01          165 	.data.b	1
00000053 5f          166 	.data.b	95
00000054 5f42534c    167 	.data.b	76,83,66,95,70,73,82,83,84,32,49,117,0
00000058 53524946 
0000005c 75312054 
00000060 00 
00000061 01          168 	.data.b	1
00000062 61          169 	.data.b	97
00000063 48474948    170 	.data.b	72,73,71,72,95,66,89,84,69,95,70,73,82,83,84,32,48,117,0
00000067 5459425f 
0000006b 49465f45 
0000006f 20545352 
00000073 007530 
00000076 01          171 	.data.b	1
00000077 62          172 	.data.b	98
00000078 5f574f4c    173 	.data.b	76,79,87,95,66,89,84,69,95,70,73,82,83,84,32,49,117,0
0000007c 45545942 
00000080 5249465f 
00000084 31205453 
00000088 0075 
0000008a 01          174 	.data.b	1
0000008b 6c          175 	.data.b	108
0000008c 5f555043    176 	.data.b	67,80,85,95,84,89,80,69,32,67,80,85,95,84,89,80,69,95,51,50,0
00000090 45505954 
00000094 55504320 
00000098 5059545f 
0000009c 32335f45 
000000a0 00 
000000a1 01          177 	.data.b	1
000000a2 6d          178 	.data.b	109
000000a3 5f555043    179 	.data.b	67,80,85,95,66,73,84,95,79,82,68,69,82,32,76,83,66,95,70,73,82,83,84,0
000000a7 5f544942 
000000ab 4544524f 
000000af 534c2052 
000000b3 49465f42 
000000b7 00545352 
000000bb 01          180 	.data.b	1
000000bc 6e          181 	.data.b	110
000000bd 5f555043    182 	.data.b	67,80,85,95,66,89,84,69,95,79,82,68,69,82,32,76,79,87,95,66,89,84,69,95,70,73,82,83,84,0
000000c1 45545942 
000000c5 44524f5f 
000000c9 4c205245 
000000cd 425f574f 
000000d1 5f455459 
000000d5 53524946 
000000d9 0054 
000000db 04          183 	.data.b	4
000000dc 03          184 	.data.b	3

                                                                      Page 7
                                                              C:\Users\Fengyuan\AppData\Local\Temp\gh_000110k1.s
000000dd 40          185 	.data.b	64
000000de 06          186 	.data.b	6
000000df 03          187 	.data.b	3
000000e0 3e          188 	.data.b	62
000000e1 07          189 	.data.b	7
000000e2 03          190 	.data.b	3
000000e3 7f          191 	.data.b	127
000000e4 08          192 	.data.b	8
000000e5 04          193 	.data.b	4
000000e6 03          194 	.data.b	3
000000e7 01d6        195 	.data.b	214,1
000000e9 09          196 	.data.b	9
000000ea 04          197 	.data.b	4
000000eb 03          198 	.data.b	3
000000ec 01d7        199 	.data.b	215,1
000000ee 0a          200 	.data.b	10
000000ef 04          201 	.data.b	4
000000f0 03          202 	.data.b	3
000000f1 06c5        203 	.data.b	197,6
000000f3 0b          204 	.data.b	11
000000f4 04          205 	.data.b	4
000000f5 04          206 	.data.b	4
000000f6 01          207 	.data.b	1
000000f7 018a        208 	.data.b	138,1
000000f9 41563250    209 	.data.b	80,50,86,65,82,40,112,116,114,116,121,112,101,44,109,101,109,99,108,97,115,115,44,112,116,114,99,108,97,115,115,41,32,112,116,114,116,121,112,101,42,0
000000fd 74702852 
00000101 70797472 
00000105 656d2c65 
00000109 616c636d 
0000010d 702c7373 
00000111 6c637274 
00000115 29737361 
00000119 72747020 
0000011d 65707974 
00000121 002a 
00000123 01          210 	.data.b	1
00000124 01b6        211 	.data.b	182,1
00000126 534e4f43    212 	.data.b	67,79,78,83,84,40,116,121,112,101,44,109,101,109,99,108,97,115,115,41,32,99,111,110,115,116,32,116,121,112,101,0
0000012a 79742854 
0000012e 6d2c6570 
00000132 6c636d65 
00000136 29737361 
0000013a 6e6f6320 
0000013e 74207473 
00000142 00657079 
00000146 01          213 	.data.b	1
00000147 01bc        214 	.data.b	188,1
00000149 28524156    215 	.data.b	86,65,82,40,118,97,114,116,121,112,101,44,109,101,109,99,108,97,115,115,41,32,118,97,114,116,121,112,101,0
0000014d 74726176 
00000151 2c657079 
00000155 636d656d 
00000159 7373616c 
0000015d 61762029 
00000161 70797472 
00000165 0065 
00000167 04          216 	.data.b	4
00000168 04          217 	.data.b	4
00000169 03          218 	.data.b	3
0000016a 4c          219 	.data.b	76
0000016b 0c          220 	.data.b	12
0000016c 04          221 	.data.b	4

                                                                      Page 8
                                                              C:\Users\Fengyuan\AppData\Local\Temp\gh_000110k1.s
0000016d 01          222 	.data.b	1
0000016e 5a          223 	.data.b	90
0000016f 534d4f43    224 	.data.b	67,79,77,83,84,65,67,75,84,89,80,69,95,65,82,95,82,69,76,69,65,83,69,95,82,69,86,73,83,73,79,78,95,86,69,82,83,73,79,78,32,40,51,117,41,0
00000173 4b434154 
00000177 45505954 
0000017b 5f52415f 
0000017f 454c4552 
00000183 5f455341 
00000187 49564552 
0000018b 4e4f4953 
0000018f 5245565f 
00000193 4e4f4953 
00000197 75332820 
0000019b 0029 
0000019d 04          225 	.data.b	4
0000019e 03          226 	.data.b	3
0000019f 3a          227 	.data.b	58
000001a0 0d          228 	.data.b	13
000001a1 03          229 	.data.b	3
000001a2 48          230 	.data.b	72
000001a3 0e          231 	.data.b	14
000001a4 04          232 	.data.b	4
000001a5 03          233 	.data.b	3
000001a6 4c          234 	.data.b	76
000001a7 0f          235 	.data.b	15
000001a8 04          236 	.data.b	4
000001a9 04          237 	.data.b	4
000001aa 01          238 	.data.b	1
000001ab 02ad        239 	.data.b	173,2
000001ad 5f4e4143    240 	.data.b	67,65,78,95,76,79,79,80,95,77,65,88,32,53,117,0
000001b1 504f4f4c 
000001b5 58414d5f 
000001b9 00753520 
000001bd 03          241 	.data.b	3
000001be 0ce8        242 	.data.b	232,12
000001c0 10          243 	.data.b	16
000001c1 04          244 	.data.b	4
000001c2 03          245 	.data.b	3
000001c3 0ced        246 	.data.b	237,12
000001c5 10          247 	.data.b	16
000001c6 04          248 	.data.b	4
000001c7 03          249 	.data.b	3
000001c8 0d96        250 	.data.b	150,13
000001ca 10          251 	.data.b	16
000001cb 04          252 	.data.b	4
000001cc 03          253 	.data.b	3
000001cd 0d9b        254 	.data.b	155,13
000001cf 10          255 	.data.b	16
000001d0 04          256 	.data.b	4
000001d1 03          257 	.data.b	3
000001d2 0dab        258 	.data.b	171,13
000001d4 10          259 	.data.b	16
000001d5 04          260 	.data.b	4
000001d6 03          261 	.data.b	3
000001d7 0db0        262 	.data.b	176,13
000001d9 10          263 	.data.b	16
000001da 04          264 	.data.b	4
000001db 03          265 	.data.b	3
000001dc 0dbc        266 	.data.b	188,13
000001de 10          267 	.data.b	16
000001df 04          268 	.data.b	4

                                                                      Page 9
                                                              C:\Users\Fengyuan\AppData\Local\Temp\gh_000110k1.s
000001e0 03          269 	.data.b	3
000001e1 0dc1        270 	.data.b	193,13
000001e3 10          271 	.data.b	16
000001e4 04          272 	.data.b	4
000001e5 03          273 	.data.b	3
000001e6 0dd1        274 	.data.b	209,13
000001e8 10          275 	.data.b	16
000001e9 04          276 	.data.b	4
000001ea 03          277 	.data.b	3
000001eb 0dd6        278 	.data.b	214,13
000001ed 10          279 	.data.b	16
000001ee 04          280 	.data.b	4
000001ef 03          281 	.data.b	3
000001f0 0de2        282 	.data.b	226,13
000001f2 10          283 	.data.b	16
000001f3 04          284 	.data.b	4
000001f4 03          285 	.data.b	3
000001f5 0de7        286 	.data.b	231,13
000001f7 10          287 	.data.b	16
000001f8 04          288 	.data.b	4
000001f9 03          289 	.data.b	3
000001fa 0df3        290 	.data.b	243,13
000001fc 10          291 	.data.b	16
000001fd 04          292 	.data.b	4
000001fe 03          293 	.data.b	3
000001ff 0df8        294 	.data.b	248,13
00000201 10          295 	.data.b	16
00000202 04          296 	.data.b	4
00000203 03          297 	.data.b	3
00000204 0e8c        298 	.data.b	140,14
00000206 10          299 	.data.b	16
00000207 04          300 	.data.b	4
00000208 03          301 	.data.b	3
00000209 0e91        302 	.data.b	145,14
0000020b 10          303 	.data.b	16
0000020c 04          304 	.data.b	4
0000020d 03          305 	.data.b	3
0000020e 0e9d        306 	.data.b	157,14
00000210 10          307 	.data.b	16
00000211 04          308 	.data.b	4
00000212 03          309 	.data.b	3
00000213 0ea2        310 	.data.b	162,14
00000215 10          311 	.data.b	16
00000216 04          312 	.data.b	4
00000217 03          313 	.data.b	3
00000218 0eb2        314 	.data.b	178,14
0000021a 10          315 	.data.b	16
0000021b 04          316 	.data.b	4
0000021c 03          317 	.data.b	3
0000021d 0eb7        318 	.data.b	183,14
0000021f 10          319 	.data.b	16
00000220 04          320 	.data.b	4
00000221 03          321 	.data.b	3
00000222 0ecf        322 	.data.b	207,14
00000224 10          323 	.data.b	16
00000225 04          324 	.data.b	4
00000226 03          325 	.data.b	3
00000227 0ed4        326 	.data.b	212,14
00000229 10          327 	.data.b	16
0000022a 04          328 	.data.b	4
0000022b 04          329 	.data.b	4

                                                                      Page 10
                                                              C:\Users\Fengyuan\AppData\Local\Temp\gh_000110k1.s
0000022c 04          330 	.data.b	4
0000022d 00          331 	.data.b	0
                     332 	.section	.debug_abbrev
00000017 00          333 	.data.b	0
                     334 	.section	.debug_info
                     335 .Ldw_end:
