                                                                      Page 1
                                                              C:\Users\Fengyuan\AppData\Local\Temp\gh_00011os1.s
Command Line: C:\ghs\comp_201714\asarm.exe -elf -b0 -I../../../bsw/../thirdparty/mcal_s32k/supply/s32k14x_mcal4_2_rtm_hf3_1_0_1/eclipse/plugins/base_ts_t40d2m10i1r0/include -I../../../bsw/../thirdparty/mcal_s32k/supply/s32k14x_mcal4_2_rtm_hf3_1_0_1/eclipse/plugins/dio_ts_t40d2m10i1r0/include -I../../../bsw/../thirdparty/mcal_s32k/supply/s32k14x_mcal4_2_rtm_hf3_1_0_1/eclipse/plugins/mcu_ts_t40d2m10i1r0/include -I../../../bsw/../thirdparty/mcal_s32k/supply/s32k14x_mcal4_2_rtm_hf3_1_0_1/eclipse/plugins/port_ts_t40d2m10i1r0/include -I../../../bsw/../thirdparty/mcal_s32k/supply/s32k14x_mcal4_2_rtm_hf3_1_0_1/eclipse/plugins/spi_ts_t40d2m10i1r0/include -I../../../bsw/_common -I../../../bsw/bswm -I../../../bsw/can -I../../../bsw/canif -I../../../bsw/cansm -I../../../bsw/cantp -I../../../bsw/com -I../../../bsw/comm -I../../../bsw/dcm -I../../../bsw/dem -I../../../bsw/det -I../../../bsw/ecum -I../../../bsw/gendata -I../../../bsw/iohwab -I../../../bsw/mcal_s32k -I../../../bsw/os -I../../../bsw/pdur -I../../../bsw/vstdlib -I./shared/zbrs_armcommon -I./shared/zbrs_asrembeddedruntimesystemcfg5 -I./shared/zbrs_s32arm -Ic:/ghs/comp_201714/ansi -Ic:/ghs/comp_201714/include/arm -Igendata -Igendata/components -Igendata/include -Iinclude -IC:\ghs\comp_201714\lib\thumb2 -cpu=cortexm4 -fpu=soft -patch_dbo=C:\Vector\CBD1800257_D01_S32K1xx\Applications\S32K144_Start_new\Appl\obj\CanIf_PBcfg.dbo -source=CanIf_PBcfg.c -o obj\gh_00011os1.o -list=lst/CanIf_PBcfg.lst C:\Users\Fengyuan\AppData\Local\Temp\gh_00011os1.s 
Original File: C:\Users\Fengyuan\AppData\Local\Temp\gh_00011os1.s
Source File: CanIf_PBcfg.c
Directory: C:\Vector\CBD1800257_D01_S32K1xx\Applications\S32K144_Start_new\Appl
Host OS: Windows
EASE: Copyright (C) 1983-2016 Green Hills Software.  All Rights Reserved.
Release: Compiler v2017.1.4
Build Directory: [Directory] COMP-VAL-WIN47:l:/compiler/release-branch-2017-1-comp/build/v2017.1-2017-04-09/win32-comp-ecom
Revision: [VCInfo] http://toolsvc/branches/release-branch-2017-1-comp/src@589570 (built by auto-compiler)
Revision Date: Mon Apr 10 10:52:57 2017

Release Date: Mon Apr 10 08:00:05 2017

                       1 ;Driver Command: ccarm -DBRS_DERIVATIVE_S32K144 -DBRS_OSC_CLK=8
                       2 ;		-DBRS_TIMEBASE_CLOCK=96 -DBRS_OS_USECASE_OSGEN7 -DBRS_EVA_BOARD_
                       3 ;		-DBRS_PROGRAM_CODE_LOCATION_FLASH
                       4 ;		-DBRS_VECTOR_TABLE_LOCATION_FLASH -DBRS_CPU_CORE_CORTEX_M4
                       5 ;		-DBRS_STACK_SIZE=0xC800 -DBRS_PLATFORM_ARM -DBRS_COMP_GHS
                       6 ;		-DBRS_INSTRUCTION_SET_ARM -DBRS_OPTIONBYTES_ADR=1
                       7 ;		-DBRS_RAM_ETH_SIZE=0 -DBRS_RAM_ETH_MAPPING=0
                       8 ;		-DBRS_RAM_SIZE=0x0000F000 -DBRS_RAM_MAPPING=0x1FFF8000 -c
                       9 ;		-object_dir=obj -list=lst/CanIf_PBcfg.lst --diag_suppress=1
                      10 ;		-cpu=cortexm4 -noobj --long_long -g -dual_debug -farcalls -dwarf2
                      11 ;		-no_misalign_pack -nostartfiles -act_like=2015.1
                      12 ;		-pragma_asm_inline -thumb -thumb_lib -Osize -object_dir= -e
                      13 ;		Startup_Handler
                      14 ;		-I../../../bsw/../thirdparty/mcal_s32k/supply/s32k14x_mcal4_2_rtm_hf3_1_0_1/eclipse/plugins/base_ts_t40d2m10i1r0/include
                      15 ;		-I../../../bsw/../thirdparty/mcal_s32k/supply/s32k14x_mcal4_2_rtm_hf3_1_0_1/eclipse/plugins/dio_ts_t40d2m10i1r0/include
                      16 ;		-I../../../bsw/../thirdparty/mcal_s32k/supply/s32k14x_mcal4_2_rtm_hf3_1_0_1/eclipse/plugins/mcu_ts_t40d2m10i1r0/include
                      17 ;		-I../../../bsw/../thirdparty/mcal_s32k/supply/s32k14x_mcal4_2_rtm_hf3_1_0_1/eclipse/plugins/port_ts_t40d2m10i1r0/include
                      18 ;		-I../../../bsw/../thirdparty/mcal_s32k/supply/s32k14x_mcal4_2_rtm_hf3_1_0_1/eclipse/plugins/spi_ts_t40d2m10i1r0/include
                      19 ;		-I../../../bsw/_common -I../../../bsw/bswm -I../../../bsw/can
                      20 ;		-I../../../bsw/canif -I../../../bsw/cansm -I../../../bsw/cantp
                      21 ;		-I../../../bsw/com -I../../../bsw/comm -I../../../bsw/dcm
                      22 ;		-I../../../bsw/dem -I../../../bsw/det -I../../../bsw/ecum
                      23 ;		-I../../../bsw/gendata -I../../../bsw/iohwab
                      24 ;		-I../../../bsw/mcal_s32k -I../../../bsw/os -I../../../bsw/pdur
                      25 ;		-I../../../bsw/vstdlib -I./shared/zbrs_armcommon
                      26 ;		-I./shared/zbrs_asrembeddedruntimesystemcfg5
                      27 ;		-I./shared/zbrs_s32arm -Ic:/ghs/comp_201714/ansi
                      28 ;		-Ic:/ghs/comp_201714/include/arm -Igendata -Igendata/components
                      29 ;		-Igendata/include -Iinclude GenData/CanIf_PBcfg.c
                      30 ;Source File:   GenData/CanIf_PBcfg.c
                      31 ;Directory:     
                      32 ;		C:\Vector\CBD1800257_D01_S32K1xx\Applications\S32K144_Start_new\Appl
                      33 ;Compile Date:  Fri Jun 18 09:56:59 2021
                      34 ;Host OS:       Win32
                      35 ;Version:       C-ARM 2017.1.4 RELEASE VERSION
                      36 ;Release:       Compiler v2017.1.4
                      37 ;Revision Date: Tue Apr 11 01:37:22 2017
                      38 ;Release Date:  Mon Apr 10 08:00:05 2017
                      39 ; ecom  -g -w -OMS
                      40 
                      41 	.ghsnote info, 19, 3, 640
                      42 	.text
                      43 ..bof.C.3A.5CVector.5CCBD1800257_D01_S32K1xx.5CApplications.5CS32K144_Start_new.5CAppl.5Cobj.5CCanIf_PBcfg...43.3A.5CVector.5CCBD1800257_D01_S32K1xx.5CApplications.5CS32K144_Start_new.5CAppl..60CBFD6B..0::
                      44 ..eof.C.3A.5CVector.5CCBD1800257_D01_S32K1xx.5CApplications.5CS32K144_Start_new.5CAppl.5Cobj.5CCanIf_PBcfg...43.3A.5CVector.5CCBD1800257_D01_S32K1xx.5CApplications.5CS32K144_Start_new.5CAppl..60CBFD6B..0::
                      45 	.section	.debug_info
                      46 .Ldw_begin:
00000000 00000000*    47 	.data.w	.Ldw_end-.Ldw_begin-4
00000004 0002         48 	.data.b	2,0
00000006 00000000*    49 	.data.w	.Ldw_abbr_begin
0000000a 04           50 	.data.b	4

                                                                      Page 2
                                                              C:\Users\Fengyuan\AppData\Local\Temp\gh_00011os1.s
                      51 	.section	.debug_abbrev
                      52 .Ldw_abbr_begin:
                      53 	.section	.debug_info
0000000b 01           54 	.data.b	1
0000000c 00000000*    55 	.data.w	..bof.C.3A.5CVector.5CCBD1800257_D01_S32K1xx.5CApplications.5CS32K144_Start_new.5CAppl.5Cobj.5CCanIf_PBcfg...43.3A.5CVector.5CCBD1800257_D01_S32K1xx.5CApplications.5CS32K144_Start_new.5CAppl..60CBFD6B..0
00000010 00000000*    56 	.data.w	..eof.C.3A.5CVector.5CCBD1800257_D01_S32K1xx.5CApplications.5CS32K144_Start_new.5CAppl.5Cobj.5CCanIf_PBcfg...43.3A.5CVector.5CCBD1800257_D01_S32K1xx.5CApplications.5CS32K144_Start_new.5CAppl..60CBFD6B..0
00000014 446e6547     57 	.data.b	71,101,110,68,97,116,97,47,67,97,110,73,102,95,80,66,99,102,103,46,99,0
00000018 2f617461 
0000001c 496e6143 
00000020 42505f66 
00000024 2e676663 
00000028 0063 
0000002a 565c3a43     58 	.data.b	67,58,92,86,101,99,116,111,114,92,67,66,68,49,56,48,48,50,53,55,95,68,48,49,95,83,51,50,75,49,120,120,92,65,112,112,108,105,99,97,116,105,111,110,115,92,83,51,50,75,49,52,52,95,83,116,97,114,116,95
0000002e 6f746365 
00000032 42435c72 
00000036 30383144 
0000003a 37353230 
0000003e 3130445f 
00000042 3233535f 
00000046 7878314b 
0000004a 7070415c 
0000004e 6163696c 
00000052 6e6f6974 
00000056 33535c73 
0000005a 34314b32 
0000005e 74535f34 
00000062 5f747261 
00000066 5c77656e     59 	.data.b	110,101,119,92,65,112,112,108,0
0000006a 6c707041 
0000006e 00 
0000006f 20534847     60 	.data.b	71,72,83,32,67,32,50,48,49,55,46,49,46,52,32,91,100,117,97,108,93,0
00000073 30322043 
00000077 312e3731 
0000007b 5b20342e 
0000007f 6c617564 
00000083 005d 
00000085 0001         61 	.data.b	1,0
00000087 00000000*    62 	.data.w	.Ldw_line_begin
0000008b 00000000*    63 	.data.w	.Ldw_macinfo_begin
0000008f 00           64 	.data.b	0
                      65 
                      66 	.section	.debug_abbrev
00000000 01           67 	.data.b	1
00000001 11           68 	.data.b	17
00000002 01           69 	.data.b	1
00000003 0111         70 	.data.b	17,1
00000005 0112         71 	.data.b	18,1
00000007 0803         72 	.data.b	3,8
00000009 081b         73 	.data.b	27,8
0000000b 0825         74 	.data.b	37,8
0000000d 0513         75 	.data.b	19,5
0000000f 0610         76 	.data.b	16,6
00000011 0643         77 	.data.b	67,6
00000013 0b42         78 	.data.b	66,11
00000015 0000         79 	.data.b	0,0
                      80 
                      81 	.section	.debug_line
                      82 .Ldw_line_begin:
00000000 00000000*    83 	.data.w	.Ldw_line_end-.Ldw_line_begin-4
00000004 0002         84 	.data.b	2,0
00000006 00000000*    85 	.data.w	.Ldw_lpro_end-.Ldw_lpro_begin

                                                                      Page 3
                                                              C:\Users\Fengyuan\AppData\Local\Temp\gh_00011os1.s
                      86 .Ldw_lpro_begin:
0000000a 01           87 	.data.b	1
0000000b 00           88 	.data.b	0
0000000c 00           89 	.data.b	0
0000000d 04           90 	.data.b	4
0000000e 0a           91 	.data.b	10
0000000f 010100       92 	.data.b	0,1,1
00000012 000101       93 	.data.b	1,1,0
00000015 010000       94 	.data.b	0,0,1
00000018 00           95 	.data.b	0
00000019 446e6547     96 	.data.b	71,101,110,68,97,116,97,47,67,97,110,73,102,95,80,66,99,102,103,46,99,0
0000001d 2f617461 
00000021 496e6143 
00000025 42505f66 
00000029 2e676663 
0000002d 0063 
0000002f 000000       97 	.data.b	0,0,0
00000032 446e6547     98 	.data.b	71,101,110,68,97,116,97,47,67,97,110,73,102,95,67,102,103,46,104,0
00000036 2f617461 
0000003a 496e6143 
0000003e 66435f66 
00000042 00682e67 
00000046 000000       99 	.data.b	0,0,0
00000049 2e2f2e2e    100 	.data.b	46,46,47,46,46,47,46,46,47,98,115,119,47,99,97,110,47,67,97,110,46,104,0
0000004d 2e2e2f2e 
00000051 7773622f 
00000055 6e61632f 
00000059 6e61432f 
0000005d 00682e 
00000060 000000      101 	.data.b	0,0,0
00000063 646e6567    102 	.data.b	103,101,110,100,97,116,97,92,67,97,110,95,67,102,103,46,104,0
00000067 5c617461 
0000006b 5f6e6143 
0000006f 2e676643 
00000073 0068 
00000075 000000      103 	.data.b	0,0,0
00000078 2e2f2e2e    104 	.data.b	46,46,47,46,46,47,46,46,47,98,115,119,47,95,99,111,109,109,111,110,47,67,111,109,83,116,97,99,107,95,84,121,112,101,115,46,104,0
0000007c 2e2e2f2e 
00000080 7773622f 
00000084 6f635f2f 
00000088 6e6f6d6d 
0000008c 6d6f432f 
00000090 63617453 
00000094 79545f6b 
00000098 2e736570 
0000009c 0068 
0000009e 000000      105 	.data.b	0,0,0
000000a1 2e2f2e2e    106 	.data.b	46,46,47,46,46,47,46,46,47,98,115,119,47,95,99,111,109,109,111,110,47,83,116,100,95,84,121,112,101,115,46,104,0
000000a5 2e2e2f2e 
000000a9 7773622f 
000000ad 6f635f2f 
000000b1 6e6f6d6d 
000000b5 6474532f 
000000b9 7079545f 
000000bd 682e7365 
000000c1 00 
000000c2 000000      107 	.data.b	0,0,0
000000c5 2e2f2e2e    108 	.data.b	46,46,47,46,46,47,46,46,47,98,115,119,47,95,99,111,109,109,111,110,47,80,108,97,116,102,111,114,109,95,84,121,112,101,115,46,104,0
000000c9 2e2e2f2e 
000000cd 7773622f 
000000d1 6f635f2f 

                                                                      Page 4
                                                              C:\Users\Fengyuan\AppData\Local\Temp\gh_00011os1.s
000000d5 6e6f6d6d 
000000d9 616c502f 
000000dd 726f6674 
000000e1 79545f6d 
000000e5 2e736570 
000000e9 0068 
000000eb 000000      109 	.data.b	0,0,0
000000ee 2e2f2e2e    110 	.data.b	46,46,47,46,46,47,46,46,47,98,115,119,47,95,99,111,109,109,111,110,47,67,111,109,112,105,108,101,114,46,104,0
000000f2 2e2e2f2e 
000000f6 7773622f 
000000fa 6f635f2f 
000000fe 6e6f6d6d 
00000102 6d6f432f 
00000106 656c6970 
0000010a 00682e72 
0000010e 000000      111 	.data.b	0,0,0
00000111 6c636e69    112 	.data.b	105,110,99,108,117,100,101,92,67,111,109,112,105,108,101,114,95,67,102,103,46,104,0
00000115 5c656475 
00000119 706d6f43 
0000011d 72656c69 
00000121 6766435f 
00000125 00682e 
00000128 000000      113 	.data.b	0,0,0
0000012b 646e6567    114 	.data.b	103,101,110,100,97,116,97,92,82,116,101,95,67,111,109,112,105,108,101,114,95,67,102,103,46,104,0
0000012f 5c617461 
00000133 5f657452 
00000137 706d6f43 
0000013b 72656c69 
0000013f 6766435f 
00000143 00682e 
00000146 000000      115 	.data.b	0,0,0
00000149 6c636e69    116 	.data.b	105,110,99,108,117,100,101,92,67,100,100,95,84,112,95,67,111,109,112,105,108,101,114,95,67,102,103,46,104,0
0000014d 5c656475 
00000151 5f646443 
00000155 435f7054 
00000159 69706d6f 
0000015d 5f72656c 
00000161 2e676643 
00000165 0068 
00000167 000000      117 	.data.b	0,0,0
0000016a 6c636e69    118 	.data.b	105,110,99,108,117,100,101,92,67,100,100,95,67,111,109,95,67,111,109,112,105,108,101,114,95,67,102,103,46,104,0
0000016e 5c656475 
00000172 5f646443 
00000176 5f6d6f43 
0000017a 706d6f43 
0000017e 72656c69 
00000182 6766435f 
00000186 00682e 
00000189 000000      119 	.data.b	0,0,0
0000018c 646e6567    120 	.data.b	103,101,110,100,97,116,97,92,79,115,95,67,111,109,112,105,108,101,114,95,67,102,103,46,104,0
00000190 5c617461 
00000194 435f734f 
00000198 69706d6f 
0000019c 5f72656c 
000001a0 2e676643 
000001a4 0068 
000001a6 000000      121 	.data.b	0,0,0
000001a9 646e6567    122 	.data.b	103,101,110,100,97,116,97,92,67,111,109,83,116,97,99,107,95,67,102,103,46,104,0
000001ad 5c617461 
000001b1 536d6f43 
000001b5 6b636174 

                                                                      Page 5
                                                              C:\Users\Fengyuan\AppData\Local\Temp\gh_00011os1.s
000001b9 6766435f 
000001bd 00682e 
000001c0 000000      123 	.data.b	0,0,0
000001c3 2e2f2e2e    124 	.data.b	46,46,47,46,46,47,46,46,47,98,115,119,47,95,99,111,109,109,111,110,47,67,97,110,95,71,101,110,101,114,97,108,84,121,112,101,115,46,104,0
000001c7 2e2e2f2e 
000001cb 7773622f 
000001cf 6f635f2f 
000001d3 6e6f6d6d 
000001d7 6e61432f 
000001db 6e65475f 
000001df 6c617265 
000001e3 65707954 
000001e7 00682e73 
000001eb 000000      125 	.data.b	0,0,0
000001ee 646e6567    126 	.data.b	103,101,110,100,97,116,97,92,67,97,110,95,68,114,118,71,101,110,101,114,97,108,84,121,112,101,115,46,104,0
000001f2 5c617461 
000001f6 5f6e6143 
000001fa 47767244 
000001fe 72656e65 
00000202 79546c61 
00000206 2e736570 
0000020a 0068 
0000020c 000000      127 	.data.b	0,0,0
0000020f 2e2f2e2e    128 	.data.b	46,46,47,46,46,47,46,46,47,98,115,119,47,99,97,110,105,102,47,67,97,110,73,102,95,71,101,110,101,114,97,108,84,121,112,101,115,46,104,0
00000213 2e2e2f2e 
00000217 7773622f 
0000021b 6e61632f 
0000021f 432f6669 
00000223 66496e61 
00000227 6e65475f 
0000022b 6c617265 
0000022f 65707954 
00000233 00682e73 
00000237 000000      129 	.data.b	0,0,0
0000023a 6c636e69    130 	.data.b	105,110,99,108,117,100,101,92,77,101,109,77,97,112,46,104,0
0000023e 5c656475 
00000242 4d6d654d 
00000246 682e7061 
0000024a 00 
0000024b 000000      131 	.data.b	0,0,0
0000024e 2e2f2e2e    132 	.data.b	46,46,47,46,46,47,46,46,47,98,115,119,47,99,97,110,105,102,47,67,97,110,73,102,95,84,121,112,101,115,46,104,0
00000252 2e2e2f2e 
00000256 7773622f 
0000025a 6e61632f 
0000025e 432f6669 
00000262 66496e61 
00000266 7079545f 
0000026a 682e7365 
0000026e 00 
0000026f 000000      133 	.data.b	0,0,0
00000272 00          134 	.data.b	0
                     135 .Ldw_lpro_end:
                     136 	.section	.debug_macinfo
                     137 .Ldw_macinfo_begin:
                     138 	.section	.debug_info
00000090 00          139 	.data.b	0
                     140 
                     141 	.section	.debug_line
                     142 .Ldw_line_end:
                     143 	.section	.debug_macinfo
00000000 03          144 	.data.b	3

                                                                      Page 6
                                                              C:\Users\Fengyuan\AppData\Local\Temp\gh_00011os1.s
00000001 00          145 	.data.b	0
00000002 01          146 	.data.b	1
00000003 03          147 	.data.b	3
00000004 2f          148 	.data.b	47
00000005 02          149 	.data.b	2
00000006 03          150 	.data.b	3
00000007 2e          151 	.data.b	46
00000008 03          152 	.data.b	3
00000009 03          153 	.data.b	3
0000000a 03dd        154 	.data.b	221,3
0000000c 04          155 	.data.b	4
0000000d 03          156 	.data.b	3
0000000e 38          157 	.data.b	56
0000000f 05          158 	.data.b	5
00000010 03          159 	.data.b	3
00000011 4a          160 	.data.b	74
00000012 06          161 	.data.b	6
00000013 03          162 	.data.b	3
00000014 3f          163 	.data.b	63
00000015 07          164 	.data.b	7
00000016 01          165 	.data.b	1
00000017 5a          166 	.data.b	90
00000018 5f555043    167 	.data.b	67,80,85,95,84,89,80,69,95,56,32,56,117,0
0000001c 45505954 
00000020 3820385f 
00000024 0075 
00000026 01          168 	.data.b	1
00000027 5b          169 	.data.b	91
00000028 5f555043    170 	.data.b	67,80,85,95,84,89,80,69,95,49,54,32,49,54,117,0
0000002c 45505954 
00000030 2036315f 
00000034 00753631 
00000038 01          171 	.data.b	1
00000039 5c          172 	.data.b	92
0000003a 5f555043    173 	.data.b	67,80,85,95,84,89,80,69,95,51,50,32,51,50,117,0
0000003e 45505954 
00000042 2032335f 
00000046 00753233 
0000004a 01          174 	.data.b	1
0000004b 5e          175 	.data.b	94
0000004c 5f42534d    176 	.data.b	77,83,66,95,70,73,82,83,84,32,48,117,0
00000050 53524946 
00000054 75302054 
00000058 00 
00000059 01          177 	.data.b	1
0000005a 5f          178 	.data.b	95
0000005b 5f42534c    179 	.data.b	76,83,66,95,70,73,82,83,84,32,49,117,0
0000005f 53524946 
00000063 75312054 
00000067 00 
00000068 01          180 	.data.b	1
00000069 61          181 	.data.b	97
0000006a 48474948    182 	.data.b	72,73,71,72,95,66,89,84,69,95,70,73,82,83,84,32,48,117,0
0000006e 5459425f 
00000072 49465f45 
00000076 20545352 
0000007a 007530 
0000007d 01          183 	.data.b	1
0000007e 62          184 	.data.b	98
0000007f 5f574f4c    185 	.data.b	76,79,87,95,66,89,84,69,95,70,73,82,83,84,32,49,117,0
00000083 45545942 

                                                                      Page 7
                                                              C:\Users\Fengyuan\AppData\Local\Temp\gh_00011os1.s
00000087 5249465f 
0000008b 31205453 
0000008f 0075 
00000091 01          186 	.data.b	1
00000092 6c          187 	.data.b	108
00000093 5f555043    188 	.data.b	67,80,85,95,84,89,80,69,32,67,80,85,95,84,89,80,69,95,51,50,0
00000097 45505954 
0000009b 55504320 
0000009f 5059545f 
000000a3 32335f45 
000000a7 00 
000000a8 01          189 	.data.b	1
000000a9 6d          190 	.data.b	109
000000aa 5f555043    191 	.data.b	67,80,85,95,66,73,84,95,79,82,68,69,82,32,76,83,66,95,70,73,82,83,84,0
000000ae 5f544942 
000000b2 4544524f 
000000b6 534c2052 
000000ba 49465f42 
000000be 00545352 
000000c2 01          192 	.data.b	1
000000c3 6e          193 	.data.b	110
000000c4 5f555043    194 	.data.b	67,80,85,95,66,89,84,69,95,79,82,68,69,82,32,76,79,87,95,66,89,84,69,95,70,73,82,83,84,0
000000c8 45545942 
000000cc 44524f5f 
000000d0 4c205245 
000000d4 425f574f 
000000d8 5f455459 
000000dc 53524946 
000000e0 0054 
000000e2 04          195 	.data.b	4
000000e3 03          196 	.data.b	3
000000e4 40          197 	.data.b	64
000000e5 08          198 	.data.b	8
000000e6 03          199 	.data.b	3
000000e7 3e          200 	.data.b	62
000000e8 09          201 	.data.b	9
000000e9 03          202 	.data.b	3
000000ea 7f          203 	.data.b	127
000000eb 0a          204 	.data.b	10
000000ec 04          205 	.data.b	4
000000ed 03          206 	.data.b	3
000000ee 01d6        207 	.data.b	214,1
000000f0 0b          208 	.data.b	11
000000f1 04          209 	.data.b	4
000000f2 03          210 	.data.b	3
000000f3 01d7        211 	.data.b	215,1
000000f5 0c          212 	.data.b	12
000000f6 04          213 	.data.b	4
000000f7 03          214 	.data.b	3
000000f8 06c5        215 	.data.b	197,6
000000fa 0d          216 	.data.b	13
000000fb 04          217 	.data.b	4
000000fc 04          218 	.data.b	4
000000fd 01          219 	.data.b	1
000000fe 6f          220 	.data.b	111
000000ff 41434f4c    221 	.data.b	76,79,67,65,76,95,73,78,76,73,78,69,32,115,116,97,116,105,99,32,105,110,108,105,110,101,0
00000103 4e495f4c 
00000107 454e494c 
0000010b 61747320 
0000010f 20636974 
00000113 696c6e69 

                                                                      Page 8
                                                              C:\Users\Fengyuan\AppData\Local\Temp\gh_00011os1.s
00000117 00656e 
0000011a 01          222 	.data.b	1
0000011b 75          223 	.data.b	117
0000011c 434e5546    224 	.data.b	70,85,78,67,40,114,101,116,116,121,112,101,44,109,101,109,99,108,97,115,115,41,32,114,101,116,116,121,112,101,0
00000120 74657228 
00000124 65707974 
00000128 6d656d2c 
0000012c 73616c63 
00000130 72202973 
00000134 79747465 
00000138 006570 
0000013b 01          225 	.data.b	1
0000013c 018a        226 	.data.b	138,1
0000013e 41563250    227 	.data.b	80,50,86,65,82,40,112,116,114,116,121,112,101,44,109,101,109,99,108,97,115,115,44,112,116,114,99,108,97,115,115,41,32,112,116,114,116,121,112,101,42,0
00000142 74702852 
00000146 70797472 
0000014a 656d2c65 
0000014e 616c636d 
00000152 702c7373 
00000156 6c637274 
0000015a 29737361 
0000015e 72747020 
00000162 65707974 
00000166 002a 
00000168 01          228 	.data.b	1
00000169 0191        229 	.data.b	145,1
0000016b 4f433250    230 	.data.b	80,50,67,79,78,83,84,40,112,116,114,116,121,112,101,44,109,101,109,99,108,97,115,115,44,112,116,114,99,108,97,115,115,41,32,99,111,110,115,116,32,112,116,114,116,121,112,101,42,0
0000016f 2854534e 
00000173 74727470 
00000177 2c657079 
0000017b 636d656d 
0000017f 7373616c 
00000183 7274702c 
00000187 73616c63 
0000018b 63202973 
0000018f 74736e6f 
00000193 72747020 
00000197 65707974 
0000019b 002a 
0000019d 01          231 	.data.b	1
0000019e 01a6        232 	.data.b	166,1
000001a0 55463250    233 	.data.b	80,50,70,85,78,67,40,114,101,116,116,121,112,101,44,112,116,114,99,108,97,115,115,44,102,99,116,110,97,109,101,41,32,114,101,116,116,121,112,101,32,40,42,32,102,99,116,110,97,109,101,41,0
000001a4 7228434e 
000001a8 79747465 
000001ac 702c6570 
000001b0 6c637274 
000001b4 2c737361 
000001b8 6e746366 
000001bc 29656d61 
000001c0 74657220 
000001c4 65707974 
000001c8 202a2820 
000001cc 6e746366 
000001d0 29656d61 
000001d4 00 
000001d5 01          234 	.data.b	1
000001d6 01b6        235 	.data.b	182,1
000001d8 534e4f43    236 	.data.b	67,79,78,83,84,40,116,121,112,101,44,109,101,109,99,108,97,115,115,41,32,99,111,110,115,116,32,116,121,112,101,0
000001dc 79742854 
000001e0 6d2c6570 
000001e4 6c636d65 

                                                                      Page 9
                                                              C:\Users\Fengyuan\AppData\Local\Temp\gh_00011os1.s
000001e8 29737361 
000001ec 6e6f6320 
000001f0 74207473 
000001f4 00657079 
000001f8 01          237 	.data.b	1
000001f9 01bc        238 	.data.b	188,1
000001fb 28524156    239 	.data.b	86,65,82,40,118,97,114,116,121,112,101,44,109,101,109,99,108,97,115,115,41,32,118,97,114,116,121,112,101,0
000001ff 74726176 
00000203 2c657079 
00000207 636d656d 
0000020b 7373616c 
0000020f 61762029 
00000213 70797472 
00000217 0065 
00000219 04          240 	.data.b	4
0000021a 01          241 	.data.b	1
0000021b 6d          242 	.data.b	109
0000021c 5f445453    243 	.data.b	83,84,68,95,79,78,32,49,117,0
00000220 31204e4f 
00000224 0075 
00000226 01          244 	.data.b	1
00000227 6e          245 	.data.b	110
00000228 5f445453    246 	.data.b	83,84,68,95,79,70,70,32,48,117,0
0000022c 2046464f 
00000230 007530 
00000233 04          247 	.data.b	4
00000234 03          248 	.data.b	3
00000235 4c          249 	.data.b	76
00000236 0e          250 	.data.b	14
00000237 04          251 	.data.b	4
00000238 01          252 	.data.b	1
00000239 5a          253 	.data.b	90
0000023a 534d4f43    254 	.data.b	67,79,77,83,84,65,67,75,84,89,80,69,95,65,82,95,82,69,76,69,65,83,69,95,82,69,86,73,83,73,79,78,95,86,69,82,83,73,79,78,32,40,51,117,41,0
0000023e 4b434154 
00000242 45505954 
00000246 5f52415f 
0000024a 454c4552 
0000024e 5f455341 
00000252 49564552 
00000256 4e4f4953 
0000025a 5245565f 
0000025e 4e4f4953 
00000262 75332820 
00000266 0029 
00000268 04          255 	.data.b	4
00000269 03          256 	.data.b	3
0000026a 3a          257 	.data.b	58
0000026b 0f          258 	.data.b	15
0000026c 03          259 	.data.b	3
0000026d 48          260 	.data.b	72
0000026e 10          261 	.data.b	16
0000026f 04          262 	.data.b	4
00000270 03          263 	.data.b	3
00000271 4c          264 	.data.b	76
00000272 11          265 	.data.b	17
00000273 04          266 	.data.b	4
00000274 04          267 	.data.b	4
00000275 01          268 	.data.b	1
00000276 6c          269 	.data.b	108
00000277 5f4e4143    270 	.data.b	67,65,78,95,80,79,83,84,66,85,73,76,68,95,86,65,82,73,65,78,84,95,83,85,80,80,79,82,84,32,83,84,68,95,79,70,70,0
0000027b 54534f50 

                                                                      Page 10
                                                              C:\Users\Fengyuan\AppData\Local\Temp\gh_00011os1.s
0000027f 4c495542 
00000283 41565f44 
00000287 4e414952 
0000028b 55535f54 
0000028f 524f5050 
00000293 54532054 
00000297 464f5f44 
0000029b 0046 
0000029d 01          271 	.data.b	1
0000029e 79          272 	.data.b	121
0000029f 5f4e4143    273 	.data.b	67,65,78,95,71,69,78,95,67,79,77,95,83,84,65,67,75,95,76,73,66,32,0
000002a3 5f4e4547 
000002a7 5f4d4f43 
000002ab 43415453 
000002af 494c5f4b 
000002b3 002042 
000002b6 01          274 	.data.b	1
000002b7 7c          275 	.data.b	124
000002b8 534f5f56    276 	.data.b	86,95,79,83,84,89,80,69,95,65,85,84,79,83,65,82,32,0
000002bc 45505954 
000002c0 5455415f 
000002c4 5241534f 
000002c8 0020 
000002ca 01          277 	.data.b	1
000002cb 019a        278 	.data.b	154,1
000002cd 50435f43    279 	.data.b	67,95,67,80,85,84,89,80,69,95,76,73,84,84,76,69,69,78,68,73,65,78,32,0
000002d1 50595455 
000002d5 494c5f45 
000002d9 454c5454 
000002dd 49444e45 
000002e1 00204e41 
000002e5 01          280 	.data.b	1
000002e6 01ab        281 	.data.b	171,1
000002e8 50435f56    282 	.data.b	86,95,67,80,85,95,83,51,50,32,0
000002ec 33535f55 
000002f0 002032 
000002f3 01          283 	.data.b	1
000002f4 01cc        284 	.data.b	204,1
000002f6 5f4e4143    285 	.data.b	67,65,78,95,77,73,67,82,79,83,65,82,95,86,69,82,83,73,79,78,32,67,65,78,95,77,83,82,52,48,51,0
000002fa 5243494d 
000002fe 5241534f 
00000302 5245565f 
00000306 4e4f4953 
0000030a 4e414320 
0000030e 52534d5f 
00000312 00333034 
00000316 01          286 	.data.b	1
00000317 01d2        287 	.data.b	210,1
00000319 5f4e4143    288 	.data.b	67,65,78,95,73,78,83,84,65,78,67,69,95,73,68,32,48,0
0000031d 54534e49 
00000321 45434e41 
00000325 2044495f 
00000329 0030 
0000032b 01          289 	.data.b	1
0000032c 01df        290 	.data.b	223,1
0000032e 5f4e4143    291 	.data.b	67,65,78,95,73,78,84,69,82,82,85,80,84,32,48,117,0
00000332 45544e49 
00000336 50555252 
0000033a 75302054 
0000033e 00 
0000033f 01          292 	.data.b	1

                                                                      Page 11
                                                              C:\Users\Fengyuan\AppData\Local\Temp\gh_00011os1.s
00000340 01e0        293 	.data.b	224,1
00000342 5f4e4143    294 	.data.b	67,65,78,95,80,79,76,76,73,78,71,32,49,117,0
00000346 4c4c4f50 
0000034a 20474e49 
0000034e 007531 
00000351 01          295 	.data.b	1
00000352 01e2        296 	.data.b	226,1
00000354 6e61436b    297 	.data.b	107,67,97,110,67,104,97,110,110,101,108,78,111,116,85,115,101,100,32,67,65,78,95,78,79,95,67,65,78,73,70,67,72,65,78,78,69,76,73,68,0
00000358 6e616843 
0000035c 4e6c656e 
00000360 7355746f 
00000364 43206465 
00000368 4e5f4e41 
0000036c 41435f4f 
00000370 4346494e 
00000374 4e4e4148 
00000378 44494c45 
0000037c 00 
0000037d 01          298 	.data.b	1
0000037e 01e4        299 	.data.b	228,1
00000380 5f4e4143    300 	.data.b	67,65,78,95,78,79,78,69,32,48,117,0
00000384 454e4f4e 
00000388 00753020 
0000038c 01          301 	.data.b	1
0000038d 01e6        302 	.data.b	230,1
0000038f 5f4e4143    303 	.data.b	67,65,78,95,78,79,84,73,70,89,95,73,83,83,85,69,32,49,117,0
00000393 49544f4e 
00000397 495f5946 
0000039b 45555353 
0000039f 00753120 
000003a3 01          304 	.data.b	1
000003a4 01e7        305 	.data.b	231,1
000003a6 5f4e4143    306 	.data.b	67,65,78,95,78,79,84,73,70,89,95,77,65,73,76,66,79,88,32,50,117,0
000003aa 49544f4e 
000003ae 4d5f5946 
000003b2 424c4941 
000003b6 3220584f 
000003ba 0075 
000003bc 01          307 	.data.b	1
000003bd 01e8        308 	.data.b	232,1
000003bf 5f4e4143    309 	.data.b	67,65,78,95,69,88,84,69,78,68,69,68,32,51,117,0
000003c3 45545845 
000003c7 4445444e 
000003cb 00753320 
000003cf 01          310 	.data.b	1
000003d0 01ea        311 	.data.b	234,1
000003d2 5f4e4143    312 	.data.b	67,65,78,95,68,82,73,86,69,82,32,49,117,0
000003d6 56495244 
000003da 31205245 
000003de 0075 
000003e0 01          313 	.data.b	1
000003e1 01eb        314 	.data.b	235,1
000003e3 5f4e4143    315 	.data.b	67,65,78,95,65,80,80,76,32,50,117,0
000003e7 4c505041 
000003eb 00753220 
000003ef 01          316 	.data.b	1
000003f0 01ec        317 	.data.b	236,1
000003f2 5f4e4143    318 	.data.b	67,65,78,95,66,79,84,72,32,51,117,0
000003f6 48544f42 
000003fa 00753320 
000003fe 01          319 	.data.b	1

                                                                      Page 12
                                                              C:\Users\Fengyuan\AppData\Local\Temp\gh_00011os1.s
000003ff 01ee        320 	.data.b	238,1
00000401 5f4e4143    321 	.data.b	67,65,78,95,77,83,82,51,48,32,51,48,117,0
00000405 3352534d 
00000409 30332030 
0000040d 0075 
0000040f 01          322 	.data.b	1
00000410 01ef        323 	.data.b	239,1
00000412 5f4e4143    324 	.data.b	67,65,78,95,77,83,82,52,48,32,52,48,117,0
00000416 3452534d 
0000041a 30342030 
0000041e 0075 
00000420 01          325 	.data.b	1
00000421 01f0        326 	.data.b	240,1
00000423 5f4e4143    327 	.data.b	67,65,78,95,77,83,82,52,48,51,32,52,48,51,117,0
00000427 3452534d 
0000042b 34203330 
0000042f 00753330 
00000433 01          328 	.data.b	1
00000434 01f2        329 	.data.b	242,1
00000436 5f4e4143    330 	.data.b	67,65,78,95,68,69,84,32,49,117,0
0000043a 20544544 
0000043e 007531 
00000441 01          331 	.data.b	1
00000442 01f4        332 	.data.b	244,1
00000444 5f4e4143    333 	.data.b	67,65,78,95,66,82,83,32,49,117,0
00000448 20535242 
0000044c 007531 
0000044f 01          334 	.data.b	1
00000450 01f5        335 	.data.b	245,1
00000452 5f4e4143    336 	.data.b	67,65,78,95,70,85,76,76,32,50,117,0
00000456 4c4c5546 
0000045a 00753220 
0000045e 01          337 	.data.b	1
0000045f 01fb        338 	.data.b	251,1
00000461 5f4e4143    339 	.data.b	67,65,78,95,65,80,73,50,32,50,117,0
00000465 32495041 
00000469 00753220 
0000046d 01          340 	.data.b	1
0000046e 0285        341 	.data.b	133,2
00000470 5f4e4143    342 	.data.b	67,65,78,95,86,69,82,83,73,79,78,95,73,78,70,79,95,65,80,73,32,83,84,68,95,79,70,70,0
00000474 53524556 
00000478 5f4e4f49 
0000047c 4f464e49 
00000480 4950415f 
00000484 44545320 
00000488 46464f5f 
0000048c 00 
0000048d 01          343 	.data.b	1
0000048e 0287        344 	.data.b	135,2
00000490 5f4e4143    345 	.data.b	67,65,78,95,68,69,86,95,69,82,82,79,82,95,82,69,80,79,82,84,32,83,84,68,95,79,78,0
00000494 5f564544 
00000498 4f525245 
0000049c 45525f52 
000004a0 54524f50 
000004a4 44545320 
000004a8 004e4f5f 
000004ac 01          346 	.data.b	1
000004ad 0289        347 	.data.b	137,2
000004af 5f4e4143    348 	.data.b	67,65,78,95,68,69,86,95,84,73,77,69,79,85,84,95,68,69,84,69,67,84,32,83,84,68,95,79,70,70,0
000004b3 5f564544 
000004b7 454d4954 

                                                                      Page 13
                                                              C:\Users\Fengyuan\AppData\Local\Temp\gh_00011os1.s
000004bb 5f54554f 
000004bf 45544544 
000004c3 53205443 
000004c7 4f5f4454 
000004cb 004646 
000004ce 01          349 	.data.b	1
000004cf 028d        350 	.data.b	141,2
000004d1 5f4e4143    351 	.data.b	67,65,78,95,84,88,95,80,82,79,67,69,83,83,73,78,71,32,67,65,78,95,73,78,84,69,82,82,85,80,84,0
000004d5 505f5854 
000004d9 45434f52 
000004dd 4e495353 
000004e1 41432047 
000004e5 4e495f4e 
000004e9 52524554 
000004ed 00545055 
000004f1 01          352 	.data.b	1
000004f2 028e        353 	.data.b	142,2
000004f4 5f4e4143    354 	.data.b	67,65,78,95,82,88,95,80,82,79,67,69,83,83,73,78,71,32,67,65,78,95,73,78,84,69,82,82,85,80,84,0
000004f8 505f5852 
000004fc 45434f52 
00000500 4e495353 
00000504 41432047 
00000508 4e495f4e 
0000050c 52524554 
00000510 00545055 
00000514 01          355 	.data.b	1
00000515 028f        356 	.data.b	143,2
00000517 5f4e4143    357 	.data.b	67,65,78,95,66,85,83,79,70,70,95,80,82,79,67,69,83,83,73,78,71,32,67,65,78,95,73,78,84,69,82,82,85,80,84,0
0000051b 4f535542 
0000051f 505f4646 
00000523 45434f52 
00000527 4e495353 
0000052b 41432047 
0000052f 4e495f4e 
00000533 52524554 
00000537 00545055 
0000053b 01          358 	.data.b	1
0000053c 0290        359 	.data.b	144,2
0000053e 5f4e4143    360 	.data.b	67,65,78,95,87,65,75,69,85,80,95,80,82,79,67,69,83,83,73,78,71,32,67,65,78,95,73,78,84,69,82,82,85,80,84,0
00000542 454b4157 
00000546 505f5055 
0000054a 45434f52 
0000054e 4e495353 
00000552 41432047 
00000556 4e495f4e 
0000055a 52524554 
0000055e 00545055 
00000562 01          361 	.data.b	1
00000563 0291        362 	.data.b	145,2
00000565 5f4e4143    363 	.data.b	67,65,78,95,73,78,68,73,86,73,68,85,65,76,95,80,82,79,67,69,83,83,73,78,71,32,83,84,68,95,79,70,70,0
00000569 49444e49 
0000056d 55444956 
00000571 505f4c41 
00000575 45434f52 
00000579 4e495353 
0000057d 54532047 
00000581 464f5f44 
00000585 0046 
00000587 01          364 	.data.b	1
00000588 0294        365 	.data.b	148,2
0000058a 4e455f43    366 	.data.b	67,95,69,78,65,66,76,69,95,79,83,69,75,95,79,83,95,73,78,84,67,65,84,50,32,0

                                                                      Page 14
                                                              C:\Users\Fengyuan\AppData\Local\Temp\gh_00011os1.s
0000058e 454c4241 
00000592 45534f5f 
00000596 534f5f4b 
0000059a 544e495f 
0000059e 32544143 
000005a2 0020 
000005a4 01          367 	.data.b	1
000005a5 0296        368 	.data.b	150,2
000005a7 5f4e4143    369 	.data.b	67,65,78,95,73,78,84,76,79,67,75,32,67,65,78,95,68,82,73,86,69,82,0
000005ab 4c544e49 
000005af 204b434f 
000005b3 5f4e4143 
000005b7 56495244 
000005bb 005245 
000005be 01          370 	.data.b	1
000005bf 029c        371 	.data.b	156,2
000005c1 5f4e4143    372 	.data.b	67,65,78,95,77,85,76,84,73,80,76,69,88,69,68,95,84,82,65,78,83,77,73,83,83,73,79,78,32,83,84,68,95,79,70,70,0
000005c5 544c554d 
000005c9 454c5049 
000005cd 5f444558 
000005d1 4e415254 
000005d5 53494d53 
000005d9 4e4f4953 
000005dd 44545320 
000005e1 46464f5f 
000005e5 00 
000005e6 01          373 	.data.b	1
000005e7 029d        374 	.data.b	157,2
000005e9 5f4e4143    375 	.data.b	67,65,78,95,72,87,95,84,82,65,78,83,77,73,84,95,67,65,78,67,69,76,76,65,84,73,79,78,32,83,84,68,95,79,70,70,0
000005ed 545f5748 
000005f1 534e4152 
000005f5 5f54494d 
000005f9 434e4143 
000005fd 414c4c45 
00000601 4e4f4954 
00000605 44545320 
00000609 46464f5f 
0000060d 00 
0000060e 01          376 	.data.b	1
0000060f 029f        377 	.data.b	159,2
00000611 5f4e4143    378 	.data.b	67,65,78,95,77,85,76,84,73,80,76,69,95,66,65,83,73,67,67,65,78,95,84,88,32,83,84,68,95,79,70,70,0
00000615 544c554d 
00000619 454c5049 
0000061d 5341425f 
00000621 41434349 
00000625 58545f4e 
00000629 44545320 
0000062d 46464f5f 
00000631 00 
00000632 01          379 	.data.b	1
00000633 02a2        380 	.data.b	162,2
00000635 5f4e4143    381 	.data.b	67,65,78,95,77,85,76,84,73,80,76,69,95,66,65,83,73,67,67,65,78,32,83,84,68,95,79,70,70,0
00000639 544c554d 
0000063d 454c5049 
00000641 5341425f 
00000645 41434349 
00000649 5453204e 
0000064d 464f5f44 
00000651 0046 
00000653 01          382 	.data.b	1
00000654 02a3        383 	.data.b	163,2

                                                                      Page 15
                                                              C:\Users\Fengyuan\AppData\Local\Temp\gh_00011os1.s
00000656 5f4e4143    384 	.data.b	67,65,78,95,82,88,95,81,85,69,85,69,32,83,84,68,95,79,70,70,0
0000065a 515f5852 
0000065e 45554555 
00000662 44545320 
00000666 46464f5f 
0000066a 00 
0000066b 01          385 	.data.b	1
0000066c 02a4        386 	.data.b	164,2
0000066e 5f4e4143    387 	.data.b	67,65,78,95,79,86,69,82,82,85,78,95,78,79,84,73,70,73,67,65,84,73,79,78,32,67,65,78,95,68,69,84,0
00000672 5245564f 
00000676 5f4e5552 
0000067a 49544f4e 
0000067e 41434946 
00000682 4e4f4954 
00000686 4e414320 
0000068a 5445445f 
0000068e 00 
0000068f 01          388 	.data.b	1
00000690 02a7        389 	.data.b	167,2
00000692 5f4e4143    390 	.data.b	67,65,78,95,83,76,69,69,80,95,83,85,80,80,79,82,84,32,83,84,68,95,79,70,70,0
00000696 45454c53 
0000069a 55535f50 
0000069e 524f5050 
000006a2 54532054 
000006a6 464f5f44 
000006aa 0046 
000006ac 01          391 	.data.b	1
000006ad 02ab        392 	.data.b	171,2
000006af 5f4e4143    393 	.data.b	67,65,78,95,72,65,82,68,87,65,82,69,95,67,65,78,67,69,76,76,65,84,73,79,78,32,83,84,68,95,79,70,70,0
000006b3 44524148 
000006b7 45524157 
000006bb 4e41435f 
000006bf 4c4c4543 
000006c3 4f495441 
000006c7 5453204e 
000006cb 464f5f44 
000006cf 0046 
000006d1 01          394 	.data.b	1
000006d2 02ad        395 	.data.b	173,2
000006d4 5f4e4143    396 	.data.b	67,65,78,95,76,79,79,80,95,77,65,88,32,53,117,0
000006d8 504f4f4c 
000006dc 58414d5f 
000006e0 00753520 
000006e4 01          397 	.data.b	1
000006e5 02b0        398 	.data.b	176,2
000006e7 5f4e4143    399 	.data.b	67,65,78,95,69,88,84,69,78,68,69,68,95,83,84,65,84,69,95,77,65,67,72,73,78,69,32,83,84,68,95,79,70,70,0
000006eb 45545845 
000006ef 4445444e 
000006f3 4154535f 
000006f7 4d5f4554 
000006fb 49484341 
000006ff 5320454e 
00000703 4f5f4454 
00000707 004646 
0000070a 01          400 	.data.b	1
0000070b 02b1        401 	.data.b	177,2
0000070d 5f4e4143    402 	.data.b	67,65,78,95,66,85,83,79,70,70,95,83,85,80,80,79,82,84,95,65,80,73,32,83,84,68,95,79,70,70,0
00000711 4f535542 
00000715 535f4646 
00000719 4f505055 
0000071d 415f5452 

                                                                      Page 16
                                                              C:\Users\Fengyuan\AppData\Local\Temp\gh_00011os1.s
00000721 53204950 
00000725 4f5f4454 
00000729 004646 
0000072c 01          403 	.data.b	1
0000072d 02b2        404 	.data.b	178,2
0000072f 5f4e4143    405 	.data.b	67,65,78,95,72,87,95,76,79,79,80,95,83,85,80,80,79,82,84,95,65,80,73,32,83,84,68,95,79,70,70,0
00000733 4c5f5748 
00000737 5f504f4f 
0000073b 50505553 
0000073f 5f54524f 
00000743 20495041 
00000747 5f445453 
0000074b 0046464f 
0000074f 01          406 	.data.b	1
00000750 02b3        407 	.data.b	179,2
00000752 5f4e4143    408 	.data.b	67,65,78,95,71,69,78,69,82,73,67,95,80,82,69,67,79,80,89,32,83,84,68,95,79,70,70,0
00000756 454e4547 
0000075a 5f434952 
0000075e 43455250 
00000762 2059504f 
00000766 5f445453 
0000076a 0046464f 
0000076e 01          409 	.data.b	1
0000076f 02b4        410 	.data.b	180,2
00000771 5f4e4143    411 	.data.b	67,65,78,95,71,69,78,69,82,73,67,95,67,79,78,70,73,82,77,65,84,73,79,78,32,83,84,68,95,79,70,70,0
00000775 454e4547 
00000779 5f434952 
0000077d 464e4f43 
00000781 414d5249 
00000785 4e4f4954 
00000789 44545320 
0000078d 46464f5f 
00000791 00 
00000792 01          412 	.data.b	1
00000793 02b5        413 	.data.b	181,2
00000795 5f4e4143    414 	.data.b	67,65,78,95,71,69,78,69,82,73,67,95,80,82,69,84,82,65,78,83,77,73,84,32,83,84,68,95,79,70,70,0
00000799 454e4547 
0000079d 5f434952 
000007a1 54455250 
000007a5 534e4152 
000007a9 2054494d 
000007ad 5f445453 
000007b1 0046464f 
000007b5 01          415 	.data.b	1
000007b6 02b6        416 	.data.b	182,2
000007b8 5f4e4143    417 	.data.b	67,65,78,95,85,83,69,95,79,83,95,73,78,84,69,82,82,85,80,84,95,67,79,78,84,82,79,76,32,83,84,68,95,79,78,0
000007bc 5f455355 
000007c0 495f534f 
000007c4 5245544e 
000007c8 54505552 
000007cc 4e4f435f 
000007d0 4c4f5254 
000007d4 44545320 
000007d8 004e4f5f 
000007dc 01          418 	.data.b	1
000007dd 02b9        419 	.data.b	185,2
000007df 5f4e4143    420 	.data.b	67,65,78,95,82,88,95,70,85,76,76,67,65,78,95,79,66,74,69,67,84,83,32,83,84,68,95,79,70,70,0
000007e3 465f5852 
000007e7 434c4c55 
000007eb 4f5f4e41 
000007ef 43454a42 

                                                                      Page 17
                                                              C:\Users\Fengyuan\AppData\Local\Temp\gh_00011os1.s
000007f3 53205354 
000007f7 4f5f4454 
000007fb 004646 
000007fe 01          421 	.data.b	1
000007ff 02ba        422 	.data.b	186,2
00000801 5f4e4143    423 	.data.b	67,65,78,95,84,88,95,70,85,76,76,67,65,78,95,79,66,74,69,67,84,83,32,83,84,68,95,79,70,70,0
00000805 465f5854 
00000809 434c4c55 
0000080d 4f5f4e41 
00000811 43454a42 
00000815 53205354 
00000819 4f5f4454 
0000081d 004646 
00000820 01          424 	.data.b	1
00000821 02bb        425 	.data.b	187,2
00000823 5f4e4143    426 	.data.b	67,65,78,95,82,88,95,66,65,83,73,67,67,65,78,95,79,66,74,69,67,84,83,32,83,84,68,95,79,78,0
00000827 425f5852 
0000082b 43495341 
0000082f 5f4e4143 
00000833 454a424f 
00000837 20535443 
0000083b 5f445453 
0000083f 004e4f 
00000842 01          427 	.data.b	1
00000843 02bc        428 	.data.b	188,2
00000845 5f4e4143    429 	.data.b	67,65,78,95,69,88,84,69,78,68,69,68,95,73,68,32,83,84,68,95,79,70,70,0
00000849 45545845 
0000084d 4445444e 
00000851 2044495f 
00000855 5f445453 
00000859 0046464f 
0000085d 01          430 	.data.b	1
0000085e 02bd        431 	.data.b	189,2
00000860 5f4e4143    432 	.data.b	67,65,78,95,77,73,88,69,68,95,73,68,32,83,84,68,95,79,70,70,0
00000864 4558494d 
00000868 44495f44 
0000086c 44545320 
00000870 46464f5f 
00000874 00 
00000875 01          433 	.data.b	1
00000876 02be        434 	.data.b	190,2
00000878 5f4e4143    435 	.data.b	67,65,78,95,79,78,69,95,67,79,78,84,82,79,76,76,69,82,95,79,80,84,73,77,73,90,65,84,73,79,78,32,83,84,68,95,79,78,0
0000087c 5f454e4f 
00000880 544e4f43 
00000884 4c4c4f52 
00000888 4f5f5245 
0000088c 4d495450 
00000890 54415a49 
00000894 204e4f49 
00000898 5f445453 
0000089c 004e4f 
0000089f 01          436 	.data.b	1
000008a0 02bf        437 	.data.b	191,2
000008a2 5f4e4143    438 	.data.b	67,65,78,95,68,89,78,65,77,73,67,95,70,85,76,76,67,65,78,95,73,68,32,83,84,68,95,79,78,0
000008a6 414e5944 
000008aa 5f43494d 
000008ae 4c4c5546 
000008b2 5f4e4143 
000008b6 53204449 
000008ba 4f5f4454 
000008be 004e 

                                                                      Page 18
                                                              C:\Users\Fengyuan\AppData\Local\Temp\gh_00011os1.s
000008c0 01          439 	.data.b	1
000008c1 02c0        440 	.data.b	192,2
000008c3 5f4e4143    441 	.data.b	67,65,78,95,83,69,67,85,82,69,95,84,69,77,80,95,66,85,70,70,69,82,32,83,84,68,95,79,70,70,0
000008c7 55434553 
000008cb 545f4552 
000008cf 5f504d45 
000008d3 46465542 
000008d7 53205245 
000008db 4f5f4454 
000008df 004646 
000008e2 01          442 	.data.b	1
000008e3 02c2        443 	.data.b	194,2
000008e5 5f4e4143    444 	.data.b	67,65,78,95,67,72,65,78,71,69,95,66,65,85,68,82,65,84,69,95,65,80,73,32,83,84,68,95,79,70,70,0
000008e9 4e414843 
000008ed 425f4547 
000008f1 52445541 
000008f5 5f455441 
000008f9 20495041 
000008fd 5f445453 
00000901 0046464f 
00000905 01          445 	.data.b	1
00000906 02c5        446 	.data.b	197,2
00000908 5f4e4143    447 	.data.b	67,65,78,95,83,69,84,95,66,65,85,68,82,65,84,69,95,65,80,73,32,83,84,68,95,79,70,70,0
0000090c 5f544553 
00000910 44554142 
00000914 45544152 
00000918 4950415f 
0000091c 44545320 
00000920 46464f5f 
00000924 00 
00000925 01          448 	.data.b	1
00000926 02c6        449 	.data.b	198,2
00000928 5f4e4143    450 	.data.b	67,65,78,95,70,68,95,83,85,80,80,79,82,84,32,67,65,78,95,78,79,78,69,0
0000092c 535f4446 
00000930 4f505055 
00000934 43205452 
00000938 4e5f4e41 
0000093c 00454e4f 
00000940 01          451 	.data.b	1
00000941 02c9        452 	.data.b	201,2
00000943 5f4e4143    453 	.data.b	67,65,78,95,77,85,76,84,73,95,69,67,85,95,67,79,78,70,73,71,32,83,84,68,95,79,70,70,0
00000947 544c554d 
0000094b 43455f49 
0000094f 4f435f55 
00000953 4749464e 
00000957 44545320 
0000095b 46464f5f 
0000095f 00 
00000960 01          454 	.data.b	1
00000961 02ca        455 	.data.b	202,2
00000963 5f4e4143    456 	.data.b	67,65,78,95,67,79,77,77,79,78,95,67,65,78,32,83,84,68,95,79,70,70,0
00000967 4d4d4f43 
0000096b 435f4e4f 
0000096f 53204e41 
00000973 4f5f4454 
00000977 004646 
0000097a 01          457 	.data.b	1
0000097b 02cb        458 	.data.b	203,2
0000097d 5f4e4143    459 	.data.b	67,65,78,95,80,65,82,84,73,65,76,95,78,69,84,87,79,82,75,32,83,84,68,95,79,70,70,0
00000981 54524150 
00000985 5f4c4149 

                                                                      Page 19
                                                              C:\Users\Fengyuan\AppData\Local\Temp\gh_00011os1.s
00000989 5754454e 
0000098d 204b524f 
00000991 5f445453 
00000995 0046464f 
00000999 01          460 	.data.b	1
0000099a 02cc        461 	.data.b	204,2
0000099c 5f4e4143    462 	.data.b	67,65,78,95,82,65,77,95,67,72,69,67,75,32,67,65,78,95,78,79,78,69,0
000009a0 5f4d4152 
000009a4 43454843 
000009a8 4143204b 
000009ac 4f4e5f4e 
000009b0 00454e 
000009b3 01          463 	.data.b	1
000009b4 02ce        464 	.data.b	206,2
000009b6 5f4e4143    465 	.data.b	67,65,78,95,71,69,84,95,83,84,65,84,85,83,32,83,84,68,95,79,70,70,0
000009ba 5f544547 
000009be 54415453 
000009c2 53205355 
000009c6 4f5f4454 
000009ca 004646 
000009cd 01          466 	.data.b	1
000009ce 02d1        467 	.data.b	209,2
000009d0 5f4e4143    468 	.data.b	67,65,78,95,77,73,82,82,79,82,95,77,79,68,69,32,83,84,68,95,79,70,70,0
000009d4 5252494d 
000009d8 4d5f524f 
000009dc 2045444f 
000009e0 5f445453 
000009e4 0046464f 
000009e8 01          469 	.data.b	1
000009e9 02d2        470 	.data.b	210,2
000009eb 5f4e4143    471 	.data.b	67,65,78,95,83,73,76,69,78,84,95,77,79,68,69,32,83,84,68,95,79,70,70,0
000009ef 454c4953 
000009f3 4d5f544e 
000009f7 2045444f 
000009fb 5f445453 
000009ff 0046464f 
00000a03 01          472 	.data.b	1
00000a04 06c4        473 	.data.b	196,6
00000a06 5f4e4143    474 	.data.b	67,65,78,95,85,83,69,95,69,67,85,77,95,66,83,87,95,69,82,82,79,82,95,72,79,79,75,32,83,84,68,95,79,70,70,0
00000a0a 5f455355 
00000a0e 4d554345 
00000a12 5753425f 
00000a16 5252455f 
00000a1a 485f524f 
00000a1e 204b4f4f 
00000a22 5f445453 
00000a26 0046464f 
00000a2a 01          475 	.data.b	1
00000a2b 06c5        476 	.data.b	197,6
00000a2d 5f4e4143    477 	.data.b	67,65,78,95,85,83,69,95,73,78,73,84,95,80,79,73,78,84,69,82,32,83,84,68,95,79,70,70,0
00000a31 5f455355 
00000a35 54494e49 
00000a39 494f505f 
00000a3d 5245544e 
00000a41 44545320 
00000a45 46464f5f 
00000a49 00 
00000a4a 03          478 	.data.b	3
00000a4b 0ce8        479 	.data.b	232,12
00000a4d 12          480 	.data.b	18
00000a4e 04          481 	.data.b	4

                                                                      Page 20
                                                              C:\Users\Fengyuan\AppData\Local\Temp\gh_00011os1.s
00000a4f 03          482 	.data.b	3
00000a50 0ced        483 	.data.b	237,12
00000a52 12          484 	.data.b	18
00000a53 04          485 	.data.b	4
00000a54 03          486 	.data.b	3
00000a55 0d96        487 	.data.b	150,13
00000a57 12          488 	.data.b	18
00000a58 04          489 	.data.b	4
00000a59 03          490 	.data.b	3
00000a5a 0d9b        491 	.data.b	155,13
00000a5c 12          492 	.data.b	18
00000a5d 04          493 	.data.b	4
00000a5e 03          494 	.data.b	3
00000a5f 0dab        495 	.data.b	171,13
00000a61 12          496 	.data.b	18
00000a62 04          497 	.data.b	4
00000a63 03          498 	.data.b	3
00000a64 0db0        499 	.data.b	176,13
00000a66 12          500 	.data.b	18
00000a67 04          501 	.data.b	4
00000a68 03          502 	.data.b	3
00000a69 0dbc        503 	.data.b	188,13
00000a6b 12          504 	.data.b	18
00000a6c 04          505 	.data.b	4
00000a6d 03          506 	.data.b	3
00000a6e 0dc1        507 	.data.b	193,13
00000a70 12          508 	.data.b	18
00000a71 04          509 	.data.b	4
00000a72 03          510 	.data.b	3
00000a73 0dd1        511 	.data.b	209,13
00000a75 12          512 	.data.b	18
00000a76 04          513 	.data.b	4
00000a77 03          514 	.data.b	3
00000a78 0dd6        515 	.data.b	214,13
00000a7a 12          516 	.data.b	18
00000a7b 04          517 	.data.b	4
00000a7c 03          518 	.data.b	3
00000a7d 0de2        519 	.data.b	226,13
00000a7f 12          520 	.data.b	18
00000a80 04          521 	.data.b	4
00000a81 03          522 	.data.b	3
00000a82 0de7        523 	.data.b	231,13
00000a84 12          524 	.data.b	18
00000a85 04          525 	.data.b	4
00000a86 03          526 	.data.b	3
00000a87 0df3        527 	.data.b	243,13
00000a89 12          528 	.data.b	18
00000a8a 04          529 	.data.b	4
00000a8b 03          530 	.data.b	3
00000a8c 0df8        531 	.data.b	248,13
00000a8e 12          532 	.data.b	18
00000a8f 04          533 	.data.b	4
00000a90 03          534 	.data.b	3
00000a91 0e8c        535 	.data.b	140,14
00000a93 12          536 	.data.b	18
00000a94 04          537 	.data.b	4
00000a95 03          538 	.data.b	3
00000a96 0e91        539 	.data.b	145,14
00000a98 12          540 	.data.b	18
00000a99 04          541 	.data.b	4
00000a9a 03          542 	.data.b	3

                                                                      Page 21
                                                              C:\Users\Fengyuan\AppData\Local\Temp\gh_00011os1.s
00000a9b 0e9d        543 	.data.b	157,14
00000a9d 12          544 	.data.b	18
00000a9e 04          545 	.data.b	4
00000a9f 03          546 	.data.b	3
00000aa0 0ea2        547 	.data.b	162,14
00000aa2 12          548 	.data.b	18
00000aa3 04          549 	.data.b	4
00000aa4 03          550 	.data.b	3
00000aa5 0eb2        551 	.data.b	178,14
00000aa7 12          552 	.data.b	18
00000aa8 04          553 	.data.b	4
00000aa9 03          554 	.data.b	3
00000aaa 0eb7        555 	.data.b	183,14
00000aac 12          556 	.data.b	18
00000aad 04          557 	.data.b	4
00000aae 03          558 	.data.b	3
00000aaf 0ecf        559 	.data.b	207,14
00000ab1 12          560 	.data.b	18
00000ab2 04          561 	.data.b	4
00000ab3 03          562 	.data.b	3
00000ab4 0ed4        563 	.data.b	212,14
00000ab6 12          564 	.data.b	18
00000ab7 04          565 	.data.b	4
00000ab8 04          566 	.data.b	4
00000ab9 01          567 	.data.b	1
00000aba 0487        568 	.data.b	135,4
00000abc 5f4e4143    569 	.data.b	67,65,78,95,69,78,65,66,76,69,95,77,73,67,82,79,83,65,82,95,86,69,82,83,73,79,78,95,77,83,82,52,48,51,32,0
00000ac0 42414e45 
00000ac4 4d5f454c 
00000ac8 4f524349 
00000acc 5f524153 
00000ad0 53524556 
00000ad4 5f4e4f49 
00000ad8 3452534d 
00000adc 00203330 
00000ae0 01          570 	.data.b	1
00000ae1 0488        571 	.data.b	136,4
00000ae3 5f4e4143    572 	.data.b	67,65,78,95,69,78,65,66,76,69,95,77,73,67,82,79,83,65,82,95,86,69,82,83,73,79,78,95,77,83,82,52,48,88,32,0
00000ae7 42414e45 
00000aeb 4d5f454c 
00000aef 4f524349 
00000af3 5f524153 
00000af7 53524556 
00000afb 5f4e4f49 
00000aff 3452534d 
00000b03 00205830 
00000b07 01          573 	.data.b	1
00000b08 05bc        574 	.data.b	188,5
00000b0a 4e455f43    575 	.data.b	67,95,69,78,65,66,76,69,95,79,83,69,75,95,79,83,32,0
00000b0e 454c4241 
00000b12 45534f5f 
00000b16 534f5f4b 
00000b1a 0020 
00000b1c 01          576 	.data.b	1
00000b1d 05e4        577 	.data.b	228,5
00000b1f 4e455f43    578 	.data.b	67,95,69,78,65,66,76,69,95,82,88,95,66,65,83,73,67,67,65,78,95,79,66,74,69,67,84,83,32,0
00000b23 454c4241 
00000b27 5f58525f 
00000b2b 49534142 
00000b2f 4e414343 
00000b33 4a424f5f 

                                                                      Page 22
                                                              C:\Users\Fengyuan\AppData\Local\Temp\gh_00011os1.s
00000b37 53544345 
00000b3b 0020 
00000b3d 01          579 	.data.b	1
00000b3e 06bf        580 	.data.b	191,6
00000b40 49535f43    581 	.data.b	67,95,83,73,78,71,76,69,95,82,69,67,69,73,86,69,95,67,72,65,78,78,69,76,32,0
00000b44 454c474e 
00000b48 4345525f 
00000b4c 45564945 
00000b50 4148435f 
00000b54 4c454e4e 
00000b58 0020 
00000b5a 01          582 	.data.b	1
00000b5b 06c6        583 	.data.b	198,6
00000b5d 5f4e4143    584 	.data.b	67,65,78,95,72,87,95,67,72,65,78,78,69,76,95,67,65,78,84,89,80,69,95,79,78,76,89,32,118,111,105,100,0
00000b61 435f5748 
00000b65 4e4e4148 
00000b69 435f4c45 
00000b6d 59544e41 
00000b71 4f5f4550 
00000b75 20594c4e 
00000b79 64696f76 
00000b7d 00 
00000b7e 01          585 	.data.b	1
00000b7f 07d8        586 	.data.b	216,7
00000b81 4f4e5f56    587 	.data.b	86,95,78,79,78,69,32,0
00000b85 0020454e 
00000b89 01          588 	.data.b	1
00000b8a 07ee        589 	.data.b	238,7
00000b8c 45445f56    590 	.data.b	86,95,68,69,70,95,86,65,82,95,84,89,80,69,40,115,116,111,114,97,103,101,44,118,97,114,116,121,112,101,41,32,116,121,112,101,100,101,102,32,115,116,111,114,97,103,101,32,86,65,82,40,118,97,114,116,121,112,101,44
00000b90 41565f46 
00000b94 59545f52 
00000b98 73284550 
00000b9c 61726f74 
00000ba0 762c6567 
00000ba4 79747261 
00000ba8 20296570 
00000bac 65707974 
00000bb0 20666564 
00000bb4 726f7473 
00000bb8 20656761 
00000bbc 28524156 
00000bc0 74726176 
00000bc4 2c657079 
00000bc8 50595420    591 	.data.b	32,84,89,80,69,68,69,70,41,0
00000bcc 46454445 
00000bd0 0029 
00000bd2 01          592 	.data.b	1
00000bd3 07f0        593 	.data.b	240,7
00000bd5 45445f56    594 	.data.b	86,95,68,69,70,95,80,50,86,65,82,95,84,89,80,69,40,115,116,111,114,97,103,101,44,112,116,114,116,121,112,101,44,112,116,114,99,108,97,115,115,41,32,116,121,112,101,100,101,102,32,115,116,111,114,97,103,101,32,80
00000bd9 32505f46 
00000bdd 5f524156 
00000be1 45505954 
00000be5 6f747328 
00000be9 65676172 
00000bed 7274702c 
00000bf1 65707974 
00000bf5 7274702c 
00000bf9 73616c63 
00000bfd 74202973 
00000c01 64657079 
00000c05 73206665 

                                                                      Page 23
                                                              C:\Users\Fengyuan\AppData\Local\Temp\gh_00011os1.s
00000c09 61726f74 
00000c0d 50206567 
00000c11 52415632    595 	.data.b	50,86,65,82,40,112,116,114,116,121,112,101,44,32,84,89,80,69,68,69,70,44,32,67,65,78,95,32,35,35,32,112,116,114,99,108,97,115,115,32,41,0
00000c15 72747028 
00000c19 65707974 
00000c1d 5954202c 
00000c21 45444550 
00000c25 43202c46 
00000c29 205f4e41 
00000c2d 70202323 
00000c31 6c637274 
00000c35 20737361 
00000c39 0029 
00000c3b 01          596 	.data.b	1
00000c3c 07f3        597 	.data.b	243,7
00000c3e 45445f56    598 	.data.b	86,95,68,69,70,95,80,50,83,70,82,95,67,65,78,95,84,89,80,69,40,115,116,111,114,97,103,101,44,112,116,114,116,121,112,101,41,32,116,121,112,101,100,101,102,32,115,116,111,114,97,103,101,32,80,50,86,65,82,40
00000c42 32505f46 
00000c46 5f524653 
00000c4a 5f4e4143 
00000c4e 45505954 
00000c52 6f747328 
00000c56 65676172 
00000c5a 7274702c 
00000c5e 65707974 
00000c62 79742029 
00000c66 65646570 
00000c6a 74732066 
00000c6e 6761726f 
00000c72 32502065 
00000c76 28524156 
00000c7a 74727470    599 	.data.b	112,116,114,116,121,112,101,44,32,84,89,80,69,68,69,70,44,32,67,65,78,95,82,69,71,95,67,65,78,67,69,76,76,41,0
00000c7e 2c657079 
00000c82 50595420 
00000c86 46454445 
00000c8a 4143202c 
00000c8e 45525f4e 
00000c92 41435f47 
00000c96 4c45434e 
00000c9a 00294c 
00000c9d 01          600 	.data.b	1
00000c9e 07f5        601 	.data.b	245,7
00000ca0 45445f56    602 	.data.b	86,95,68,69,70,95,67,79,78,83,84,40,115,116,111,114,97,103,101,44,116,121,112,101,44,109,101,109,99,108,97,115,115,41,32,115,116,111,114,97,103,101,32,67,79,78,83,84,40,116,121,112,101,44,32,67,65,78,95,32
00000ca4 4f435f46 
00000ca8 2854534e 
00000cac 726f7473 
00000cb0 2c656761 
00000cb4 65707974 
00000cb8 6d656d2c 
00000cbc 73616c63 
00000cc0 73202973 
00000cc4 61726f74 
00000cc8 43206567 
00000ccc 54534e4f 
00000cd0 70797428 
00000cd4 43202c65 
00000cd8 205f4e41 
00000cdc 6d202323    603 	.data.b	35,35,32,109,101,109,99,108,97,115,115,41,0
00000ce0 6c636d65 
00000ce4 29737361 
00000ce8 00 
00000ce9 01          604 	.data.b	1

                                                                      Page 24
                                                              C:\Users\Fengyuan\AppData\Local\Temp\gh_00011os1.s
00000cea 07f8        605 	.data.b	248,7
00000cec 45445f56    606 	.data.b	86,95,68,69,70,95,80,50,67,79,78,83,84,95,84,89,80,69,40,115,116,111,114,97,103,101,44,112,116,114,116,121,112,101,44,112,116,114,99,108,97,115,115,41,32,116,121,112,101,100,101,102,32,115,116,111,114,97,103,101
00000cf0 32505f46 
00000cf4 534e4f43 
00000cf8 59545f54 
00000cfc 73284550 
00000d00 61726f74 
00000d04 702c6567 
00000d08 79747274 
00000d0c 702c6570 
00000d10 6c637274 
00000d14 29737361 
00000d18 70797420 
00000d1c 66656465 
00000d20 6f747320 
00000d24 65676172 
00000d28 43325020    607 	.data.b	32,80,50,67,79,78,83,84,40,112,116,114,116,121,112,101,44,32,84,89,80,69,68,69,70,44,32,67,65,78,95,32,35,35,32,112,116,114,99,108,97,115,115,41,0
00000d2c 54534e4f 
00000d30 72747028 
00000d34 65707974 
00000d38 5954202c 
00000d3c 45444550 
00000d40 43202c46 
00000d44 205f4e41 
00000d48 70202323 
00000d4c 6c637274 
00000d50 29737361 
00000d54 00 
00000d55 01          608 	.data.b	1
00000d56 07fc        609 	.data.b	252,7
00000d58 45445f56    610 	.data.b	86,95,68,69,70,95,70,85,78,67,40,115,116,111,114,97,103,101,44,114,101,116,116,121,112,101,44,109,101,109,99,108,97,115,115,41,32,115,116,111,114,97,103,101,32,70,85,78,67,40,114,101,116,116,121,112,101,44,32,67
00000d5c 55465f46 
00000d60 7328434e 
00000d64 61726f74 
00000d68 722c6567 
00000d6c 79747465 
00000d70 6d2c6570 
00000d74 6c636d65 
00000d78 29737361 
00000d7c 6f747320 
00000d80 65676172 
00000d84 4e554620 
00000d88 65722843 
00000d8c 70797474 
00000d90 43202c65 
00000d94 205f4e41    611 	.data.b	65,78,95,32,35,35,32,109,101,109,99,108,97,115,115,41,0
00000d98 6d202323 
00000d9c 6c636d65 
00000da0 29737361 
00000da4 00 
00000da5 01          612 	.data.b	1
00000da6 07fd        613 	.data.b	253,7
00000da8 45445f56    614 	.data.b	86,95,68,69,70,95,70,85,78,67,95,65,80,73,40,115,116,111,114,97,103,101,44,114,101,116,116,121,112,101,44,109,101,109,99,108,97,115,115,41,32,115,116,111,114,97,103,101,32,70,85,78,67,40,114,101,116,116,121,112
00000dac 55465f46 
00000db0 415f434e 
00000db4 73284950 
00000db8 61726f74 
00000dbc 722c6567 
00000dc0 79747465 
00000dc4 6d2c6570 
00000dc8 6c636d65 

                                                                      Page 25
                                                              C:\Users\Fengyuan\AppData\Local\Temp\gh_00011os1.s
00000dcc 29737361 
00000dd0 6f747320 
00000dd4 65676172 
00000dd8 4e554620 
00000ddc 65722843 
00000de0 70797474 
00000de4 43202c65    615 	.data.b	101,44,32,67,65,78,95,32,35,35,32,109,101,109,99,108,97,115,115,41,0
00000de8 205f4e41 
00000dec 6d202323 
00000df0 6c636d65 
00000df4 29737361 
00000df8 00 
00000df9 01          616 	.data.b	1
00000dfa 0883        617 	.data.b	131,8
00000dfc 5f4e4143    618 	.data.b	67,65,78,95,72,76,95,78,79,95,86,95,68,69,70,32,0
00000e00 4e5f4c48 
00000e04 5f565f4f 
00000e08 20464544 
00000e0c 00 
00000e0d 01          619 	.data.b	1
00000e0e 0884        620 	.data.b	132,8
00000e10 6e697576    621 	.data.b	118,117,105,110,116,56,32,117,105,110,116,56,0
00000e14 75203874 
00000e18 38746e69 
00000e1c 00 
00000e1d 01          622 	.data.b	1
00000e1e 0887        623 	.data.b	135,8
00000e20 6e697376    624 	.data.b	118,115,105,110,116,56,32,115,105,110,116,56,0
00000e24 73203874 
00000e28 38746e69 
00000e2c 00 
00000e2d 01          625 	.data.b	1
00000e2e 088a        626 	.data.b	138,8
00000e30 6e697576    627 	.data.b	118,117,105,110,116,49,54,32,117,105,110,116,49,54,0
00000e34 20363174 
00000e38 746e6975 
00000e3c 003631 
00000e3f 01          628 	.data.b	1
00000e40 088d        629 	.data.b	141,8
00000e42 6e697376    630 	.data.b	118,115,105,110,116,49,54,32,115,105,110,116,49,54,0
00000e46 20363174 
00000e4a 746e6973 
00000e4e 003631 
00000e51 01          631 	.data.b	1
00000e52 0890        632 	.data.b	144,8
00000e54 6e697576    633 	.data.b	118,117,105,110,116,51,50,32,117,105,110,116,51,50,0
00000e58 20323374 
00000e5c 746e6975 
00000e60 003233 
00000e63 01          634 	.data.b	1
00000e64 0893        635 	.data.b	147,8
00000e66 6e697376    636 	.data.b	118,115,105,110,116,51,50,32,115,105,110,116,51,50,0
00000e6a 20323374 
00000e6e 746e6973 
00000e72 003233 
00000e75 01          637 	.data.b	1
00000e76 08af        638 	.data.b	175,8
00000e78 4e455f43    639 	.data.b	67,95,69,78,65,66,76,69,95,67,65,78,95,66,85,83,79,70,70,95,73,78,84,69,82,82,85,80,84,32,0
00000e7c 454c4241 
00000e80 4e41435f 
00000e84 5355425f 

                                                                      Page 26
                                                              C:\Users\Fengyuan\AppData\Local\Temp\gh_00011os1.s
00000e88 5f46464f 
00000e8c 45544e49 
00000e90 50555252 
00000e94 002054 
00000e97 01          640 	.data.b	1
00000e98 08b5        641 	.data.b	181,8
00000e9a 4e455f43    642 	.data.b	67,95,69,78,65,66,76,69,95,67,65,78,95,82,88,84,88,95,73,78,84,69,82,82,85,80,84,32,0
00000e9e 454c4241 
00000ea2 4e41435f 
00000ea6 5458525f 
00000eaa 4e495f58 
00000eae 52524554 
00000eb2 20545055 
00000eb6 00 
00000eb7 03          643 	.data.b	3
00000eb8 0bc6        644 	.data.b	198,11
00000eba 12          645 	.data.b	18
00000ebb 04          646 	.data.b	4
00000ebc 01          647 	.data.b	1
00000ebd 0fe6        648 	.data.b	230,15
00000ebf 4e455f43    649 	.data.b	67,95,69,78,65,66,76,69,95,73,83,82,95,80,82,79,84,79,84,89,80,69,32,0
00000ec3 454c4241 
00000ec7 5253495f 
00000ecb 4f52505f 
00000ecf 59544f54 
00000ed3 00204550 
00000ed7 03          650 	.data.b	3
00000ed8 1292        651 	.data.b	146,18
00000eda 12          652 	.data.b	18
00000edb 04          653 	.data.b	4
00000edc 03          654 	.data.b	3
00000edd 1295        655 	.data.b	149,18
00000edf 12          656 	.data.b	18
00000ee0 04          657 	.data.b	4
00000ee1 03          658 	.data.b	3
00000ee2 14e5        659 	.data.b	229,20
00000ee4 12          660 	.data.b	18
00000ee5 04          661 	.data.b	4
00000ee6 04          662 	.data.b	4
00000ee7 01          663 	.data.b	1
00000ee8 48          664 	.data.b	72
00000ee9 494e4143    665 	.data.b	67,65,78,73,70,95,83,84,65,84,73,67,95,70,68,95,84,88,81,85,69,85,69,32,83,84,68,95,79,70,70,0
00000eed 54535f46 
00000ef1 43495441 
00000ef5 5f44465f 
00000ef9 55515854 
00000efd 20455545 
00000f01 5f445453 
00000f05 0046464f 
00000f09 01          666 	.data.b	1
00000f0a 49          667 	.data.b	73
00000f0b 494e4143    668 	.data.b	67,65,78,73,70,95,87,65,75,69,85,80,95,83,85,80,80,79,82,84,32,83,84,68,95,79,70,70,0
00000f0f 41575f46 
00000f13 5055454b 
00000f17 5055535f 
00000f1b 54524f50 
00000f1f 44545320 
00000f23 46464f5f 
00000f27 00 
00000f28 01          669 	.data.b	1
00000f29 4a          670 	.data.b	74

                                                                      Page 27
                                                              C:\Users\Fengyuan\AppData\Local\Temp\gh_00011os1.s
00000f2a 494e4143    671 	.data.b	67,65,78,73,70,95,87,65,75,69,85,80,95,86,65,76,73,68,65,84,73,79,78,32,83,84,68,95,79,70,70,0
00000f2e 41575f46 
00000f32 5055454b 
00000f36 4c41565f 
00000f3a 54414449 
00000f3e 204e4f49 
00000f42 5f445453 
00000f46 0046464f 
00000f4a 01          672 	.data.b	1
00000f4b 50          673 	.data.b	80
00000f4c 494e4143    674 	.data.b	67,65,78,73,70,95,67,65,78,67,69,76,95,83,85,80,80,79,82,84,95,65,80,73,32,83,84,68,95,79,70,70,0
00000f50 41435f46 
00000f54 4c45434e 
00000f58 5055535f 
00000f5c 54524f50 
00000f60 4950415f 
00000f64 44545320 
00000f68 46464f5f 
00000f6c 00 
00000f6d 01          675 	.data.b	1
00000f6e 54          676 	.data.b	84
00000f6f 494e4143    677 	.data.b	67,65,78,73,70,95,84,82,67,86,95,72,65,78,68,76,73,78,71,32,83,84,68,95,79,70,70,0
00000f73 52545f46 
00000f77 485f5643 
00000f7b 4c444e41 
00000f7f 20474e49 
00000f83 5f445453 
00000f87 0046464f 
00000f8b 01          678 	.data.b	1
00000f8c 56          679 	.data.b	86
00000f8d 494e4143    680 	.data.b	67,65,78,73,70,95,80,78,95,84,82,67,86,95,72,65,78,68,76,73,78,71,32,83,84,68,95,79,70,70,0
00000f91 4e505f46 
00000f95 4352545f 
00000f99 41485f56 
00000f9d 494c444e 
00000fa1 5320474e 
00000fa5 4f5f4454 
00000fa9 004646 
00000fac 01          681 	.data.b	1
00000fad 59          682 	.data.b	89
00000fae 494e4143    683 	.data.b	67,65,78,73,70,95,83,69,84,68,89,78,65,77,73,67,84,88,73,68,95,65,80,73,32,83,84,68,95,79,70,70,0
00000fb2 45535f46 
00000fb6 4e594454 
00000fba 43494d41 
00000fbe 44495854 
00000fc2 4950415f 
00000fc6 44545320 
00000fca 46464f5f 
00000fce 00 
00000fcf 01          684 	.data.b	1
00000fd0 5a          685 	.data.b	90
00000fd1 494e4143    686 	.data.b	67,65,78,73,70,95,80,78,95,87,85,95,84,88,95,80,68,85,95,70,73,76,84,69,82,32,83,84,68,95,79,70,70,0
00000fd5 4e505f46 
00000fd9 5f55575f 
00000fdd 505f5854 
00000fe1 465f5544 
00000fe5 45544c49 
00000fe9 54532052 
00000fed 464f5f44 
00000ff1 0046 
00000ff3 01          687 	.data.b	1

                                                                      Page 28
                                                              C:\Users\Fengyuan\AppData\Local\Temp\gh_00011os1.s
00000ff4 5e          688 	.data.b	94
00000ff5 494e4143    689 	.data.b	67,65,78,73,70,95,67,72,65,78,71,69,95,66,65,85,68,82,65,84,69,95,83,85,80,80,79,82,84,32,83,84,68,95,79,70,70,0
00000ff9 48435f46 
00000ffd 45474e41 
00001001 5541425f 
00001005 54415244 
00001009 55535f45 
0000100d 524f5050 
00001011 54532054 
00001015 464f5f44 
00001019 0046 
0000101b 01          690 	.data.b	1
0000101c 5f          691 	.data.b	95
0000101d 494e4143    692 	.data.b	67,65,78,73,70,95,83,69,84,95,66,65,85,68,82,65,84,69,95,65,80,73,32,83,84,68,95,79,70,70,0
00001021 45535f46 
00001025 41425f54 
00001029 41524455 
0000102d 415f4554 
00001031 53204950 
00001035 4f5f4454 
00001039 004646 
0000103c 01          693 	.data.b	1
0000103d 60          694 	.data.b	96
0000103e 494e4143    695 	.data.b	67,65,78,73,70,95,77,69,84,65,95,68,65,84,65,95,82,88,95,83,85,80,80,79,82,84,32,83,84,68,95,79,70,70,0
00001042 454d5f46 
00001046 445f4154 
0000104a 5f415441 
0000104e 535f5852 
00001052 4f505055 
00001056 53205452 
0000105a 4f5f4454 
0000105e 004646 
00001061 01          696 	.data.b	1
00001062 61          697 	.data.b	97
00001063 494e4143    698 	.data.b	67,65,78,73,70,95,77,69,84,65,95,68,65,84,65,95,84,88,95,83,85,80,80,79,82,84,32,83,84,68,95,79,70,70,0
00001067 454d5f46 
0000106b 445f4154 
0000106f 5f415441 
00001073 535f5854 
00001077 4f505055 
0000107b 53205452 
0000107f 4f5f4454 
00001083 004646 
00001086 01          699 	.data.b	1
00001087 62          700 	.data.b	98
00001088 494e4143    701 	.data.b	67,65,78,73,70,95,74,49,57,51,57,95,68,89,78,95,65,68,68,82,95,83,85,80,80,79,82,84,32,67,65,78,73,70,95,74,49,57,51,57,95,68,89,78,95,65,68,68,82,95,68,73,83,65,66,76,69,68,0
0000108c 314a5f46 
00001090 5f393339 
00001094 5f4e5944 
00001098 52444441 
0000109c 5055535f 
000010a0 54524f50 
000010a4 4e414320 
000010a8 4a5f4649 
000010ac 39333931 
000010b0 4e59445f 
000010b4 4444415f 
000010b8 49445f52 
000010bc 4c424153 
000010c0 004445 
000010c3 01          702 	.data.b	1

                                                                      Page 29
                                                              C:\Users\Fengyuan\AppData\Local\Temp\gh_00011os1.s
000010c4 63          703 	.data.b	99
000010c5 494e4143    704 	.data.b	67,65,78,73,70,95,77,85,76,84,73,80,76,69,95,67,65,78,68,82,86,95,83,85,80,80,79,82,84,32,83,84,68,95,79,70,70,0
000010c9 554d5f46 
000010cd 5049544c 
000010d1 435f454c 
000010d5 52444e41 
000010d9 55535f56 
000010dd 524f5050 
000010e1 54532054 
000010e5 464f5f44 
000010e9 0046 
000010eb 01          705 	.data.b	1
000010ec 64          706 	.data.b	100
000010ed 494e4143    707 	.data.b	67,65,78,73,70,95,82,88,95,83,69,65,82,67,72,95,67,79,78,83,73,68,69,82,95,77,83,71,95,84,89,80,69,32,83,84,68,95,79,70,70,0
000010f1 58525f46 
000010f5 4145535f 
000010f9 5f484352 
000010fd 534e4f43 
00001101 52454449 
00001105 47534d5f 
00001109 5059545f 
0000110d 54532045 
00001111 464f5f44 
00001115 0046 
00001117 01          708 	.data.b	1
00001118 66          709 	.data.b	102
00001119 494e4143    710 	.data.b	67,65,78,73,70,95,69,88,84,69,78,68,69,68,95,82,65,77,95,67,72,69,67,75,95,83,85,80,80,79,82,84,32,83,84,68,95,79,70,70,0
0000111d 58455f46 
00001121 444e4554 
00001125 525f4445 
00001129 435f4d41 
0000112d 4b434548 
00001131 5055535f 
00001135 54524f50 
00001139 44545320 
0000113d 46464f5f 
00001141 00 
00001142 01          711 	.data.b	1
00001143 019e        712 	.data.b	158,1
00001145 494e4143    713 	.data.b	67,65,78,73,70,95,83,69,65,82,67,72,95,65,76,71,79,82,73,84,72,77,32,67,65,78,73,70,95,76,73,78,69,65,82,0
00001149 45535f46 
0000114d 48435241 
00001151 474c415f 
00001155 5449524f 
00001159 43204d48 
0000115d 46494e41 
00001161 4e494c5f 
00001165 00524145 
00001169 01          714 	.data.b	1
0000116a 01a4        715 	.data.b	164,1
0000116c 494e4143    716 	.data.b	67,65,78,73,70,95,67,79,78,70,73,71,95,86,65,82,73,65,78,84,32,67,65,78,73,70,95,67,70,71,86,65,82,95,80,82,69,67,79,77,80,73,76,69,84,73,77,69,0
00001170 4f435f46 
00001174 4749464e 
00001178 5241565f 
0000117c 544e4149 
00001180 4e414320 
00001184 435f4649 
00001188 41564746 
0000118c 52505f52 
00001190 4d4f4345 
00001194 454c4950 

                                                                      Page 30
                                                              C:\Users\Fengyuan\AppData\Local\Temp\gh_00011os1.s
00001198 454d4954 
0000119c 00 
0000119d 03          717 	.data.b	3
0000119e 01b4        718 	.data.b	180,1
000011a0 13          719 	.data.b	19
000011a1 01          720 	.data.b	1
000011a2 49          721 	.data.b	73
000011a3 494e4143    722 	.data.b	67,65,78,73,70,95,67,70,71,86,65,82,95,80,82,69,67,79,77,80,73,76,69,84,73,77,69,32,49,117,0
000011a7 46435f46 
000011ab 52415647 
000011af 4552505f 
000011b3 504d4f43 
000011b7 54454c49 
000011bb 20454d49 
000011bf 007531 
000011c2 01          723 	.data.b	1
000011c3 4b          724 	.data.b	75
000011c4 494e4143    725 	.data.b	67,65,78,73,70,95,67,70,71,86,65,82,95,80,79,83,84,66,85,73,76,68,84,73,77,69,32,51,117,0
000011c8 46435f46 
000011cc 52415647 
000011d0 534f505f 
000011d4 49554254 
000011d8 4954444c 
000011dc 3320454d 
000011e0 0075 
000011e2 01          726 	.data.b	1
000011e3 01c8        727 	.data.b	200,1
000011e5 494e4143    728 	.data.b	67,65,78,73,70,95,74,49,57,51,57,95,68,89,78,95,65,68,68,82,95,68,73,83,65,66,76,69,68,32,48,117,0
000011e9 314a5f46 
000011ed 5f393339 
000011f1 5f4e5944 
000011f5 52444441 
000011f9 5349445f 
000011fd 454c4241 
00001201 75302044 
00001205 00 
00001206 01          729 	.data.b	1
00001207 01cd        730 	.data.b	205,1
00001209 494e4143    731 	.data.b	67,65,78,73,70,95,83,84,65,84,73,67,95,66,85,70,70,69,82,95,83,73,90,69,32,56,117,0
0000120d 54535f46 
00001211 43495441 
00001215 4655425f 
00001219 5f524546 
0000121d 455a4953 
00001221 00753820 
00001225 01          732 	.data.b	1
00001226 02a0        733 	.data.b	160,2
00001228 496e6143    734 	.data.b	67,97,110,73,102,95,72,119,72,97,110,100,108,101,84,121,112,101,32,67,97,110,95,72,119,72,97,110,100,108,101,84,121,112,101,0
0000122c 77485f66 
00001230 646e6148 
00001234 7954656c 
00001238 43206570 
0000123c 485f6e61 
00001240 6e614877 
00001244 54656c64 
00001248 00657079 
0000124c 04          735 	.data.b	4
0000124d 03          736 	.data.b	3
0000124e 0ad0        737 	.data.b	208,10
00001250 12          738 	.data.b	18
00001251 04          739 	.data.b	4

                                                                      Page 31
                                                              C:\Users\Fengyuan\AppData\Local\Temp\gh_00011os1.s
00001252 03          740 	.data.b	3
00001253 0ad5        741 	.data.b	213,10
00001255 12          742 	.data.b	18
00001256 04          743 	.data.b	4
00001257 03          744 	.data.b	3
00001258 0ae5        745 	.data.b	229,10
0000125a 12          746 	.data.b	18
0000125b 04          747 	.data.b	4
0000125c 03          748 	.data.b	3
0000125d 0aea        749 	.data.b	234,10
0000125f 12          750 	.data.b	18
00001260 04          751 	.data.b	4
00001261 03          752 	.data.b	3
00001262 0af2        753 	.data.b	242,10
00001264 12          754 	.data.b	18
00001265 04          755 	.data.b	4
00001266 03          756 	.data.b	3
00001267 0af7        757 	.data.b	247,10
00001269 12          758 	.data.b	18
0000126a 04          759 	.data.b	4
0000126b 03          760 	.data.b	3
0000126c 0b8b        761 	.data.b	139,11
0000126e 12          762 	.data.b	18
0000126f 04          763 	.data.b	4
00001270 03          764 	.data.b	3
00001271 0b90        765 	.data.b	144,11
00001273 12          766 	.data.b	18
00001274 04          767 	.data.b	4
00001275 03          768 	.data.b	3
00001276 0b9f        769 	.data.b	159,11
00001278 12          770 	.data.b	18
00001279 04          771 	.data.b	4
0000127a 03          772 	.data.b	3
0000127b 0ba4        773 	.data.b	164,11
0000127d 12          774 	.data.b	18
0000127e 04          775 	.data.b	4
0000127f 03          776 	.data.b	3
00001280 0bb4        777 	.data.b	180,11
00001282 12          778 	.data.b	18
00001283 04          779 	.data.b	4
00001284 03          780 	.data.b	3
00001285 0bb9        781 	.data.b	185,11
00001287 12          782 	.data.b	18
00001288 04          783 	.data.b	4
00001289 03          784 	.data.b	3
0000128a 0bcc        785 	.data.b	204,11
0000128c 12          786 	.data.b	18
0000128d 04          787 	.data.b	4
0000128e 03          788 	.data.b	3
0000128f 0bd1        789 	.data.b	209,11
00001291 12          790 	.data.b	18
00001292 04          791 	.data.b	4
00001293 03          792 	.data.b	3
00001294 0be3        793 	.data.b	227,11
00001296 12          794 	.data.b	18
00001297 04          795 	.data.b	4
00001298 03          796 	.data.b	3
00001299 0be8        797 	.data.b	232,11
0000129b 12          798 	.data.b	18
0000129c 04          799 	.data.b	4
0000129d 03          800 	.data.b	3

                                                                      Page 32
                                                              C:\Users\Fengyuan\AppData\Local\Temp\gh_00011os1.s
0000129e 0bf7        801 	.data.b	247,11
000012a0 12          802 	.data.b	18
000012a1 04          803 	.data.b	4
000012a2 03          804 	.data.b	3
000012a3 0bfc        805 	.data.b	252,11
000012a5 12          806 	.data.b	18
000012a6 04          807 	.data.b	4
000012a7 03          808 	.data.b	3
000012a8 0c88        809 	.data.b	136,12
000012aa 12          810 	.data.b	18
000012ab 04          811 	.data.b	4
000012ac 03          812 	.data.b	3
000012ad 0c8d        813 	.data.b	141,12
000012af 12          814 	.data.b	18
000012b0 04          815 	.data.b	4
000012b1 03          816 	.data.b	3
000012b2 0ca1        817 	.data.b	161,12
000012b4 12          818 	.data.b	18
000012b5 04          819 	.data.b	4
000012b6 03          820 	.data.b	3
000012b7 0ca6        821 	.data.b	166,12
000012b9 12          822 	.data.b	18
000012ba 04          823 	.data.b	4
000012bb 03          824 	.data.b	3
000012bc 0cb5        825 	.data.b	181,12
000012be 12          826 	.data.b	18
000012bf 04          827 	.data.b	4
000012c0 03          828 	.data.b	3
000012c1 0cba        829 	.data.b	186,12
000012c3 12          830 	.data.b	18
000012c4 04          831 	.data.b	4
000012c5 03          832 	.data.b	3
000012c6 0cc9        833 	.data.b	201,12
000012c8 12          834 	.data.b	18
000012c9 04          835 	.data.b	4
000012ca 03          836 	.data.b	3
000012cb 0cce        837 	.data.b	206,12
000012cd 12          838 	.data.b	18
000012ce 04          839 	.data.b	4
000012cf 03          840 	.data.b	3
000012d0 0cda        841 	.data.b	218,12
000012d2 12          842 	.data.b	18
000012d3 04          843 	.data.b	4
000012d4 03          844 	.data.b	3
000012d5 0cdf        845 	.data.b	223,12
000012d7 12          846 	.data.b	18
000012d8 04          847 	.data.b	4
000012d9 03          848 	.data.b	3
000012da 0ceb        849 	.data.b	235,12
000012dc 12          850 	.data.b	18
000012dd 04          851 	.data.b	4
000012de 03          852 	.data.b	3
000012df 0cf0        853 	.data.b	240,12
000012e1 12          854 	.data.b	18
000012e2 04          855 	.data.b	4
000012e3 04          856 	.data.b	4
000012e4 04          857 	.data.b	4
000012e5 00          858 	.data.b	0
                     859 	.section	.debug_abbrev
00000017 00          860 	.data.b	0
                     861 	.section	.debug_info

                                                                      Page 33
                                                              C:\Users\Fengyuan\AppData\Local\Temp\gh_00011os1.s
                     862 .Ldw_end:
