                                                                      Page 1
                                                              C:\Users\Fengyuan\AppData\Local\Temp\gh_0000oc41.s
Command Line: C:\ghs\comp_201714\asarm.exe -elf -b0 -I../../../bsw/../thirdparty/mcal_s32k/supply/s32k14x_mcal4_2_rtm_hf3_1_0_1/eclipse/plugins/base_ts_t40d2m10i1r0/include -I../../../bsw/../thirdparty/mcal_s32k/supply/s32k14x_mcal4_2_rtm_hf3_1_0_1/eclipse/plugins/dio_ts_t40d2m10i1r0/include -I../../../bsw/../thirdparty/mcal_s32k/supply/s32k14x_mcal4_2_rtm_hf3_1_0_1/eclipse/plugins/mcu_ts_t40d2m10i1r0/include -I../../../bsw/../thirdparty/mcal_s32k/supply/s32k14x_mcal4_2_rtm_hf3_1_0_1/eclipse/plugins/port_ts_t40d2m10i1r0/include -I../../../bsw/../thirdparty/mcal_s32k/supply/s32k14x_mcal4_2_rtm_hf3_1_0_1/eclipse/plugins/spi_ts_t40d2m10i1r0/include -I../../../bsw/_common -I../../../bsw/bswm -I../../../bsw/can -I../../../bsw/canif -I../../../bsw/cansm -I../../../bsw/cantp -I../../../bsw/com -I../../../bsw/comm -I../../../bsw/dcm -I../../../bsw/dem -I../../../bsw/det -I../../../bsw/ecum -I../../../bsw/gendata -I../../../bsw/iohwab -I../../../bsw/mcal_s32k -I../../../bsw/os -I../../../bsw/pdur -I../../../bsw/vstdlib -I./shared/zbrs_armcommon -I./shared/zbrs_asrembeddedruntimesystemcfg5 -I./shared/zbrs_s32arm -Ic:/ghs/comp_201714/ansi -Ic:/ghs/comp_201714/include/arm -Igendata -Igendata/components -Igendata/include -Iinclude -IC:\ghs\comp_201714\lib\thumb2 -cpu=cortexm4 -fpu=soft -patch_dbo=C:\Vector\CBD1800257_D01_S32K1xx\Applications\S32K144_Start_new\Appl\obj\CanTp_PBcfg.dbo -source=CanTp_PBcfg.c -o obj\gh_0000oc41.o -list=lst/CanTp_PBcfg.lst C:\Users\Fengyuan\AppData\Local\Temp\gh_0000oc41.s 
Original File: C:\Users\Fengyuan\AppData\Local\Temp\gh_0000oc41.s
Source File: CanTp_PBcfg.c
Directory: C:\Vector\CBD1800257_D01_S32K1xx\Applications\S32K144_Start_new\Appl
Host OS: Windows
EASE: Copyright (C) 1983-2016 Green Hills Software.  All Rights Reserved.
Release: Compiler v2017.1.4
Build Directory: [Directory] COMP-VAL-WIN47:l:/compiler/release-branch-2017-1-comp/build/v2017.1-2017-04-09/win32-comp-ecom
Revision: [VCInfo] http://toolsvc/branches/release-branch-2017-1-comp/src@589570 (built by auto-compiler)
Revision Date: Mon Apr 10 10:52:57 2017

Release Date: Mon Apr 10 08:00:05 2017

                       1 ;Driver Command: ccarm -DBRS_DERIVATIVE_S32K144 -DBRS_OSC_CLK=8
                       2 ;		-DBRS_TIMEBASE_CLOCK=96 -DBRS_OS_USECASE_OSGEN7 -DBRS_EVA_BOARD_
                       3 ;		-DBRS_PROGRAM_CODE_LOCATION_FLASH
                       4 ;		-DBRS_VECTOR_TABLE_LOCATION_FLASH -DBRS_CPU_CORE_CORTEX_M4
                       5 ;		-DBRS_STACK_SIZE=0xC800 -DBRS_PLATFORM_ARM -DBRS_COMP_GHS
                       6 ;		-DBRS_INSTRUCTION_SET_ARM -DBRS_OPTIONBYTES_ADR=1
                       7 ;		-DBRS_RAM_ETH_SIZE=0 -DBRS_RAM_ETH_MAPPING=0
                       8 ;		-DBRS_RAM_SIZE=0x0000F000 -DBRS_RAM_MAPPING=0x1FFF8000 -c
                       9 ;		-object_dir=obj -list=lst/CanTp_PBcfg.lst --diag_suppress=1
                      10 ;		-cpu=cortexm4 -noobj --long_long -g -dual_debug -farcalls -dwarf2
                      11 ;		-no_misalign_pack -nostartfiles -act_like=2015.1
                      12 ;		-pragma_asm_inline -thumb -thumb_lib -Osize -object_dir= -e
                      13 ;		Startup_Handler
                      14 ;		-I../../../bsw/../thirdparty/mcal_s32k/supply/s32k14x_mcal4_2_rtm_hf3_1_0_1/eclipse/plugins/base_ts_t40d2m10i1r0/include
                      15 ;		-I../../../bsw/../thirdparty/mcal_s32k/supply/s32k14x_mcal4_2_rtm_hf3_1_0_1/eclipse/plugins/dio_ts_t40d2m10i1r0/include
                      16 ;		-I../../../bsw/../thirdparty/mcal_s32k/supply/s32k14x_mcal4_2_rtm_hf3_1_0_1/eclipse/plugins/mcu_ts_t40d2m10i1r0/include
                      17 ;		-I../../../bsw/../thirdparty/mcal_s32k/supply/s32k14x_mcal4_2_rtm_hf3_1_0_1/eclipse/plugins/port_ts_t40d2m10i1r0/include
                      18 ;		-I../../../bsw/../thirdparty/mcal_s32k/supply/s32k14x_mcal4_2_rtm_hf3_1_0_1/eclipse/plugins/spi_ts_t40d2m10i1r0/include
                      19 ;		-I../../../bsw/_common -I../../../bsw/bswm -I../../../bsw/can
                      20 ;		-I../../../bsw/canif -I../../../bsw/cansm -I../../../bsw/cantp
                      21 ;		-I../../../bsw/com -I../../../bsw/comm -I../../../bsw/dcm
                      22 ;		-I../../../bsw/dem -I../../../bsw/det -I../../../bsw/ecum
                      23 ;		-I../../../bsw/gendata -I../../../bsw/iohwab
                      24 ;		-I../../../bsw/mcal_s32k -I../../../bsw/os -I../../../bsw/pdur
                      25 ;		-I../../../bsw/vstdlib -I./shared/zbrs_armcommon
                      26 ;		-I./shared/zbrs_asrembeddedruntimesystemcfg5
                      27 ;		-I./shared/zbrs_s32arm -Ic:/ghs/comp_201714/ansi
                      28 ;		-Ic:/ghs/comp_201714/include/arm -Igendata -Igendata/components
                      29 ;		-Igendata/include -Iinclude GenData/CanTp_PBcfg.c
                      30 ;Source File:   GenData/CanTp_PBcfg.c
                      31 ;Directory:     
                      32 ;		C:\Vector\CBD1800257_D01_S32K1xx\Applications\S32K144_Start_new\Appl
                      33 ;Compile Date:  Fri Jun 18 09:57:04 2021
                      34 ;Host OS:       Win32
                      35 ;Version:       C-ARM 2017.1.4 RELEASE VERSION
                      36 ;Release:       Compiler v2017.1.4
                      37 ;Revision Date: Tue Apr 11 01:37:22 2017
                      38 ;Release Date:  Mon Apr 10 08:00:05 2017
                      39 ; ecom  -g -w -OMS
                      40 
                      41 	.ghsnote info, 19, 3, 640
                      42 	.text
                      43 ..bof.C.3A.5CVector.5CCBD1800257_D01_S32K1xx.5CApplications.5CS32K144_Start_new.5CAppl.5Cobj.5CCanTp_PBcfg...43.3A.5CVector.5CCBD1800257_D01_S32K1xx.5CApplications.5CS32K144_Start_new.5CAppl..60CBFD70..0::
                      44 ..eof.C.3A.5CVector.5CCBD1800257_D01_S32K1xx.5CApplications.5CS32K144_Start_new.5CAppl.5Cobj.5CCanTp_PBcfg...43.3A.5CVector.5CCBD1800257_D01_S32K1xx.5CApplications.5CS32K144_Start_new.5CAppl..60CBFD70..0::
                      45 	.section	.debug_info
                      46 .Ldw_begin:
00000000 00000000*    47 	.data.w	.Ldw_end-.Ldw_begin-4
00000004 0002         48 	.data.b	2,0
00000006 00000000*    49 	.data.w	.Ldw_abbr_begin
0000000a 04           50 	.data.b	4

                                                                      Page 2
                                                              C:\Users\Fengyuan\AppData\Local\Temp\gh_0000oc41.s
                      51 	.section	.debug_abbrev
                      52 .Ldw_abbr_begin:
                      53 	.section	.debug_info
0000000b 01           54 	.data.b	1
0000000c 00000000*    55 	.data.w	..bof.C.3A.5CVector.5CCBD1800257_D01_S32K1xx.5CApplications.5CS32K144_Start_new.5CAppl.5Cobj.5CCanTp_PBcfg...43.3A.5CVector.5CCBD1800257_D01_S32K1xx.5CApplications.5CS32K144_Start_new.5CAppl..60CBFD70..0
00000010 00000000*    56 	.data.w	..eof.C.3A.5CVector.5CCBD1800257_D01_S32K1xx.5CApplications.5CS32K144_Start_new.5CAppl.5Cobj.5CCanTp_PBcfg...43.3A.5CVector.5CCBD1800257_D01_S32K1xx.5CApplications.5CS32K144_Start_new.5CAppl..60CBFD70..0
00000014 446e6547     57 	.data.b	71,101,110,68,97,116,97,47,67,97,110,84,112,95,80,66,99,102,103,46,99,0
00000018 2f617461 
0000001c 546e6143 
00000020 42505f70 
00000024 2e676663 
00000028 0063 
0000002a 565c3a43     58 	.data.b	67,58,92,86,101,99,116,111,114,92,67,66,68,49,56,48,48,50,53,55,95,68,48,49,95,83,51,50,75,49,120,120,92,65,112,112,108,105,99,97,116,105,111,110,115,92,83,51,50,75,49,52,52,95,83,116,97,114,116,95
0000002e 6f746365 
00000032 42435c72 
00000036 30383144 
0000003a 37353230 
0000003e 3130445f 
00000042 3233535f 
00000046 7878314b 
0000004a 7070415c 
0000004e 6163696c 
00000052 6e6f6974 
00000056 33535c73 
0000005a 34314b32 
0000005e 74535f34 
00000062 5f747261 
00000066 5c77656e     59 	.data.b	110,101,119,92,65,112,112,108,0
0000006a 6c707041 
0000006e 00 
0000006f 20534847     60 	.data.b	71,72,83,32,67,32,50,48,49,55,46,49,46,52,32,91,100,117,97,108,93,0
00000073 30322043 
00000077 312e3731 
0000007b 5b20342e 
0000007f 6c617564 
00000083 005d 
00000085 0001         61 	.data.b	1,0
00000087 00000000*    62 	.data.w	.Ldw_line_begin
0000008b 00000000*    63 	.data.w	.Ldw_macinfo_begin
0000008f 00           64 	.data.b	0
                      65 
                      66 	.section	.debug_abbrev
00000000 01           67 	.data.b	1
00000001 11           68 	.data.b	17
00000002 01           69 	.data.b	1
00000003 0111         70 	.data.b	17,1
00000005 0112         71 	.data.b	18,1
00000007 0803         72 	.data.b	3,8
00000009 081b         73 	.data.b	27,8
0000000b 0825         74 	.data.b	37,8
0000000d 0513         75 	.data.b	19,5
0000000f 0610         76 	.data.b	16,6
00000011 0643         77 	.data.b	67,6
00000013 0b42         78 	.data.b	66,11
00000015 0000         79 	.data.b	0,0
                      80 
                      81 	.section	.debug_line
                      82 .Ldw_line_begin:
00000000 00000000*    83 	.data.w	.Ldw_line_end-.Ldw_line_begin-4
00000004 0002         84 	.data.b	2,0
00000006 00000000*    85 	.data.w	.Ldw_lpro_end-.Ldw_lpro_begin

                                                                      Page 3
                                                              C:\Users\Fengyuan\AppData\Local\Temp\gh_0000oc41.s
                      86 .Ldw_lpro_begin:
0000000a 01           87 	.data.b	1
0000000b 00           88 	.data.b	0
0000000c 00           89 	.data.b	0
0000000d 04           90 	.data.b	4
0000000e 0a           91 	.data.b	10
0000000f 010100       92 	.data.b	0,1,1
00000012 000101       93 	.data.b	1,1,0
00000015 010000       94 	.data.b	0,0,1
00000018 00           95 	.data.b	0
00000019 446e6547     96 	.data.b	71,101,110,68,97,116,97,47,67,97,110,84,112,95,80,66,99,102,103,46,99,0
0000001d 2f617461 
00000021 546e6143 
00000025 42505f70 
00000029 2e676663 
0000002d 0063 
0000002f 000000       97 	.data.b	0,0,0
00000032 446e6547     98 	.data.b	71,101,110,68,97,116,97,47,67,97,110,84,112,95,80,66,99,102,103,46,104,0
00000036 2f617461 
0000003a 546e6143 
0000003e 42505f70 
00000042 2e676663 
00000046 0068 
00000048 000000       99 	.data.b	0,0,0
0000004b 446e6547    100 	.data.b	71,101,110,68,97,116,97,47,67,97,110,84,112,95,67,102,103,46,104,0
0000004f 2f617461 
00000053 546e6143 
00000057 66435f70 
0000005b 00682e67 
0000005f 000000      101 	.data.b	0,0,0
00000062 2e2f2e2e    102 	.data.b	46,46,47,46,46,47,46,46,47,98,115,119,47,95,99,111,109,109,111,110,47,67,111,109,83,116,97,99,107,95,84,121,112,101,115,46,104,0
00000066 2e2e2f2e 
0000006a 7773622f 
0000006e 6f635f2f 
00000072 6e6f6d6d 
00000076 6d6f432f 
0000007a 63617453 
0000007e 79545f6b 
00000082 2e736570 
00000086 0068 
00000088 000000      103 	.data.b	0,0,0
0000008b 2e2f2e2e    104 	.data.b	46,46,47,46,46,47,46,46,47,98,115,119,47,95,99,111,109,109,111,110,47,83,116,100,95,84,121,112,101,115,46,104,0
0000008f 2e2e2f2e 
00000093 7773622f 
00000097 6f635f2f 
0000009b 6e6f6d6d 
0000009f 6474532f 
000000a3 7079545f 
000000a7 682e7365 
000000ab 00 
000000ac 000000      105 	.data.b	0,0,0
000000af 2e2f2e2e    106 	.data.b	46,46,47,46,46,47,46,46,47,98,115,119,47,95,99,111,109,109,111,110,47,80,108,97,116,102,111,114,109,95,84,121,112,101,115,46,104,0
000000b3 2e2e2f2e 
000000b7 7773622f 
000000bb 6f635f2f 
000000bf 6e6f6d6d 
000000c3 616c502f 
000000c7 726f6674 
000000cb 79545f6d 
000000cf 2e736570 
000000d3 0068 

                                                                      Page 4
                                                              C:\Users\Fengyuan\AppData\Local\Temp\gh_0000oc41.s
000000d5 000000      107 	.data.b	0,0,0
000000d8 2e2f2e2e    108 	.data.b	46,46,47,46,46,47,46,46,47,98,115,119,47,95,99,111,109,109,111,110,47,67,111,109,112,105,108,101,114,46,104,0
000000dc 2e2e2f2e 
000000e0 7773622f 
000000e4 6f635f2f 
000000e8 6e6f6d6d 
000000ec 6d6f432f 
000000f0 656c6970 
000000f4 00682e72 
000000f8 000000      109 	.data.b	0,0,0
000000fb 6c636e69    110 	.data.b	105,110,99,108,117,100,101,92,67,111,109,112,105,108,101,114,95,67,102,103,46,104,0
000000ff 5c656475 
00000103 706d6f43 
00000107 72656c69 
0000010b 6766435f 
0000010f 00682e 
00000112 000000      111 	.data.b	0,0,0
00000115 646e6567    112 	.data.b	103,101,110,100,97,116,97,92,82,116,101,95,67,111,109,112,105,108,101,114,95,67,102,103,46,104,0
00000119 5c617461 
0000011d 5f657452 
00000121 706d6f43 
00000125 72656c69 
00000129 6766435f 
0000012d 00682e 
00000130 000000      113 	.data.b	0,0,0
00000133 6c636e69    114 	.data.b	105,110,99,108,117,100,101,92,67,100,100,95,84,112,95,67,111,109,112,105,108,101,114,95,67,102,103,46,104,0
00000137 5c656475 
0000013b 5f646443 
0000013f 435f7054 
00000143 69706d6f 
00000147 5f72656c 
0000014b 2e676643 
0000014f 0068 
00000151 000000      115 	.data.b	0,0,0
00000154 6c636e69    116 	.data.b	105,110,99,108,117,100,101,92,67,100,100,95,67,111,109,95,67,111,109,112,105,108,101,114,95,67,102,103,46,104,0
00000158 5c656475 
0000015c 5f646443 
00000160 5f6d6f43 
00000164 706d6f43 
00000168 72656c69 
0000016c 6766435f 
00000170 00682e 
00000173 000000      117 	.data.b	0,0,0
00000176 646e6567    118 	.data.b	103,101,110,100,97,116,97,92,79,115,95,67,111,109,112,105,108,101,114,95,67,102,103,46,104,0
0000017a 5c617461 
0000017e 435f734f 
00000182 69706d6f 
00000186 5f72656c 
0000018a 2e676643 
0000018e 0068 
00000190 000000      119 	.data.b	0,0,0
00000193 646e6567    120 	.data.b	103,101,110,100,97,116,97,92,67,111,109,83,116,97,99,107,95,67,102,103,46,104,0
00000197 5c617461 
0000019b 536d6f43 
0000019f 6b636174 
000001a3 6766435f 
000001a7 00682e 
000001aa 000000      121 	.data.b	0,0,0
000001ad 2e2f2e2e    122 	.data.b	46,46,47,46,46,47,46,46,47,98,115,119,47,99,97,110,116,112,47,67,97,110,84,112,95,84,121,112,101,115,46,104,0
000001b1 2e2e2f2e 
000001b5 7773622f 

                                                                      Page 5
                                                              C:\Users\Fengyuan\AppData\Local\Temp\gh_0000oc41.s
000001b9 6e61632f 
000001bd 432f7074 
000001c1 70546e61 
000001c5 7079545f 
000001c9 682e7365 
000001cd 00 
000001ce 000000      123 	.data.b	0,0,0
000001d1 2e2f2e2e    124 	.data.b	46,46,47,46,46,47,46,46,47,98,115,119,47,99,97,110,105,102,47,67,97,110,73,102,46,104,0
000001d5 2e2e2f2e 
000001d9 7773622f 
000001dd 6e61632f 
000001e1 432f6669 
000001e5 66496e61 
000001e9 00682e 
000001ec 000000      125 	.data.b	0,0,0
000001ef 646e6567    126 	.data.b	103,101,110,100,97,116,97,92,67,97,110,73,102,95,67,102,103,46,104,0
000001f3 5c617461 
000001f7 496e6143 
000001fb 66435f66 
000001ff 00682e67 
00000203 000000      127 	.data.b	0,0,0
00000206 2e2f2e2e    128 	.data.b	46,46,47,46,46,47,46,46,47,98,115,119,47,99,97,110,47,67,97,110,46,104,0
0000020a 2e2e2f2e 
0000020e 7773622f 
00000212 6e61632f 
00000216 6e61432f 
0000021a 00682e 
0000021d 000000      129 	.data.b	0,0,0
00000220 646e6567    130 	.data.b	103,101,110,100,97,116,97,92,67,97,110,95,67,102,103,46,104,0
00000224 5c617461 
00000228 5f6e6143 
0000022c 2e676643 
00000230 0068 
00000232 000000      131 	.data.b	0,0,0
00000235 2e2f2e2e    132 	.data.b	46,46,47,46,46,47,46,46,47,98,115,119,47,95,99,111,109,109,111,110,47,67,97,110,95,71,101,110,101,114,97,108,84,121,112,101,115,46,104,0
00000239 2e2e2f2e 
0000023d 7773622f 
00000241 6f635f2f 
00000245 6e6f6d6d 
00000249 6e61432f 
0000024d 6e65475f 
00000251 6c617265 
00000255 65707954 
00000259 00682e73 
0000025d 000000      133 	.data.b	0,0,0
00000260 646e6567    134 	.data.b	103,101,110,100,97,116,97,92,67,97,110,95,68,114,118,71,101,110,101,114,97,108,84,121,112,101,115,46,104,0
00000264 5c617461 
00000268 5f6e6143 
0000026c 47767244 
00000270 72656e65 
00000274 79546c61 
00000278 2e736570 
0000027c 0068 
0000027e 000000      135 	.data.b	0,0,0
00000281 2e2f2e2e    136 	.data.b	46,46,47,46,46,47,46,46,47,98,115,119,47,99,97,110,105,102,47,67,97,110,73,102,95,71,101,110,101,114,97,108,84,121,112,101,115,46,104,0
00000285 2e2e2f2e 
00000289 7773622f 
0000028d 6e61632f 
00000291 432f6669 
00000295 66496e61 
00000299 6e65475f 

                                                                      Page 6
                                                              C:\Users\Fengyuan\AppData\Local\Temp\gh_0000oc41.s
0000029d 6c617265 
000002a1 65707954 
000002a5 00682e73 
000002a9 000000      137 	.data.b	0,0,0
000002ac 6c636e69    138 	.data.b	105,110,99,108,117,100,101,92,77,101,109,77,97,112,46,104,0
000002b0 5c656475 
000002b4 4d6d654d 
000002b8 682e7061 
000002bc 00 
000002bd 000000      139 	.data.b	0,0,0
000002c0 2e2f2e2e    140 	.data.b	46,46,47,46,46,47,46,46,47,98,115,119,47,99,97,110,105,102,47,67,97,110,73,102,95,84,121,112,101,115,46,104,0
000002c4 2e2e2f2e 
000002c8 7773622f 
000002cc 6e61632f 
000002d0 432f6669 
000002d4 66496e61 
000002d8 7079545f 
000002dc 682e7365 
000002e0 00 
000002e1 000000      141 	.data.b	0,0,0
000002e4 446e6547    142 	.data.b	71,101,110,68,97,116,97,47,80,100,117,82,95,67,97,110,84,112,46,104,0
000002e8 2f617461 
000002ec 52756450 
000002f0 6e61435f 
000002f4 682e7054 
000002f8 00 
000002f9 000000      143 	.data.b	0,0,0
000002fc 446e6547    144 	.data.b	71,101,110,68,97,116,97,47,80,100,117,82,95,67,102,103,46,104,0
00000300 2f617461 
00000304 52756450 
00000308 6766435f 
0000030c 00682e 
0000030f 000000      145 	.data.b	0,0,0
00000312 446e6547    146 	.data.b	71,101,110,68,97,116,97,47,80,100,117,82,95,84,121,112,101,115,46,104,0
00000316 2f617461 
0000031a 52756450 
0000031e 7079545f 
00000322 682e7365 
00000326 00 
00000327 000000      147 	.data.b	0,0,0
0000032a 00          148 	.data.b	0
                     149 .Ldw_lpro_end:
                     150 	.section	.debug_macinfo
                     151 .Ldw_macinfo_begin:
                     152 	.section	.debug_info
00000090 00          153 	.data.b	0
                     154 
                     155 	.section	.debug_line
                     156 .Ldw_line_end:
                     157 	.section	.debug_macinfo
00000000 03          158 	.data.b	3
00000001 00          159 	.data.b	0
00000002 01          160 	.data.b	1
00000003 03          161 	.data.b	3
00000004 26          162 	.data.b	38
00000005 02          163 	.data.b	2
00000006 03          164 	.data.b	3
00000007 28          165 	.data.b	40
00000008 03          166 	.data.b	3
00000009 03          167 	.data.b	3
0000000a 27          168 	.data.b	39

                                                                      Page 7
                                                              C:\Users\Fengyuan\AppData\Local\Temp\gh_0000oc41.s
0000000b 04          169 	.data.b	4
0000000c 03          170 	.data.b	3
0000000d 4a          171 	.data.b	74
0000000e 05          172 	.data.b	5
0000000f 03          173 	.data.b	3
00000010 3f          174 	.data.b	63
00000011 06          175 	.data.b	6
00000012 01          176 	.data.b	1
00000013 5a          177 	.data.b	90
00000014 5f555043    178 	.data.b	67,80,85,95,84,89,80,69,95,56,32,56,117,0
00000018 45505954 
0000001c 3820385f 
00000020 0075 
00000022 01          179 	.data.b	1
00000023 5b          180 	.data.b	91
00000024 5f555043    181 	.data.b	67,80,85,95,84,89,80,69,95,49,54,32,49,54,117,0
00000028 45505954 
0000002c 2036315f 
00000030 00753631 
00000034 01          182 	.data.b	1
00000035 5c          183 	.data.b	92
00000036 5f555043    184 	.data.b	67,80,85,95,84,89,80,69,95,51,50,32,51,50,117,0
0000003a 45505954 
0000003e 2032335f 
00000042 00753233 
00000046 01          185 	.data.b	1
00000047 5e          186 	.data.b	94
00000048 5f42534d    187 	.data.b	77,83,66,95,70,73,82,83,84,32,48,117,0
0000004c 53524946 
00000050 75302054 
00000054 00 
00000055 01          188 	.data.b	1
00000056 5f          189 	.data.b	95
00000057 5f42534c    190 	.data.b	76,83,66,95,70,73,82,83,84,32,49,117,0
0000005b 53524946 
0000005f 75312054 
00000063 00 
00000064 01          191 	.data.b	1
00000065 61          192 	.data.b	97
00000066 48474948    193 	.data.b	72,73,71,72,95,66,89,84,69,95,70,73,82,83,84,32,48,117,0
0000006a 5459425f 
0000006e 49465f45 
00000072 20545352 
00000076 007530 
00000079 01          194 	.data.b	1
0000007a 62          195 	.data.b	98
0000007b 5f574f4c    196 	.data.b	76,79,87,95,66,89,84,69,95,70,73,82,83,84,32,49,117,0
0000007f 45545942 
00000083 5249465f 
00000087 31205453 
0000008b 0075 
0000008d 01          197 	.data.b	1
0000008e 6c          198 	.data.b	108
0000008f 5f555043    199 	.data.b	67,80,85,95,84,89,80,69,32,67,80,85,95,84,89,80,69,95,51,50,0
00000093 45505954 
00000097 55504320 
0000009b 5059545f 
0000009f 32335f45 
000000a3 00 
000000a4 01          200 	.data.b	1
000000a5 6d          201 	.data.b	109

                                                                      Page 8
                                                              C:\Users\Fengyuan\AppData\Local\Temp\gh_0000oc41.s
000000a6 5f555043    202 	.data.b	67,80,85,95,66,73,84,95,79,82,68,69,82,32,76,83,66,95,70,73,82,83,84,0
000000aa 5f544942 
000000ae 4544524f 
000000b2 534c2052 
000000b6 49465f42 
000000ba 00545352 
000000be 01          203 	.data.b	1
000000bf 6e          204 	.data.b	110
000000c0 5f555043    205 	.data.b	67,80,85,95,66,89,84,69,95,79,82,68,69,82,32,76,79,87,95,66,89,84,69,95,70,73,82,83,84,0
000000c4 45545942 
000000c8 44524f5f 
000000cc 4c205245 
000000d0 425f574f 
000000d4 5f455459 
000000d8 53524946 
000000dc 0054 
000000de 04          206 	.data.b	4
000000df 03          207 	.data.b	3
000000e0 40          208 	.data.b	64
000000e1 07          209 	.data.b	7
000000e2 03          210 	.data.b	3
000000e3 3e          211 	.data.b	62
000000e4 08          212 	.data.b	8
000000e5 03          213 	.data.b	3
000000e6 7f          214 	.data.b	127
000000e7 09          215 	.data.b	9
000000e8 04          216 	.data.b	4
000000e9 03          217 	.data.b	3
000000ea 01d6        218 	.data.b	214,1
000000ec 0a          219 	.data.b	10
000000ed 04          220 	.data.b	4
000000ee 03          221 	.data.b	3
000000ef 01d7        222 	.data.b	215,1
000000f1 0b          223 	.data.b	11
000000f2 04          224 	.data.b	4
000000f3 03          225 	.data.b	3
000000f4 06c5        226 	.data.b	197,6
000000f6 0c          227 	.data.b	12
000000f7 04          228 	.data.b	4
000000f8 04          229 	.data.b	4
000000f9 01          230 	.data.b	1
000000fa 6f          231 	.data.b	111
000000fb 41434f4c    232 	.data.b	76,79,67,65,76,95,73,78,76,73,78,69,32,115,116,97,116,105,99,32,105,110,108,105,110,101,0
000000ff 4e495f4c 
00000103 454e494c 
00000107 61747320 
0000010b 20636974 
0000010f 696c6e69 
00000113 00656e 
00000116 01          233 	.data.b	1
00000117 75          234 	.data.b	117
00000118 434e5546    235 	.data.b	70,85,78,67,40,114,101,116,116,121,112,101,44,109,101,109,99,108,97,115,115,41,32,114,101,116,116,121,112,101,0
0000011c 74657228 
00000120 65707974 
00000124 6d656d2c 
00000128 73616c63 
0000012c 72202973 
00000130 79747465 
00000134 006570 
00000137 01          236 	.data.b	1
00000138 018a        237 	.data.b	138,1

                                                                      Page 9
                                                              C:\Users\Fengyuan\AppData\Local\Temp\gh_0000oc41.s
0000013a 41563250    238 	.data.b	80,50,86,65,82,40,112,116,114,116,121,112,101,44,109,101,109,99,108,97,115,115,44,112,116,114,99,108,97,115,115,41,32,112,116,114,116,121,112,101,42,0
0000013e 74702852 
00000142 70797472 
00000146 656d2c65 
0000014a 616c636d 
0000014e 702c7373 
00000152 6c637274 
00000156 29737361 
0000015a 72747020 
0000015e 65707974 
00000162 002a 
00000164 01          239 	.data.b	1
00000165 0191        240 	.data.b	145,1
00000167 4f433250    241 	.data.b	80,50,67,79,78,83,84,40,112,116,114,116,121,112,101,44,109,101,109,99,108,97,115,115,44,112,116,114,99,108,97,115,115,41,32,99,111,110,115,116,32,112,116,114,116,121,112,101,42,0
0000016b 2854534e 
0000016f 74727470 
00000173 2c657079 
00000177 636d656d 
0000017b 7373616c 
0000017f 7274702c 
00000183 73616c63 
00000187 63202973 
0000018b 74736e6f 
0000018f 72747020 
00000193 65707974 
00000197 002a 
00000199 01          242 	.data.b	1
0000019a 01a6        243 	.data.b	166,1
0000019c 55463250    244 	.data.b	80,50,70,85,78,67,40,114,101,116,116,121,112,101,44,112,116,114,99,108,97,115,115,44,102,99,116,110,97,109,101,41,32,114,101,116,116,121,112,101,32,40,42,32,102,99,116,110,97,109,101,41,0
000001a0 7228434e 
000001a4 79747465 
000001a8 702c6570 
000001ac 6c637274 
000001b0 2c737361 
000001b4 6e746366 
000001b8 29656d61 
000001bc 74657220 
000001c0 65707974 
000001c4 202a2820 
000001c8 6e746366 
000001cc 29656d61 
000001d0 00 
000001d1 01          245 	.data.b	1
000001d2 01b6        246 	.data.b	182,1
000001d4 534e4f43    247 	.data.b	67,79,78,83,84,40,116,121,112,101,44,109,101,109,99,108,97,115,115,41,32,99,111,110,115,116,32,116,121,112,101,0
000001d8 79742854 
000001dc 6d2c6570 
000001e0 6c636d65 
000001e4 29737361 
000001e8 6e6f6320 
000001ec 74207473 
000001f0 00657079 
000001f4 01          248 	.data.b	1
000001f5 01bc        249 	.data.b	188,1
000001f7 28524156    250 	.data.b	86,65,82,40,118,97,114,116,121,112,101,44,109,101,109,99,108,97,115,115,41,32,118,97,114,116,121,112,101,0
000001fb 74726176 
000001ff 2c657079 
00000203 636d656d 
00000207 7373616c 
0000020b 61762029 
0000020f 70797472 

                                                                      Page 10
                                                              C:\Users\Fengyuan\AppData\Local\Temp\gh_0000oc41.s
00000213 0065 
00000215 04          251 	.data.b	4
00000216 01          252 	.data.b	1
00000217 6d          253 	.data.b	109
00000218 5f445453    254 	.data.b	83,84,68,95,79,78,32,49,117,0
0000021c 31204e4f 
00000220 0075 
00000222 01          255 	.data.b	1
00000223 6e          256 	.data.b	110
00000224 5f445453    257 	.data.b	83,84,68,95,79,70,70,32,48,117,0
00000228 2046464f 
0000022c 007530 
0000022f 04          258 	.data.b	4
00000230 03          259 	.data.b	3
00000231 4c          260 	.data.b	76
00000232 0d          261 	.data.b	13
00000233 04          262 	.data.b	4
00000234 01          263 	.data.b	1
00000235 5a          264 	.data.b	90
00000236 534d4f43    265 	.data.b	67,79,77,83,84,65,67,75,84,89,80,69,95,65,82,95,82,69,76,69,65,83,69,95,82,69,86,73,83,73,79,78,95,86,69,82,83,73,79,78,32,40,51,117,41,0
0000023a 4b434154 
0000023e 45505954 
00000242 5f52415f 
00000246 454c4552 
0000024a 5f455341 
0000024e 49564552 
00000252 4e4f4953 
00000256 5245565f 
0000025a 4e4f4953 
0000025e 75332820 
00000262 0029 
00000264 04          266 	.data.b	4
00000265 01          267 	.data.b	1
00000266 61          268 	.data.b	97
00000267 544e4143    269 	.data.b	67,65,78,84,80,95,82,67,32,83,84,68,95,79,70,70,0
0000026b 43525f50 
0000026f 44545320 
00000273 46464f5f 
00000277 00 
00000278 01          270 	.data.b	1
00000279 66          271 	.data.b	102
0000027a 544e4143    272 	.data.b	67,65,78,84,80,95,77,65,88,95,70,82,65,77,69,95,76,69,78,71,84,72,32,56,0
0000027e 414d5f50 
00000282 52465f58 
00000286 5f454d41 
0000028a 474e454c 
0000028e 38204854 
00000292 00 
00000293 01          273 	.data.b	1
00000294 67          274 	.data.b	103
00000295 544e4143    275 	.data.b	67,65,78,84,80,95,77,65,88,95,80,65,89,76,79,65,68,95,76,69,78,71,84,72,32,55,0
00000299 414d5f50 
0000029d 41505f58 
000002a1 414f4c59 
000002a5 454c5f44 
000002a9 4854474e 
000002ad 003720 
000002b0 01          276 	.data.b	1
000002b1 018a        277 	.data.b	138,1
000002b3 544e4143    278 	.data.b	67,65,78,84,80,95,85,83,69,95,79,78,76,89,95,70,73,82,83,84,95,70,67,32,83,84,68,95,79,78,0
000002b7 53555f50 

                                                                      Page 11
                                                              C:\Users\Fengyuan\AppData\Local\Temp\gh_0000oc41.s
000002bb 4e4f5f45 
000002bf 465f594c 
000002c3 54535249 
000002c7 2043465f 
000002cb 5f445453 
000002cf 004e4f 
000002d2 01          279 	.data.b	1
000002d3 018d        280 	.data.b	141,1
000002d5 544e4143    281 	.data.b	67,65,78,84,80,95,79,78,76,89,95,78,79,84,73,70,89,95,73,78,70,79,82,77,69,68,95,65,80,80,76,32,83,84,68,95,79,78,0
000002d9 4e4f5f50 
000002dd 4e5f594c 
000002e1 4649544f 
000002e5 4e495f59 
000002e9 4d524f46 
000002ed 415f4445 
000002f1 204c5050 
000002f5 5f445453 
000002f9 004e4f 
000002fc 01          282 	.data.b	1
000002fd 0190        283 	.data.b	144,1
000002ff 544e4143    284 	.data.b	67,65,78,84,80,95,80,68,85,82,95,65,80,73,95,65,82,95,86,69,82,83,73,79,78,32,48,120,52,49,50,0
00000303 44505f50 
00000307 415f5255 
0000030b 415f4950 
0000030f 45565f52 
00000313 4f495352 
00000317 7830204e 
0000031b 00323134 
0000031f 01          285 	.data.b	1
00000320 0193        286 	.data.b	147,1
00000322 544e4143    287 	.data.b	67,65,78,84,80,95,83,84,77,73,78,95,66,89,95,65,80,80,76,32,83,84,68,95,79,70,70,0
00000326 54535f50 
0000032a 5f4e494d 
0000032e 415f5942 
00000332 204c5050 
00000336 5f445453 
0000033a 0046464f 
0000033e 01          288 	.data.b	1
0000033f 04c6        289 	.data.b	198,4
00000341 544e4143    290 	.data.b	67,65,78,84,80,95,85,83,69,95,73,78,73,84,95,80,79,73,78,84,69,82,32,83,84,68,95,79,70,70,0
00000345 53555f50 
00000349 4e495f45 
0000034d 505f5449 
00000351 544e494f 
00000355 53205245 
00000359 4f5f4454 
0000035d 004646 
00000360 04          291 	.data.b	4
00000361 03          292 	.data.b	3
00000362 29          293 	.data.b	41
00000363 0e          294 	.data.b	14
00000364 01          295 	.data.b	1
00000365 38          296 	.data.b	56
00000366 544e4143    297 	.data.b	67,65,78,84,80,95,80,68,85,82,95,65,80,73,95,52,48,51,95,69,78,65,66,76,69,68,32,83,84,68,95,79,70,70,0
0000036a 44505f50 
0000036e 415f5255 
00000372 345f4950 
00000376 455f3330 
0000037a 4c42414e 
0000037e 53204445 
00000382 4f5f4454 

                                                                      Page 12
                                                              C:\Users\Fengyuan\AppData\Local\Temp\gh_0000oc41.s
00000386 004646 
00000389 01          298 	.data.b	1
0000038a 44          299 	.data.b	68
0000038b 544e4143    300 	.data.b	67,65,78,84,80,95,84,88,95,81,85,69,85,69,95,83,73,90,69,32,52,0
0000038f 58545f50 
00000393 4555515f 
00000397 535f4555 
0000039b 20455a49 
0000039f 0034 
000003a1 04          301 	.data.b	4
000003a2 04          302 	.data.b	4
000003a3 03          303 	.data.b	3
000003a4 27          304 	.data.b	39
000003a5 0f          305 	.data.b	15
000003a6 03          306 	.data.b	3
000003a7 01ab        307 	.data.b	171,1
000003a9 10          308 	.data.b	16
000003aa 03          309 	.data.b	3
000003ab 2e          310 	.data.b	46
000003ac 11          311 	.data.b	17
000003ad 03          312 	.data.b	3
000003ae 03dd        313 	.data.b	221,3
000003b0 12          314 	.data.b	18
000003b1 03          315 	.data.b	3
000003b2 3a          316 	.data.b	58
000003b3 13          317 	.data.b	19
000003b4 03          318 	.data.b	3
000003b5 48          319 	.data.b	72
000003b6 14          320 	.data.b	20
000003b7 04          321 	.data.b	4
000003b8 03          322 	.data.b	3
000003b9 4c          323 	.data.b	76
000003ba 15          324 	.data.b	21
000003bb 04          325 	.data.b	4
000003bc 04          326 	.data.b	4
000003bd 01          327 	.data.b	1
000003be 6c          328 	.data.b	108
000003bf 5f4e4143    329 	.data.b	67,65,78,95,80,79,83,84,66,85,73,76,68,95,86,65,82,73,65,78,84,95,83,85,80,80,79,82,84,32,83,84,68,95,79,70,70,0
000003c3 54534f50 
000003c7 4c495542 
000003cb 41565f44 
000003cf 4e414952 
000003d3 55535f54 
000003d7 524f5050 
000003db 54532054 
000003df 464f5f44 
000003e3 0046 
000003e5 01          330 	.data.b	1
000003e6 79          331 	.data.b	121
000003e7 5f4e4143    332 	.data.b	67,65,78,95,71,69,78,95,67,79,77,95,83,84,65,67,75,95,76,73,66,32,0
000003eb 5f4e4547 
000003ef 5f4d4f43 
000003f3 43415453 
000003f7 494c5f4b 
000003fb 002042 
000003fe 01          333 	.data.b	1
000003ff 7c          334 	.data.b	124
00000400 534f5f56    335 	.data.b	86,95,79,83,84,89,80,69,95,65,85,84,79,83,65,82,32,0
00000404 45505954 
00000408 5455415f 
0000040c 5241534f 

                                                                      Page 13
                                                              C:\Users\Fengyuan\AppData\Local\Temp\gh_0000oc41.s
00000410 0020 
00000412 01          336 	.data.b	1
00000413 019a        337 	.data.b	154,1
00000415 50435f43    338 	.data.b	67,95,67,80,85,84,89,80,69,95,76,73,84,84,76,69,69,78,68,73,65,78,32,0
00000419 50595455 
0000041d 494c5f45 
00000421 454c5454 
00000425 49444e45 
00000429 00204e41 
0000042d 01          339 	.data.b	1
0000042e 01ab        340 	.data.b	171,1
00000430 50435f56    341 	.data.b	86,95,67,80,85,95,83,51,50,32,0
00000434 33535f55 
00000438 002032 
0000043b 01          342 	.data.b	1
0000043c 01cc        343 	.data.b	204,1
0000043e 5f4e4143    344 	.data.b	67,65,78,95,77,73,67,82,79,83,65,82,95,86,69,82,83,73,79,78,32,67,65,78,95,77,83,82,52,48,51,0
00000442 5243494d 
00000446 5241534f 
0000044a 5245565f 
0000044e 4e4f4953 
00000452 4e414320 
00000456 52534d5f 
0000045a 00333034 
0000045e 01          345 	.data.b	1
0000045f 01d2        346 	.data.b	210,1
00000461 5f4e4143    347 	.data.b	67,65,78,95,73,78,83,84,65,78,67,69,95,73,68,32,48,0
00000465 54534e49 
00000469 45434e41 
0000046d 2044495f 
00000471 0030 
00000473 01          348 	.data.b	1
00000474 01df        349 	.data.b	223,1
00000476 5f4e4143    350 	.data.b	67,65,78,95,73,78,84,69,82,82,85,80,84,32,48,117,0
0000047a 45544e49 
0000047e 50555252 
00000482 75302054 
00000486 00 
00000487 01          351 	.data.b	1
00000488 01e0        352 	.data.b	224,1
0000048a 5f4e4143    353 	.data.b	67,65,78,95,80,79,76,76,73,78,71,32,49,117,0
0000048e 4c4c4f50 
00000492 20474e49 
00000496 007531 
00000499 01          354 	.data.b	1
0000049a 01e2        355 	.data.b	226,1
0000049c 6e61436b    356 	.data.b	107,67,97,110,67,104,97,110,110,101,108,78,111,116,85,115,101,100,32,67,65,78,95,78,79,95,67,65,78,73,70,67,72,65,78,78,69,76,73,68,0
000004a0 6e616843 
000004a4 4e6c656e 
000004a8 7355746f 
000004ac 43206465 
000004b0 4e5f4e41 
000004b4 41435f4f 
000004b8 4346494e 
000004bc 4e4e4148 
000004c0 44494c45 
000004c4 00 
000004c5 01          357 	.data.b	1
000004c6 01e4        358 	.data.b	228,1
000004c8 5f4e4143    359 	.data.b	67,65,78,95,78,79,78,69,32,48,117,0
000004cc 454e4f4e 

                                                                      Page 14
                                                              C:\Users\Fengyuan\AppData\Local\Temp\gh_0000oc41.s
000004d0 00753020 
000004d4 01          360 	.data.b	1
000004d5 01e6        361 	.data.b	230,1
000004d7 5f4e4143    362 	.data.b	67,65,78,95,78,79,84,73,70,89,95,73,83,83,85,69,32,49,117,0
000004db 49544f4e 
000004df 495f5946 
000004e3 45555353 
000004e7 00753120 
000004eb 01          363 	.data.b	1
000004ec 01e7        364 	.data.b	231,1
000004ee 5f4e4143    365 	.data.b	67,65,78,95,78,79,84,73,70,89,95,77,65,73,76,66,79,88,32,50,117,0
000004f2 49544f4e 
000004f6 4d5f5946 
000004fa 424c4941 
000004fe 3220584f 
00000502 0075 
00000504 01          366 	.data.b	1
00000505 01e8        367 	.data.b	232,1
00000507 5f4e4143    368 	.data.b	67,65,78,95,69,88,84,69,78,68,69,68,32,51,117,0
0000050b 45545845 
0000050f 4445444e 
00000513 00753320 
00000517 01          369 	.data.b	1
00000518 01ea        370 	.data.b	234,1
0000051a 5f4e4143    371 	.data.b	67,65,78,95,68,82,73,86,69,82,32,49,117,0
0000051e 56495244 
00000522 31205245 
00000526 0075 
00000528 01          372 	.data.b	1
00000529 01eb        373 	.data.b	235,1
0000052b 5f4e4143    374 	.data.b	67,65,78,95,65,80,80,76,32,50,117,0
0000052f 4c505041 
00000533 00753220 
00000537 01          375 	.data.b	1
00000538 01ec        376 	.data.b	236,1
0000053a 5f4e4143    377 	.data.b	67,65,78,95,66,79,84,72,32,51,117,0
0000053e 48544f42 
00000542 00753320 
00000546 01          378 	.data.b	1
00000547 01ee        379 	.data.b	238,1
00000549 5f4e4143    380 	.data.b	67,65,78,95,77,83,82,51,48,32,51,48,117,0
0000054d 3352534d 
00000551 30332030 
00000555 0075 
00000557 01          381 	.data.b	1
00000558 01ef        382 	.data.b	239,1
0000055a 5f4e4143    383 	.data.b	67,65,78,95,77,83,82,52,48,32,52,48,117,0
0000055e 3452534d 
00000562 30342030 
00000566 0075 
00000568 01          384 	.data.b	1
00000569 01f0        385 	.data.b	240,1
0000056b 5f4e4143    386 	.data.b	67,65,78,95,77,83,82,52,48,51,32,52,48,51,117,0
0000056f 3452534d 
00000573 34203330 
00000577 00753330 
0000057b 01          387 	.data.b	1
0000057c 01f2        388 	.data.b	242,1
0000057e 5f4e4143    389 	.data.b	67,65,78,95,68,69,84,32,49,117,0
00000582 20544544 
00000586 007531 

                                                                      Page 15
                                                              C:\Users\Fengyuan\AppData\Local\Temp\gh_0000oc41.s
00000589 01          390 	.data.b	1
0000058a 01f4        391 	.data.b	244,1
0000058c 5f4e4143    392 	.data.b	67,65,78,95,66,82,83,32,49,117,0
00000590 20535242 
00000594 007531 
00000597 01          393 	.data.b	1
00000598 01f5        394 	.data.b	245,1
0000059a 5f4e4143    395 	.data.b	67,65,78,95,70,85,76,76,32,50,117,0
0000059e 4c4c5546 
000005a2 00753220 
000005a6 01          396 	.data.b	1
000005a7 01fb        397 	.data.b	251,1
000005a9 5f4e4143    398 	.data.b	67,65,78,95,65,80,73,50,32,50,117,0
000005ad 32495041 
000005b1 00753220 
000005b5 01          399 	.data.b	1
000005b6 0285        400 	.data.b	133,2
000005b8 5f4e4143    401 	.data.b	67,65,78,95,86,69,82,83,73,79,78,95,73,78,70,79,95,65,80,73,32,83,84,68,95,79,70,70,0
000005bc 53524556 
000005c0 5f4e4f49 
000005c4 4f464e49 
000005c8 4950415f 
000005cc 44545320 
000005d0 46464f5f 
000005d4 00 
000005d5 01          402 	.data.b	1
000005d6 0287        403 	.data.b	135,2
000005d8 5f4e4143    404 	.data.b	67,65,78,95,68,69,86,95,69,82,82,79,82,95,82,69,80,79,82,84,32,83,84,68,95,79,78,0
000005dc 5f564544 
000005e0 4f525245 
000005e4 45525f52 
000005e8 54524f50 
000005ec 44545320 
000005f0 004e4f5f 
000005f4 01          405 	.data.b	1
000005f5 0289        406 	.data.b	137,2
000005f7 5f4e4143    407 	.data.b	67,65,78,95,68,69,86,95,84,73,77,69,79,85,84,95,68,69,84,69,67,84,32,83,84,68,95,79,70,70,0
000005fb 5f564544 
000005ff 454d4954 
00000603 5f54554f 
00000607 45544544 
0000060b 53205443 
0000060f 4f5f4454 
00000613 004646 
00000616 01          408 	.data.b	1
00000617 028d        409 	.data.b	141,2
00000619 5f4e4143    410 	.data.b	67,65,78,95,84,88,95,80,82,79,67,69,83,83,73,78,71,32,67,65,78,95,73,78,84,69,82,82,85,80,84,0
0000061d 505f5854 
00000621 45434f52 
00000625 4e495353 
00000629 41432047 
0000062d 4e495f4e 
00000631 52524554 
00000635 00545055 
00000639 01          411 	.data.b	1
0000063a 028e        412 	.data.b	142,2
0000063c 5f4e4143    413 	.data.b	67,65,78,95,82,88,95,80,82,79,67,69,83,83,73,78,71,32,67,65,78,95,73,78,84,69,82,82,85,80,84,0
00000640 505f5852 
00000644 45434f52 
00000648 4e495353 
0000064c 41432047 

                                                                      Page 16
                                                              C:\Users\Fengyuan\AppData\Local\Temp\gh_0000oc41.s
00000650 4e495f4e 
00000654 52524554 
00000658 00545055 
0000065c 01          414 	.data.b	1
0000065d 028f        415 	.data.b	143,2
0000065f 5f4e4143    416 	.data.b	67,65,78,95,66,85,83,79,70,70,95,80,82,79,67,69,83,83,73,78,71,32,67,65,78,95,73,78,84,69,82,82,85,80,84,0
00000663 4f535542 
00000667 505f4646 
0000066b 45434f52 
0000066f 4e495353 
00000673 41432047 
00000677 4e495f4e 
0000067b 52524554 
0000067f 00545055 
00000683 01          417 	.data.b	1
00000684 0290        418 	.data.b	144,2
00000686 5f4e4143    419 	.data.b	67,65,78,95,87,65,75,69,85,80,95,80,82,79,67,69,83,83,73,78,71,32,67,65,78,95,73,78,84,69,82,82,85,80,84,0
0000068a 454b4157 
0000068e 505f5055 
00000692 45434f52 
00000696 4e495353 
0000069a 41432047 
0000069e 4e495f4e 
000006a2 52524554 
000006a6 00545055 
000006aa 01          420 	.data.b	1
000006ab 0291        421 	.data.b	145,2
000006ad 5f4e4143    422 	.data.b	67,65,78,95,73,78,68,73,86,73,68,85,65,76,95,80,82,79,67,69,83,83,73,78,71,32,83,84,68,95,79,70,70,0
000006b1 49444e49 
000006b5 55444956 
000006b9 505f4c41 
000006bd 45434f52 
000006c1 4e495353 
000006c5 54532047 
000006c9 464f5f44 
000006cd 0046 
000006cf 01          423 	.data.b	1
000006d0 0294        424 	.data.b	148,2
000006d2 4e455f43    425 	.data.b	67,95,69,78,65,66,76,69,95,79,83,69,75,95,79,83,95,73,78,84,67,65,84,50,32,0
000006d6 454c4241 
000006da 45534f5f 
000006de 534f5f4b 
000006e2 544e495f 
000006e6 32544143 
000006ea 0020 
000006ec 01          426 	.data.b	1
000006ed 0296        427 	.data.b	150,2
000006ef 5f4e4143    428 	.data.b	67,65,78,95,73,78,84,76,79,67,75,32,67,65,78,95,68,82,73,86,69,82,0
000006f3 4c544e49 
000006f7 204b434f 
000006fb 5f4e4143 
000006ff 56495244 
00000703 005245 
00000706 01          429 	.data.b	1
00000707 029c        430 	.data.b	156,2
00000709 5f4e4143    431 	.data.b	67,65,78,95,77,85,76,84,73,80,76,69,88,69,68,95,84,82,65,78,83,77,73,83,83,73,79,78,32,83,84,68,95,79,70,70,0
0000070d 544c554d 
00000711 454c5049 
00000715 5f444558 
00000719 4e415254 
0000071d 53494d53 

                                                                      Page 17
                                                              C:\Users\Fengyuan\AppData\Local\Temp\gh_0000oc41.s
00000721 4e4f4953 
00000725 44545320 
00000729 46464f5f 
0000072d 00 
0000072e 01          432 	.data.b	1
0000072f 029d        433 	.data.b	157,2
00000731 5f4e4143    434 	.data.b	67,65,78,95,72,87,95,84,82,65,78,83,77,73,84,95,67,65,78,67,69,76,76,65,84,73,79,78,32,83,84,68,95,79,70,70,0
00000735 545f5748 
00000739 534e4152 
0000073d 5f54494d 
00000741 434e4143 
00000745 414c4c45 
00000749 4e4f4954 
0000074d 44545320 
00000751 46464f5f 
00000755 00 
00000756 01          435 	.data.b	1
00000757 029f        436 	.data.b	159,2
00000759 5f4e4143    437 	.data.b	67,65,78,95,77,85,76,84,73,80,76,69,95,66,65,83,73,67,67,65,78,95,84,88,32,83,84,68,95,79,70,70,0
0000075d 544c554d 
00000761 454c5049 
00000765 5341425f 
00000769 41434349 
0000076d 58545f4e 
00000771 44545320 
00000775 46464f5f 
00000779 00 
0000077a 01          438 	.data.b	1
0000077b 02a2        439 	.data.b	162,2
0000077d 5f4e4143    440 	.data.b	67,65,78,95,77,85,76,84,73,80,76,69,95,66,65,83,73,67,67,65,78,32,83,84,68,95,79,70,70,0
00000781 544c554d 
00000785 454c5049 
00000789 5341425f 
0000078d 41434349 
00000791 5453204e 
00000795 464f5f44 
00000799 0046 
0000079b 01          441 	.data.b	1
0000079c 02a3        442 	.data.b	163,2
0000079e 5f4e4143    443 	.data.b	67,65,78,95,82,88,95,81,85,69,85,69,32,83,84,68,95,79,70,70,0
000007a2 515f5852 
000007a6 45554555 
000007aa 44545320 
000007ae 46464f5f 
000007b2 00 
000007b3 01          444 	.data.b	1
000007b4 02a4        445 	.data.b	164,2
000007b6 5f4e4143    446 	.data.b	67,65,78,95,79,86,69,82,82,85,78,95,78,79,84,73,70,73,67,65,84,73,79,78,32,67,65,78,95,68,69,84,0
000007ba 5245564f 
000007be 5f4e5552 
000007c2 49544f4e 
000007c6 41434946 
000007ca 4e4f4954 
000007ce 4e414320 
000007d2 5445445f 
000007d6 00 
000007d7 01          447 	.data.b	1
000007d8 02a7        448 	.data.b	167,2
000007da 5f4e4143    449 	.data.b	67,65,78,95,83,76,69,69,80,95,83,85,80,80,79,82,84,32,83,84,68,95,79,70,70,0
000007de 45454c53 
000007e2 55535f50 

                                                                      Page 18
                                                              C:\Users\Fengyuan\AppData\Local\Temp\gh_0000oc41.s
000007e6 524f5050 
000007ea 54532054 
000007ee 464f5f44 
000007f2 0046 
000007f4 01          450 	.data.b	1
000007f5 02ab        451 	.data.b	171,2
000007f7 5f4e4143    452 	.data.b	67,65,78,95,72,65,82,68,87,65,82,69,95,67,65,78,67,69,76,76,65,84,73,79,78,32,83,84,68,95,79,70,70,0
000007fb 44524148 
000007ff 45524157 
00000803 4e41435f 
00000807 4c4c4543 
0000080b 4f495441 
0000080f 5453204e 
00000813 464f5f44 
00000817 0046 
00000819 01          453 	.data.b	1
0000081a 02ad        454 	.data.b	173,2
0000081c 5f4e4143    455 	.data.b	67,65,78,95,76,79,79,80,95,77,65,88,32,53,117,0
00000820 504f4f4c 
00000824 58414d5f 
00000828 00753520 
0000082c 01          456 	.data.b	1
0000082d 02b0        457 	.data.b	176,2
0000082f 5f4e4143    458 	.data.b	67,65,78,95,69,88,84,69,78,68,69,68,95,83,84,65,84,69,95,77,65,67,72,73,78,69,32,83,84,68,95,79,70,70,0
00000833 45545845 
00000837 4445444e 
0000083b 4154535f 
0000083f 4d5f4554 
00000843 49484341 
00000847 5320454e 
0000084b 4f5f4454 
0000084f 004646 
00000852 01          459 	.data.b	1
00000853 02b1        460 	.data.b	177,2
00000855 5f4e4143    461 	.data.b	67,65,78,95,66,85,83,79,70,70,95,83,85,80,80,79,82,84,95,65,80,73,32,83,84,68,95,79,70,70,0
00000859 4f535542 
0000085d 535f4646 
00000861 4f505055 
00000865 415f5452 
00000869 53204950 
0000086d 4f5f4454 
00000871 004646 
00000874 01          462 	.data.b	1
00000875 02b2        463 	.data.b	178,2
00000877 5f4e4143    464 	.data.b	67,65,78,95,72,87,95,76,79,79,80,95,83,85,80,80,79,82,84,95,65,80,73,32,83,84,68,95,79,70,70,0
0000087b 4c5f5748 
0000087f 5f504f4f 
00000883 50505553 
00000887 5f54524f 
0000088b 20495041 
0000088f 5f445453 
00000893 0046464f 
00000897 01          465 	.data.b	1
00000898 02b3        466 	.data.b	179,2
0000089a 5f4e4143    467 	.data.b	67,65,78,95,71,69,78,69,82,73,67,95,80,82,69,67,79,80,89,32,83,84,68,95,79,70,70,0
0000089e 454e4547 
000008a2 5f434952 
000008a6 43455250 
000008aa 2059504f 
000008ae 5f445453 
000008b2 0046464f 

                                                                      Page 19
                                                              C:\Users\Fengyuan\AppData\Local\Temp\gh_0000oc41.s
000008b6 01          468 	.data.b	1
000008b7 02b4        469 	.data.b	180,2
000008b9 5f4e4143    470 	.data.b	67,65,78,95,71,69,78,69,82,73,67,95,67,79,78,70,73,82,77,65,84,73,79,78,32,83,84,68,95,79,70,70,0
000008bd 454e4547 
000008c1 5f434952 
000008c5 464e4f43 
000008c9 414d5249 
000008cd 4e4f4954 
000008d1 44545320 
000008d5 46464f5f 
000008d9 00 
000008da 01          471 	.data.b	1
000008db 02b5        472 	.data.b	181,2
000008dd 5f4e4143    473 	.data.b	67,65,78,95,71,69,78,69,82,73,67,95,80,82,69,84,82,65,78,83,77,73,84,32,83,84,68,95,79,70,70,0
000008e1 454e4547 
000008e5 5f434952 
000008e9 54455250 
000008ed 534e4152 
000008f1 2054494d 
000008f5 5f445453 
000008f9 0046464f 
000008fd 01          474 	.data.b	1
000008fe 02b6        475 	.data.b	182,2
00000900 5f4e4143    476 	.data.b	67,65,78,95,85,83,69,95,79,83,95,73,78,84,69,82,82,85,80,84,95,67,79,78,84,82,79,76,32,83,84,68,95,79,78,0
00000904 5f455355 
00000908 495f534f 
0000090c 5245544e 
00000910 54505552 
00000914 4e4f435f 
00000918 4c4f5254 
0000091c 44545320 
00000920 004e4f5f 
00000924 01          477 	.data.b	1
00000925 02b9        478 	.data.b	185,2
00000927 5f4e4143    479 	.data.b	67,65,78,95,82,88,95,70,85,76,76,67,65,78,95,79,66,74,69,67,84,83,32,83,84,68,95,79,70,70,0
0000092b 465f5852 
0000092f 434c4c55 
00000933 4f5f4e41 
00000937 43454a42 
0000093b 53205354 
0000093f 4f5f4454 
00000943 004646 
00000946 01          480 	.data.b	1
00000947 02ba        481 	.data.b	186,2
00000949 5f4e4143    482 	.data.b	67,65,78,95,84,88,95,70,85,76,76,67,65,78,95,79,66,74,69,67,84,83,32,83,84,68,95,79,70,70,0
0000094d 465f5854 
00000951 434c4c55 
00000955 4f5f4e41 
00000959 43454a42 
0000095d 53205354 
00000961 4f5f4454 
00000965 004646 
00000968 01          483 	.data.b	1
00000969 02bb        484 	.data.b	187,2
0000096b 5f4e4143    485 	.data.b	67,65,78,95,82,88,95,66,65,83,73,67,67,65,78,95,79,66,74,69,67,84,83,32,83,84,68,95,79,78,0
0000096f 425f5852 
00000973 43495341 
00000977 5f4e4143 
0000097b 454a424f 
0000097f 20535443 
00000983 5f445453 

                                                                      Page 20
                                                              C:\Users\Fengyuan\AppData\Local\Temp\gh_0000oc41.s
00000987 004e4f 
0000098a 01          486 	.data.b	1
0000098b 02bc        487 	.data.b	188,2
0000098d 5f4e4143    488 	.data.b	67,65,78,95,69,88,84,69,78,68,69,68,95,73,68,32,83,84,68,95,79,70,70,0
00000991 45545845 
00000995 4445444e 
00000999 2044495f 
0000099d 5f445453 
000009a1 0046464f 
000009a5 01          489 	.data.b	1
000009a6 02bd        490 	.data.b	189,2
000009a8 5f4e4143    491 	.data.b	67,65,78,95,77,73,88,69,68,95,73,68,32,83,84,68,95,79,70,70,0
000009ac 4558494d 
000009b0 44495f44 
000009b4 44545320 
000009b8 46464f5f 
000009bc 00 
000009bd 01          492 	.data.b	1
000009be 02be        493 	.data.b	190,2
000009c0 5f4e4143    494 	.data.b	67,65,78,95,79,78,69,95,67,79,78,84,82,79,76,76,69,82,95,79,80,84,73,77,73,90,65,84,73,79,78,32,83,84,68,95,79,78,0
000009c4 5f454e4f 
000009c8 544e4f43 
000009cc 4c4c4f52 
000009d0 4f5f5245 
000009d4 4d495450 
000009d8 54415a49 
000009dc 204e4f49 
000009e0 5f445453 
000009e4 004e4f 
000009e7 01          495 	.data.b	1
000009e8 02bf        496 	.data.b	191,2
000009ea 5f4e4143    497 	.data.b	67,65,78,95,68,89,78,65,77,73,67,95,70,85,76,76,67,65,78,95,73,68,32,83,84,68,95,79,78,0
000009ee 414e5944 
000009f2 5f43494d 
000009f6 4c4c5546 
000009fa 5f4e4143 
000009fe 53204449 
00000a02 4f5f4454 
00000a06 004e 
00000a08 01          498 	.data.b	1
00000a09 02c0        499 	.data.b	192,2
00000a0b 5f4e4143    500 	.data.b	67,65,78,95,83,69,67,85,82,69,95,84,69,77,80,95,66,85,70,70,69,82,32,83,84,68,95,79,70,70,0
00000a0f 55434553 
00000a13 545f4552 
00000a17 5f504d45 
00000a1b 46465542 
00000a1f 53205245 
00000a23 4f5f4454 
00000a27 004646 
00000a2a 01          501 	.data.b	1
00000a2b 02c2        502 	.data.b	194,2
00000a2d 5f4e4143    503 	.data.b	67,65,78,95,67,72,65,78,71,69,95,66,65,85,68,82,65,84,69,95,65,80,73,32,83,84,68,95,79,70,70,0
00000a31 4e414843 
00000a35 425f4547 
00000a39 52445541 
00000a3d 5f455441 
00000a41 20495041 
00000a45 5f445453 
00000a49 0046464f 
00000a4d 01          504 	.data.b	1
00000a4e 02c5        505 	.data.b	197,2

                                                                      Page 21
                                                              C:\Users\Fengyuan\AppData\Local\Temp\gh_0000oc41.s
00000a50 5f4e4143    506 	.data.b	67,65,78,95,83,69,84,95,66,65,85,68,82,65,84,69,95,65,80,73,32,83,84,68,95,79,70,70,0
00000a54 5f544553 
00000a58 44554142 
00000a5c 45544152 
00000a60 4950415f 
00000a64 44545320 
00000a68 46464f5f 
00000a6c 00 
00000a6d 01          507 	.data.b	1
00000a6e 02c6        508 	.data.b	198,2
00000a70 5f4e4143    509 	.data.b	67,65,78,95,70,68,95,83,85,80,80,79,82,84,32,67,65,78,95,78,79,78,69,0
00000a74 535f4446 
00000a78 4f505055 
00000a7c 43205452 
00000a80 4e5f4e41 
00000a84 00454e4f 
00000a88 01          510 	.data.b	1
00000a89 02c9        511 	.data.b	201,2
00000a8b 5f4e4143    512 	.data.b	67,65,78,95,77,85,76,84,73,95,69,67,85,95,67,79,78,70,73,71,32,83,84,68,95,79,70,70,0
00000a8f 544c554d 
00000a93 43455f49 
00000a97 4f435f55 
00000a9b 4749464e 
00000a9f 44545320 
00000aa3 46464f5f 
00000aa7 00 
00000aa8 01          513 	.data.b	1
00000aa9 02ca        514 	.data.b	202,2
00000aab 5f4e4143    515 	.data.b	67,65,78,95,67,79,77,77,79,78,95,67,65,78,32,83,84,68,95,79,70,70,0
00000aaf 4d4d4f43 
00000ab3 435f4e4f 
00000ab7 53204e41 
00000abb 4f5f4454 
00000abf 004646 
00000ac2 01          516 	.data.b	1
00000ac3 02cb        517 	.data.b	203,2
00000ac5 5f4e4143    518 	.data.b	67,65,78,95,80,65,82,84,73,65,76,95,78,69,84,87,79,82,75,32,83,84,68,95,79,70,70,0
00000ac9 54524150 
00000acd 5f4c4149 
00000ad1 5754454e 
00000ad5 204b524f 
00000ad9 5f445453 
00000add 0046464f 
00000ae1 01          519 	.data.b	1
00000ae2 02cc        520 	.data.b	204,2
00000ae4 5f4e4143    521 	.data.b	67,65,78,95,82,65,77,95,67,72,69,67,75,32,67,65,78,95,78,79,78,69,0
00000ae8 5f4d4152 
00000aec 43454843 
00000af0 4143204b 
00000af4 4f4e5f4e 
00000af8 00454e 
00000afb 01          522 	.data.b	1
00000afc 02ce        523 	.data.b	206,2
00000afe 5f4e4143    524 	.data.b	67,65,78,95,71,69,84,95,83,84,65,84,85,83,32,83,84,68,95,79,70,70,0
00000b02 5f544547 
00000b06 54415453 
00000b0a 53205355 
00000b0e 4f5f4454 
00000b12 004646 
00000b15 01          525 	.data.b	1
00000b16 02d1        526 	.data.b	209,2

                                                                      Page 22
                                                              C:\Users\Fengyuan\AppData\Local\Temp\gh_0000oc41.s
00000b18 5f4e4143    527 	.data.b	67,65,78,95,77,73,82,82,79,82,95,77,79,68,69,32,83,84,68,95,79,70,70,0
00000b1c 5252494d 
00000b20 4d5f524f 
00000b24 2045444f 
00000b28 5f445453 
00000b2c 0046464f 
00000b30 01          528 	.data.b	1
00000b31 02d2        529 	.data.b	210,2
00000b33 5f4e4143    530 	.data.b	67,65,78,95,83,73,76,69,78,84,95,77,79,68,69,32,83,84,68,95,79,70,70,0
00000b37 454c4953 
00000b3b 4d5f544e 
00000b3f 2045444f 
00000b43 5f445453 
00000b47 0046464f 
00000b4b 01          531 	.data.b	1
00000b4c 06c4        532 	.data.b	196,6
00000b4e 5f4e4143    533 	.data.b	67,65,78,95,85,83,69,95,69,67,85,77,95,66,83,87,95,69,82,82,79,82,95,72,79,79,75,32,83,84,68,95,79,70,70,0
00000b52 5f455355 
00000b56 4d554345 
00000b5a 5753425f 
00000b5e 5252455f 
00000b62 485f524f 
00000b66 204b4f4f 
00000b6a 5f445453 
00000b6e 0046464f 
00000b72 01          534 	.data.b	1
00000b73 06c5        535 	.data.b	197,6
00000b75 5f4e4143    536 	.data.b	67,65,78,95,85,83,69,95,73,78,73,84,95,80,79,73,78,84,69,82,32,83,84,68,95,79,70,70,0
00000b79 5f455355 
00000b7d 54494e49 
00000b81 494f505f 
00000b85 5245544e 
00000b89 44545320 
00000b8d 46464f5f 
00000b91 00 
00000b92 03          537 	.data.b	3
00000b93 0ce8        538 	.data.b	232,12
00000b95 16          539 	.data.b	22
00000b96 04          540 	.data.b	4
00000b97 03          541 	.data.b	3
00000b98 0ced        542 	.data.b	237,12
00000b9a 16          543 	.data.b	22
00000b9b 04          544 	.data.b	4
00000b9c 03          545 	.data.b	3
00000b9d 0d96        546 	.data.b	150,13
00000b9f 16          547 	.data.b	22
00000ba0 04          548 	.data.b	4
00000ba1 03          549 	.data.b	3
00000ba2 0d9b        550 	.data.b	155,13
00000ba4 16          551 	.data.b	22
00000ba5 04          552 	.data.b	4
00000ba6 03          553 	.data.b	3
00000ba7 0dab        554 	.data.b	171,13
00000ba9 16          555 	.data.b	22
00000baa 04          556 	.data.b	4
00000bab 03          557 	.data.b	3
00000bac 0db0        558 	.data.b	176,13
00000bae 16          559 	.data.b	22
00000baf 04          560 	.data.b	4
00000bb0 03          561 	.data.b	3
00000bb1 0dbc        562 	.data.b	188,13

                                                                      Page 23
                                                              C:\Users\Fengyuan\AppData\Local\Temp\gh_0000oc41.s
00000bb3 16          563 	.data.b	22
00000bb4 04          564 	.data.b	4
00000bb5 03          565 	.data.b	3
00000bb6 0dc1        566 	.data.b	193,13
00000bb8 16          567 	.data.b	22
00000bb9 04          568 	.data.b	4
00000bba 03          569 	.data.b	3
00000bbb 0dd1        570 	.data.b	209,13
00000bbd 16          571 	.data.b	22
00000bbe 04          572 	.data.b	4
00000bbf 03          573 	.data.b	3
00000bc0 0dd6        574 	.data.b	214,13
00000bc2 16          575 	.data.b	22
00000bc3 04          576 	.data.b	4
00000bc4 03          577 	.data.b	3
00000bc5 0de2        578 	.data.b	226,13
00000bc7 16          579 	.data.b	22
00000bc8 04          580 	.data.b	4
00000bc9 03          581 	.data.b	3
00000bca 0de7        582 	.data.b	231,13
00000bcc 16          583 	.data.b	22
00000bcd 04          584 	.data.b	4
00000bce 03          585 	.data.b	3
00000bcf 0df3        586 	.data.b	243,13
00000bd1 16          587 	.data.b	22
00000bd2 04          588 	.data.b	4
00000bd3 03          589 	.data.b	3
00000bd4 0df8        590 	.data.b	248,13
00000bd6 16          591 	.data.b	22
00000bd7 04          592 	.data.b	4
00000bd8 03          593 	.data.b	3
00000bd9 0e8c        594 	.data.b	140,14
00000bdb 16          595 	.data.b	22
00000bdc 04          596 	.data.b	4
00000bdd 03          597 	.data.b	3
00000bde 0e91        598 	.data.b	145,14
00000be0 16          599 	.data.b	22
00000be1 04          600 	.data.b	4
00000be2 03          601 	.data.b	3
00000be3 0e9d        602 	.data.b	157,14
00000be5 16          603 	.data.b	22
00000be6 04          604 	.data.b	4
00000be7 03          605 	.data.b	3
00000be8 0ea2        606 	.data.b	162,14
00000bea 16          607 	.data.b	22
00000beb 04          608 	.data.b	4
00000bec 03          609 	.data.b	3
00000bed 0eb2        610 	.data.b	178,14
00000bef 16          611 	.data.b	22
00000bf0 04          612 	.data.b	4
00000bf1 03          613 	.data.b	3
00000bf2 0eb7        614 	.data.b	183,14
00000bf4 16          615 	.data.b	22
00000bf5 04          616 	.data.b	4
00000bf6 03          617 	.data.b	3
00000bf7 0ecf        618 	.data.b	207,14
00000bf9 16          619 	.data.b	22
00000bfa 04          620 	.data.b	4
00000bfb 03          621 	.data.b	3
00000bfc 0ed4        622 	.data.b	212,14
00000bfe 16          623 	.data.b	22

                                                                      Page 24
                                                              C:\Users\Fengyuan\AppData\Local\Temp\gh_0000oc41.s
00000bff 04          624 	.data.b	4
00000c00 04          625 	.data.b	4
00000c01 01          626 	.data.b	1
00000c02 0487        627 	.data.b	135,4
00000c04 5f4e4143    628 	.data.b	67,65,78,95,69,78,65,66,76,69,95,77,73,67,82,79,83,65,82,95,86,69,82,83,73,79,78,95,77,83,82,52,48,51,32,0
00000c08 42414e45 
00000c0c 4d5f454c 
00000c10 4f524349 
00000c14 5f524153 
00000c18 53524556 
00000c1c 5f4e4f49 
00000c20 3452534d 
00000c24 00203330 
00000c28 01          629 	.data.b	1
00000c29 0488        630 	.data.b	136,4
00000c2b 5f4e4143    631 	.data.b	67,65,78,95,69,78,65,66,76,69,95,77,73,67,82,79,83,65,82,95,86,69,82,83,73,79,78,95,77,83,82,52,48,88,32,0
00000c2f 42414e45 
00000c33 4d5f454c 
00000c37 4f524349 
00000c3b 5f524153 
00000c3f 53524556 
00000c43 5f4e4f49 
00000c47 3452534d 
00000c4b 00205830 
00000c4f 01          632 	.data.b	1
00000c50 05bc        633 	.data.b	188,5
00000c52 4e455f43    634 	.data.b	67,95,69,78,65,66,76,69,95,79,83,69,75,95,79,83,32,0
00000c56 454c4241 
00000c5a 45534f5f 
00000c5e 534f5f4b 
00000c62 0020 
00000c64 01          635 	.data.b	1
00000c65 05e4        636 	.data.b	228,5
00000c67 4e455f43    637 	.data.b	67,95,69,78,65,66,76,69,95,82,88,95,66,65,83,73,67,67,65,78,95,79,66,74,69,67,84,83,32,0
00000c6b 454c4241 
00000c6f 5f58525f 
00000c73 49534142 
00000c77 4e414343 
00000c7b 4a424f5f 
00000c7f 53544345 
00000c83 0020 
00000c85 01          638 	.data.b	1
00000c86 06bf        639 	.data.b	191,6
00000c88 49535f43    640 	.data.b	67,95,83,73,78,71,76,69,95,82,69,67,69,73,86,69,95,67,72,65,78,78,69,76,32,0
00000c8c 454c474e 
00000c90 4345525f 
00000c94 45564945 
00000c98 4148435f 
00000c9c 4c454e4e 
00000ca0 0020 
00000ca2 01          641 	.data.b	1
00000ca3 06c6        642 	.data.b	198,6
00000ca5 5f4e4143    643 	.data.b	67,65,78,95,72,87,95,67,72,65,78,78,69,76,95,67,65,78,84,89,80,69,95,79,78,76,89,32,118,111,105,100,0
00000ca9 435f5748 
00000cad 4e4e4148 
00000cb1 435f4c45 
00000cb5 59544e41 
00000cb9 4f5f4550 
00000cbd 20594c4e 
00000cc1 64696f76 
00000cc5 00 

                                                                      Page 25
                                                              C:\Users\Fengyuan\AppData\Local\Temp\gh_0000oc41.s
00000cc6 01          644 	.data.b	1
00000cc7 07d8        645 	.data.b	216,7
00000cc9 4f4e5f56    646 	.data.b	86,95,78,79,78,69,32,0
00000ccd 0020454e 
00000cd1 01          647 	.data.b	1
00000cd2 07ee        648 	.data.b	238,7
00000cd4 45445f56    649 	.data.b	86,95,68,69,70,95,86,65,82,95,84,89,80,69,40,115,116,111,114,97,103,101,44,118,97,114,116,121,112,101,41,32,116,121,112,101,100,101,102,32,115,116,111,114,97,103,101,32,86,65,82,40,118,97,114,116,121,112,101,44
00000cd8 41565f46 
00000cdc 59545f52 
00000ce0 73284550 
00000ce4 61726f74 
00000ce8 762c6567 
00000cec 79747261 
00000cf0 20296570 
00000cf4 65707974 
00000cf8 20666564 
00000cfc 726f7473 
00000d00 20656761 
00000d04 28524156 
00000d08 74726176 
00000d0c 2c657079 
00000d10 50595420    650 	.data.b	32,84,89,80,69,68,69,70,41,0
00000d14 46454445 
00000d18 0029 
00000d1a 01          651 	.data.b	1
00000d1b 07f0        652 	.data.b	240,7
00000d1d 45445f56    653 	.data.b	86,95,68,69,70,95,80,50,86,65,82,95,84,89,80,69,40,115,116,111,114,97,103,101,44,112,116,114,116,121,112,101,44,112,116,114,99,108,97,115,115,41,32,116,121,112,101,100,101,102,32,115,116,111,114,97,103,101,32,80
00000d21 32505f46 
00000d25 5f524156 
00000d29 45505954 
00000d2d 6f747328 
00000d31 65676172 
00000d35 7274702c 
00000d39 65707974 
00000d3d 7274702c 
00000d41 73616c63 
00000d45 74202973 
00000d49 64657079 
00000d4d 73206665 
00000d51 61726f74 
00000d55 50206567 
00000d59 52415632    654 	.data.b	50,86,65,82,40,112,116,114,116,121,112,101,44,32,84,89,80,69,68,69,70,44,32,67,65,78,95,32,35,35,32,112,116,114,99,108,97,115,115,32,41,0
00000d5d 72747028 
00000d61 65707974 
00000d65 5954202c 
00000d69 45444550 
00000d6d 43202c46 
00000d71 205f4e41 
00000d75 70202323 
00000d79 6c637274 
00000d7d 20737361 
00000d81 0029 
00000d83 01          655 	.data.b	1
00000d84 07f3        656 	.data.b	243,7
00000d86 45445f56    657 	.data.b	86,95,68,69,70,95,80,50,83,70,82,95,67,65,78,95,84,89,80,69,40,115,116,111,114,97,103,101,44,112,116,114,116,121,112,101,41,32,116,121,112,101,100,101,102,32,115,116,111,114,97,103,101,32,80,50,86,65,82,40
00000d8a 32505f46 
00000d8e 5f524653 
00000d92 5f4e4143 
00000d96 45505954 
00000d9a 6f747328 
00000d9e 65676172 

                                                                      Page 26
                                                              C:\Users\Fengyuan\AppData\Local\Temp\gh_0000oc41.s
00000da2 7274702c 
00000da6 65707974 
00000daa 79742029 
00000dae 65646570 
00000db2 74732066 
00000db6 6761726f 
00000dba 32502065 
00000dbe 28524156 
00000dc2 74727470    658 	.data.b	112,116,114,116,121,112,101,44,32,84,89,80,69,68,69,70,44,32,67,65,78,95,82,69,71,95,67,65,78,67,69,76,76,41,0
00000dc6 2c657079 
00000dca 50595420 
00000dce 46454445 
00000dd2 4143202c 
00000dd6 45525f4e 
00000dda 41435f47 
00000dde 4c45434e 
00000de2 00294c 
00000de5 01          659 	.data.b	1
00000de6 07f5        660 	.data.b	245,7
00000de8 45445f56    661 	.data.b	86,95,68,69,70,95,67,79,78,83,84,40,115,116,111,114,97,103,101,44,116,121,112,101,44,109,101,109,99,108,97,115,115,41,32,115,116,111,114,97,103,101,32,67,79,78,83,84,40,116,121,112,101,44,32,67,65,78,95,32
00000dec 4f435f46 
00000df0 2854534e 
00000df4 726f7473 
00000df8 2c656761 
00000dfc 65707974 
00000e00 6d656d2c 
00000e04 73616c63 
00000e08 73202973 
00000e0c 61726f74 
00000e10 43206567 
00000e14 54534e4f 
00000e18 70797428 
00000e1c 43202c65 
00000e20 205f4e41 
00000e24 6d202323    662 	.data.b	35,35,32,109,101,109,99,108,97,115,115,41,0
00000e28 6c636d65 
00000e2c 29737361 
00000e30 00 
00000e31 01          663 	.data.b	1
00000e32 07f8        664 	.data.b	248,7
00000e34 45445f56    665 	.data.b	86,95,68,69,70,95,80,50,67,79,78,83,84,95,84,89,80,69,40,115,116,111,114,97,103,101,44,112,116,114,116,121,112,101,44,112,116,114,99,108,97,115,115,41,32,116,121,112,101,100,101,102,32,115,116,111,114,97,103,101
00000e38 32505f46 
00000e3c 534e4f43 
00000e40 59545f54 
00000e44 73284550 
00000e48 61726f74 
00000e4c 702c6567 
00000e50 79747274 
00000e54 702c6570 
00000e58 6c637274 
00000e5c 29737361 
00000e60 70797420 
00000e64 66656465 
00000e68 6f747320 
00000e6c 65676172 
00000e70 43325020    666 	.data.b	32,80,50,67,79,78,83,84,40,112,116,114,116,121,112,101,44,32,84,89,80,69,68,69,70,44,32,67,65,78,95,32,35,35,32,112,116,114,99,108,97,115,115,41,0
00000e74 54534e4f 
00000e78 72747028 
00000e7c 65707974 
00000e80 5954202c 
00000e84 45444550 

                                                                      Page 27
                                                              C:\Users\Fengyuan\AppData\Local\Temp\gh_0000oc41.s
00000e88 43202c46 
00000e8c 205f4e41 
00000e90 70202323 
00000e94 6c637274 
00000e98 29737361 
00000e9c 00 
00000e9d 01          667 	.data.b	1
00000e9e 07fc        668 	.data.b	252,7
00000ea0 45445f56    669 	.data.b	86,95,68,69,70,95,70,85,78,67,40,115,116,111,114,97,103,101,44,114,101,116,116,121,112,101,44,109,101,109,99,108,97,115,115,41,32,115,116,111,114,97,103,101,32,70,85,78,67,40,114,101,116,116,121,112,101,44,32,67
00000ea4 55465f46 
00000ea8 7328434e 
00000eac 61726f74 
00000eb0 722c6567 
00000eb4 79747465 
00000eb8 6d2c6570 
00000ebc 6c636d65 
00000ec0 29737361 
00000ec4 6f747320 
00000ec8 65676172 
00000ecc 4e554620 
00000ed0 65722843 
00000ed4 70797474 
00000ed8 43202c65 
00000edc 205f4e41    670 	.data.b	65,78,95,32,35,35,32,109,101,109,99,108,97,115,115,41,0
00000ee0 6d202323 
00000ee4 6c636d65 
00000ee8 29737361 
00000eec 00 
00000eed 01          671 	.data.b	1
00000eee 07fd        672 	.data.b	253,7
00000ef0 45445f56    673 	.data.b	86,95,68,69,70,95,70,85,78,67,95,65,80,73,40,115,116,111,114,97,103,101,44,114,101,116,116,121,112,101,44,109,101,109,99,108,97,115,115,41,32,115,116,111,114,97,103,101,32,70,85,78,67,40,114,101,116,116,121,112
00000ef4 55465f46 
00000ef8 415f434e 
00000efc 73284950 
00000f00 61726f74 
00000f04 722c6567 
00000f08 79747465 
00000f0c 6d2c6570 
00000f10 6c636d65 
00000f14 29737361 
00000f18 6f747320 
00000f1c 65676172 
00000f20 4e554620 
00000f24 65722843 
00000f28 70797474 
00000f2c 43202c65    674 	.data.b	101,44,32,67,65,78,95,32,35,35,32,109,101,109,99,108,97,115,115,41,0
00000f30 205f4e41 
00000f34 6d202323 
00000f38 6c636d65 
00000f3c 29737361 
00000f40 00 
00000f41 01          675 	.data.b	1
00000f42 0883        676 	.data.b	131,8
00000f44 5f4e4143    677 	.data.b	67,65,78,95,72,76,95,78,79,95,86,95,68,69,70,32,0
00000f48 4e5f4c48 
00000f4c 5f565f4f 
00000f50 20464544 
00000f54 00 
00000f55 01          678 	.data.b	1
00000f56 0884        679 	.data.b	132,8
00000f58 6e697576    680 	.data.b	118,117,105,110,116,56,32,117,105,110,116,56,0

                                                                      Page 28
                                                              C:\Users\Fengyuan\AppData\Local\Temp\gh_0000oc41.s
00000f5c 75203874 
00000f60 38746e69 
00000f64 00 
00000f65 01          681 	.data.b	1
00000f66 0887        682 	.data.b	135,8
00000f68 6e697376    683 	.data.b	118,115,105,110,116,56,32,115,105,110,116,56,0
00000f6c 73203874 
00000f70 38746e69 
00000f74 00 
00000f75 01          684 	.data.b	1
00000f76 088a        685 	.data.b	138,8
00000f78 6e697576    686 	.data.b	118,117,105,110,116,49,54,32,117,105,110,116,49,54,0
00000f7c 20363174 
00000f80 746e6975 
00000f84 003631 
00000f87 01          687 	.data.b	1
00000f88 088d        688 	.data.b	141,8
00000f8a 6e697376    689 	.data.b	118,115,105,110,116,49,54,32,115,105,110,116,49,54,0
00000f8e 20363174 
00000f92 746e6973 
00000f96 003631 
00000f99 01          690 	.data.b	1
00000f9a 0890        691 	.data.b	144,8
00000f9c 6e697576    692 	.data.b	118,117,105,110,116,51,50,32,117,105,110,116,51,50,0
00000fa0 20323374 
00000fa4 746e6975 
00000fa8 003233 
00000fab 01          693 	.data.b	1
00000fac 0893        694 	.data.b	147,8
00000fae 6e697376    695 	.data.b	118,115,105,110,116,51,50,32,115,105,110,116,51,50,0
00000fb2 20323374 
00000fb6 746e6973 
00000fba 003233 
00000fbd 01          696 	.data.b	1
00000fbe 08af        697 	.data.b	175,8
00000fc0 4e455f43    698 	.data.b	67,95,69,78,65,66,76,69,95,67,65,78,95,66,85,83,79,70,70,95,73,78,84,69,82,82,85,80,84,32,0
00000fc4 454c4241 
00000fc8 4e41435f 
00000fcc 5355425f 
00000fd0 5f46464f 
00000fd4 45544e49 
00000fd8 50555252 
00000fdc 002054 
00000fdf 01          699 	.data.b	1
00000fe0 08b5        700 	.data.b	181,8
00000fe2 4e455f43    701 	.data.b	67,95,69,78,65,66,76,69,95,67,65,78,95,82,88,84,88,95,73,78,84,69,82,82,85,80,84,32,0
00000fe6 454c4241 
00000fea 4e41435f 
00000fee 5458525f 
00000ff2 4e495f58 
00000ff6 52524554 
00000ffa 20545055 
00000ffe 00 
00000fff 03          702 	.data.b	3
00001000 0bc6        703 	.data.b	198,11
00001002 16          704 	.data.b	22
00001003 04          705 	.data.b	4
00001004 01          706 	.data.b	1
00001005 0fe6        707 	.data.b	230,15
00001007 4e455f43    708 	.data.b	67,95,69,78,65,66,76,69,95,73,83,82,95,80,82,79,84,79,84,89,80,69,32,0
0000100b 454c4241 

                                                                      Page 29
                                                              C:\Users\Fengyuan\AppData\Local\Temp\gh_0000oc41.s
0000100f 5253495f 
00001013 4f52505f 
00001017 59544f54 
0000101b 00204550 
0000101f 03          709 	.data.b	3
00001020 1292        710 	.data.b	146,18
00001022 16          711 	.data.b	22
00001023 04          712 	.data.b	4
00001024 03          713 	.data.b	3
00001025 1295        714 	.data.b	149,18
00001027 16          715 	.data.b	22
00001028 04          716 	.data.b	4
00001029 03          717 	.data.b	3
0000102a 14e5        718 	.data.b	229,20
0000102c 16          719 	.data.b	22
0000102d 04          720 	.data.b	4
0000102e 04          721 	.data.b	4
0000102f 01          722 	.data.b	1
00001030 48          723 	.data.b	72
00001031 494e4143    724 	.data.b	67,65,78,73,70,95,83,84,65,84,73,67,95,70,68,95,84,88,81,85,69,85,69,32,83,84,68,95,79,70,70,0
00001035 54535f46 
00001039 43495441 
0000103d 5f44465f 
00001041 55515854 
00001045 20455545 
00001049 5f445453 
0000104d 0046464f 
00001051 01          725 	.data.b	1
00001052 49          726 	.data.b	73
00001053 494e4143    727 	.data.b	67,65,78,73,70,95,87,65,75,69,85,80,95,83,85,80,80,79,82,84,32,83,84,68,95,79,70,70,0
00001057 41575f46 
0000105b 5055454b 
0000105f 5055535f 
00001063 54524f50 
00001067 44545320 
0000106b 46464f5f 
0000106f 00 
00001070 01          728 	.data.b	1
00001071 4a          729 	.data.b	74
00001072 494e4143    730 	.data.b	67,65,78,73,70,95,87,65,75,69,85,80,95,86,65,76,73,68,65,84,73,79,78,32,83,84,68,95,79,70,70,0
00001076 41575f46 
0000107a 5055454b 
0000107e 4c41565f 
00001082 54414449 
00001086 204e4f49 
0000108a 5f445453 
0000108e 0046464f 
00001092 01          731 	.data.b	1
00001093 4d          732 	.data.b	77
00001094 494e4143    733 	.data.b	67,65,78,73,70,95,68,69,86,95,69,82,82,79,82,95,68,69,84,69,67,84,32,83,84,68,95,79,78,0
00001098 45445f46 
0000109c 52455f56 
000010a0 5f524f52 
000010a4 45544544 
000010a8 53205443 
000010ac 4f5f4454 
000010b0 004e 
000010b2 01          734 	.data.b	1
000010b3 50          735 	.data.b	80
000010b4 494e4143    736 	.data.b	67,65,78,73,70,95,67,65,78,67,69,76,95,83,85,80,80,79,82,84,95,65,80,73,32,83,84,68,95,79,70,70,0
000010b8 41435f46 

                                                                      Page 30
                                                              C:\Users\Fengyuan\AppData\Local\Temp\gh_0000oc41.s
000010bc 4c45434e 
000010c0 5055535f 
000010c4 54524f50 
000010c8 4950415f 
000010cc 44545320 
000010d0 46464f5f 
000010d4 00 
000010d5 01          737 	.data.b	1
000010d6 51          738 	.data.b	81
000010d7 494e4143    739 	.data.b	67,65,78,73,70,95,86,69,82,83,73,79,78,95,73,78,70,79,95,65,80,73,32,83,84,68,95,79,70,70,0
000010db 45565f46 
000010df 4f495352 
000010e3 4e495f4e 
000010e7 415f4f46 
000010eb 53204950 
000010ef 4f5f4454 
000010f3 004646 
000010f6 01          740 	.data.b	1
000010f7 54          741 	.data.b	84
000010f8 494e4143    742 	.data.b	67,65,78,73,70,95,84,82,67,86,95,72,65,78,68,76,73,78,71,32,83,84,68,95,79,70,70,0
000010fc 52545f46 
00001100 485f5643 
00001104 4c444e41 
00001108 20474e49 
0000110c 5f445453 
00001110 0046464f 
00001114 01          743 	.data.b	1
00001115 56          744 	.data.b	86
00001116 494e4143    745 	.data.b	67,65,78,73,70,95,80,78,95,84,82,67,86,95,72,65,78,68,76,73,78,71,32,83,84,68,95,79,70,70,0
0000111a 4e505f46 
0000111e 4352545f 
00001122 41485f56 
00001126 494c444e 
0000112a 5320474e 
0000112e 4f5f4454 
00001132 004646 
00001135 01          746 	.data.b	1
00001136 59          747 	.data.b	89
00001137 494e4143    748 	.data.b	67,65,78,73,70,95,83,69,84,68,89,78,65,77,73,67,84,88,73,68,95,65,80,73,32,83,84,68,95,79,70,70,0
0000113b 45535f46 
0000113f 4e594454 
00001143 43494d41 
00001147 44495854 
0000114b 4950415f 
0000114f 44545320 
00001153 46464f5f 
00001157 00 
00001158 01          749 	.data.b	1
00001159 5a          750 	.data.b	90
0000115a 494e4143    751 	.data.b	67,65,78,73,70,95,80,78,95,87,85,95,84,88,95,80,68,85,95,70,73,76,84,69,82,32,83,84,68,95,79,70,70,0
0000115e 4e505f46 
00001162 5f55575f 
00001166 505f5854 
0000116a 465f5544 
0000116e 45544c49 
00001172 54532052 
00001176 464f5f44 
0000117a 0046 
0000117c 01          752 	.data.b	1
0000117d 5b          753 	.data.b	91
0000117e 494e4143    754 	.data.b	67,65,78,73,70,95,80,85,66,76,73,67,95,84,88,95,67,79,78,70,73,82,77,95,80,79,76,76,73,78,71,95,83,85,80,80,79,82,84,32,83,84,68,95,79,70,70,0

                                                                      Page 31
                                                              C:\Users\Fengyuan\AppData\Local\Temp\gh_0000oc41.s
00001182 55505f46 
00001186 43494c42 
0000118a 5f58545f 
0000118e 464e4f43 
00001192 5f4d5249 
00001196 4c4c4f50 
0000119a 5f474e49 
0000119e 50505553 
000011a2 2054524f 
000011a6 5f445453 
000011aa 0046464f 
000011ae 01          755 	.data.b	1
000011af 5e          756 	.data.b	94
000011b0 494e4143    757 	.data.b	67,65,78,73,70,95,67,72,65,78,71,69,95,66,65,85,68,82,65,84,69,95,83,85,80,80,79,82,84,32,83,84,68,95,79,70,70,0
000011b4 48435f46 
000011b8 45474e41 
000011bc 5541425f 
000011c0 54415244 
000011c4 55535f45 
000011c8 524f5050 
000011cc 54532054 
000011d0 464f5f44 
000011d4 0046 
000011d6 01          758 	.data.b	1
000011d7 5f          759 	.data.b	95
000011d8 494e4143    760 	.data.b	67,65,78,73,70,95,83,69,84,95,66,65,85,68,82,65,84,69,95,65,80,73,32,83,84,68,95,79,70,70,0
000011dc 45535f46 
000011e0 41425f54 
000011e4 41524455 
000011e8 415f4554 
000011ec 53204950 
000011f0 4f5f4454 
000011f4 004646 
000011f7 01          761 	.data.b	1
000011f8 60          762 	.data.b	96
000011f9 494e4143    763 	.data.b	67,65,78,73,70,95,77,69,84,65,95,68,65,84,65,95,82,88,95,83,85,80,80,79,82,84,32,83,84,68,95,79,70,70,0
000011fd 454d5f46 
00001201 445f4154 
00001205 5f415441 
00001209 535f5852 
0000120d 4f505055 
00001211 53205452 
00001215 4f5f4454 
00001219 004646 
0000121c 01          764 	.data.b	1
0000121d 61          765 	.data.b	97
0000121e 494e4143    766 	.data.b	67,65,78,73,70,95,77,69,84,65,95,68,65,84,65,95,84,88,95,83,85,80,80,79,82,84,32,83,84,68,95,79,70,70,0
00001222 454d5f46 
00001226 445f4154 
0000122a 5f415441 
0000122e 535f5854 
00001232 4f505055 
00001236 53205452 
0000123a 4f5f4454 
0000123e 004646 
00001241 01          767 	.data.b	1
00001242 62          768 	.data.b	98
00001243 494e4143    769 	.data.b	67,65,78,73,70,95,74,49,57,51,57,95,68,89,78,95,65,68,68,82,95,83,85,80,80,79,82,84,32,67,65,78,73,70,95,74,49,57,51,57,95,68,89,78,95,65,68,68,82,95,68,73,83,65,66,76,69,68,0
00001247 314a5f46 
0000124b 5f393339 
0000124f 5f4e5944 

                                                                      Page 32
                                                              C:\Users\Fengyuan\AppData\Local\Temp\gh_0000oc41.s
00001253 52444441 
00001257 5055535f 
0000125b 54524f50 
0000125f 4e414320 
00001263 4a5f4649 
00001267 39333931 
0000126b 4e59445f 
0000126f 4444415f 
00001273 49445f52 
00001277 4c424153 
0000127b 004445 
0000127e 01          770 	.data.b	1
0000127f 63          771 	.data.b	99
00001280 494e4143    772 	.data.b	67,65,78,73,70,95,77,85,76,84,73,80,76,69,95,67,65,78,68,82,86,95,83,85,80,80,79,82,84,32,83,84,68,95,79,70,70,0
00001284 554d5f46 
00001288 5049544c 
0000128c 435f454c 
00001290 52444e41 
00001294 55535f56 
00001298 524f5050 
0000129c 54532054 
000012a0 464f5f44 
000012a4 0046 
000012a6 01          773 	.data.b	1
000012a7 64          774 	.data.b	100
000012a8 494e4143    775 	.data.b	67,65,78,73,70,95,82,88,95,83,69,65,82,67,72,95,67,79,78,83,73,68,69,82,95,77,83,71,95,84,89,80,69,32,83,84,68,95,79,70,70,0
000012ac 58525f46 
000012b0 4145535f 
000012b4 5f484352 
000012b8 534e4f43 
000012bc 52454449 
000012c0 47534d5f 
000012c4 5059545f 
000012c8 54532045 
000012cc 464f5f44 
000012d0 0046 
000012d2 01          776 	.data.b	1
000012d3 66          777 	.data.b	102
000012d4 494e4143    778 	.data.b	67,65,78,73,70,95,69,88,84,69,78,68,69,68,95,82,65,77,95,67,72,69,67,75,95,83,85,80,80,79,82,84,32,83,84,68,95,79,70,70,0
000012d8 58455f46 
000012dc 444e4554 
000012e0 525f4445 
000012e4 435f4d41 
000012e8 4b434548 
000012ec 5055535f 
000012f0 54524f50 
000012f4 44545320 
000012f8 46464f5f 
000012fc 00 
000012fd 01          779 	.data.b	1
000012fe 67          780 	.data.b	103
000012ff 494e4143    781 	.data.b	67,65,78,73,70,95,68,65,84,65,95,67,72,69,67,75,83,85,77,95,82,88,95,83,85,80,80,79,82,84,32,83,84,68,95,79,70,70,0
00001303 41445f46 
00001307 435f4154 
0000130b 4b434548 
0000130f 5f4d5553 
00001313 535f5852 
00001317 4f505055 
0000131b 53205452 
0000131f 4f5f4454 
00001323 004646 

                                                                      Page 33
                                                              C:\Users\Fengyuan\AppData\Local\Temp\gh_0000oc41.s
00001326 01          782 	.data.b	1
00001327 68          783 	.data.b	104
00001328 494e4143    784 	.data.b	67,65,78,73,70,95,68,65,84,65,95,67,72,69,67,75,83,85,77,95,84,88,95,83,85,80,80,79,82,84,32,83,84,68,95,79,70,70,0
0000132c 41445f46 
00001330 435f4154 
00001334 4b434548 
00001338 5f4d5553 
0000133c 535f5854 
00001340 4f505055 
00001344 53205452 
00001348 4f5f4454 
0000134c 004646 
0000134f 01          785 	.data.b	1
00001350 69          786 	.data.b	105
00001351 494e4143    787 	.data.b	67,65,78,73,70,95,83,69,84,95,80,68,85,95,82,69,67,69,80,84,73,79,78,95,77,79,68,69,95,83,85,80,80,79,82,84,32,83,84,68,95,79,70,70,0
00001355 45535f46 
00001359 44505f54 
0000135d 45525f55 
00001361 54504543 
00001365 5f4e4f49 
00001369 45444f4d 
0000136d 5055535f 
00001371 54524f50 
00001375 44545320 
00001379 46464f5f 
0000137d 00 
0000137e 01          788 	.data.b	1
0000137f 019e        789 	.data.b	158,1
00001381 494e4143    790 	.data.b	67,65,78,73,70,95,83,69,65,82,67,72,95,65,76,71,79,82,73,84,72,77,32,67,65,78,73,70,95,76,73,78,69,65,82,0
00001385 45535f46 
00001389 48435241 
0000138d 474c415f 
00001391 5449524f 
00001395 43204d48 
00001399 46494e41 
0000139d 4e494c5f 
000013a1 00524145 
000013a5 01          791 	.data.b	1
000013a6 01a4        792 	.data.b	164,1
000013a8 494e4143    793 	.data.b	67,65,78,73,70,95,67,79,78,70,73,71,95,86,65,82,73,65,78,84,32,67,65,78,73,70,95,67,70,71,86,65,82,95,80,82,69,67,79,77,80,73,76,69,84,73,77,69,0
000013ac 4f435f46 
000013b0 4749464e 
000013b4 5241565f 
000013b8 544e4149 
000013bc 4e414320 
000013c0 435f4649 
000013c4 41564746 
000013c8 52505f52 
000013cc 4d4f4345 
000013d0 454c4950 
000013d4 454d4954 
000013d8 00 
000013d9 03          794 	.data.b	3
000013da 01b4        795 	.data.b	180,1
000013dc 17          796 	.data.b	23
000013dd 01          797 	.data.b	1
000013de 49          798 	.data.b	73
000013df 494e4143    799 	.data.b	67,65,78,73,70,95,67,70,71,86,65,82,95,80,82,69,67,79,77,80,73,76,69,84,73,77,69,32,49,117,0
000013e3 46435f46 
000013e7 52415647 
000013eb 4552505f 

                                                                      Page 34
                                                              C:\Users\Fengyuan\AppData\Local\Temp\gh_0000oc41.s
000013ef 504d4f43 
000013f3 54454c49 
000013f7 20454d49 
000013fb 007531 
000013fe 01          800 	.data.b	1
000013ff 4b          801 	.data.b	75
00001400 494e4143    802 	.data.b	67,65,78,73,70,95,67,70,71,86,65,82,95,80,79,83,84,66,85,73,76,68,84,73,77,69,32,51,117,0
00001404 46435f46 
00001408 52415647 
0000140c 534f505f 
00001410 49554254 
00001414 4954444c 
00001418 3320454d 
0000141c 0075 
0000141e 01          803 	.data.b	1
0000141f 01c8        804 	.data.b	200,1
00001421 494e4143    805 	.data.b	67,65,78,73,70,95,74,49,57,51,57,95,68,89,78,95,65,68,68,82,95,68,73,83,65,66,76,69,68,32,48,117,0
00001425 314a5f46 
00001429 5f393339 
0000142d 5f4e5944 
00001431 52444441 
00001435 5349445f 
00001439 454c4241 
0000143d 75302044 
00001441 00 
00001442 01          806 	.data.b	1
00001443 01cd        807 	.data.b	205,1
00001445 494e4143    808 	.data.b	67,65,78,73,70,95,83,84,65,84,73,67,95,66,85,70,70,69,82,95,83,73,90,69,32,56,117,0
00001449 54535f46 
0000144d 43495441 
00001451 4655425f 
00001455 5f524546 
00001459 455a4953 
0000145d 00753820 
00001461 01          809 	.data.b	1
00001462 02a0        810 	.data.b	160,2
00001464 496e6143    811 	.data.b	67,97,110,73,102,95,72,119,72,97,110,100,108,101,84,121,112,101,32,67,97,110,95,72,119,72,97,110,100,108,101,84,121,112,101,0
00001468 77485f66 
0000146c 646e6148 
00001470 7954656c 
00001474 43206570 
00001478 485f6e61 
0000147c 6e614877 
00001480 54656c64 
00001484 00657079 
00001488 04          812 	.data.b	4
00001489 01          813 	.data.b	1
0000148a 04e1        814 	.data.b	225,4
0000148c 494e4143    815 	.data.b	67,65,78,73,70,95,85,83,69,95,73,78,73,84,95,80,79,73,78,84,69,82,32,83,84,68,95,79,70,70,0
00001490 53555f46 
00001494 4e495f45 
00001498 505f5449 
0000149c 544e494f 
000014a0 53205245 
000014a4 4f5f4454 
000014a8 004646 
000014ab 03          816 	.data.b	3
000014ac 0ad0        817 	.data.b	208,10
000014ae 16          818 	.data.b	22
000014af 04          819 	.data.b	4
000014b0 03          820 	.data.b	3

                                                                      Page 35
                                                              C:\Users\Fengyuan\AppData\Local\Temp\gh_0000oc41.s
000014b1 0ad5        821 	.data.b	213,10
000014b3 16          822 	.data.b	22
000014b4 04          823 	.data.b	4
000014b5 03          824 	.data.b	3
000014b6 0ae5        825 	.data.b	229,10
000014b8 16          826 	.data.b	22
000014b9 04          827 	.data.b	4
000014ba 03          828 	.data.b	3
000014bb 0aea        829 	.data.b	234,10
000014bd 16          830 	.data.b	22
000014be 04          831 	.data.b	4
000014bf 03          832 	.data.b	3
000014c0 0af2        833 	.data.b	242,10
000014c2 16          834 	.data.b	22
000014c3 04          835 	.data.b	4
000014c4 03          836 	.data.b	3
000014c5 0af7        837 	.data.b	247,10
000014c7 16          838 	.data.b	22
000014c8 04          839 	.data.b	4
000014c9 03          840 	.data.b	3
000014ca 0b8b        841 	.data.b	139,11
000014cc 16          842 	.data.b	22
000014cd 04          843 	.data.b	4
000014ce 03          844 	.data.b	3
000014cf 0b90        845 	.data.b	144,11
000014d1 16          846 	.data.b	22
000014d2 04          847 	.data.b	4
000014d3 03          848 	.data.b	3
000014d4 0b9f        849 	.data.b	159,11
000014d6 16          850 	.data.b	22
000014d7 04          851 	.data.b	4
000014d8 03          852 	.data.b	3
000014d9 0ba4        853 	.data.b	164,11
000014db 16          854 	.data.b	22
000014dc 04          855 	.data.b	4
000014dd 03          856 	.data.b	3
000014de 0bb4        857 	.data.b	180,11
000014e0 16          858 	.data.b	22
000014e1 04          859 	.data.b	4
000014e2 03          860 	.data.b	3
000014e3 0bb9        861 	.data.b	185,11
000014e5 16          862 	.data.b	22
000014e6 04          863 	.data.b	4
000014e7 03          864 	.data.b	3
000014e8 0bcc        865 	.data.b	204,11
000014ea 16          866 	.data.b	22
000014eb 04          867 	.data.b	4
000014ec 03          868 	.data.b	3
000014ed 0bd1        869 	.data.b	209,11
000014ef 16          870 	.data.b	22
000014f0 04          871 	.data.b	4
000014f1 03          872 	.data.b	3
000014f2 0be3        873 	.data.b	227,11
000014f4 16          874 	.data.b	22
000014f5 04          875 	.data.b	4
000014f6 03          876 	.data.b	3
000014f7 0be8        877 	.data.b	232,11
000014f9 16          878 	.data.b	22
000014fa 04          879 	.data.b	4
000014fb 03          880 	.data.b	3
000014fc 0bf7        881 	.data.b	247,11

                                                                      Page 36
                                                              C:\Users\Fengyuan\AppData\Local\Temp\gh_0000oc41.s
000014fe 16          882 	.data.b	22
000014ff 04          883 	.data.b	4
00001500 03          884 	.data.b	3
00001501 0bfc        885 	.data.b	252,11
00001503 16          886 	.data.b	22
00001504 04          887 	.data.b	4
00001505 03          888 	.data.b	3
00001506 0c88        889 	.data.b	136,12
00001508 16          890 	.data.b	22
00001509 04          891 	.data.b	4
0000150a 03          892 	.data.b	3
0000150b 0c8d        893 	.data.b	141,12
0000150d 16          894 	.data.b	22
0000150e 04          895 	.data.b	4
0000150f 03          896 	.data.b	3
00001510 0ca1        897 	.data.b	161,12
00001512 16          898 	.data.b	22
00001513 04          899 	.data.b	4
00001514 03          900 	.data.b	3
00001515 0ca6        901 	.data.b	166,12
00001517 16          902 	.data.b	22
00001518 04          903 	.data.b	4
00001519 03          904 	.data.b	3
0000151a 0cb5        905 	.data.b	181,12
0000151c 16          906 	.data.b	22
0000151d 04          907 	.data.b	4
0000151e 03          908 	.data.b	3
0000151f 0cba        909 	.data.b	186,12
00001521 16          910 	.data.b	22
00001522 04          911 	.data.b	4
00001523 03          912 	.data.b	3
00001524 0cc9        913 	.data.b	201,12
00001526 16          914 	.data.b	22
00001527 04          915 	.data.b	4
00001528 03          916 	.data.b	3
00001529 0cce        917 	.data.b	206,12
0000152b 16          918 	.data.b	22
0000152c 04          919 	.data.b	4
0000152d 03          920 	.data.b	3
0000152e 0cda        921 	.data.b	218,12
00001530 16          922 	.data.b	22
00001531 04          923 	.data.b	4
00001532 03          924 	.data.b	3
00001533 0cdf        925 	.data.b	223,12
00001535 16          926 	.data.b	22
00001536 04          927 	.data.b	4
00001537 03          928 	.data.b	3
00001538 0ceb        929 	.data.b	235,12
0000153a 16          930 	.data.b	22
0000153b 04          931 	.data.b	4
0000153c 03          932 	.data.b	3
0000153d 0cf0        933 	.data.b	240,12
0000153f 16          934 	.data.b	22
00001540 04          935 	.data.b	4
00001541 04          936 	.data.b	4
00001542 03          937 	.data.b	3
00001543 01e6        938 	.data.b	230,1
00001545 16          939 	.data.b	22
00001546 04          940 	.data.b	4
00001547 03          941 	.data.b	3
00001548 06ed        942 	.data.b	237,6

                                                                      Page 37
                                                              C:\Users\Fengyuan\AppData\Local\Temp\gh_0000oc41.s
0000154a 16          943 	.data.b	22
0000154b 04          944 	.data.b	4
0000154c 03          945 	.data.b	3
0000154d 06f3        946 	.data.b	243,6
0000154f 16          947 	.data.b	22
00001550 04          948 	.data.b	4
00001551 03          949 	.data.b	3
00001552 06fa        950 	.data.b	250,6
00001554 16          951 	.data.b	22
00001555 04          952 	.data.b	4
00001556 04          953 	.data.b	4
00001557 03          954 	.data.b	3
00001558 28          955 	.data.b	40
00001559 18          956 	.data.b	24
0000155a 03          957 	.data.b	3
0000155b 26          958 	.data.b	38
0000155c 19          959 	.data.b	25
0000155d 03          960 	.data.b	3
0000155e 2a          961 	.data.b	42
0000155f 1a          962 	.data.b	26
00001560 01          963 	.data.b	1
00001561 24          964 	.data.b	36
00001562 52554450    965 	.data.b	80,68,85,82,95,77,65,88,95,78,85,77,66,69,82,95,79,70,95,67,79,82,69,83,32,49,0
00001566 58414d5f 
0000156a 4d554e5f 
0000156e 5f524542 
00001572 435f464f 
00001576 5345524f 
0000157a 003120 
0000157d 04          966 	.data.b	4
0000157e 04          967 	.data.b	4
0000157f 03          968 	.data.b	3
00001580 3e          969 	.data.b	62
00001581 16          970 	.data.b	22
00001582 04          971 	.data.b	4
00001583 03          972 	.data.b	3
00001584 01e3        973 	.data.b	227,1
00001586 16          974 	.data.b	22
00001587 04          975 	.data.b	4
00001588 04          976 	.data.b	4
00001589 04          977 	.data.b	4
0000158a 00          978 	.data.b	0
                     979 	.section	.debug_abbrev
00000017 00          980 	.data.b	0
                     981 	.section	.debug_info
                     982 .Ldw_end:
