                                                                      Page 1
                                                              C:\Users\Fengyuan\AppData\Local\Temp\gh_0000ta01.s
Command Line: C:\ghs\comp_201714\asarm.exe -elf -b0 -I../../../bsw/../thirdparty/mcal_s32k/supply/s32k14x_mcal4_2_rtm_hf3_1_0_1/eclipse/plugins/base_ts_t40d2m10i1r0/include -I../../../bsw/../thirdparty/mcal_s32k/supply/s32k14x_mcal4_2_rtm_hf3_1_0_1/eclipse/plugins/dio_ts_t40d2m10i1r0/include -I../../../bsw/../thirdparty/mcal_s32k/supply/s32k14x_mcal4_2_rtm_hf3_1_0_1/eclipse/plugins/mcu_ts_t40d2m10i1r0/include -I../../../bsw/../thirdparty/mcal_s32k/supply/s32k14x_mcal4_2_rtm_hf3_1_0_1/eclipse/plugins/port_ts_t40d2m10i1r0/include -I../../../bsw/../thirdparty/mcal_s32k/supply/s32k14x_mcal4_2_rtm_hf3_1_0_1/eclipse/plugins/spi_ts_t40d2m10i1r0/include -I../../../bsw/_common -I../../../bsw/bswm -I../../../bsw/can -I../../../bsw/canif -I../../../bsw/cansm -I../../../bsw/cantp -I../../../bsw/com -I../../../bsw/comm -I../../../bsw/dcm -I../../../bsw/dem -I../../../bsw/det -I../../../bsw/ecum -I../../../bsw/gendata -I../../../bsw/iohwab -I../../../bsw/mcal_s32k -I../../../bsw/os -I../../../bsw/pdur -I../../../bsw/vstdlib -I./shared/zbrs_armcommon -I./shared/zbrs_asrembeddedruntimesystemcfg5 -I./shared/zbrs_s32arm -Ic:/ghs/comp_201714/ansi -Ic:/ghs/comp_201714/include/arm -Igendata -Igendata/components -Igendata/include -Iinclude -IC:\ghs\comp_201714\lib\thumb2 -cpu=cortexm4 -fpu=soft -patch_dbo=C:\Vector\CBD1800257_D01_S32K1xx\Applications\S32K144_Start_new\Appl\obj\Com_PBcfg.dbo -source=Com_PBcfg.c -o obj\gh_0000ta01.o -list=lst/Com_PBcfg.lst C:\Users\Fengyuan\AppData\Local\Temp\gh_0000ta01.s 
Original File: C:\Users\Fengyuan\AppData\Local\Temp\gh_0000ta01.s
Source File: Com_PBcfg.c
Directory: C:\Vector\CBD1800257_D01_S32K1xx\Applications\S32K144_Start_new\Appl
Host OS: Windows
EASE: Copyright (C) 1983-2016 Green Hills Software.  All Rights Reserved.
Release: Compiler v2017.1.4
Build Directory: [Directory] COMP-VAL-WIN47:l:/compiler/release-branch-2017-1-comp/build/v2017.1-2017-04-09/win32-comp-ecom
Revision: [VCInfo] http://toolsvc/branches/release-branch-2017-1-comp/src@589570 (built by auto-compiler)
Revision Date: Mon Apr 10 10:52:57 2017

Release Date: Mon Apr 10 08:00:05 2017

                       1 ;Driver Command: ccarm -DBRS_DERIVATIVE_S32K144 -DBRS_OSC_CLK=8
                       2 ;		-DBRS_TIMEBASE_CLOCK=96 -DBRS_OS_USECASE_OSGEN7 -DBRS_EVA_BOARD_
                       3 ;		-DBRS_PROGRAM_CODE_LOCATION_FLASH
                       4 ;		-DBRS_VECTOR_TABLE_LOCATION_FLASH -DBRS_CPU_CORE_CORTEX_M4
                       5 ;		-DBRS_STACK_SIZE=0xC800 -DBRS_PLATFORM_ARM -DBRS_COMP_GHS
                       6 ;		-DBRS_INSTRUCTION_SET_ARM -DBRS_OPTIONBYTES_ADR=1
                       7 ;		-DBRS_RAM_ETH_SIZE=0 -DBRS_RAM_ETH_MAPPING=0
                       8 ;		-DBRS_RAM_SIZE=0x0000F000 -DBRS_RAM_MAPPING=0x1FFF8000 -c
                       9 ;		-object_dir=obj -list=lst/Com_PBcfg.lst --diag_suppress=1
                      10 ;		-cpu=cortexm4 -noobj --long_long -g -dual_debug -farcalls -dwarf2
                      11 ;		-no_misalign_pack -nostartfiles -act_like=2015.1
                      12 ;		-pragma_asm_inline -thumb -thumb_lib -Osize -object_dir= -e
                      13 ;		Startup_Handler
                      14 ;		-I../../../bsw/../thirdparty/mcal_s32k/supply/s32k14x_mcal4_2_rtm_hf3_1_0_1/eclipse/plugins/base_ts_t40d2m10i1r0/include
                      15 ;		-I../../../bsw/../thirdparty/mcal_s32k/supply/s32k14x_mcal4_2_rtm_hf3_1_0_1/eclipse/plugins/dio_ts_t40d2m10i1r0/include
                      16 ;		-I../../../bsw/../thirdparty/mcal_s32k/supply/s32k14x_mcal4_2_rtm_hf3_1_0_1/eclipse/plugins/mcu_ts_t40d2m10i1r0/include
                      17 ;		-I../../../bsw/../thirdparty/mcal_s32k/supply/s32k14x_mcal4_2_rtm_hf3_1_0_1/eclipse/plugins/port_ts_t40d2m10i1r0/include
                      18 ;		-I../../../bsw/../thirdparty/mcal_s32k/supply/s32k14x_mcal4_2_rtm_hf3_1_0_1/eclipse/plugins/spi_ts_t40d2m10i1r0/include
                      19 ;		-I../../../bsw/_common -I../../../bsw/bswm -I../../../bsw/can
                      20 ;		-I../../../bsw/canif -I../../../bsw/cansm -I../../../bsw/cantp
                      21 ;		-I../../../bsw/com -I../../../bsw/comm -I../../../bsw/dcm
                      22 ;		-I../../../bsw/dem -I../../../bsw/det -I../../../bsw/ecum
                      23 ;		-I../../../bsw/gendata -I../../../bsw/iohwab
                      24 ;		-I../../../bsw/mcal_s32k -I../../../bsw/os -I../../../bsw/pdur
                      25 ;		-I../../../bsw/vstdlib -I./shared/zbrs_armcommon
                      26 ;		-I./shared/zbrs_asrembeddedruntimesystemcfg5
                      27 ;		-I./shared/zbrs_s32arm -Ic:/ghs/comp_201714/ansi
                      28 ;		-Ic:/ghs/comp_201714/include/arm -Igendata -Igendata/components
                      29 ;		-Igendata/include -Iinclude GenData/Com_PBcfg.c
                      30 ;Source File:   GenData/Com_PBcfg.c
                      31 ;Directory:     
                      32 ;		C:\Vector\CBD1800257_D01_S32K1xx\Applications\S32K144_Start_new\Appl
                      33 ;Compile Date:  Fri Jun 18 09:57:13 2021
                      34 ;Host OS:       Win32
                      35 ;Version:       C-ARM 2017.1.4 RELEASE VERSION
                      36 ;Release:       Compiler v2017.1.4
                      37 ;Revision Date: Tue Apr 11 01:37:22 2017
                      38 ;Release Date:  Mon Apr 10 08:00:05 2017
                      39 ; ecom  -g -w -OMS
                      40 
                      41 	.ghsnote info, 19, 3, 640
                      42 	.text
                      43 ..bof.C.3A.5CVector.5CCBD1800257_D01_S32K1xx.5CApplications.5CS32K144_Start_new.5CAppl.5Cobj.5CCom_PBcfg...43.3A.5CVector.5CCBD1800257_D01_S32K1xx.5CApplications.5CS32K144_Start_new.5CAppl..60CBFD7A..0::
                      44 ..eof.C.3A.5CVector.5CCBD1800257_D01_S32K1xx.5CApplications.5CS32K144_Start_new.5CAppl.5Cobj.5CCom_PBcfg...43.3A.5CVector.5CCBD1800257_D01_S32K1xx.5CApplications.5CS32K144_Start_new.5CAppl..60CBFD7A..0::
                      45 	.section	.debug_info
                      46 .Ldw_begin:
00000000 00000000*    47 	.data.w	.Ldw_end-.Ldw_begin-4
00000004 0002         48 	.data.b	2,0
00000006 00000000*    49 	.data.w	.Ldw_abbr_begin
0000000a 04           50 	.data.b	4

                                                                      Page 2
                                                              C:\Users\Fengyuan\AppData\Local\Temp\gh_0000ta01.s
                      51 	.section	.debug_abbrev
                      52 .Ldw_abbr_begin:
                      53 	.section	.debug_info
0000000b 01           54 	.data.b	1
0000000c 00000000*    55 	.data.w	..bof.C.3A.5CVector.5CCBD1800257_D01_S32K1xx.5CApplications.5CS32K144_Start_new.5CAppl.5Cobj.5CCom_PBcfg...43.3A.5CVector.5CCBD1800257_D01_S32K1xx.5CApplications.5CS32K144_Start_new.5CAppl..60CBFD7A..0
00000010 00000000*    56 	.data.w	..eof.C.3A.5CVector.5CCBD1800257_D01_S32K1xx.5CApplications.5CS32K144_Start_new.5CAppl.5Cobj.5CCom_PBcfg...43.3A.5CVector.5CCBD1800257_D01_S32K1xx.5CApplications.5CS32K144_Start_new.5CAppl..60CBFD7A..0
00000014 446e6547     57 	.data.b	71,101,110,68,97,116,97,47,67,111,109,95,80,66,99,102,103,46,99,0
00000018 2f617461 
0000001c 5f6d6f43 
00000020 66634250 
00000024 00632e67 
00000028 565c3a43     58 	.data.b	67,58,92,86,101,99,116,111,114,92,67,66,68,49,56,48,48,50,53,55,95,68,48,49,95,83,51,50,75,49,120,120,92,65,112,112,108,105,99,97,116,105,111,110,115,92,83,51,50,75,49,52,52,95,83,116,97,114,116,95
0000002c 6f746365 
00000030 42435c72 
00000034 30383144 
00000038 37353230 
0000003c 3130445f 
00000040 3233535f 
00000044 7878314b 
00000048 7070415c 
0000004c 6163696c 
00000050 6e6f6974 
00000054 33535c73 
00000058 34314b32 
0000005c 74535f34 
00000060 5f747261 
00000064 5c77656e     59 	.data.b	110,101,119,92,65,112,112,108,0
00000068 6c707041 
0000006c 00 
0000006d 20534847     60 	.data.b	71,72,83,32,67,32,50,48,49,55,46,49,46,52,32,91,100,117,97,108,93,0
00000071 30322043 
00000075 312e3731 
00000079 5b20342e 
0000007d 6c617564 
00000081 005d 
00000083 0001         61 	.data.b	1,0
00000085 00000000*    62 	.data.w	.Ldw_line_begin
00000089 00000000*    63 	.data.w	.Ldw_macinfo_begin
0000008d 00           64 	.data.b	0
                      65 
                      66 	.section	.debug_abbrev
00000000 01           67 	.data.b	1
00000001 11           68 	.data.b	17
00000002 01           69 	.data.b	1
00000003 0111         70 	.data.b	17,1
00000005 0112         71 	.data.b	18,1
00000007 0803         72 	.data.b	3,8
00000009 081b         73 	.data.b	27,8
0000000b 0825         74 	.data.b	37,8
0000000d 0513         75 	.data.b	19,5
0000000f 0610         76 	.data.b	16,6
00000011 0643         77 	.data.b	67,6
00000013 0b42         78 	.data.b	66,11
00000015 0000         79 	.data.b	0,0
                      80 
                      81 	.section	.debug_line
                      82 .Ldw_line_begin:
00000000 00000000*    83 	.data.w	.Ldw_line_end-.Ldw_line_begin-4
00000004 0002         84 	.data.b	2,0
00000006 00000000*    85 	.data.w	.Ldw_lpro_end-.Ldw_lpro_begin
                      86 .Ldw_lpro_begin:

                                                                      Page 3
                                                              C:\Users\Fengyuan\AppData\Local\Temp\gh_0000ta01.s
0000000a 01           87 	.data.b	1
0000000b 00           88 	.data.b	0
0000000c 00           89 	.data.b	0
0000000d 04           90 	.data.b	4
0000000e 0a           91 	.data.b	10
0000000f 010100       92 	.data.b	0,1,1
00000012 000101       93 	.data.b	1,1,0
00000015 010000       94 	.data.b	0,0,1
00000018 00           95 	.data.b	0
00000019 446e6547     96 	.data.b	71,101,110,68,97,116,97,47,67,111,109,95,80,66,99,102,103,46,99,0
0000001d 2f617461 
00000021 5f6d6f43 
00000025 66634250 
00000029 00632e67 
0000002d 000000       97 	.data.b	0,0,0
00000030 446e6547     98 	.data.b	71,101,110,68,97,116,97,47,67,111,109,95,67,102,103,46,104,0
00000034 2f617461 
00000038 5f6d6f43 
0000003c 2e676643 
00000040 0068 
00000042 000000       99 	.data.b	0,0,0
00000045 446e6547    100 	.data.b	71,101,110,68,97,116,97,47,67,111,109,95,84,121,112,101,115,46,104,0
00000049 2f617461 
0000004d 5f6d6f43 
00000051 65707954 
00000055 00682e73 
00000059 000000      101 	.data.b	0,0,0
0000005c 2e2f2e2e    102 	.data.b	46,46,47,46,46,47,46,46,47,98,115,119,47,95,99,111,109,109,111,110,47,67,111,109,83,116,97,99,107,95,84,121,112,101,115,46,104,0
00000060 2e2e2f2e 
00000064 7773622f 
00000068 6f635f2f 
0000006c 6e6f6d6d 
00000070 6d6f432f 
00000074 63617453 
00000078 79545f6b 
0000007c 2e736570 
00000080 0068 
00000082 000000      103 	.data.b	0,0,0
00000085 2e2f2e2e    104 	.data.b	46,46,47,46,46,47,46,46,47,98,115,119,47,95,99,111,109,109,111,110,47,83,116,100,95,84,121,112,101,115,46,104,0
00000089 2e2e2f2e 
0000008d 7773622f 
00000091 6f635f2f 
00000095 6e6f6d6d 
00000099 6474532f 
0000009d 7079545f 
000000a1 682e7365 
000000a5 00 
000000a6 000000      105 	.data.b	0,0,0
000000a9 2e2f2e2e    106 	.data.b	46,46,47,46,46,47,46,46,47,98,115,119,47,95,99,111,109,109,111,110,47,80,108,97,116,102,111,114,109,95,84,121,112,101,115,46,104,0
000000ad 2e2e2f2e 
000000b1 7773622f 
000000b5 6f635f2f 
000000b9 6e6f6d6d 
000000bd 616c502f 
000000c1 726f6674 
000000c5 79545f6d 
000000c9 2e736570 
000000cd 0068 
000000cf 000000      107 	.data.b	0,0,0
000000d2 2e2f2e2e    108 	.data.b	46,46,47,46,46,47,46,46,47,98,115,119,47,95,99,111,109,109,111,110,47,67,111,109,112,105,108,101,114,46,104,0
000000d6 2e2e2f2e 

                                                                      Page 4
                                                              C:\Users\Fengyuan\AppData\Local\Temp\gh_0000ta01.s
000000da 7773622f 
000000de 6f635f2f 
000000e2 6e6f6d6d 
000000e6 6d6f432f 
000000ea 656c6970 
000000ee 00682e72 
000000f2 000000      109 	.data.b	0,0,0
000000f5 6c636e69    110 	.data.b	105,110,99,108,117,100,101,92,67,111,109,112,105,108,101,114,95,67,102,103,46,104,0
000000f9 5c656475 
000000fd 706d6f43 
00000101 72656c69 
00000105 6766435f 
00000109 00682e 
0000010c 000000      111 	.data.b	0,0,0
0000010f 646e6567    112 	.data.b	103,101,110,100,97,116,97,92,82,116,101,95,67,111,109,112,105,108,101,114,95,67,102,103,46,104,0
00000113 5c617461 
00000117 5f657452 
0000011b 706d6f43 
0000011f 72656c69 
00000123 6766435f 
00000127 00682e 
0000012a 000000      113 	.data.b	0,0,0
0000012d 6c636e69    114 	.data.b	105,110,99,108,117,100,101,92,67,100,100,95,84,112,95,67,111,109,112,105,108,101,114,95,67,102,103,46,104,0
00000131 5c656475 
00000135 5f646443 
00000139 435f7054 
0000013d 69706d6f 
00000141 5f72656c 
00000145 2e676643 
00000149 0068 
0000014b 000000      115 	.data.b	0,0,0
0000014e 6c636e69    116 	.data.b	105,110,99,108,117,100,101,92,67,100,100,95,67,111,109,95,67,111,109,112,105,108,101,114,95,67,102,103,46,104,0
00000152 5c656475 
00000156 5f646443 
0000015a 5f6d6f43 
0000015e 706d6f43 
00000162 72656c69 
00000166 6766435f 
0000016a 00682e 
0000016d 000000      117 	.data.b	0,0,0
00000170 646e6567    118 	.data.b	103,101,110,100,97,116,97,92,79,115,95,67,111,109,112,105,108,101,114,95,67,102,103,46,104,0
00000174 5c617461 
00000178 435f734f 
0000017c 69706d6f 
00000180 5f72656c 
00000184 2e676643 
00000188 0068 
0000018a 000000      119 	.data.b	0,0,0
0000018d 646e6567    120 	.data.b	103,101,110,100,97,116,97,92,67,111,109,83,116,97,99,107,95,67,102,103,46,104,0
00000191 5c617461 
00000195 536d6f43 
00000199 6b636174 
0000019d 6766435f 
000001a1 00682e 
000001a4 000000      121 	.data.b	0,0,0
000001a7 446e6547    122 	.data.b	71,101,110,68,97,116,97,47,67,111,109,95,80,66,99,102,103,46,104,0
000001ab 2f617461 
000001af 5f6d6f43 
000001b3 66634250 
000001b7 00682e67 
000001bb 000000      123 	.data.b	0,0,0

                                                                      Page 5
                                                              C:\Users\Fengyuan\AppData\Local\Temp\gh_0000ta01.s
000001be 446e6547    124 	.data.b	71,101,110,68,97,116,97,47,67,111,109,95,67,98,107,46,104,0
000001c2 2f617461 
000001c6 5f6d6f43 
000001ca 2e6b6243 
000001ce 0068 
000001d0 000000      125 	.data.b	0,0,0
000001d3 446e6547    126 	.data.b	71,101,110,68,97,116,97,47,67,111,109,95,67,111,116,46,104,0
000001d7 2f617461 
000001db 5f6d6f43 
000001df 2e746f43 
000001e3 0068 
000001e5 000000      127 	.data.b	0,0,0
000001e8 6c636e69    128 	.data.b	105,110,99,108,117,100,101,92,77,101,109,77,97,112,46,104,0
000001ec 5c656475 
000001f0 4d6d654d 
000001f4 682e7061 
000001f8 00 
000001f9 000000      129 	.data.b	0,0,0
000001fc 446e6547    130 	.data.b	71,101,110,68,97,116,97,47,80,100,117,82,95,67,102,103,46,104,0
00000200 2f617461 
00000204 52756450 
00000208 6766435f 
0000020c 00682e 
0000020f 000000      131 	.data.b	0,0,0
00000212 446e6547    132 	.data.b	71,101,110,68,97,116,97,47,80,100,117,82,95,84,121,112,101,115,46,104,0
00000216 2f617461 
0000021a 52756450 
0000021e 7079545f 
00000222 682e7365 
00000226 00 
00000227 000000      133 	.data.b	0,0,0
0000022a 446e6547    134 	.data.b	71,101,110,68,97,116,97,47,80,100,117,82,95,67,111,109,46,104,0
0000022e 2f617461 
00000232 52756450 
00000236 6d6f435f 
0000023a 00682e 
0000023d 000000      135 	.data.b	0,0,0
00000240 00          136 	.data.b	0
                     137 .Ldw_lpro_end:
                     138 	.section	.debug_macinfo
                     139 .Ldw_macinfo_begin:
                     140 	.section	.debug_info
0000008e 00          141 	.data.b	0
                     142 
                     143 	.section	.debug_line
                     144 .Ldw_line_end:
                     145 	.section	.debug_macinfo
00000000 03          146 	.data.b	3
00000001 00          147 	.data.b	0
00000002 01          148 	.data.b	1
00000003 03          149 	.data.b	3
00000004 2b          150 	.data.b	43
00000005 02          151 	.data.b	2
00000006 03          152 	.data.b	3
00000007 2b          153 	.data.b	43
00000008 03          154 	.data.b	3
00000009 03          155 	.data.b	3
0000000a 2b          156 	.data.b	43
0000000b 04          157 	.data.b	4
0000000c 03          158 	.data.b	3
0000000d 4a          159 	.data.b	74

                                                                      Page 6
                                                              C:\Users\Fengyuan\AppData\Local\Temp\gh_0000ta01.s
0000000e 05          160 	.data.b	5
0000000f 03          161 	.data.b	3
00000010 3f          162 	.data.b	63
00000011 06          163 	.data.b	6
00000012 04          164 	.data.b	4
00000013 03          165 	.data.b	3
00000014 40          166 	.data.b	64
00000015 07          167 	.data.b	7
00000016 03          168 	.data.b	3
00000017 3e          169 	.data.b	62
00000018 08          170 	.data.b	8
00000019 03          171 	.data.b	3
0000001a 7f          172 	.data.b	127
0000001b 09          173 	.data.b	9
0000001c 04          174 	.data.b	4
0000001d 03          175 	.data.b	3
0000001e 01d6        176 	.data.b	214,1
00000020 0a          177 	.data.b	10
00000021 04          178 	.data.b	4
00000022 03          179 	.data.b	3
00000023 01d7        180 	.data.b	215,1
00000025 0b          181 	.data.b	11
00000026 04          182 	.data.b	4
00000027 03          183 	.data.b	3
00000028 06c5        184 	.data.b	197,6
0000002a 0c          185 	.data.b	12
0000002b 04          186 	.data.b	4
0000002c 04          187 	.data.b	4
0000002d 01          188 	.data.b	1
0000002e 75          189 	.data.b	117
0000002f 434e5546    190 	.data.b	70,85,78,67,40,114,101,116,116,121,112,101,44,109,101,109,99,108,97,115,115,41,32,114,101,116,116,121,112,101,0
00000033 74657228 
00000037 65707974 
0000003b 6d656d2c 
0000003f 73616c63 
00000043 72202973 
00000047 79747465 
0000004b 006570 
0000004e 01          191 	.data.b	1
0000004f 018a        192 	.data.b	138,1
00000051 41563250    193 	.data.b	80,50,86,65,82,40,112,116,114,116,121,112,101,44,109,101,109,99,108,97,115,115,44,112,116,114,99,108,97,115,115,41,32,112,116,114,116,121,112,101,42,0
00000055 74702852 
00000059 70797472 
0000005d 656d2c65 
00000061 616c636d 
00000065 702c7373 
00000069 6c637274 
0000006d 29737361 
00000071 72747020 
00000075 65707974 
00000079 002a 
0000007b 01          194 	.data.b	1
0000007c 0191        195 	.data.b	145,1
0000007e 4f433250    196 	.data.b	80,50,67,79,78,83,84,40,112,116,114,116,121,112,101,44,109,101,109,99,108,97,115,115,44,112,116,114,99,108,97,115,115,41,32,99,111,110,115,116,32,112,116,114,116,121,112,101,42,0
00000082 2854534e 
00000086 74727470 
0000008a 2c657079 
0000008e 636d656d 
00000092 7373616c 
00000096 7274702c 
0000009a 73616c63 

                                                                      Page 7
                                                              C:\Users\Fengyuan\AppData\Local\Temp\gh_0000ta01.s
0000009e 63202973 
000000a2 74736e6f 
000000a6 72747020 
000000aa 65707974 
000000ae 002a 
000000b0 01          197 	.data.b	1
000000b1 01a6        198 	.data.b	166,1
000000b3 55463250    199 	.data.b	80,50,70,85,78,67,40,114,101,116,116,121,112,101,44,112,116,114,99,108,97,115,115,44,102,99,116,110,97,109,101,41,32,114,101,116,116,121,112,101,32,40,42,32,102,99,116,110,97,109,101,41,0
000000b7 7228434e 
000000bb 79747465 
000000bf 702c6570 
000000c3 6c637274 
000000c7 2c737361 
000000cb 6e746366 
000000cf 29656d61 
000000d3 74657220 
000000d7 65707974 
000000db 202a2820 
000000df 6e746366 
000000e3 29656d61 
000000e7 00 
000000e8 01          200 	.data.b	1
000000e9 01b6        201 	.data.b	182,1
000000eb 534e4f43    202 	.data.b	67,79,78,83,84,40,116,121,112,101,44,109,101,109,99,108,97,115,115,41,32,99,111,110,115,116,32,116,121,112,101,0
000000ef 79742854 
000000f3 6d2c6570 
000000f7 6c636d65 
000000fb 29737361 
000000ff 6e6f6320 
00000103 74207473 
00000107 00657079 
0000010b 01          203 	.data.b	1
0000010c 01bc        204 	.data.b	188,1
0000010e 28524156    205 	.data.b	86,65,82,40,118,97,114,116,121,112,101,44,109,101,109,99,108,97,115,115,41,32,118,97,114,116,121,112,101,0
00000112 74726176 
00000116 2c657079 
0000011a 636d656d 
0000011e 7373616c 
00000122 61762029 
00000126 70797472 
0000012a 0065 
0000012c 04          206 	.data.b	4
0000012d 04          207 	.data.b	4
0000012e 03          208 	.data.b	3
0000012f 4c          209 	.data.b	76
00000130 0d          210 	.data.b	13
00000131 04          211 	.data.b	4
00000132 01          212 	.data.b	1
00000133 5a          213 	.data.b	90
00000134 534d4f43    214 	.data.b	67,79,77,83,84,65,67,75,84,89,80,69,95,65,82,95,82,69,76,69,65,83,69,95,82,69,86,73,83,73,79,78,95,86,69,82,83,73,79,78,32,40,51,117,41,0
00000138 4b434154 
0000013c 45505954 
00000140 5f52415f 
00000144 454c4552 
00000148 5f455341 
0000014c 49564552 
00000150 4e4f4953 
00000154 5245565f 
00000158 4e4f4953 
0000015c 75332820 
00000160 0029 

                                                                      Page 8
                                                              C:\Users\Fengyuan\AppData\Local\Temp\gh_0000ta01.s
00000162 04          215 	.data.b	4
00000163 04          216 	.data.b	4
00000164 03          217 	.data.b	3
00000165 2c          218 	.data.b	44
00000166 0e          219 	.data.b	14
00000167 04          220 	.data.b	4
00000168 03          221 	.data.b	3
00000169 2d          222 	.data.b	45
0000016a 0f          223 	.data.b	15
0000016b 03          224 	.data.b	3
0000016c 2b          225 	.data.b	43
0000016d 10          226 	.data.b	16
0000016e 03          227 	.data.b	3
0000016f 40          228 	.data.b	64
00000170 11          229 	.data.b	17
00000171 04          230 	.data.b	4
00000172 03          231 	.data.b	3
00000173 49          232 	.data.b	73
00000174 11          233 	.data.b	17
00000175 04          234 	.data.b	4
00000176 04          235 	.data.b	4
00000177 03          236 	.data.b	3
00000178 5a          237 	.data.b	90
00000179 11          238 	.data.b	17
0000017a 04          239 	.data.b	4
0000017b 03          240 	.data.b	3
0000017c 7e          241 	.data.b	126
0000017d 11          242 	.data.b	17
0000017e 04          243 	.data.b	4
0000017f 04          244 	.data.b	4
00000180 03          245 	.data.b	3
00000181 2e          246 	.data.b	46
00000182 12          247 	.data.b	18
00000183 03          248 	.data.b	3
00000184 2a          249 	.data.b	42
00000185 13          250 	.data.b	19
00000186 01          251 	.data.b	1
00000187 24          252 	.data.b	36
00000188 52554450    253 	.data.b	80,68,85,82,95,77,65,88,95,78,85,77,66,69,82,95,79,70,95,67,79,82,69,83,32,49,0
0000018c 58414d5f 
00000190 4d554e5f 
00000194 5f524542 
00000198 435f464f 
0000019c 5345524f 
000001a0 003120 
000001a3 04          254 	.data.b	4
000001a4 04          255 	.data.b	4
000001a5 03          256 	.data.b	3
000001a6 16f4        257 	.data.b	244,22
000001a8 11          258 	.data.b	17
000001a9 04          259 	.data.b	4
000001aa 03          260 	.data.b	3
000001ab 16f9        261 	.data.b	249,22
000001ad 11          262 	.data.b	17
000001ae 04          263 	.data.b	4
000001af 03          264 	.data.b	3
000001b0 178a        265 	.data.b	138,23
000001b2 11          266 	.data.b	17
000001b3 04          267 	.data.b	4
000001b4 03          268 	.data.b	3
000001b5 178f        269 	.data.b	143,23

                                                                      Page 9
                                                              C:\Users\Fengyuan\AppData\Local\Temp\gh_0000ta01.s
000001b7 11          270 	.data.b	17
000001b8 04          271 	.data.b	4
000001b9 03          272 	.data.b	3
000001ba 179e        273 	.data.b	158,23
000001bc 11          274 	.data.b	17
000001bd 04          275 	.data.b	4
000001be 03          276 	.data.b	3
000001bf 17a3        277 	.data.b	163,23
000001c1 11          278 	.data.b	17
000001c2 04          279 	.data.b	4
000001c3 03          280 	.data.b	3
000001c4 17b2        281 	.data.b	178,23
000001c6 11          282 	.data.b	17
000001c7 04          283 	.data.b	4
000001c8 03          284 	.data.b	3
000001c9 17b7        285 	.data.b	183,23
000001cb 11          286 	.data.b	17
000001cc 04          287 	.data.b	4
000001cd 03          288 	.data.b	3
000001ce 17c6        289 	.data.b	198,23
000001d0 11          290 	.data.b	17
000001d1 04          291 	.data.b	4
000001d2 03          292 	.data.b	3
000001d3 17cb        293 	.data.b	203,23
000001d5 11          294 	.data.b	17
000001d6 04          295 	.data.b	4
000001d7 03          296 	.data.b	3
000001d8 17db        297 	.data.b	219,23
000001da 11          298 	.data.b	17
000001db 04          299 	.data.b	4
000001dc 03          300 	.data.b	3
000001dd 17e0        301 	.data.b	224,23
000001df 11          302 	.data.b	17
000001e0 04          303 	.data.b	4
000001e1 03          304 	.data.b	3
000001e2 17ef        305 	.data.b	239,23
000001e4 11          306 	.data.b	17
000001e5 04          307 	.data.b	4
000001e6 03          308 	.data.b	3
000001e7 17f4        309 	.data.b	244,23
000001e9 11          310 	.data.b	17
000001ea 04          311 	.data.b	4
000001eb 03          312 	.data.b	3
000001ec 1883        313 	.data.b	131,24
000001ee 11          314 	.data.b	17
000001ef 04          315 	.data.b	4
000001f0 03          316 	.data.b	3
000001f1 1888        317 	.data.b	136,24
000001f3 11          318 	.data.b	17
000001f4 04          319 	.data.b	4
000001f5 03          320 	.data.b	3
000001f6 189a        321 	.data.b	154,24
000001f8 11          322 	.data.b	17
000001f9 04          323 	.data.b	4
000001fa 03          324 	.data.b	3
000001fb 189f        325 	.data.b	159,24
000001fd 11          326 	.data.b	17
000001fe 04          327 	.data.b	4
000001ff 03          328 	.data.b	3
00000200 18ab        329 	.data.b	171,24
00000202 11          330 	.data.b	17

                                                                      Page 10
                                                              C:\Users\Fengyuan\AppData\Local\Temp\gh_0000ta01.s
00000203 04          331 	.data.b	4
00000204 03          332 	.data.b	3
00000205 18b0        333 	.data.b	176,24
00000207 11          334 	.data.b	17
00000208 04          335 	.data.b	4
00000209 03          336 	.data.b	3
0000020a 18c3        337 	.data.b	195,24
0000020c 11          338 	.data.b	17
0000020d 04          339 	.data.b	4
0000020e 03          340 	.data.b	3
0000020f 18c8        341 	.data.b	200,24
00000211 11          342 	.data.b	17
00000212 04          343 	.data.b	4
00000213 03          344 	.data.b	3
00000214 18d4        345 	.data.b	212,24
00000216 11          346 	.data.b	17
00000217 04          347 	.data.b	4
00000218 03          348 	.data.b	3
00000219 18d9        349 	.data.b	217,24
0000021b 11          350 	.data.b	17
0000021c 04          351 	.data.b	4
0000021d 03          352 	.data.b	3
0000021e 18e5        353 	.data.b	229,24
00000220 11          354 	.data.b	17
00000221 04          355 	.data.b	4
00000222 03          356 	.data.b	3
00000223 18ea        357 	.data.b	234,24
00000225 11          358 	.data.b	17
00000226 04          359 	.data.b	4
00000227 03          360 	.data.b	3
00000228 18f6        361 	.data.b	246,24
0000022a 11          362 	.data.b	17
0000022b 04          363 	.data.b	4
0000022c 03          364 	.data.b	3
0000022d 18fb        365 	.data.b	251,24
0000022f 11          366 	.data.b	17
00000230 04          367 	.data.b	4
00000231 03          368 	.data.b	3
00000232 1987        369 	.data.b	135,25
00000234 11          370 	.data.b	17
00000235 04          371 	.data.b	4
00000236 03          372 	.data.b	3
00000237 198c        373 	.data.b	140,25
00000239 11          374 	.data.b	17
0000023a 04          375 	.data.b	4
0000023b 03          376 	.data.b	3
0000023c 1994        377 	.data.b	148,25
0000023e 11          378 	.data.b	17
0000023f 04          379 	.data.b	4
00000240 03          380 	.data.b	3
00000241 1999        381 	.data.b	153,25
00000243 11          382 	.data.b	17
00000244 04          383 	.data.b	4
00000245 03          384 	.data.b	3
00000246 19a5        385 	.data.b	165,25
00000248 11          386 	.data.b	17
00000249 04          387 	.data.b	4
0000024a 03          388 	.data.b	3
0000024b 19aa        389 	.data.b	170,25
0000024d 11          390 	.data.b	17
0000024e 04          391 	.data.b	4

                                                                      Page 11
                                                              C:\Users\Fengyuan\AppData\Local\Temp\gh_0000ta01.s
0000024f 03          392 	.data.b	3
00000250 19b6        393 	.data.b	182,25
00000252 11          394 	.data.b	17
00000253 04          395 	.data.b	4
00000254 03          396 	.data.b	3
00000255 19bb        397 	.data.b	187,25
00000257 11          398 	.data.b	17
00000258 04          399 	.data.b	4
00000259 03          400 	.data.b	3
0000025a 19c7        401 	.data.b	199,25
0000025c 11          402 	.data.b	17
0000025d 04          403 	.data.b	4
0000025e 03          404 	.data.b	3
0000025f 19cc        405 	.data.b	204,25
00000261 11          406 	.data.b	17
00000262 04          407 	.data.b	4
00000263 03          408 	.data.b	3
00000264 19d8        409 	.data.b	216,25
00000266 11          410 	.data.b	17
00000267 04          411 	.data.b	4
00000268 03          412 	.data.b	3
00000269 19dd        413 	.data.b	221,25
0000026b 11          414 	.data.b	17
0000026c 04          415 	.data.b	4
0000026d 03          416 	.data.b	3
0000026e 19e5        417 	.data.b	229,25
00000270 11          418 	.data.b	17
00000271 04          419 	.data.b	4
00000272 03          420 	.data.b	3
00000273 19ea        421 	.data.b	234,25
00000275 11          422 	.data.b	17
00000276 04          423 	.data.b	4
00000277 03          424 	.data.b	3
00000278 19f6        425 	.data.b	246,25
0000027a 11          426 	.data.b	17
0000027b 04          427 	.data.b	4
0000027c 03          428 	.data.b	3
0000027d 19fb        429 	.data.b	251,25
0000027f 11          430 	.data.b	17
00000280 04          431 	.data.b	4
00000281 03          432 	.data.b	3
00000282 1a83        433 	.data.b	131,26
00000284 11          434 	.data.b	17
00000285 04          435 	.data.b	4
00000286 03          436 	.data.b	3
00000287 1a88        437 	.data.b	136,26
00000289 11          438 	.data.b	17
0000028a 04          439 	.data.b	4
0000028b 03          440 	.data.b	3
0000028c 1a90        441 	.data.b	144,26
0000028e 11          442 	.data.b	17
0000028f 04          443 	.data.b	4
00000290 03          444 	.data.b	3
00000291 1a95        445 	.data.b	149,26
00000293 11          446 	.data.b	17
00000294 04          447 	.data.b	4
00000295 03          448 	.data.b	3
00000296 1aa1        449 	.data.b	161,26
00000298 11          450 	.data.b	17
00000299 04          451 	.data.b	4
0000029a 03          452 	.data.b	3

                                                                      Page 12
                                                              C:\Users\Fengyuan\AppData\Local\Temp\gh_0000ta01.s
0000029b 1aa6        453 	.data.b	166,26
0000029d 11          454 	.data.b	17
0000029e 04          455 	.data.b	4
0000029f 03          456 	.data.b	3
000002a0 1ab2        457 	.data.b	178,26
000002a2 11          458 	.data.b	17
000002a3 04          459 	.data.b	4
000002a4 03          460 	.data.b	3
000002a5 1ab7        461 	.data.b	183,26
000002a7 11          462 	.data.b	17
000002a8 04          463 	.data.b	4
000002a9 03          464 	.data.b	3
000002aa 1ac3        465 	.data.b	195,26
000002ac 11          466 	.data.b	17
000002ad 04          467 	.data.b	4
000002ae 03          468 	.data.b	3
000002af 1ac8        469 	.data.b	200,26
000002b1 11          470 	.data.b	17
000002b2 04          471 	.data.b	4
000002b3 03          472 	.data.b	3
000002b4 1ad4        473 	.data.b	212,26
000002b6 11          474 	.data.b	17
000002b7 04          475 	.data.b	4
000002b8 03          476 	.data.b	3
000002b9 1ad9        477 	.data.b	217,26
000002bb 11          478 	.data.b	17
000002bc 04          479 	.data.b	4
000002bd 03          480 	.data.b	3
000002be 1ae1        481 	.data.b	225,26
000002c0 11          482 	.data.b	17
000002c1 04          483 	.data.b	4
000002c2 03          484 	.data.b	3
000002c3 1ae6        485 	.data.b	230,26
000002c5 11          486 	.data.b	17
000002c6 04          487 	.data.b	4
000002c7 03          488 	.data.b	3
000002c8 1aee        489 	.data.b	238,26
000002ca 11          490 	.data.b	17
000002cb 04          491 	.data.b	4
000002cc 03          492 	.data.b	3
000002cd 1af3        493 	.data.b	243,26
000002cf 11          494 	.data.b	17
000002d0 04          495 	.data.b	4
000002d1 03          496 	.data.b	3
000002d2 1afb        497 	.data.b	251,26
000002d4 11          498 	.data.b	17
000002d5 04          499 	.data.b	4
000002d6 03          500 	.data.b	3
000002d7 1b80        501 	.data.b	128,27
000002d9 11          502 	.data.b	17
000002da 04          503 	.data.b	4
000002db 03          504 	.data.b	3
000002dc 1b8c        505 	.data.b	140,27
000002de 11          506 	.data.b	17
000002df 04          507 	.data.b	4
000002e0 03          508 	.data.b	3
000002e1 1b91        509 	.data.b	145,27
000002e3 11          510 	.data.b	17
000002e4 04          511 	.data.b	4
000002e5 03          512 	.data.b	3
000002e6 1b99        513 	.data.b	153,27

                                                                      Page 13
                                                              C:\Users\Fengyuan\AppData\Local\Temp\gh_0000ta01.s
000002e8 11          514 	.data.b	17
000002e9 04          515 	.data.b	4
000002ea 03          516 	.data.b	3
000002eb 1b9e        517 	.data.b	158,27
000002ed 11          518 	.data.b	17
000002ee 04          519 	.data.b	4
000002ef 03          520 	.data.b	3
000002f0 1baa        521 	.data.b	170,27
000002f2 11          522 	.data.b	17
000002f3 04          523 	.data.b	4
000002f4 03          524 	.data.b	3
000002f5 1baf        525 	.data.b	175,27
000002f7 11          526 	.data.b	17
000002f8 04          527 	.data.b	4
000002f9 04          528 	.data.b	4
000002fa 03          529 	.data.b	3
000002fb 2c          530 	.data.b	44
000002fc 14          531 	.data.b	20
000002fd 03          532 	.data.b	3
000002fe 3e          533 	.data.b	62
000002ff 11          534 	.data.b	17
00000300 04          535 	.data.b	4
00000301 03          536 	.data.b	3
00000302 61          537 	.data.b	97
00000303 11          538 	.data.b	17
00000304 04          539 	.data.b	4
00000305 04          540 	.data.b	4
00000306 04          541 	.data.b	4
00000307 00          542 	.data.b	0
                     543 	.section	.debug_abbrev
00000017 00          544 	.data.b	0
                     545 	.section	.debug_info
                     546 .Ldw_end:
