                                                                      Page 1
                                                              C:\Users\Fengyuan\AppData\Local\Temp\gh_00010p81.s
Command Line: C:\ghs\comp_201714\asarm.exe -elf -b0 -I../../../bsw/../thirdparty/mcal_s32k/supply/s32k14x_mcal4_2_rtm_hf3_1_0_1/eclipse/plugins/base_ts_t40d2m10i1r0/include -I../../../bsw/../thirdparty/mcal_s32k/supply/s32k14x_mcal4_2_rtm_hf3_1_0_1/eclipse/plugins/dio_ts_t40d2m10i1r0/include -I../../../bsw/../thirdparty/mcal_s32k/supply/s32k14x_mcal4_2_rtm_hf3_1_0_1/eclipse/plugins/mcu_ts_t40d2m10i1r0/include -I../../../bsw/../thirdparty/mcal_s32k/supply/s32k14x_mcal4_2_rtm_hf3_1_0_1/eclipse/plugins/port_ts_t40d2m10i1r0/include -I../../../bsw/../thirdparty/mcal_s32k/supply/s32k14x_mcal4_2_rtm_hf3_1_0_1/eclipse/plugins/spi_ts_t40d2m10i1r0/include -I../../../bsw/_common -I../../../bsw/bswm -I../../../bsw/can -I../../../bsw/canif -I../../../bsw/cansm -I../../../bsw/cantp -I../../../bsw/com -I../../../bsw/comm -I../../../bsw/dcm -I../../../bsw/dem -I../../../bsw/det -I../../../bsw/ecum -I../../../bsw/gendata -I../../../bsw/iohwab -I../../../bsw/mcal_s32k -I../../../bsw/os -I../../../bsw/pdur -I../../../bsw/vstdlib -I./shared/zbrs_armcommon -I./shared/zbrs_asrembeddedruntimesystemcfg5 -I./shared/zbrs_s32arm -Ic:/ghs/comp_201714/ansi -Ic:/ghs/comp_201714/include/arm -Igendata -Igendata/components -Igendata/include -Iinclude -IC:\ghs\comp_201714\lib\thumb2 -cpu=cortexm4 -fpu=soft -patch_dbo=C:\Vector\CBD1800257_D01_S32K1xx\Applications\S32K144_Start_new\Appl\obj\ComM_PBcfg.dbo -source=ComM_PBcfg.c -o obj\gh_00010p81.o -list=lst/ComM_PBcfg.lst C:\Users\Fengyuan\AppData\Local\Temp\gh_00010p81.s 
Original File: C:\Users\Fengyuan\AppData\Local\Temp\gh_00010p81.s
Source File: ComM_PBcfg.c
Directory: C:\Vector\CBD1800257_D01_S32K1xx\Applications\S32K144_Start_new\Appl
Host OS: Windows
EASE: Copyright (C) 1983-2016 Green Hills Software.  All Rights Reserved.
Release: Compiler v2017.1.4
Build Directory: [Directory] COMP-VAL-WIN47:l:/compiler/release-branch-2017-1-comp/build/v2017.1-2017-04-09/win32-comp-ecom
Revision: [VCInfo] http://toolsvc/branches/release-branch-2017-1-comp/src@589570 (built by auto-compiler)
Revision Date: Mon Apr 10 10:52:57 2017

Release Date: Mon Apr 10 08:00:05 2017

                       1 ;Driver Command: ccarm -DBRS_DERIVATIVE_S32K144 -DBRS_OSC_CLK=8
                       2 ;		-DBRS_TIMEBASE_CLOCK=96 -DBRS_OS_USECASE_OSGEN7 -DBRS_EVA_BOARD_
                       3 ;		-DBRS_PROGRAM_CODE_LOCATION_FLASH
                       4 ;		-DBRS_VECTOR_TABLE_LOCATION_FLASH -DBRS_CPU_CORE_CORTEX_M4
                       5 ;		-DBRS_STACK_SIZE=0xC800 -DBRS_PLATFORM_ARM -DBRS_COMP_GHS
                       6 ;		-DBRS_INSTRUCTION_SET_ARM -DBRS_OPTIONBYTES_ADR=1
                       7 ;		-DBRS_RAM_ETH_SIZE=0 -DBRS_RAM_ETH_MAPPING=0
                       8 ;		-DBRS_RAM_SIZE=0x0000F000 -DBRS_RAM_MAPPING=0x1FFF8000 -c
                       9 ;		-object_dir=obj -list=lst/ComM_PBcfg.lst --diag_suppress=1
                      10 ;		-cpu=cortexm4 -noobj --long_long -g -dual_debug -farcalls -dwarf2
                      11 ;		-no_misalign_pack -nostartfiles -act_like=2015.1
                      12 ;		-pragma_asm_inline -thumb -thumb_lib -Osize -object_dir= -e
                      13 ;		Startup_Handler
                      14 ;		-I../../../bsw/../thirdparty/mcal_s32k/supply/s32k14x_mcal4_2_rtm_hf3_1_0_1/eclipse/plugins/base_ts_t40d2m10i1r0/include
                      15 ;		-I../../../bsw/../thirdparty/mcal_s32k/supply/s32k14x_mcal4_2_rtm_hf3_1_0_1/eclipse/plugins/dio_ts_t40d2m10i1r0/include
                      16 ;		-I../../../bsw/../thirdparty/mcal_s32k/supply/s32k14x_mcal4_2_rtm_hf3_1_0_1/eclipse/plugins/mcu_ts_t40d2m10i1r0/include
                      17 ;		-I../../../bsw/../thirdparty/mcal_s32k/supply/s32k14x_mcal4_2_rtm_hf3_1_0_1/eclipse/plugins/port_ts_t40d2m10i1r0/include
                      18 ;		-I../../../bsw/../thirdparty/mcal_s32k/supply/s32k14x_mcal4_2_rtm_hf3_1_0_1/eclipse/plugins/spi_ts_t40d2m10i1r0/include
                      19 ;		-I../../../bsw/_common -I../../../bsw/bswm -I../../../bsw/can
                      20 ;		-I../../../bsw/canif -I../../../bsw/cansm -I../../../bsw/cantp
                      21 ;		-I../../../bsw/com -I../../../bsw/comm -I../../../bsw/dcm
                      22 ;		-I../../../bsw/dem -I../../../bsw/det -I../../../bsw/ecum
                      23 ;		-I../../../bsw/gendata -I../../../bsw/iohwab
                      24 ;		-I../../../bsw/mcal_s32k -I../../../bsw/os -I../../../bsw/pdur
                      25 ;		-I../../../bsw/vstdlib -I./shared/zbrs_armcommon
                      26 ;		-I./shared/zbrs_asrembeddedruntimesystemcfg5
                      27 ;		-I./shared/zbrs_s32arm -Ic:/ghs/comp_201714/ansi
                      28 ;		-Ic:/ghs/comp_201714/include/arm -Igendata -Igendata/components
                      29 ;		-Igendata/include -Iinclude GenData/ComM_PBcfg.c
                      30 ;Source File:   GenData/ComM_PBcfg.c
                      31 ;Directory:     
                      32 ;		C:\Vector\CBD1800257_D01_S32K1xx\Applications\S32K144_Start_new\Appl
                      33 ;Compile Date:  Fri Jun 18 09:57:12 2021
                      34 ;Host OS:       Win32
                      35 ;Version:       C-ARM 2017.1.4 RELEASE VERSION
                      36 ;Release:       Compiler v2017.1.4
                      37 ;Revision Date: Tue Apr 11 01:37:22 2017
                      38 ;Release Date:  Mon Apr 10 08:00:05 2017
                      39 ; ecom  -g -w -OMS
                      40 
                      41 	.ghsnote info, 19, 3, 640
                      42 	.text
                      43 ..bof.C.3A.5CVector.5CCBD1800257_D01_S32K1xx.5CApplications.5CS32K144_Start_new.5CAppl.5Cobj.5CComM_PBcfg...43.3A.5CVector.5CCBD1800257_D01_S32K1xx.5CApplications.5CS32K144_Start_new.5CAppl..60CBFD78..0::
                      44 ..eof.C.3A.5CVector.5CCBD1800257_D01_S32K1xx.5CApplications.5CS32K144_Start_new.5CAppl.5Cobj.5CComM_PBcfg...43.3A.5CVector.5CCBD1800257_D01_S32K1xx.5CApplications.5CS32K144_Start_new.5CAppl..60CBFD78..0::
                      45 	.section	.debug_info
                      46 .Ldw_begin:
00000000 00000000*    47 	.data.w	.Ldw_end-.Ldw_begin-4
00000004 0002         48 	.data.b	2,0
00000006 00000000*    49 	.data.w	.Ldw_abbr_begin
0000000a 04           50 	.data.b	4

                                                                      Page 2
                                                              C:\Users\Fengyuan\AppData\Local\Temp\gh_00010p81.s
                      51 	.section	.debug_abbrev
                      52 .Ldw_abbr_begin:
                      53 	.section	.debug_info
0000000b 01           54 	.data.b	1
0000000c 00000000*    55 	.data.w	..bof.C.3A.5CVector.5CCBD1800257_D01_S32K1xx.5CApplications.5CS32K144_Start_new.5CAppl.5Cobj.5CComM_PBcfg...43.3A.5CVector.5CCBD1800257_D01_S32K1xx.5CApplications.5CS32K144_Start_new.5CAppl..60CBFD78..0
00000010 00000000*    56 	.data.w	..eof.C.3A.5CVector.5CCBD1800257_D01_S32K1xx.5CApplications.5CS32K144_Start_new.5CAppl.5Cobj.5CComM_PBcfg...43.3A.5CVector.5CCBD1800257_D01_S32K1xx.5CApplications.5CS32K144_Start_new.5CAppl..60CBFD78..0
00000014 446e6547     57 	.data.b	71,101,110,68,97,116,97,47,67,111,109,77,95,80,66,99,102,103,46,99,0
00000018 2f617461 
0000001c 4d6d6f43 
00000020 6342505f 
00000024 632e6766 
00000028 00 
00000029 565c3a43     58 	.data.b	67,58,92,86,101,99,116,111,114,92,67,66,68,49,56,48,48,50,53,55,95,68,48,49,95,83,51,50,75,49,120,120,92,65,112,112,108,105,99,97,116,105,111,110,115,92,83,51,50,75,49,52,52,95,83,116,97,114,116,95
0000002d 6f746365 
00000031 42435c72 
00000035 30383144 
00000039 37353230 
0000003d 3130445f 
00000041 3233535f 
00000045 7878314b 
00000049 7070415c 
0000004d 6163696c 
00000051 6e6f6974 
00000055 33535c73 
00000059 34314b32 
0000005d 74535f34 
00000061 5f747261 
00000065 5c77656e     59 	.data.b	110,101,119,92,65,112,112,108,0
00000069 6c707041 
0000006d 00 
0000006e 20534847     60 	.data.b	71,72,83,32,67,32,50,48,49,55,46,49,46,52,32,91,100,117,97,108,93,0
00000072 30322043 
00000076 312e3731 
0000007a 5b20342e 
0000007e 6c617564 
00000082 005d 
00000084 0001         61 	.data.b	1,0
00000086 00000000*    62 	.data.w	.Ldw_line_begin
0000008a 00000000*    63 	.data.w	.Ldw_macinfo_begin
0000008e 00           64 	.data.b	0
                      65 
                      66 	.section	.debug_abbrev
00000000 01           67 	.data.b	1
00000001 11           68 	.data.b	17
00000002 01           69 	.data.b	1
00000003 0111         70 	.data.b	17,1
00000005 0112         71 	.data.b	18,1
00000007 0803         72 	.data.b	3,8
00000009 081b         73 	.data.b	27,8
0000000b 0825         74 	.data.b	37,8
0000000d 0513         75 	.data.b	19,5
0000000f 0610         76 	.data.b	16,6
00000011 0643         77 	.data.b	67,6
00000013 0b42         78 	.data.b	66,11
00000015 0000         79 	.data.b	0,0
                      80 
                      81 	.section	.debug_line
                      82 .Ldw_line_begin:
00000000 00000000*    83 	.data.w	.Ldw_line_end-.Ldw_line_begin-4
00000004 0002         84 	.data.b	2,0
00000006 00000000*    85 	.data.w	.Ldw_lpro_end-.Ldw_lpro_begin

                                                                      Page 3
                                                              C:\Users\Fengyuan\AppData\Local\Temp\gh_00010p81.s
                      86 .Ldw_lpro_begin:
0000000a 01           87 	.data.b	1
0000000b 00           88 	.data.b	0
0000000c 00           89 	.data.b	0
0000000d 04           90 	.data.b	4
0000000e 0a           91 	.data.b	10
0000000f 010100       92 	.data.b	0,1,1
00000012 000101       93 	.data.b	1,1,0
00000015 010000       94 	.data.b	0,0,1
00000018 00           95 	.data.b	0
00000019 446e6547     96 	.data.b	71,101,110,68,97,116,97,47,67,111,109,77,95,80,66,99,102,103,46,99,0
0000001d 2f617461 
00000021 4d6d6f43 
00000025 6342505f 
00000029 632e6766 
0000002d 00 
0000002e 000000       97 	.data.b	0,0,0
00000031 446e6547     98 	.data.b	71,101,110,68,97,116,97,47,67,111,109,77,95,80,66,99,102,103,46,104,0
00000035 2f617461 
00000039 4d6d6f43 
0000003d 6342505f 
00000041 682e6766 
00000045 00 
00000046 000000       99 	.data.b	0,0,0
00000049 446e6547    100 	.data.b	71,101,110,68,97,116,97,47,67,111,109,77,95,67,102,103,46,104,0
0000004d 2f617461 
00000051 4d6d6f43 
00000055 6766435f 
00000059 00682e 
0000005c 000000      101 	.data.b	0,0,0
0000005f 2e2f2e2e    102 	.data.b	46,46,47,46,46,47,46,46,47,98,115,119,47,99,111,109,109,47,67,111,109,77,95,84,121,112,101,115,46,104,0
00000063 2e2e2f2e 
00000067 7773622f 
0000006b 6d6f632f 
0000006f 6f432f6d 
00000073 545f4d6d 
00000077 73657079 
0000007b 00682e 
0000007e 000000      103 	.data.b	0,0,0
00000081 2e2f2e2e    104 	.data.b	46,46,47,46,46,47,46,46,47,98,115,119,47,95,99,111,109,109,111,110,47,67,111,109,83,116,97,99,107,95,84,121,112,101,115,46,104,0
00000085 2e2e2f2e 
00000089 7773622f 
0000008d 6f635f2f 
00000091 6e6f6d6d 
00000095 6d6f432f 
00000099 63617453 
0000009d 79545f6b 
000000a1 2e736570 
000000a5 0068 
000000a7 000000      105 	.data.b	0,0,0
000000aa 2e2f2e2e    106 	.data.b	46,46,47,46,46,47,46,46,47,98,115,119,47,95,99,111,109,109,111,110,47,83,116,100,95,84,121,112,101,115,46,104,0
000000ae 2e2e2f2e 
000000b2 7773622f 
000000b6 6f635f2f 
000000ba 6e6f6d6d 
000000be 6474532f 
000000c2 7079545f 
000000c6 682e7365 
000000ca 00 
000000cb 000000      107 	.data.b	0,0,0
000000ce 2e2f2e2e    108 	.data.b	46,46,47,46,46,47,46,46,47,98,115,119,47,95,99,111,109,109,111,110,47,80,108,97,116,102,111,114,109,95,84,121,112,101,115,46,104,0

                                                                      Page 4
                                                              C:\Users\Fengyuan\AppData\Local\Temp\gh_00010p81.s
000000d2 2e2e2f2e 
000000d6 7773622f 
000000da 6f635f2f 
000000de 6e6f6d6d 
000000e2 616c502f 
000000e6 726f6674 
000000ea 79545f6d 
000000ee 2e736570 
000000f2 0068 
000000f4 000000      109 	.data.b	0,0,0
000000f7 2e2f2e2e    110 	.data.b	46,46,47,46,46,47,46,46,47,98,115,119,47,95,99,111,109,109,111,110,47,67,111,109,112,105,108,101,114,46,104,0
000000fb 2e2e2f2e 
000000ff 7773622f 
00000103 6f635f2f 
00000107 6e6f6d6d 
0000010b 6d6f432f 
0000010f 656c6970 
00000113 00682e72 
00000117 000000      111 	.data.b	0,0,0
0000011a 6c636e69    112 	.data.b	105,110,99,108,117,100,101,92,67,111,109,112,105,108,101,114,95,67,102,103,46,104,0
0000011e 5c656475 
00000122 706d6f43 
00000126 72656c69 
0000012a 6766435f 
0000012e 00682e 
00000131 000000      113 	.data.b	0,0,0
00000134 646e6567    114 	.data.b	103,101,110,100,97,116,97,92,82,116,101,95,67,111,109,112,105,108,101,114,95,67,102,103,46,104,0
00000138 5c617461 
0000013c 5f657452 
00000140 706d6f43 
00000144 72656c69 
00000148 6766435f 
0000014c 00682e 
0000014f 000000      115 	.data.b	0,0,0
00000152 6c636e69    116 	.data.b	105,110,99,108,117,100,101,92,67,100,100,95,84,112,95,67,111,109,112,105,108,101,114,95,67,102,103,46,104,0
00000156 5c656475 
0000015a 5f646443 
0000015e 435f7054 
00000162 69706d6f 
00000166 5f72656c 
0000016a 2e676643 
0000016e 0068 
00000170 000000      117 	.data.b	0,0,0
00000173 6c636e69    118 	.data.b	105,110,99,108,117,100,101,92,67,100,100,95,67,111,109,95,67,111,109,112,105,108,101,114,95,67,102,103,46,104,0
00000177 5c656475 
0000017b 5f646443 
0000017f 5f6d6f43 
00000183 706d6f43 
00000187 72656c69 
0000018b 6766435f 
0000018f 00682e 
00000192 000000      119 	.data.b	0,0,0
00000195 646e6567    120 	.data.b	103,101,110,100,97,116,97,92,79,115,95,67,111,109,112,105,108,101,114,95,67,102,103,46,104,0
00000199 5c617461 
0000019d 435f734f 
000001a1 69706d6f 
000001a5 5f72656c 
000001a9 2e676643 
000001ad 0068 
000001af 000000      121 	.data.b	0,0,0
000001b2 646e6567    122 	.data.b	103,101,110,100,97,116,97,92,67,111,109,83,116,97,99,107,95,67,102,103,46,104,0

                                                                      Page 5
                                                              C:\Users\Fengyuan\AppData\Local\Temp\gh_00010p81.s
000001b6 5c617461 
000001ba 536d6f43 
000001be 6b636174 
000001c2 6766435f 
000001c6 00682e 
000001c9 000000      123 	.data.b	0,0,0
000001cc 646e6567    124 	.data.b	103,101,110,100,97,116,97,92,67,111,109,77,95,71,101,110,84,121,112,101,115,46,104,0
000001d0 5c617461 
000001d4 4d6d6f43 
000001d8 6e65475f 
000001dc 65707954 
000001e0 00682e73 
000001e4 000000      125 	.data.b	0,0,0
000001e7 646e6567    126 	.data.b	103,101,110,100,97,116,97,47,99,111,109,112,111,110,101,110,116,115,47,82,116,101,95,67,111,109,77,95,84,121,112,101,46,104,0
000001eb 2f617461 
000001ef 706d6f63 
000001f3 6e656e6f 
000001f7 522f7374 
000001fb 435f6574 
000001ff 5f4d6d6f 
00000203 65707954 
00000207 00682e 
0000020a 000000      127 	.data.b	0,0,0
0000020d 646e6567    128 	.data.b	103,101,110,100,97,116,97,92,82,116,101,95,84,121,112,101,46,104,0
00000211 5c617461 
00000215 5f657452 
00000219 65707954 
0000021d 00682e 
00000220 000000      129 	.data.b	0,0,0
00000223 646e6567    130 	.data.b	103,101,110,100,97,116,97,92,82,116,101,46,104,0
00000227 5c617461 
0000022b 2e657452 
0000022f 0068 
00000231 000000      131 	.data.b	0,0,0
00000234 646e6567    132 	.data.b	103,101,110,100,97,116,97,92,82,116,101,95,85,115,101,114,84,121,112,101,115,46,104,0
00000238 5c617461 
0000023c 5f657452 
00000240 72657355 
00000244 65707954 
00000248 00682e73 
0000024c 000000      133 	.data.b	0,0,0
0000024f 646e6567    134 	.data.b	103,101,110,100,97,116,97,92,82,116,101,95,68,97,116,97,72,97,110,100,108,101,84,121,112,101,46,104,0
00000253 5c617461 
00000257 5f657452 
0000025b 61746144 
0000025f 646e6148 
00000263 7954656c 
00000267 682e6570 
0000026b 00 
0000026c 000000      135 	.data.b	0,0,0
0000026f 00          136 	.data.b	0
                     137 .Ldw_lpro_end:
                     138 	.section	.debug_macinfo
                     139 .Ldw_macinfo_begin:
                     140 	.section	.debug_info
0000008f 00          141 	.data.b	0
                     142 
                     143 	.section	.debug_line
                     144 .Ldw_line_end:
                     145 	.section	.debug_macinfo
00000000 03          146 	.data.b	3

                                                                      Page 6
                                                              C:\Users\Fengyuan\AppData\Local\Temp\gh_00010p81.s
00000001 00          147 	.data.b	0
00000002 01          148 	.data.b	1
00000003 03          149 	.data.b	3
00000004 2b          150 	.data.b	43
00000005 02          151 	.data.b	2
00000006 03          152 	.data.b	3
00000007 28          153 	.data.b	40
00000008 03          154 	.data.b	3
00000009 03          155 	.data.b	3
0000000a 28          156 	.data.b	40
0000000b 04          157 	.data.b	4
0000000c 03          158 	.data.b	3
0000000d 25          159 	.data.b	37
0000000e 05          160 	.data.b	5
0000000f 03          161 	.data.b	3
00000010 4a          162 	.data.b	74
00000011 06          163 	.data.b	6
00000012 03          164 	.data.b	3
00000013 3f          165 	.data.b	63
00000014 07          166 	.data.b	7
00000015 04          167 	.data.b	4
00000016 03          168 	.data.b	3
00000017 40          169 	.data.b	64
00000018 08          170 	.data.b	8
00000019 03          171 	.data.b	3
0000001a 3e          172 	.data.b	62
0000001b 09          173 	.data.b	9
0000001c 03          174 	.data.b	3
0000001d 7f          175 	.data.b	127
0000001e 0a          176 	.data.b	10
0000001f 04          177 	.data.b	4
00000020 03          178 	.data.b	3
00000021 01d6        179 	.data.b	214,1
00000023 0b          180 	.data.b	11
00000024 04          181 	.data.b	4
00000025 03          182 	.data.b	3
00000026 01d7        183 	.data.b	215,1
00000028 0c          184 	.data.b	12
00000029 04          185 	.data.b	4
0000002a 03          186 	.data.b	3
0000002b 06c5        187 	.data.b	197,6
0000002d 0d          188 	.data.b	13
0000002e 04          189 	.data.b	4
0000002f 04          190 	.data.b	4
00000030 01          191 	.data.b	1
00000031 5b          192 	.data.b	91
00000032 4f545541    193 	.data.b	65,85,84,79,77,65,84,73,67,32,0
00000036 4954414d 
0000003a 002043 
0000003d 01          194 	.data.b	1
0000003e 5e          195 	.data.b	94
0000003f 45505954    196 	.data.b	84,89,80,69,68,69,70,32,0
00000043 20464544 
00000047 00 
00000048 01          197 	.data.b	1
00000049 7c          198 	.data.b	124
0000004a 434e5546    199 	.data.b	70,85,78,67,95,80,50,67,79,78,83,84,40,114,101,116,116,121,112,101,44,112,116,114,99,108,97,115,115,44,109,101,109,99,108,97,115,115,41,32,99,111,110,115,116,32,114,101,116,116,121,112,101,42,0
0000004e 4332505f 
00000052 54534e4f 
00000056 74657228 
0000005a 65707974 

                                                                      Page 7
                                                              C:\Users\Fengyuan\AppData\Local\Temp\gh_00010p81.s
0000005e 7274702c 
00000062 73616c63 
00000066 656d2c73 
0000006a 616c636d 
0000006e 20297373 
00000072 736e6f63 
00000076 65722074 
0000007a 70797474 
0000007e 002a65 
00000081 01          200 	.data.b	1
00000082 018a        201 	.data.b	138,1
00000084 41563250    202 	.data.b	80,50,86,65,82,40,112,116,114,116,121,112,101,44,109,101,109,99,108,97,115,115,44,112,116,114,99,108,97,115,115,41,32,112,116,114,116,121,112,101,42,0
00000088 74702852 
0000008c 70797472 
00000090 656d2c65 
00000094 616c636d 
00000098 702c7373 
0000009c 6c637274 
000000a0 29737361 
000000a4 72747020 
000000a8 65707974 
000000ac 002a 
000000ae 04          203 	.data.b	4
000000af 04          204 	.data.b	4
000000b0 03          205 	.data.b	3
000000b1 4c          206 	.data.b	76
000000b2 0e          207 	.data.b	14
000000b3 04          208 	.data.b	4
000000b4 01          209 	.data.b	1
000000b5 5a          210 	.data.b	90
000000b6 534d4f43    211 	.data.b	67,79,77,83,84,65,67,75,84,89,80,69,95,65,82,95,82,69,76,69,65,83,69,95,82,69,86,73,83,73,79,78,95,86,69,82,83,73,79,78,32,40,51,117,41,0
000000ba 4b434154 
000000be 45505954 
000000c2 5f52415f 
000000c6 454c4552 
000000ca 5f455341 
000000ce 49564552 
000000d2 4e4f4953 
000000d6 5245565f 
000000da 4e4f4953 
000000de 75332820 
000000e2 0029 
000000e4 04          212 	.data.b	4
000000e5 03          213 	.data.b	3
000000e6 26          214 	.data.b	38
000000e7 0f          215 	.data.b	15
000000e8 03          216 	.data.b	3
000000e9 29          217 	.data.b	41
000000ea 10          218 	.data.b	16
000000eb 03          219 	.data.b	3
000000ec 1f          220 	.data.b	31
000000ed 11          221 	.data.b	17
000000ee 03          222 	.data.b	3
000000ef 1a          223 	.data.b	26
000000f0 12          224 	.data.b	18
000000f1 03          225 	.data.b	3
000000f2 28          226 	.data.b	40
000000f3 13          227 	.data.b	19
000000f4 04          228 	.data.b	4
000000f5 04          229 	.data.b	4
000000f6 03          230 	.data.b	3

                                                                      Page 8
                                                              C:\Users\Fengyuan\AppData\Local\Temp\gh_00010p81.s
000000f7 01c4        231 	.data.b	196,1
000000f9 14          232 	.data.b	20
000000fa 04          233 	.data.b	4
000000fb 04          234 	.data.b	4
000000fc 04          235 	.data.b	4
000000fd 04          236 	.data.b	4
000000fe 04          237 	.data.b	4
000000ff 04          238 	.data.b	4
00000100 04          239 	.data.b	4
00000101 04          240 	.data.b	4
00000102 00          241 	.data.b	0
                     242 	.section	.debug_abbrev
00000017 00          243 	.data.b	0
                     244 	.section	.debug_info
                     245 .Ldw_end:
