                                                                      Page 1
                                                              C:\Users\Fengyuan\AppData\Local\Temp\gh_00007hg1.s
Command Line: C:\ghs\comp_201714\asarm.exe -elf -b0 -I../../../bsw/../thirdparty/mcal_s32k/supply/s32k14x_mcal4_2_rtm_hf3_1_0_1/eclipse/plugins/base_ts_t40d2m10i1r0/include -I../../../bsw/../thirdparty/mcal_s32k/supply/s32k14x_mcal4_2_rtm_hf3_1_0_1/eclipse/plugins/dio_ts_t40d2m10i1r0/include -I../../../bsw/../thirdparty/mcal_s32k/supply/s32k14x_mcal4_2_rtm_hf3_1_0_1/eclipse/plugins/mcu_ts_t40d2m10i1r0/include -I../../../bsw/../thirdparty/mcal_s32k/supply/s32k14x_mcal4_2_rtm_hf3_1_0_1/eclipse/plugins/port_ts_t40d2m10i1r0/include -I../../../bsw/../thirdparty/mcal_s32k/supply/s32k14x_mcal4_2_rtm_hf3_1_0_1/eclipse/plugins/spi_ts_t40d2m10i1r0/include -I../../../bsw/_common -I../../../bsw/bswm -I../../../bsw/can -I../../../bsw/canif -I../../../bsw/cansm -I../../../bsw/cantp -I../../../bsw/com -I../../../bsw/comm -I../../../bsw/dcm -I../../../bsw/dem -I../../../bsw/det -I../../../bsw/ecum -I../../../bsw/gendata -I../../../bsw/iohwab -I../../../bsw/mcal_s32k -I../../../bsw/os -I../../../bsw/pdur -I../../../bsw/vstdlib -I./shared/zbrs_armcommon -I./shared/zbrs_asrembeddedruntimesystemcfg5 -I./shared/zbrs_s32arm -Ic:/ghs/comp_201714/ansi -Ic:/ghs/comp_201714/include/arm -Igendata -Igendata/components -Igendata/include -Iinclude -IC:\ghs\comp_201714\lib\thumb2 -cpu=cortexm4 -fpu=soft -patch_dbo=C:\Vector\CBD1800257_D01_S32K1xx\Applications\S32K144_Start_new\Appl\obj\Det_Cfg.dbo -source=Det_Cfg.c -o obj\gh_00007hg1.o -list=lst/Det_Cfg.lst C:\Users\Fengyuan\AppData\Local\Temp\gh_00007hg1.s 
Original File: C:\Users\Fengyuan\AppData\Local\Temp\gh_00007hg1.s
Source File: Det_Cfg.c
Directory: C:\Vector\CBD1800257_D01_S32K1xx\Applications\S32K144_Start_new\Appl
Host OS: Windows
EASE: Copyright (C) 1983-2016 Green Hills Software.  All Rights Reserved.
Release: Compiler v2017.1.4
Build Directory: [Directory] COMP-VAL-WIN47:l:/compiler/release-branch-2017-1-comp/build/v2017.1-2017-04-09/win32-comp-ecom
Revision: [VCInfo] http://toolsvc/branches/release-branch-2017-1-comp/src@589570 (built by auto-compiler)
Revision Date: Mon Apr 10 10:52:57 2017

Release Date: Mon Apr 10 08:00:05 2017

                       1 ;Driver Command: ccarm -DBRS_DERIVATIVE_S32K144 -DBRS_OSC_CLK=8
                       2 ;		-DBRS_TIMEBASE_CLOCK=96 -DBRS_OS_USECASE_OSGEN7 -DBRS_EVA_BOARD_
                       3 ;		-DBRS_PROGRAM_CODE_LOCATION_FLASH
                       4 ;		-DBRS_VECTOR_TABLE_LOCATION_FLASH -DBRS_CPU_CORE_CORTEX_M4
                       5 ;		-DBRS_STACK_SIZE=0xC800 -DBRS_PLATFORM_ARM -DBRS_COMP_GHS
                       6 ;		-DBRS_INSTRUCTION_SET_ARM -DBRS_OPTIONBYTES_ADR=1
                       7 ;		-DBRS_RAM_ETH_SIZE=0 -DBRS_RAM_ETH_MAPPING=0
                       8 ;		-DBRS_RAM_SIZE=0x0000F000 -DBRS_RAM_MAPPING=0x1FFF8000 -c
                       9 ;		-object_dir=obj -list=lst/Det_Cfg.lst --diag_suppress=1
                      10 ;		-cpu=cortexm4 -noobj --long_long -g -dual_debug -farcalls -dwarf2
                      11 ;		-no_misalign_pack -nostartfiles -act_like=2015.1
                      12 ;		-pragma_asm_inline -thumb -thumb_lib -Osize -object_dir= -e
                      13 ;		Startup_Handler
                      14 ;		-I../../../bsw/../thirdparty/mcal_s32k/supply/s32k14x_mcal4_2_rtm_hf3_1_0_1/eclipse/plugins/base_ts_t40d2m10i1r0/include
                      15 ;		-I../../../bsw/../thirdparty/mcal_s32k/supply/s32k14x_mcal4_2_rtm_hf3_1_0_1/eclipse/plugins/dio_ts_t40d2m10i1r0/include
                      16 ;		-I../../../bsw/../thirdparty/mcal_s32k/supply/s32k14x_mcal4_2_rtm_hf3_1_0_1/eclipse/plugins/mcu_ts_t40d2m10i1r0/include
                      17 ;		-I../../../bsw/../thirdparty/mcal_s32k/supply/s32k14x_mcal4_2_rtm_hf3_1_0_1/eclipse/plugins/port_ts_t40d2m10i1r0/include
                      18 ;		-I../../../bsw/../thirdparty/mcal_s32k/supply/s32k14x_mcal4_2_rtm_hf3_1_0_1/eclipse/plugins/spi_ts_t40d2m10i1r0/include
                      19 ;		-I../../../bsw/_common -I../../../bsw/bswm -I../../../bsw/can
                      20 ;		-I../../../bsw/canif -I../../../bsw/cansm -I../../../bsw/cantp
                      21 ;		-I../../../bsw/com -I../../../bsw/comm -I../../../bsw/dcm
                      22 ;		-I../../../bsw/dem -I../../../bsw/det -I../../../bsw/ecum
                      23 ;		-I../../../bsw/gendata -I../../../bsw/iohwab
                      24 ;		-I../../../bsw/mcal_s32k -I../../../bsw/os -I../../../bsw/pdur
                      25 ;		-I../../../bsw/vstdlib -I./shared/zbrs_armcommon
                      26 ;		-I./shared/zbrs_asrembeddedruntimesystemcfg5
                      27 ;		-I./shared/zbrs_s32arm -Ic:/ghs/comp_201714/ansi
                      28 ;		-Ic:/ghs/comp_201714/include/arm -Igendata -Igendata/components
                      29 ;		-Igendata/include -Iinclude GenData/Det_Cfg.c
                      30 ;Source File:   GenData/Det_Cfg.c
                      31 ;Directory:     
                      32 ;		C:\Vector\CBD1800257_D01_S32K1xx\Applications\S32K144_Start_new\Appl
                      33 ;Compile Date:  Fri Jun 18 09:57:32 2021
                      34 ;Host OS:       Win32
                      35 ;Version:       C-ARM 2017.1.4 RELEASE VERSION
                      36 ;Release:       Compiler v2017.1.4
                      37 ;Revision Date: Tue Apr 11 01:37:22 2017
                      38 ;Release Date:  Mon Apr 10 08:00:05 2017
                      39 ; ecom  -g -w -OMS
                      40 
                      41 	.ghsnote info, 19, 3, 640
                      42 	.text
                      43 ..bof.C.3A.5CVector.5CCBD1800257_D01_S32K1xx.5CApplications.5CS32K144_Start_new.5CAppl.5Cobj.5CDet_Cfg...43.3A.5CVector.5CCBD1800257_D01_S32K1xx.5CApplications.5CS32K144_Start_new.5CAppl..60CBFD8C..0::
                      44 ..eof.C.3A.5CVector.5CCBD1800257_D01_S32K1xx.5CApplications.5CS32K144_Start_new.5CAppl.5Cobj.5CDet_Cfg...43.3A.5CVector.5CCBD1800257_D01_S32K1xx.5CApplications.5CS32K144_Start_new.5CAppl..60CBFD8C..0::
                      45 	.section	.debug_info
                      46 .Ldw_begin:
00000000 00000000*    47 	.data.w	.Ldw_end-.Ldw_begin-4
00000004 0002         48 	.data.b	2,0
00000006 00000000*    49 	.data.w	.Ldw_abbr_begin
0000000a 04           50 	.data.b	4

                                                                      Page 2
                                                              C:\Users\Fengyuan\AppData\Local\Temp\gh_00007hg1.s
                      51 	.section	.debug_abbrev
                      52 .Ldw_abbr_begin:
                      53 	.section	.debug_info
0000000b 01           54 	.data.b	1
0000000c 00000000*    55 	.data.w	..bof.C.3A.5CVector.5CCBD1800257_D01_S32K1xx.5CApplications.5CS32K144_Start_new.5CAppl.5Cobj.5CDet_Cfg...43.3A.5CVector.5CCBD1800257_D01_S32K1xx.5CApplications.5CS32K144_Start_new.5CAppl..60CBFD8C..0
00000010 00000000*    56 	.data.w	..eof.C.3A.5CVector.5CCBD1800257_D01_S32K1xx.5CApplications.5CS32K144_Start_new.5CAppl.5Cobj.5CDet_Cfg...43.3A.5CVector.5CCBD1800257_D01_S32K1xx.5CApplications.5CS32K144_Start_new.5CAppl..60CBFD8C..0
00000014 446e6547     57 	.data.b	71,101,110,68,97,116,97,47,68,101,116,95,67,102,103,46,99,0
00000018 2f617461 
0000001c 5f746544 
00000020 2e676643 
00000024 0063 
00000026 565c3a43     58 	.data.b	67,58,92,86,101,99,116,111,114,92,67,66,68,49,56,48,48,50,53,55,95,68,48,49,95,83,51,50,75,49,120,120,92,65,112,112,108,105,99,97,116,105,111,110,115,92,83,51,50,75,49,52,52,95,83,116,97,114,116,95
0000002a 6f746365 
0000002e 42435c72 
00000032 30383144 
00000036 37353230 
0000003a 3130445f 
0000003e 3233535f 
00000042 7878314b 
00000046 7070415c 
0000004a 6163696c 
0000004e 6e6f6974 
00000052 33535c73 
00000056 34314b32 
0000005a 74535f34 
0000005e 5f747261 
00000062 5c77656e     59 	.data.b	110,101,119,92,65,112,112,108,0
00000066 6c707041 
0000006a 00 
0000006b 20534847     60 	.data.b	71,72,83,32,67,32,50,48,49,55,46,49,46,52,32,91,100,117,97,108,93,0
0000006f 30322043 
00000073 312e3731 
00000077 5b20342e 
0000007b 6c617564 
0000007f 005d 
00000081 0001         61 	.data.b	1,0
00000083 00000000*    62 	.data.w	.Ldw_line_begin
00000087 00000000*    63 	.data.w	.Ldw_macinfo_begin
0000008b 00           64 	.data.b	0
                      65 
                      66 	.section	.debug_abbrev
00000000 01           67 	.data.b	1
00000001 11           68 	.data.b	17
00000002 01           69 	.data.b	1
00000003 0111         70 	.data.b	17,1
00000005 0112         71 	.data.b	18,1
00000007 0803         72 	.data.b	3,8
00000009 081b         73 	.data.b	27,8
0000000b 0825         74 	.data.b	37,8
0000000d 0513         75 	.data.b	19,5
0000000f 0610         76 	.data.b	16,6
00000011 0643         77 	.data.b	67,6
00000013 0b42         78 	.data.b	66,11
00000015 0000         79 	.data.b	0,0
                      80 
                      81 	.section	.debug_line
                      82 .Ldw_line_begin:
00000000 00000000*    83 	.data.w	.Ldw_line_end-.Ldw_line_begin-4
00000004 0002         84 	.data.b	2,0
00000006 00000000*    85 	.data.w	.Ldw_lpro_end-.Ldw_lpro_begin
                      86 .Ldw_lpro_begin:

                                                                      Page 3
                                                              C:\Users\Fengyuan\AppData\Local\Temp\gh_00007hg1.s
0000000a 01           87 	.data.b	1
0000000b 00           88 	.data.b	0
0000000c 00           89 	.data.b	0
0000000d 04           90 	.data.b	4
0000000e 0a           91 	.data.b	10
0000000f 010100       92 	.data.b	0,1,1
00000012 000101       93 	.data.b	1,1,0
00000015 010000       94 	.data.b	0,0,1
00000018 00           95 	.data.b	0
00000019 446e6547     96 	.data.b	71,101,110,68,97,116,97,47,68,101,116,95,67,102,103,46,99,0
0000001d 2f617461 
00000021 5f746544 
00000025 2e676643 
00000029 0063 
0000002b 000000       97 	.data.b	0,0,0
0000002e 2e2f2e2e     98 	.data.b	46,46,47,46,46,47,46,46,47,98,115,119,47,100,101,116,47,68,101,116,46,104,0
00000032 2e2e2f2e 
00000036 7773622f 
0000003a 7465642f 
0000003e 7465442f 
00000042 00682e 
00000045 000000       99 	.data.b	0,0,0
00000048 2e2f2e2e    100 	.data.b	46,46,47,46,46,47,46,46,47,98,115,119,47,95,99,111,109,109,111,110,47,83,116,100,95,84,121,112,101,115,46,104,0
0000004c 2e2e2f2e 
00000050 7773622f 
00000054 6f635f2f 
00000058 6e6f6d6d 
0000005c 6474532f 
00000060 7079545f 
00000064 682e7365 
00000068 00 
00000069 000000      101 	.data.b	0,0,0
0000006c 2e2f2e2e    102 	.data.b	46,46,47,46,46,47,46,46,47,98,115,119,47,95,99,111,109,109,111,110,47,80,108,97,116,102,111,114,109,95,84,121,112,101,115,46,104,0
00000070 2e2e2f2e 
00000074 7773622f 
00000078 6f635f2f 
0000007c 6e6f6d6d 
00000080 616c502f 
00000084 726f6674 
00000088 79545f6d 
0000008c 2e736570 
00000090 0068 
00000092 000000      103 	.data.b	0,0,0
00000095 2e2f2e2e    104 	.data.b	46,46,47,46,46,47,46,46,47,98,115,119,47,95,99,111,109,109,111,110,47,67,111,109,112,105,108,101,114,46,104,0
00000099 2e2e2f2e 
0000009d 7773622f 
000000a1 6f635f2f 
000000a5 6e6f6d6d 
000000a9 6d6f432f 
000000ad 656c6970 
000000b1 00682e72 
000000b5 000000      105 	.data.b	0,0,0
000000b8 6c636e69    106 	.data.b	105,110,99,108,117,100,101,92,67,111,109,112,105,108,101,114,95,67,102,103,46,104,0
000000bc 5c656475 
000000c0 706d6f43 
000000c4 72656c69 
000000c8 6766435f 
000000cc 00682e 
000000cf 000000      107 	.data.b	0,0,0
000000d2 646e6567    108 	.data.b	103,101,110,100,97,116,97,92,82,116,101,95,67,111,109,112,105,108,101,114,95,67,102,103,46,104,0
000000d6 5c617461 

                                                                      Page 4
                                                              C:\Users\Fengyuan\AppData\Local\Temp\gh_00007hg1.s
000000da 5f657452 
000000de 706d6f43 
000000e2 72656c69 
000000e6 6766435f 
000000ea 00682e 
000000ed 000000      109 	.data.b	0,0,0
000000f0 6c636e69    110 	.data.b	105,110,99,108,117,100,101,92,67,100,100,95,84,112,95,67,111,109,112,105,108,101,114,95,67,102,103,46,104,0
000000f4 5c656475 
000000f8 5f646443 
000000fc 435f7054 
00000100 69706d6f 
00000104 5f72656c 
00000108 2e676643 
0000010c 0068 
0000010e 000000      111 	.data.b	0,0,0
00000111 6c636e69    112 	.data.b	105,110,99,108,117,100,101,92,67,100,100,95,67,111,109,95,67,111,109,112,105,108,101,114,95,67,102,103,46,104,0
00000115 5c656475 
00000119 5f646443 
0000011d 5f6d6f43 
00000121 706d6f43 
00000125 72656c69 
00000129 6766435f 
0000012d 00682e 
00000130 000000      113 	.data.b	0,0,0
00000133 646e6567    114 	.data.b	103,101,110,100,97,116,97,92,79,115,95,67,111,109,112,105,108,101,114,95,67,102,103,46,104,0
00000137 5c617461 
0000013b 435f734f 
0000013f 69706d6f 
00000143 5f72656c 
00000147 2e676643 
0000014b 0068 
0000014d 000000      115 	.data.b	0,0,0
00000150 646e6567    116 	.data.b	103,101,110,100,97,116,97,92,68,101,116,95,67,102,103,46,104,0
00000154 5c617461 
00000158 5f746544 
0000015c 2e676643 
00000160 0068 
00000162 000000      117 	.data.b	0,0,0
00000165 6c636e69    118 	.data.b	105,110,99,108,117,100,101,92,77,101,109,77,97,112,46,104,0
00000169 5c656475 
0000016d 4d6d654d 
00000171 682e7061 
00000175 00 
00000176 000000      119 	.data.b	0,0,0
00000179 00          120 	.data.b	0
                     121 .Ldw_lpro_end:
                     122 	.section	.debug_macinfo
                     123 .Ldw_macinfo_begin:
                     124 	.section	.debug_info
0000008c 00          125 	.data.b	0
                     126 
                     127 	.section	.debug_line
                     128 .Ldw_line_end:
                     129 	.section	.debug_macinfo
00000000 03          130 	.data.b	3
00000001 00          131 	.data.b	0
00000002 01          132 	.data.b	1
00000003 03          133 	.data.b	3
00000004 27          134 	.data.b	39
00000005 02          135 	.data.b	2
00000006 03          136 	.data.b	3

                                                                      Page 5
                                                              C:\Users\Fengyuan\AppData\Local\Temp\gh_00007hg1.s
00000007 4d          137 	.data.b	77
00000008 03          138 	.data.b	3
00000009 03          139 	.data.b	3
0000000a 3f          140 	.data.b	63
0000000b 04          141 	.data.b	4
0000000c 04          142 	.data.b	4
0000000d 03          143 	.data.b	3
0000000e 40          144 	.data.b	64
0000000f 05          145 	.data.b	5
00000010 03          146 	.data.b	3
00000011 3e          147 	.data.b	62
00000012 06          148 	.data.b	6
00000013 03          149 	.data.b	3
00000014 7f          150 	.data.b	127
00000015 07          151 	.data.b	7
00000016 04          152 	.data.b	4
00000017 03          153 	.data.b	3
00000018 01d6        154 	.data.b	214,1
0000001a 08          155 	.data.b	8
0000001b 04          156 	.data.b	4
0000001c 03          157 	.data.b	3
0000001d 01d7        158 	.data.b	215,1
0000001f 09          159 	.data.b	9
00000020 04          160 	.data.b	4
00000021 03          161 	.data.b	3
00000022 06c5        162 	.data.b	197,6
00000024 0a          163 	.data.b	10
00000025 04          164 	.data.b	4
00000026 04          165 	.data.b	4
00000027 01          166 	.data.b	1
00000028 75          167 	.data.b	117
00000029 434e5546    168 	.data.b	70,85,78,67,40,114,101,116,116,121,112,101,44,109,101,109,99,108,97,115,115,41,32,114,101,116,116,121,112,101,0
0000002d 74657228 
00000031 65707974 
00000035 6d656d2c 
00000039 73616c63 
0000003d 72202973 
00000041 79747465 
00000045 006570 
00000048 01          169 	.data.b	1
00000049 019f        170 	.data.b	159,1
0000004b 534e4f43    171 	.data.b	67,79,78,83,84,80,50,67,79,78,83,84,40,112,116,114,116,121,112,101,44,109,101,109,99,108,97,115,115,44,112,116,114,99,108,97,115,115,41,32,99,111,110,115,116,32,112,116,114,116,121,112,101,42,32,99,111,110,115,116
0000004f 43325054 
00000053 54534e4f 
00000057 72747028 
0000005b 65707974 
0000005f 6d656d2c 
00000063 73616c63 
00000067 74702c73 
0000006b 616c6372 
0000006f 20297373 
00000073 736e6f63 
00000077 74702074 
0000007b 70797472 
0000007f 63202a65 
00000083 74736e6f 
00000087 00          172 	.data.b	0
00000088 01          173 	.data.b	1
00000089 01a6        174 	.data.b	166,1
0000008b 55463250    175 	.data.b	80,50,70,85,78,67,40,114,101,116,116,121,112,101,44,112,116,114,99,108,97,115,115,44,102,99,116,110,97,109,101,41,32,114,101,116,116,121,112,101,32,40,42,32,102,99,116,110,97,109,101,41,0
0000008f 7228434e 

                                                                      Page 6
                                                              C:\Users\Fengyuan\AppData\Local\Temp\gh_00007hg1.s
00000093 79747465 
00000097 702c6570 
0000009b 6c637274 
0000009f 2c737361 
000000a3 6e746366 
000000a7 29656d61 
000000ab 74657220 
000000af 65707974 
000000b3 202a2820 
000000b7 6e746366 
000000bb 29656d61 
000000bf 00 
000000c0 04          176 	.data.b	4
000000c1 01          177 	.data.b	1
000000c2 6d          178 	.data.b	109
000000c3 5f445453    179 	.data.b	83,84,68,95,79,78,32,49,117,0
000000c7 31204e4f 
000000cb 0075 
000000cd 01          180 	.data.b	1
000000ce 6e          181 	.data.b	110
000000cf 5f445453    182 	.data.b	83,84,68,95,79,70,70,32,48,117,0
000000d3 2046464f 
000000d7 007530 
000000da 04          183 	.data.b	4
000000db 03          184 	.data.b	3
000000dc 4e          185 	.data.b	78
000000dd 0b          186 	.data.b	11
000000de 01          187 	.data.b	1
000000df 2b          188 	.data.b	43
000000e0 5f544544    189 	.data.b	68,69,84,95,69,78,65,66,76,69,68,32,83,84,68,95,79,78,0
000000e4 42414e45 
000000e8 2044454c 
000000ec 5f445453 
000000f0 004e4f 
000000f3 01          190 	.data.b	1
000000f4 2c          191 	.data.b	44
000000f5 5f544544    192 	.data.b	68,69,84,95,86,69,82,83,73,79,78,95,73,78,70,79,95,65,80,73,32,83,84,68,95,79,70,70,0
000000f9 53524556 
000000fd 5f4e4f49 
00000101 4f464e49 
00000105 4950415f 
00000109 44545320 
0000010d 46464f5f 
00000111 00 
00000112 01          193 	.data.b	1
00000113 2d          194 	.data.b	45
00000114 5f544544    195 	.data.b	68,69,84,95,68,69,66,85,71,95,69,78,65,66,76,69,68,32,83,84,68,95,79,70,70,0
00000118 55424544 
0000011c 4e455f47 
00000120 454c4241 
00000124 54532044 
00000128 464f5f44 
0000012c 0046 
0000012e 03          196 	.data.b	3
0000012f 0288        197 	.data.b	136,2
00000131 0c          198 	.data.b	12
00000132 04          199 	.data.b	4
00000133 03          200 	.data.b	3
00000134 028e        201 	.data.b	142,2
00000136 0c          202 	.data.b	12
00000137 04          203 	.data.b	4

                                                                      Page 7
                                                              C:\Users\Fengyuan\AppData\Local\Temp\gh_00007hg1.s
00000138 04          204 	.data.b	4
00000139 03          205 	.data.b	3
0000013a 01d5        206 	.data.b	213,1
0000013c 0c          207 	.data.b	12
0000013d 04          208 	.data.b	4
0000013e 03          209 	.data.b	3
0000013f 02d3        210 	.data.b	211,2
00000141 0c          211 	.data.b	12
00000142 04          212 	.data.b	4
00000143 04          213 	.data.b	4
00000144 04          214 	.data.b	4
00000145 00          215 	.data.b	0
                     216 	.section	.debug_abbrev
00000017 00          217 	.data.b	0
                     218 	.section	.debug_info
                     219 .Ldw_end:
