                                                                      Page 1
                                                              C:\Users\Fengyuan\AppData\Local\Temp\gh_0000uec1.s
Command Line: C:\ghs\comp_201714\asarm.exe -elf -b0 -I../../../bsw/../thirdparty/mcal_s32k/supply/s32k14x_mcal4_2_rtm_hf3_1_0_1/eclipse/plugins/base_ts_t40d2m10i1r0/include -I../../../bsw/../thirdparty/mcal_s32k/supply/s32k14x_mcal4_2_rtm_hf3_1_0_1/eclipse/plugins/dio_ts_t40d2m10i1r0/include -I../../../bsw/../thirdparty/mcal_s32k/supply/s32k14x_mcal4_2_rtm_hf3_1_0_1/eclipse/plugins/mcu_ts_t40d2m10i1r0/include -I../../../bsw/../thirdparty/mcal_s32k/supply/s32k14x_mcal4_2_rtm_hf3_1_0_1/eclipse/plugins/port_ts_t40d2m10i1r0/include -I../../../bsw/../thirdparty/mcal_s32k/supply/s32k14x_mcal4_2_rtm_hf3_1_0_1/eclipse/plugins/spi_ts_t40d2m10i1r0/include -I../../../bsw/_common -I../../../bsw/bswm -I../../../bsw/can -I../../../bsw/canif -I../../../bsw/cansm -I../../../bsw/cantp -I../../../bsw/com -I../../../bsw/comm -I../../../bsw/dcm -I../../../bsw/dem -I../../../bsw/det -I../../../bsw/ecum -I../../../bsw/gendata -I../../../bsw/iohwab -I../../../bsw/mcal_s32k -I../../../bsw/os -I../../../bsw/pdur -I../../../bsw/vstdlib -I./shared/zbrs_armcommon -I./shared/zbrs_asrembeddedruntimesystemcfg5 -I./shared/zbrs_s32arm -Ic:/ghs/comp_201714/ansi -Ic:/ghs/comp_201714/include/arm -Igendata -Igendata/components -Igendata/include -Iinclude -IC:\ghs\comp_201714\lib\thumb2 -cpu=cortexm4 -fpu=soft -patch_dbo=C:\Vector\CBD1800257_D01_S32K1xx\Applications\S32K144_Start_new\Appl\obj\EcuM_PBcfg.dbo -source=EcuM_PBcfg.c -o obj\gh_0000uec1.o -list=lst/EcuM_PBcfg.lst C:\Users\Fengyuan\AppData\Local\Temp\gh_0000uec1.s 
Original File: C:\Users\Fengyuan\AppData\Local\Temp\gh_0000uec1.s
Source File: EcuM_PBcfg.c
Directory: C:\Vector\CBD1800257_D01_S32K1xx\Applications\S32K144_Start_new\Appl
Host OS: Windows
EASE: Copyright (C) 1983-2016 Green Hills Software.  All Rights Reserved.
Release: Compiler v2017.1.4
Build Directory: [Directory] COMP-VAL-WIN47:l:/compiler/release-branch-2017-1-comp/build/v2017.1-2017-04-09/win32-comp-ecom
Revision: [VCInfo] http://toolsvc/branches/release-branch-2017-1-comp/src@589570 (built by auto-compiler)
Revision Date: Mon Apr 10 10:52:57 2017

Release Date: Mon Apr 10 08:00:05 2017

                       1 ;Driver Command: ccarm -DBRS_DERIVATIVE_S32K144 -DBRS_OSC_CLK=8
                       2 ;		-DBRS_TIMEBASE_CLOCK=96 -DBRS_OS_USECASE_OSGEN7 -DBRS_EVA_BOARD_
                       3 ;		-DBRS_PROGRAM_CODE_LOCATION_FLASH
                       4 ;		-DBRS_VECTOR_TABLE_LOCATION_FLASH -DBRS_CPU_CORE_CORTEX_M4
                       5 ;		-DBRS_STACK_SIZE=0xC800 -DBRS_PLATFORM_ARM -DBRS_COMP_GHS
                       6 ;		-DBRS_INSTRUCTION_SET_ARM -DBRS_OPTIONBYTES_ADR=1
                       7 ;		-DBRS_RAM_ETH_SIZE=0 -DBRS_RAM_ETH_MAPPING=0
                       8 ;		-DBRS_RAM_SIZE=0x0000F000 -DBRS_RAM_MAPPING=0x1FFF8000 -c
                       9 ;		-object_dir=obj -list=lst/EcuM_PBcfg.lst --diag_suppress=1
                      10 ;		-cpu=cortexm4 -noobj --long_long -g -dual_debug -farcalls -dwarf2
                      11 ;		-no_misalign_pack -nostartfiles -act_like=2015.1
                      12 ;		-pragma_asm_inline -thumb -thumb_lib -Osize -object_dir= -e
                      13 ;		Startup_Handler
                      14 ;		-I../../../bsw/../thirdparty/mcal_s32k/supply/s32k14x_mcal4_2_rtm_hf3_1_0_1/eclipse/plugins/base_ts_t40d2m10i1r0/include
                      15 ;		-I../../../bsw/../thirdparty/mcal_s32k/supply/s32k14x_mcal4_2_rtm_hf3_1_0_1/eclipse/plugins/dio_ts_t40d2m10i1r0/include
                      16 ;		-I../../../bsw/../thirdparty/mcal_s32k/supply/s32k14x_mcal4_2_rtm_hf3_1_0_1/eclipse/plugins/mcu_ts_t40d2m10i1r0/include
                      17 ;		-I../../../bsw/../thirdparty/mcal_s32k/supply/s32k14x_mcal4_2_rtm_hf3_1_0_1/eclipse/plugins/port_ts_t40d2m10i1r0/include
                      18 ;		-I../../../bsw/../thirdparty/mcal_s32k/supply/s32k14x_mcal4_2_rtm_hf3_1_0_1/eclipse/plugins/spi_ts_t40d2m10i1r0/include
                      19 ;		-I../../../bsw/_common -I../../../bsw/bswm -I../../../bsw/can
                      20 ;		-I../../../bsw/canif -I../../../bsw/cansm -I../../../bsw/cantp
                      21 ;		-I../../../bsw/com -I../../../bsw/comm -I../../../bsw/dcm
                      22 ;		-I../../../bsw/dem -I../../../bsw/det -I../../../bsw/ecum
                      23 ;		-I../../../bsw/gendata -I../../../bsw/iohwab
                      24 ;		-I../../../bsw/mcal_s32k -I../../../bsw/os -I../../../bsw/pdur
                      25 ;		-I../../../bsw/vstdlib -I./shared/zbrs_armcommon
                      26 ;		-I./shared/zbrs_asrembeddedruntimesystemcfg5
                      27 ;		-I./shared/zbrs_s32arm -Ic:/ghs/comp_201714/ansi
                      28 ;		-Ic:/ghs/comp_201714/include/arm -Igendata -Igendata/components
                      29 ;		-Igendata/include -Iinclude GenData/EcuM_PBcfg.c
                      30 ;Source File:   GenData/EcuM_PBcfg.c
                      31 ;Directory:     
                      32 ;		C:\Vector\CBD1800257_D01_S32K1xx\Applications\S32K144_Start_new\Appl
                      33 ;Compile Date:  Fri Jun 18 09:57:43 2021
                      34 ;Host OS:       Win32
                      35 ;Version:       C-ARM 2017.1.4 RELEASE VERSION
                      36 ;Release:       Compiler v2017.1.4
                      37 ;Revision Date: Tue Apr 11 01:37:22 2017
                      38 ;Release Date:  Mon Apr 10 08:00:05 2017
                      39 ; ecom  -g -w -OMS
                      40 
                      41 	.ghsnote info, 19, 3, 640
                      42 	.text
                      43 ..bof.C.3A.5CVector.5CCBD1800257_D01_S32K1xx.5CApplications.5CS32K144_Start_new.5CAppl.5Cobj.5CEcuM_PBcfg...43.3A.5CVector.5CCBD1800257_D01_S32K1xx.5CApplications.5CS32K144_Start_new.5CAppl..60CBFD97..0::
                      44 ..eof.C.3A.5CVector.5CCBD1800257_D01_S32K1xx.5CApplications.5CS32K144_Start_new.5CAppl.5Cobj.5CEcuM_PBcfg...43.3A.5CVector.5CCBD1800257_D01_S32K1xx.5CApplications.5CS32K144_Start_new.5CAppl..60CBFD97..0::
                      45 	.section	.debug_info
                      46 .Ldw_begin:
00000000 00000000*    47 	.data.w	.Ldw_end-.Ldw_begin-4
00000004 0002         48 	.data.b	2,0
00000006 00000000*    49 	.data.w	.Ldw_abbr_begin
0000000a 04           50 	.data.b	4

                                                                      Page 2
                                                              C:\Users\Fengyuan\AppData\Local\Temp\gh_0000uec1.s
                      51 	.section	.debug_abbrev
                      52 .Ldw_abbr_begin:
                      53 	.section	.debug_info
0000000b 01           54 	.data.b	1
0000000c 00000000*    55 	.data.w	..bof.C.3A.5CVector.5CCBD1800257_D01_S32K1xx.5CApplications.5CS32K144_Start_new.5CAppl.5Cobj.5CEcuM_PBcfg...43.3A.5CVector.5CCBD1800257_D01_S32K1xx.5CApplications.5CS32K144_Start_new.5CAppl..60CBFD97..0
00000010 00000000*    56 	.data.w	..eof.C.3A.5CVector.5CCBD1800257_D01_S32K1xx.5CApplications.5CS32K144_Start_new.5CAppl.5Cobj.5CEcuM_PBcfg...43.3A.5CVector.5CCBD1800257_D01_S32K1xx.5CApplications.5CS32K144_Start_new.5CAppl..60CBFD97..0
00000014 446e6547     57 	.data.b	71,101,110,68,97,116,97,47,69,99,117,77,95,80,66,99,102,103,46,99,0
00000018 2f617461 
0000001c 4d756345 
00000020 6342505f 
00000024 632e6766 
00000028 00 
00000029 565c3a43     58 	.data.b	67,58,92,86,101,99,116,111,114,92,67,66,68,49,56,48,48,50,53,55,95,68,48,49,95,83,51,50,75,49,120,120,92,65,112,112,108,105,99,97,116,105,111,110,115,92,83,51,50,75,49,52,52,95,83,116,97,114,116,95
0000002d 6f746365 
00000031 42435c72 
00000035 30383144 
00000039 37353230 
0000003d 3130445f 
00000041 3233535f 
00000045 7878314b 
00000049 7070415c 
0000004d 6163696c 
00000051 6e6f6974 
00000055 33535c73 
00000059 34314b32 
0000005d 74535f34 
00000061 5f747261 
00000065 5c77656e     59 	.data.b	110,101,119,92,65,112,112,108,0
00000069 6c707041 
0000006d 00 
0000006e 20534847     60 	.data.b	71,72,83,32,67,32,50,48,49,55,46,49,46,52,32,91,100,117,97,108,93,0
00000072 30322043 
00000076 312e3731 
0000007a 5b20342e 
0000007e 6c617564 
00000082 005d 
00000084 0001         61 	.data.b	1,0
00000086 00000000*    62 	.data.w	.Ldw_line_begin
0000008a 00000000*    63 	.data.w	.Ldw_macinfo_begin
0000008e 00           64 	.data.b	0
                      65 
                      66 	.section	.debug_abbrev
00000000 01           67 	.data.b	1
00000001 11           68 	.data.b	17
00000002 01           69 	.data.b	1
00000003 0111         70 	.data.b	17,1
00000005 0112         71 	.data.b	18,1
00000007 0803         72 	.data.b	3,8
00000009 081b         73 	.data.b	27,8
0000000b 0825         74 	.data.b	37,8
0000000d 0513         75 	.data.b	19,5
0000000f 0610         76 	.data.b	16,6
00000011 0643         77 	.data.b	67,6
00000013 0b42         78 	.data.b	66,11
00000015 0000         79 	.data.b	0,0
                      80 
                      81 	.section	.debug_line
                      82 .Ldw_line_begin:
00000000 00000000*    83 	.data.w	.Ldw_line_end-.Ldw_line_begin-4
00000004 0002         84 	.data.b	2,0
00000006 00000000*    85 	.data.w	.Ldw_lpro_end-.Ldw_lpro_begin

                                                                      Page 3
                                                              C:\Users\Fengyuan\AppData\Local\Temp\gh_0000uec1.s
                      86 .Ldw_lpro_begin:
0000000a 01           87 	.data.b	1
0000000b 00           88 	.data.b	0
0000000c 00           89 	.data.b	0
0000000d 04           90 	.data.b	4
0000000e 0a           91 	.data.b	10
0000000f 010100       92 	.data.b	0,1,1
00000012 000101       93 	.data.b	1,1,0
00000015 010000       94 	.data.b	0,0,1
00000018 00           95 	.data.b	0
00000019 446e6547     96 	.data.b	71,101,110,68,97,116,97,47,69,99,117,77,95,80,66,99,102,103,46,99,0
0000001d 2f617461 
00000021 4d756345 
00000025 6342505f 
00000029 632e6766 
0000002d 00 
0000002e 000000       97 	.data.b	0,0,0
00000031 2e2f2e2e     98 	.data.b	46,46,47,46,46,47,46,46,47,98,115,119,47,101,99,117,109,47,69,99,117,77,95,67,98,107,46,104,0
00000035 2e2e2f2e 
00000039 7773622f 
0000003d 7563652f 
00000041 63452f6d 
00000045 435f4d75 
00000049 682e6b62 
0000004d 00 
0000004e 000000       99 	.data.b	0,0,0
00000051 646e6567    100 	.data.b	103,101,110,100,97,116,97,92,69,99,117,77,95,71,101,110,101,114,97,116,101,100,95,84,121,112,101,115,46,104,0
00000055 5c617461 
00000059 4d756345 
0000005d 6e65475f 
00000061 74617265 
00000065 545f6465 
00000069 73657079 
0000006d 00682e 
00000070 000000      101 	.data.b	0,0,0
00000073 646e6567    102 	.data.b	103,101,110,100,97,116,97,47,99,111,109,112,111,110,101,110,116,115,47,82,116,101,95,69,99,117,77,95,84,121,112,101,46,104,0
00000077 2f617461 
0000007b 706d6f63 
0000007f 6e656e6f 
00000083 522f7374 
00000087 455f6574 
0000008b 5f4d7563 
0000008f 65707954 
00000093 00682e 
00000096 000000      103 	.data.b	0,0,0
00000099 646e6567    104 	.data.b	103,101,110,100,97,116,97,92,82,116,101,95,84,121,112,101,46,104,0
0000009d 5c617461 
000000a1 5f657452 
000000a5 65707954 
000000a9 00682e 
000000ac 000000      105 	.data.b	0,0,0
000000af 646e6567    106 	.data.b	103,101,110,100,97,116,97,92,82,116,101,46,104,0
000000b3 5c617461 
000000b7 2e657452 
000000bb 0068 
000000bd 000000      107 	.data.b	0,0,0
000000c0 2e2f2e2e    108 	.data.b	46,46,47,46,46,47,46,46,47,98,115,119,47,95,99,111,109,109,111,110,47,83,116,100,95,84,121,112,101,115,46,104,0
000000c4 2e2e2f2e 
000000c8 7773622f 
000000cc 6f635f2f 
000000d0 6e6f6d6d 

                                                                      Page 4
                                                              C:\Users\Fengyuan\AppData\Local\Temp\gh_0000uec1.s
000000d4 6474532f 
000000d8 7079545f 
000000dc 682e7365 
000000e0 00 
000000e1 000000      109 	.data.b	0,0,0
000000e4 2e2f2e2e    110 	.data.b	46,46,47,46,46,47,46,46,47,98,115,119,47,95,99,111,109,109,111,110,47,80,108,97,116,102,111,114,109,95,84,121,112,101,115,46,104,0
000000e8 2e2e2f2e 
000000ec 7773622f 
000000f0 6f635f2f 
000000f4 6e6f6d6d 
000000f8 616c502f 
000000fc 726f6674 
00000100 79545f6d 
00000104 2e736570 
00000108 0068 
0000010a 000000      111 	.data.b	0,0,0
0000010d 2e2f2e2e    112 	.data.b	46,46,47,46,46,47,46,46,47,98,115,119,47,95,99,111,109,109,111,110,47,67,111,109,112,105,108,101,114,46,104,0
00000111 2e2e2f2e 
00000115 7773622f 
00000119 6f635f2f 
0000011d 6e6f6d6d 
00000121 6d6f432f 
00000125 656c6970 
00000129 00682e72 
0000012d 000000      113 	.data.b	0,0,0
00000130 6c636e69    114 	.data.b	105,110,99,108,117,100,101,92,67,111,109,112,105,108,101,114,95,67,102,103,46,104,0
00000134 5c656475 
00000138 706d6f43 
0000013c 72656c69 
00000140 6766435f 
00000144 00682e 
00000147 000000      115 	.data.b	0,0,0
0000014a 646e6567    116 	.data.b	103,101,110,100,97,116,97,92,82,116,101,95,67,111,109,112,105,108,101,114,95,67,102,103,46,104,0
0000014e 5c617461 
00000152 5f657452 
00000156 706d6f43 
0000015a 72656c69 
0000015e 6766435f 
00000162 00682e 
00000165 000000      117 	.data.b	0,0,0
00000168 6c636e69    118 	.data.b	105,110,99,108,117,100,101,92,67,100,100,95,84,112,95,67,111,109,112,105,108,101,114,95,67,102,103,46,104,0
0000016c 5c656475 
00000170 5f646443 
00000174 435f7054 
00000178 69706d6f 
0000017c 5f72656c 
00000180 2e676643 
00000184 0068 
00000186 000000      119 	.data.b	0,0,0
00000189 6c636e69    120 	.data.b	105,110,99,108,117,100,101,92,67,100,100,95,67,111,109,95,67,111,109,112,105,108,101,114,95,67,102,103,46,104,0
0000018d 5c656475 
00000191 5f646443 
00000195 5f6d6f43 
00000199 706d6f43 
0000019d 72656c69 
000001a1 6766435f 
000001a5 00682e 
000001a8 000000      121 	.data.b	0,0,0
000001ab 646e6567    122 	.data.b	103,101,110,100,97,116,97,92,79,115,95,67,111,109,112,105,108,101,114,95,67,102,103,46,104,0
000001af 5c617461 
000001b3 435f734f 

                                                                      Page 5
                                                              C:\Users\Fengyuan\AppData\Local\Temp\gh_0000uec1.s
000001b7 69706d6f 
000001bb 5f72656c 
000001bf 2e676643 
000001c3 0068 
000001c5 000000      123 	.data.b	0,0,0
000001c8 646e6567    124 	.data.b	103,101,110,100,97,116,97,92,82,116,101,95,85,115,101,114,84,121,112,101,115,46,104,0
000001cc 5c617461 
000001d0 5f657452 
000001d4 72657355 
000001d8 65707954 
000001dc 00682e73 
000001e0 000000      125 	.data.b	0,0,0
000001e3 2e2f2e2e    126 	.data.b	46,46,47,46,46,47,46,46,47,98,115,119,47,95,99,111,109,109,111,110,47,67,111,109,83,116,97,99,107,95,84,121,112,101,115,46,104,0
000001e7 2e2e2f2e 
000001eb 7773622f 
000001ef 6f635f2f 
000001f3 6e6f6d6d 
000001f7 6d6f432f 
000001fb 63617453 
000001ff 79545f6b 
00000203 2e736570 
00000207 0068 
00000209 000000      127 	.data.b	0,0,0
0000020c 646e6567    128 	.data.b	103,101,110,100,97,116,97,92,67,111,109,83,116,97,99,107,95,67,102,103,46,104,0
00000210 5c617461 
00000214 536d6f43 
00000218 6b636174 
0000021c 6766435f 
00000220 00682e 
00000223 000000      129 	.data.b	0,0,0
00000226 646e6567    130 	.data.b	103,101,110,100,97,116,97,92,82,116,101,95,68,97,116,97,72,97,110,100,108,101,84,121,112,101,46,104,0
0000022a 5c617461 
0000022e 5f657452 
00000232 61746144 
00000236 646e6148 
0000023a 7954656c 
0000023e 682e6570 
00000242 00 
00000243 000000      131 	.data.b	0,0,0
00000246 646e6567    132 	.data.b	103,101,110,100,97,116,97,92,69,99,117,77,95,67,102,103,46,104,0
0000024a 5c617461 
0000024e 4d756345 
00000252 6766435f 
00000256 00682e 
00000259 000000      133 	.data.b	0,0,0
0000025c 6c636e69    134 	.data.b	105,110,99,108,117,100,101,92,77,101,109,77,97,112,46,104,0
00000260 5c656475 
00000264 4d6d654d 
00000268 682e7061 
0000026c 00 
0000026d 000000      135 	.data.b	0,0,0
00000270 00          136 	.data.b	0
                     137 .Ldw_lpro_end:
                     138 	.section	.debug_macinfo
                     139 .Ldw_macinfo_begin:
                     140 	.section	.debug_info
0000008f 00          141 	.data.b	0
                     142 
                     143 	.section	.debug_line
                     144 .Ldw_line_end:
                     145 	.section	.debug_macinfo

                                                                      Page 6
                                                              C:\Users\Fengyuan\AppData\Local\Temp\gh_0000uec1.s
00000000 03          146 	.data.b	3
00000001 00          147 	.data.b	0
00000002 01          148 	.data.b	1
00000003 03          149 	.data.b	3
00000004 26          150 	.data.b	38
00000005 02          151 	.data.b	2
00000006 03          152 	.data.b	3
00000007 21          153 	.data.b	33
00000008 03          154 	.data.b	3
00000009 03          155 	.data.b	3
0000000a 27          156 	.data.b	39
0000000b 04          157 	.data.b	4
0000000c 03          158 	.data.b	3
0000000d 1f          159 	.data.b	31
0000000e 05          160 	.data.b	5
0000000f 03          161 	.data.b	3
00000010 1a          162 	.data.b	26
00000011 06          163 	.data.b	6
00000012 03          164 	.data.b	3
00000013 26          165 	.data.b	38
00000014 07          166 	.data.b	7
00000015 03          167 	.data.b	3
00000016 3f          168 	.data.b	63
00000017 08          169 	.data.b	8
00000018 04          170 	.data.b	4
00000019 03          171 	.data.b	3
0000001a 40          172 	.data.b	64
0000001b 09          173 	.data.b	9
0000001c 03          174 	.data.b	3
0000001d 3e          175 	.data.b	62
0000001e 0a          176 	.data.b	10
0000001f 03          177 	.data.b	3
00000020 7f          178 	.data.b	127
00000021 0b          179 	.data.b	11
00000022 04          180 	.data.b	4
00000023 03          181 	.data.b	3
00000024 01d6        182 	.data.b	214,1
00000026 0c          183 	.data.b	12
00000027 04          184 	.data.b	4
00000028 03          185 	.data.b	3
00000029 01d7        186 	.data.b	215,1
0000002b 0d          187 	.data.b	13
0000002c 04          188 	.data.b	4
0000002d 03          189 	.data.b	3
0000002e 06c5        190 	.data.b	197,6
00000030 0e          191 	.data.b	14
00000031 04          192 	.data.b	4
00000032 04          193 	.data.b	4
00000033 01          194 	.data.b	1
00000034 5b          195 	.data.b	91
00000035 4f545541    196 	.data.b	65,85,84,79,77,65,84,73,67,32,0
00000039 4954414d 
0000003d 002043 
00000040 01          197 	.data.b	1
00000041 5e          198 	.data.b	94
00000042 45505954    199 	.data.b	84,89,80,69,68,69,70,32,0
00000046 20464544 
0000004a 00 
0000004b 01          200 	.data.b	1
0000004c 75          201 	.data.b	117
0000004d 434e5546    202 	.data.b	70,85,78,67,40,114,101,116,116,121,112,101,44,109,101,109,99,108,97,115,115,41,32,114,101,116,116,121,112,101,0

                                                                      Page 7
                                                              C:\Users\Fengyuan\AppData\Local\Temp\gh_0000uec1.s
00000051 74657228 
00000055 65707974 
00000059 6d656d2c 
0000005d 73616c63 
00000061 72202973 
00000065 79747465 
00000069 006570 
0000006c 01          203 	.data.b	1
0000006d 7c          204 	.data.b	124
0000006e 434e5546    205 	.data.b	70,85,78,67,95,80,50,67,79,78,83,84,40,114,101,116,116,121,112,101,44,112,116,114,99,108,97,115,115,44,109,101,109,99,108,97,115,115,41,32,99,111,110,115,116,32,114,101,116,116,121,112,101,42,0
00000072 4332505f 
00000076 54534e4f 
0000007a 74657228 
0000007e 65707974 
00000082 7274702c 
00000086 73616c63 
0000008a 656d2c73 
0000008e 616c636d 
00000092 20297373 
00000096 736e6f63 
0000009a 65722074 
0000009e 70797474 
000000a2 002a65 
000000a5 01          206 	.data.b	1
000000a6 018a        207 	.data.b	138,1
000000a8 41563250    208 	.data.b	80,50,86,65,82,40,112,116,114,116,121,112,101,44,109,101,109,99,108,97,115,115,44,112,116,114,99,108,97,115,115,41,32,112,116,114,116,121,112,101,42,0
000000ac 74702852 
000000b0 70797472 
000000b4 656d2c65 
000000b8 616c636d 
000000bc 702c7373 
000000c0 6c637274 
000000c4 29737361 
000000c8 72747020 
000000cc 65707974 
000000d0 002a 
000000d2 01          209 	.data.b	1
000000d3 01a6        210 	.data.b	166,1
000000d5 55463250    211 	.data.b	80,50,70,85,78,67,40,114,101,116,116,121,112,101,44,112,116,114,99,108,97,115,115,44,102,99,116,110,97,109,101,41,32,114,101,116,116,121,112,101,32,40,42,32,102,99,116,110,97,109,101,41,0
000000d9 7228434e 
000000dd 79747465 
000000e1 702c6570 
000000e5 6c637274 
000000e9 2c737361 
000000ed 6e746366 
000000f1 29656d61 
000000f5 74657220 
000000f9 65707974 
000000fd 202a2820 
00000101 6e746366 
00000105 29656d61 
00000109 00 
0000010a 04          212 	.data.b	4
0000010b 01          213 	.data.b	1
0000010c 6d          214 	.data.b	109
0000010d 5f445453    215 	.data.b	83,84,68,95,79,78,32,49,117,0
00000111 31204e4f 
00000115 0075 
00000117 01          216 	.data.b	1
00000118 6e          217 	.data.b	110
00000119 5f445453    218 	.data.b	83,84,68,95,79,70,70,32,48,117,0

                                                                      Page 8
                                                              C:\Users\Fengyuan\AppData\Local\Temp\gh_0000uec1.s
0000011d 2046464f 
00000121 007530 
00000124 04          219 	.data.b	4
00000125 03          220 	.data.b	3
00000126 28          221 	.data.b	40
00000127 0f          222 	.data.b	15
00000128 03          223 	.data.b	3
00000129 27          224 	.data.b	39
0000012a 10          225 	.data.b	16
0000012b 03          226 	.data.b	3
0000012c 4c          227 	.data.b	76
0000012d 11          228 	.data.b	17
0000012e 04          229 	.data.b	4
0000012f 01          230 	.data.b	1
00000130 5a          231 	.data.b	90
00000131 534d4f43    232 	.data.b	67,79,77,83,84,65,67,75,84,89,80,69,95,65,82,95,82,69,76,69,65,83,69,95,82,69,86,73,83,73,79,78,95,86,69,82,83,73,79,78,32,40,51,117,41,0
00000135 4b434154 
00000139 45505954 
0000013d 5f52415f 
00000141 454c4552 
00000145 5f455341 
00000149 49564552 
0000014d 4e4f4953 
00000151 5245565f 
00000155 4e4f4953 
00000159 75332820 
0000015d 0029 
0000015f 04          233 	.data.b	4
00000160 04          234 	.data.b	4
00000161 04          235 	.data.b	4
00000162 03          236 	.data.b	3
00000163 01c4        237 	.data.b	196,1
00000165 12          238 	.data.b	18
00000166 04          239 	.data.b	4
00000167 04          240 	.data.b	4
00000168 04          241 	.data.b	4
00000169 04          242 	.data.b	4
0000016a 03          243 	.data.b	3
0000016b 22          244 	.data.b	34
0000016c 13          245 	.data.b	19
0000016d 01          246 	.data.b	1
0000016e 29          247 	.data.b	41
0000016f 4d554345    248 	.data.b	69,67,85,77,95,68,69,86,95,69,82,82,79,82,95,68,69,84,69,67,84,32,83,84,68,95,79,78,0
00000173 5645445f 
00000177 5252455f 
0000017b 445f524f 
0000017f 43455445 
00000183 54532054 
00000187 4e4f5f44 
0000018b 00 
0000018c 01          249 	.data.b	1
0000018d 3b          250 	.data.b	59
0000018e 4d554345    251 	.data.b	69,67,85,77,95,65,76,65,82,77,95,67,76,79,67,75,95,80,82,69,83,69,78,84,32,40,83,84,68,95,79,70,70,41,0
00000192 414c415f 
00000196 435f4d52 
0000019a 4b434f4c 
0000019e 4552505f 
000001a2 544e4553 
000001a6 54532820 
000001aa 464f5f44 
000001ae 002946 

                                                                      Page 9
                                                              C:\Users\Fengyuan\AppData\Local\Temp\gh_0000uec1.s
000001b1 01          252 	.data.b	1
000001b2 41          253 	.data.b	65
000001b3 4d554345    254 	.data.b	69,67,85,77,95,70,73,88,69,68,95,66,69,72,65,86,73,79,82,32,40,83,84,68,95,79,70,70,41,0
000001b7 5849465f 
000001bb 425f4445 
000001bf 56414845 
000001c3 20524f49 
000001c7 44545328 
000001cb 46464f5f 
000001cf 0029 
000001d1 01          255 	.data.b	1
000001d2 45          256 	.data.b	69
000001d3 4d554345    257 	.data.b	69,67,85,77,95,73,78,67,76,85,68,69,95,78,86,82,65,77,95,77,71,82,32,40,83,84,68,95,79,70,70,41,0
000001d7 434e495f 
000001db 4544554c 
000001df 52564e5f 
000001e3 4d5f4d41 
000001e7 28205247 
000001eb 5f445453 
000001ef 2946464f 
000001f3 00 
000001f4 01          258 	.data.b	1
000001f5 68          259 	.data.b	104
000001f6 4d554345    260 	.data.b	69,67,85,77,95,67,79,78,70,73,71,85,82,65,84,73,79,78,95,86,65,82,73,65,78,84,95,80,82,69,67,79,77,80,73,76,69,32,49,0
000001fa 4e4f435f 
000001fe 55474946 
00000202 49544152 
00000206 565f4e4f 
0000020a 41495241 
0000020e 505f544e 
00000212 4f434552 
00000216 4c49504d 
0000021a 00312045 
0000021e 01          261 	.data.b	1
0000021f 6e          262 	.data.b	110
00000220 4d554345    263 	.data.b	69,67,85,77,95,67,79,78,70,73,71,85,82,65,84,73,79,78,95,86,65,82,73,65,78,84,95,80,79,83,84,66,85,73,76,68,95,76,79,65,68,65,66,76,69,32,51,0
00000224 4e4f435f 
00000228 55474946 
0000022c 49544152 
00000230 565f4e4f 
00000234 41495241 
00000238 505f544e 
0000023c 4254534f 
00000240 444c4955 
00000244 414f4c5f 
00000248 4c424144 
0000024c 00332045 
00000250 01          264 	.data.b	1
00000251 71          265 	.data.b	113
00000252 4d554345    266 	.data.b	69,67,85,77,95,67,79,78,70,73,71,85,82,65,84,73,79,78,95,86,65,82,73,65,78,84,32,69,67,85,77,95,67,79,78,70,73,71,85,82,65,84,73,79,78,95,86,65,82,73,65,78,84,95,80,82,69,67,79,77
00000256 4e4f435f 
0000025a 55474946 
0000025e 49544152 
00000262 565f4e4f 
00000266 41495241 
0000026a 4520544e 
0000026e 5f4d5543 
00000272 464e4f43 
00000276 52554749 
0000027a 4f495441 
0000027e 41565f4e 

                                                                      Page 10
                                                              C:\Users\Fengyuan\AppData\Local\Temp\gh_0000uec1.s
00000282 4e414952 
00000286 52505f54 
0000028a 4d4f4345 
0000028e 454c4950    267 	.data.b	80,73,76,69,0
00000292 00 
00000293 04          268 	.data.b	4
00000294 03          269 	.data.b	3
00000295 3d          270 	.data.b	61
00000296 14          271 	.data.b	20
00000297 04          272 	.data.b	4
00000298 03          273 	.data.b	3
00000299 0194        274 	.data.b	148,1
0000029b 14          275 	.data.b	20
0000029c 04          276 	.data.b	4
0000029d 04          277 	.data.b	4
0000029e 04          278 	.data.b	4
0000029f 00          279 	.data.b	0
                     280 	.section	.debug_abbrev
00000017 00          281 	.data.b	0
                     282 	.section	.debug_info
                     283 .Ldw_end:
