                                                                      Page 1
                                                              C:\Users\Fengyuan\AppData\Local\Temp\gh_0000ujk1.s
Command Line: C:\ghs\comp_201714\asarm.exe -elf -b0 -I../../../bsw/../thirdparty/mcal_s32k/supply/s32k14x_mcal4_2_rtm_hf3_1_0_1/eclipse/plugins/base_ts_t40d2m10i1r0/include -I../../../bsw/../thirdparty/mcal_s32k/supply/s32k14x_mcal4_2_rtm_hf3_1_0_1/eclipse/plugins/dio_ts_t40d2m10i1r0/include -I../../../bsw/../thirdparty/mcal_s32k/supply/s32k14x_mcal4_2_rtm_hf3_1_0_1/eclipse/plugins/mcu_ts_t40d2m10i1r0/include -I../../../bsw/../thirdparty/mcal_s32k/supply/s32k14x_mcal4_2_rtm_hf3_1_0_1/eclipse/plugins/port_ts_t40d2m10i1r0/include -I../../../bsw/../thirdparty/mcal_s32k/supply/s32k14x_mcal4_2_rtm_hf3_1_0_1/eclipse/plugins/spi_ts_t40d2m10i1r0/include -I../../../bsw/_common -I../../../bsw/bswm -I../../../bsw/can -I../../../bsw/canif -I../../../bsw/cansm -I../../../bsw/cantp -I../../../bsw/com -I../../../bsw/comm -I../../../bsw/dcm -I../../../bsw/dem -I../../../bsw/det -I../../../bsw/ecum -I../../../bsw/gendata -I../../../bsw/iohwab -I../../../bsw/mcal_s32k -I../../../bsw/os -I../../../bsw/pdur -I../../../bsw/vstdlib -I./shared/zbrs_armcommon -I./shared/zbrs_asrembeddedruntimesystemcfg5 -I./shared/zbrs_s32arm -Ic:/ghs/comp_201714/ansi -Ic:/ghs/comp_201714/include/arm -Igendata -Igendata/components -Igendata/include -Iinclude -IC:\ghs\comp_201714\lib\thumb2 -cpu=cortexm4 -fpu=soft -patch_dbo=C:\Vector\CBD1800257_D01_S32K1xx\Applications\S32K144_Start_new\Appl\obj\EcuM_Init_PBcfg.dbo -source=EcuM_Init_PBcfg.c -o obj\gh_0000ujk1.o -list=lst/EcuM_Init_PBcfg.lst C:\Users\Fengyuan\AppData\Local\Temp\gh_0000ujk1.s 
Original File: C:\Users\Fengyuan\AppData\Local\Temp\gh_0000ujk1.s
Source File: EcuM_Init_PBcfg.c
Directory: C:\Vector\CBD1800257_D01_S32K1xx\Applications\S32K144_Start_new\Appl
Host OS: Windows
EASE: Copyright (C) 1983-2016 Green Hills Software.  All Rights Reserved.
Release: Compiler v2017.1.4
Build Directory: [Directory] COMP-VAL-WIN47:l:/compiler/release-branch-2017-1-comp/build/v2017.1-2017-04-09/win32-comp-ecom
Revision: [VCInfo] http://toolsvc/branches/release-branch-2017-1-comp/src@589570 (built by auto-compiler)
Revision Date: Mon Apr 10 10:52:57 2017

Release Date: Mon Apr 10 08:00:05 2017

                       1 ;Driver Command: ccarm -DBRS_DERIVATIVE_S32K144 -DBRS_OSC_CLK=8
                       2 ;		-DBRS_TIMEBASE_CLOCK=96 -DBRS_OS_USECASE_OSGEN7 -DBRS_EVA_BOARD_
                       3 ;		-DBRS_PROGRAM_CODE_LOCATION_FLASH
                       4 ;		-DBRS_VECTOR_TABLE_LOCATION_FLASH -DBRS_CPU_CORE_CORTEX_M4
                       5 ;		-DBRS_STACK_SIZE=0xC800 -DBRS_PLATFORM_ARM -DBRS_COMP_GHS
                       6 ;		-DBRS_INSTRUCTION_SET_ARM -DBRS_OPTIONBYTES_ADR=1
                       7 ;		-DBRS_RAM_ETH_SIZE=0 -DBRS_RAM_ETH_MAPPING=0
                       8 ;		-DBRS_RAM_SIZE=0x0000F000 -DBRS_RAM_MAPPING=0x1FFF8000 -c
                       9 ;		-object_dir=obj -list=lst/EcuM_Init_PBcfg.lst --diag_suppress=1
                      10 ;		-cpu=cortexm4 -noobj --long_long -g -dual_debug -farcalls -dwarf2
                      11 ;		-no_misalign_pack -nostartfiles -act_like=2015.1
                      12 ;		-pragma_asm_inline -thumb -thumb_lib -Osize -object_dir= -e
                      13 ;		Startup_Handler
                      14 ;		-I../../../bsw/../thirdparty/mcal_s32k/supply/s32k14x_mcal4_2_rtm_hf3_1_0_1/eclipse/plugins/base_ts_t40d2m10i1r0/include
                      15 ;		-I../../../bsw/../thirdparty/mcal_s32k/supply/s32k14x_mcal4_2_rtm_hf3_1_0_1/eclipse/plugins/dio_ts_t40d2m10i1r0/include
                      16 ;		-I../../../bsw/../thirdparty/mcal_s32k/supply/s32k14x_mcal4_2_rtm_hf3_1_0_1/eclipse/plugins/mcu_ts_t40d2m10i1r0/include
                      17 ;		-I../../../bsw/../thirdparty/mcal_s32k/supply/s32k14x_mcal4_2_rtm_hf3_1_0_1/eclipse/plugins/port_ts_t40d2m10i1r0/include
                      18 ;		-I../../../bsw/../thirdparty/mcal_s32k/supply/s32k14x_mcal4_2_rtm_hf3_1_0_1/eclipse/plugins/spi_ts_t40d2m10i1r0/include
                      19 ;		-I../../../bsw/_common -I../../../bsw/bswm -I../../../bsw/can
                      20 ;		-I../../../bsw/canif -I../../../bsw/cansm -I../../../bsw/cantp
                      21 ;		-I../../../bsw/com -I../../../bsw/comm -I../../../bsw/dcm
                      22 ;		-I../../../bsw/dem -I../../../bsw/det -I../../../bsw/ecum
                      23 ;		-I../../../bsw/gendata -I../../../bsw/iohwab
                      24 ;		-I../../../bsw/mcal_s32k -I../../../bsw/os -I../../../bsw/pdur
                      25 ;		-I../../../bsw/vstdlib -I./shared/zbrs_armcommon
                      26 ;		-I./shared/zbrs_asrembeddedruntimesystemcfg5
                      27 ;		-I./shared/zbrs_s32arm -Ic:/ghs/comp_201714/ansi
                      28 ;		-Ic:/ghs/comp_201714/include/arm -Igendata -Igendata/components
                      29 ;		-Igendata/include -Iinclude GenData/EcuM_Init_PBcfg.c
                      30 ;Source File:   GenData/EcuM_Init_PBcfg.c
                      31 ;Directory:     
                      32 ;		C:\Vector\CBD1800257_D01_S32K1xx\Applications\S32K144_Start_new\Appl
                      33 ;Compile Date:  Fri Jun 18 09:57:42 2021
                      34 ;Host OS:       Win32
                      35 ;Version:       C-ARM 2017.1.4 RELEASE VERSION
                      36 ;Release:       Compiler v2017.1.4
                      37 ;Revision Date: Tue Apr 11 01:37:22 2017
                      38 ;Release Date:  Mon Apr 10 08:00:05 2017
                      39 ; ecom  -g -w -OMS
                      40 
                      41 	.ghsnote info, 19, 3, 640
                      42 	.text
                      43 ..bof.C.3A.5CVector.5CCBD1800257_D01_S32K1xx.5CApplications.5CS32K144_Start_new.5CAppl.5Cobj.5CEcuM_Init_PBcfg...43.3A.5CVector.5CCBD1800257_D01_S32K1xx.5CApplications.5CS32K144_Start_new.5CAppl..60CBFD96..0::
                      44 ..eof.C.3A.5CVector.5CCBD1800257_D01_S32K1xx.5CApplications.5CS32K144_Start_new.5CAppl.5Cobj.5CEcuM_Init_PBcfg...43.3A.5CVector.5CCBD1800257_D01_S32K1xx.5CApplications.5CS32K144_Start_new.5CAppl..60CBFD96..0::
                      45 	.section	.debug_info
                      46 .Ldw_begin:
00000000 00000000*    47 	.data.w	.Ldw_end-.Ldw_begin-4
00000004 0002         48 	.data.b	2,0
00000006 00000000*    49 	.data.w	.Ldw_abbr_begin
0000000a 04           50 	.data.b	4

                                                                      Page 2
                                                              C:\Users\Fengyuan\AppData\Local\Temp\gh_0000ujk1.s
                      51 	.section	.debug_abbrev
                      52 .Ldw_abbr_begin:
                      53 	.section	.debug_info
0000000b 01           54 	.data.b	1
0000000c 00000000*    55 	.data.w	..bof.C.3A.5CVector.5CCBD1800257_D01_S32K1xx.5CApplications.5CS32K144_Start_new.5CAppl.5Cobj.5CEcuM_Init_PBcfg...43.3A.5CVector.5CCBD1800257_D01_S32K1xx.5CApplications.5CS32K144_Start_new.5CAppl..60CBFD96..0
00000010 00000000*    56 	.data.w	..eof.C.3A.5CVector.5CCBD1800257_D01_S32K1xx.5CApplications.5CS32K144_Start_new.5CAppl.5Cobj.5CEcuM_Init_PBcfg...43.3A.5CVector.5CCBD1800257_D01_S32K1xx.5CApplications.5CS32K144_Start_new.5CAppl..60CBFD96..0
00000014 446e6547     57 	.data.b	71,101,110,68,97,116,97,47,69,99,117,77,95,73,110,105,116,95,80,66,99,102,103,46,99,0
00000018 2f617461 
0000001c 4d756345 
00000020 696e495f 
00000024 42505f74 
00000028 2e676663 
0000002c 0063 
0000002e 565c3a43     58 	.data.b	67,58,92,86,101,99,116,111,114,92,67,66,68,49,56,48,48,50,53,55,95,68,48,49,95,83,51,50,75,49,120,120,92,65,112,112,108,105,99,97,116,105,111,110,115,92,83,51,50,75,49,52,52,95,83,116,97,114,116,95
00000032 6f746365 
00000036 42435c72 
0000003a 30383144 
0000003e 37353230 
00000042 3130445f 
00000046 3233535f 
0000004a 7878314b 
0000004e 7070415c 
00000052 6163696c 
00000056 6e6f6974 
0000005a 33535c73 
0000005e 34314b32 
00000062 74535f34 
00000066 5f747261 
0000006a 5c77656e     59 	.data.b	110,101,119,92,65,112,112,108,0
0000006e 6c707041 
00000072 00 
00000073 20534847     60 	.data.b	71,72,83,32,67,32,50,48,49,55,46,49,46,52,32,91,100,117,97,108,93,0
00000077 30322043 
0000007b 312e3731 
0000007f 5b20342e 
00000083 6c617564 
00000087 005d 
00000089 0001         61 	.data.b	1,0
0000008b 00000000*    62 	.data.w	.Ldw_line_begin
0000008f 00000000*    63 	.data.w	.Ldw_macinfo_begin
00000093 00           64 	.data.b	0
                      65 
                      66 	.section	.debug_abbrev
00000000 01           67 	.data.b	1
00000001 11           68 	.data.b	17
00000002 01           69 	.data.b	1
00000003 0111         70 	.data.b	17,1
00000005 0112         71 	.data.b	18,1
00000007 0803         72 	.data.b	3,8
00000009 081b         73 	.data.b	27,8
0000000b 0825         74 	.data.b	37,8
0000000d 0513         75 	.data.b	19,5
0000000f 0610         76 	.data.b	16,6
00000011 0643         77 	.data.b	67,6
00000013 0b42         78 	.data.b	66,11
00000015 0000         79 	.data.b	0,0
                      80 
                      81 	.section	.debug_line
                      82 .Ldw_line_begin:
00000000 00000000*    83 	.data.w	.Ldw_line_end-.Ldw_line_begin-4
00000004 0002         84 	.data.b	2,0

                                                                      Page 3
                                                              C:\Users\Fengyuan\AppData\Local\Temp\gh_0000ujk1.s
00000006 00000000*    85 	.data.w	.Ldw_lpro_end-.Ldw_lpro_begin
                      86 .Ldw_lpro_begin:
0000000a 01           87 	.data.b	1
0000000b 00           88 	.data.b	0
0000000c 00           89 	.data.b	0
0000000d 04           90 	.data.b	4
0000000e 0a           91 	.data.b	10
0000000f 010100       92 	.data.b	0,1,1
00000012 000101       93 	.data.b	1,1,0
00000015 010000       94 	.data.b	0,0,1
00000018 00           95 	.data.b	0
00000019 446e6547     96 	.data.b	71,101,110,68,97,116,97,47,69,99,117,77,95,73,110,105,116,95,80,66,99,102,103,46,99,0
0000001d 2f617461 
00000021 4d756345 
00000025 696e495f 
00000029 42505f74 
0000002d 2e676663 
00000031 0063 
00000033 000000       97 	.data.b	0,0,0
00000036 446e6547     98 	.data.b	71,101,110,68,97,116,97,47,69,99,117,77,95,73,110,105,116,95,80,66,99,102,103,46,104,0
0000003a 2f617461 
0000003e 4d756345 
00000042 696e495f 
00000046 42505f74 
0000004a 2e676663 
0000004e 0068 
00000050 000000       99 	.data.b	0,0,0
00000053 446e6547    100 	.data.b	71,101,110,68,97,116,97,47,69,99,117,77,95,73,110,105,116,95,67,102,103,46,104,0
00000057 2f617461 
0000005b 4d756345 
0000005f 696e495f 
00000063 66435f74 
00000067 00682e67 
0000006b 000000      101 	.data.b	0,0,0
0000006e 2e2f2e2e    102 	.data.b	46,46,47,46,46,47,46,46,47,98,115,119,47,101,99,117,109,47,69,99,117,77,46,104,0
00000072 2e2e2f2e 
00000076 7773622f 
0000007a 7563652f 
0000007e 63452f6d 
00000082 682e4d75 
00000086 00 
00000087 000000      103 	.data.b	0,0,0
0000008a 2e2f2e2e    104 	.data.b	46,46,47,46,46,47,46,46,47,98,115,119,47,101,99,117,109,47,69,99,117,77,95,67,98,107,46,104,0
0000008e 2e2e2f2e 
00000092 7773622f 
00000096 7563652f 
0000009a 63452f6d 
0000009e 435f4d75 
000000a2 682e6b62 
000000a6 00 
000000a7 000000      105 	.data.b	0,0,0
000000aa 646e6567    106 	.data.b	103,101,110,100,97,116,97,92,69,99,117,77,95,71,101,110,101,114,97,116,101,100,95,84,121,112,101,115,46,104,0
000000ae 5c617461 
000000b2 4d756345 
000000b6 6e65475f 
000000ba 74617265 
000000be 545f6465 
000000c2 73657079 
000000c6 00682e 
000000c9 000000      107 	.data.b	0,0,0
000000cc 646e6567    108 	.data.b	103,101,110,100,97,116,97,47,99,111,109,112,111,110,101,110,116,115,47,82,116,101,95,69,99,117,77,95,84,121,112,101,46,104,0

                                                                      Page 4
                                                              C:\Users\Fengyuan\AppData\Local\Temp\gh_0000ujk1.s
000000d0 2f617461 
000000d4 706d6f63 
000000d8 6e656e6f 
000000dc 522f7374 
000000e0 455f6574 
000000e4 5f4d7563 
000000e8 65707954 
000000ec 00682e 
000000ef 000000      109 	.data.b	0,0,0
000000f2 646e6567    110 	.data.b	103,101,110,100,97,116,97,92,82,116,101,95,84,121,112,101,46,104,0
000000f6 5c617461 
000000fa 5f657452 
000000fe 65707954 
00000102 00682e 
00000105 000000      111 	.data.b	0,0,0
00000108 646e6567    112 	.data.b	103,101,110,100,97,116,97,92,82,116,101,46,104,0
0000010c 5c617461 
00000110 2e657452 
00000114 0068 
00000116 000000      113 	.data.b	0,0,0
00000119 2e2f2e2e    114 	.data.b	46,46,47,46,46,47,46,46,47,98,115,119,47,95,99,111,109,109,111,110,47,83,116,100,95,84,121,112,101,115,46,104,0
0000011d 2e2e2f2e 
00000121 7773622f 
00000125 6f635f2f 
00000129 6e6f6d6d 
0000012d 6474532f 
00000131 7079545f 
00000135 682e7365 
00000139 00 
0000013a 000000      115 	.data.b	0,0,0
0000013d 2e2f2e2e    116 	.data.b	46,46,47,46,46,47,46,46,47,98,115,119,47,95,99,111,109,109,111,110,47,80,108,97,116,102,111,114,109,95,84,121,112,101,115,46,104,0
00000141 2e2e2f2e 
00000145 7773622f 
00000149 6f635f2f 
0000014d 6e6f6d6d 
00000151 616c502f 
00000155 726f6674 
00000159 79545f6d 
0000015d 2e736570 
00000161 0068 
00000163 000000      117 	.data.b	0,0,0
00000166 2e2f2e2e    118 	.data.b	46,46,47,46,46,47,46,46,47,98,115,119,47,95,99,111,109,109,111,110,47,67,111,109,112,105,108,101,114,46,104,0
0000016a 2e2e2f2e 
0000016e 7773622f 
00000172 6f635f2f 
00000176 6e6f6d6d 
0000017a 6d6f432f 
0000017e 656c6970 
00000182 00682e72 
00000186 000000      119 	.data.b	0,0,0
00000189 6c636e69    120 	.data.b	105,110,99,108,117,100,101,92,67,111,109,112,105,108,101,114,95,67,102,103,46,104,0
0000018d 5c656475 
00000191 706d6f43 
00000195 72656c69 
00000199 6766435f 
0000019d 00682e 
000001a0 000000      121 	.data.b	0,0,0
000001a3 646e6567    122 	.data.b	103,101,110,100,97,116,97,92,82,116,101,95,67,111,109,112,105,108,101,114,95,67,102,103,46,104,0
000001a7 5c617461 
000001ab 5f657452 
000001af 706d6f43 

                                                                      Page 5
                                                              C:\Users\Fengyuan\AppData\Local\Temp\gh_0000ujk1.s
000001b3 72656c69 
000001b7 6766435f 
000001bb 00682e 
000001be 000000      123 	.data.b	0,0,0
000001c1 6c636e69    124 	.data.b	105,110,99,108,117,100,101,92,67,100,100,95,84,112,95,67,111,109,112,105,108,101,114,95,67,102,103,46,104,0
000001c5 5c656475 
000001c9 5f646443 
000001cd 435f7054 
000001d1 69706d6f 
000001d5 5f72656c 
000001d9 2e676643 
000001dd 0068 
000001df 000000      125 	.data.b	0,0,0
000001e2 6c636e69    126 	.data.b	105,110,99,108,117,100,101,92,67,100,100,95,67,111,109,95,67,111,109,112,105,108,101,114,95,67,102,103,46,104,0
000001e6 5c656475 
000001ea 5f646443 
000001ee 5f6d6f43 
000001f2 706d6f43 
000001f6 72656c69 
000001fa 6766435f 
000001fe 00682e 
00000201 000000      127 	.data.b	0,0,0
00000204 646e6567    128 	.data.b	103,101,110,100,97,116,97,92,79,115,95,67,111,109,112,105,108,101,114,95,67,102,103,46,104,0
00000208 5c617461 
0000020c 435f734f 
00000210 69706d6f 
00000214 5f72656c 
00000218 2e676643 
0000021c 0068 
0000021e 000000      129 	.data.b	0,0,0
00000221 646e6567    130 	.data.b	103,101,110,100,97,116,97,92,82,116,101,95,85,115,101,114,84,121,112,101,115,46,104,0
00000225 5c617461 
00000229 5f657452 
0000022d 72657355 
00000231 65707954 
00000235 00682e73 
00000239 000000      131 	.data.b	0,0,0
0000023c 2e2f2e2e    132 	.data.b	46,46,47,46,46,47,46,46,47,98,115,119,47,95,99,111,109,109,111,110,47,67,111,109,83,116,97,99,107,95,84,121,112,101,115,46,104,0
00000240 2e2e2f2e 
00000244 7773622f 
00000248 6f635f2f 
0000024c 6e6f6d6d 
00000250 6d6f432f 
00000254 63617453 
00000258 79545f6b 
0000025c 2e736570 
00000260 0068 
00000262 000000      133 	.data.b	0,0,0
00000265 646e6567    134 	.data.b	103,101,110,100,97,116,97,92,67,111,109,83,116,97,99,107,95,67,102,103,46,104,0
00000269 5c617461 
0000026d 536d6f43 
00000271 6b636174 
00000275 6766435f 
00000279 00682e 
0000027c 000000      135 	.data.b	0,0,0
0000027f 646e6567    136 	.data.b	103,101,110,100,97,116,97,92,82,116,101,95,68,97,116,97,72,97,110,100,108,101,84,121,112,101,46,104,0
00000283 5c617461 
00000287 5f657452 
0000028b 61746144 
0000028f 646e6148 
00000293 7954656c 

                                                                      Page 6
                                                              C:\Users\Fengyuan\AppData\Local\Temp\gh_0000ujk1.s
00000297 682e6570 
0000029b 00 
0000029c 000000      137 	.data.b	0,0,0
0000029f 646e6567    138 	.data.b	103,101,110,100,97,116,97,92,69,99,117,77,95,67,102,103,46,104,0
000002a3 5c617461 
000002a7 4d756345 
000002ab 6766435f 
000002af 00682e 
000002b2 000000      139 	.data.b	0,0,0
000002b5 6c636e69    140 	.data.b	105,110,99,108,117,100,101,92,77,101,109,77,97,112,46,104,0
000002b9 5c656475 
000002bd 4d6d654d 
000002c1 682e7061 
000002c5 00 
000002c6 000000      141 	.data.b	0,0,0
000002c9 00          142 	.data.b	0
                     143 .Ldw_lpro_end:
                     144 	.section	.debug_macinfo
                     145 .Ldw_macinfo_begin:
                     146 	.section	.debug_info
00000094 00          147 	.data.b	0
                     148 
                     149 	.section	.debug_line
                     150 .Ldw_line_end:
                     151 	.section	.debug_macinfo
00000000 03          152 	.data.b	3
00000001 00          153 	.data.b	0
00000002 01          154 	.data.b	1
00000003 03          155 	.data.b	3
00000004 27          156 	.data.b	39
00000005 02          157 	.data.b	2
00000006 03          158 	.data.b	3
00000007 35          159 	.data.b	53
00000008 03          160 	.data.b	3
00000009 03          161 	.data.b	3
0000000a 28          162 	.data.b	40
0000000b 04          163 	.data.b	4
0000000c 03          164 	.data.b	3
0000000d 01a5        165 	.data.b	165,1
0000000f 05          166 	.data.b	5
00000010 03          167 	.data.b	3
00000011 21          168 	.data.b	33
00000012 06          169 	.data.b	6
00000013 03          170 	.data.b	3
00000014 27          171 	.data.b	39
00000015 07          172 	.data.b	7
00000016 03          173 	.data.b	3
00000017 1f          174 	.data.b	31
00000018 08          175 	.data.b	8
00000019 03          176 	.data.b	3
0000001a 1a          177 	.data.b	26
0000001b 09          178 	.data.b	9
0000001c 03          179 	.data.b	3
0000001d 26          180 	.data.b	38
0000001e 0a          181 	.data.b	10
0000001f 03          182 	.data.b	3
00000020 3f          183 	.data.b	63
00000021 0b          184 	.data.b	11
00000022 04          185 	.data.b	4
00000023 03          186 	.data.b	3
00000024 40          187 	.data.b	64

                                                                      Page 7
                                                              C:\Users\Fengyuan\AppData\Local\Temp\gh_0000ujk1.s
00000025 0c          188 	.data.b	12
00000026 03          189 	.data.b	3
00000027 3e          190 	.data.b	62
00000028 0d          191 	.data.b	13
00000029 03          192 	.data.b	3
0000002a 7f          193 	.data.b	127
0000002b 0e          194 	.data.b	14
0000002c 04          195 	.data.b	4
0000002d 03          196 	.data.b	3
0000002e 01d6        197 	.data.b	214,1
00000030 0f          198 	.data.b	15
00000031 04          199 	.data.b	4
00000032 03          200 	.data.b	3
00000033 01d7        201 	.data.b	215,1
00000035 10          202 	.data.b	16
00000036 04          203 	.data.b	4
00000037 03          204 	.data.b	3
00000038 06c5        205 	.data.b	197,6
0000003a 11          206 	.data.b	17
0000003b 04          207 	.data.b	4
0000003c 04          208 	.data.b	4
0000003d 01          209 	.data.b	1
0000003e 5b          210 	.data.b	91
0000003f 4f545541    211 	.data.b	65,85,84,79,77,65,84,73,67,32,0
00000043 4954414d 
00000047 002043 
0000004a 01          212 	.data.b	1
0000004b 5e          213 	.data.b	94
0000004c 45505954    214 	.data.b	84,89,80,69,68,69,70,32,0
00000050 20464544 
00000054 00 
00000055 01          215 	.data.b	1
00000056 75          216 	.data.b	117
00000057 434e5546    217 	.data.b	70,85,78,67,40,114,101,116,116,121,112,101,44,109,101,109,99,108,97,115,115,41,32,114,101,116,116,121,112,101,0
0000005b 74657228 
0000005f 65707974 
00000063 6d656d2c 
00000067 73616c63 
0000006b 72202973 
0000006f 79747465 
00000073 006570 
00000076 01          218 	.data.b	1
00000077 7c          219 	.data.b	124
00000078 434e5546    220 	.data.b	70,85,78,67,95,80,50,67,79,78,83,84,40,114,101,116,116,121,112,101,44,112,116,114,99,108,97,115,115,44,109,101,109,99,108,97,115,115,41,32,99,111,110,115,116,32,114,101,116,116,121,112,101,42,0
0000007c 4332505f 
00000080 54534e4f 
00000084 74657228 
00000088 65707974 
0000008c 7274702c 
00000090 73616c63 
00000094 656d2c73 
00000098 616c636d 
0000009c 20297373 
000000a0 736e6f63 
000000a4 65722074 
000000a8 70797474 
000000ac 002a65 
000000af 01          221 	.data.b	1
000000b0 018a        222 	.data.b	138,1
000000b2 41563250    223 	.data.b	80,50,86,65,82,40,112,116,114,116,121,112,101,44,109,101,109,99,108,97,115,115,44,112,116,114,99,108,97,115,115,41,32,112,116,114,116,121,112,101,42,0
000000b6 74702852 

                                                                      Page 8
                                                              C:\Users\Fengyuan\AppData\Local\Temp\gh_0000ujk1.s
000000ba 70797472 
000000be 656d2c65 
000000c2 616c636d 
000000c6 702c7373 
000000ca 6c637274 
000000ce 29737361 
000000d2 72747020 
000000d6 65707974 
000000da 002a 
000000dc 01          224 	.data.b	1
000000dd 01a6        225 	.data.b	166,1
000000df 55463250    226 	.data.b	80,50,70,85,78,67,40,114,101,116,116,121,112,101,44,112,116,114,99,108,97,115,115,44,102,99,116,110,97,109,101,41,32,114,101,116,116,121,112,101,32,40,42,32,102,99,116,110,97,109,101,41,0
000000e3 7228434e 
000000e7 79747465 
000000eb 702c6570 
000000ef 6c637274 
000000f3 2c737361 
000000f7 6e746366 
000000fb 29656d61 
000000ff 74657220 
00000103 65707974 
00000107 202a2820 
0000010b 6e746366 
0000010f 29656d61 
00000113 00 
00000114 01          227 	.data.b	1
00000115 01bc        228 	.data.b	188,1
00000117 28524156    229 	.data.b	86,65,82,40,118,97,114,116,121,112,101,44,109,101,109,99,108,97,115,115,41,32,118,97,114,116,121,112,101,0
0000011b 74726176 
0000011f 2c657079 
00000123 636d656d 
00000127 7373616c 
0000012b 61762029 
0000012f 70797472 
00000133 0065 
00000135 04          230 	.data.b	4
00000136 01          231 	.data.b	1
00000137 6d          232 	.data.b	109
00000138 5f445453    233 	.data.b	83,84,68,95,79,78,32,49,117,0
0000013c 31204e4f 
00000140 0075 
00000142 01          234 	.data.b	1
00000143 6e          235 	.data.b	110
00000144 5f445453    236 	.data.b	83,84,68,95,79,70,70,32,48,117,0
00000148 2046464f 
0000014c 007530 
0000014f 04          237 	.data.b	4
00000150 03          238 	.data.b	3
00000151 28          239 	.data.b	40
00000152 12          240 	.data.b	18
00000153 03          241 	.data.b	3
00000154 27          242 	.data.b	39
00000155 13          243 	.data.b	19
00000156 03          244 	.data.b	3
00000157 4c          245 	.data.b	76
00000158 14          246 	.data.b	20
00000159 04          247 	.data.b	4
0000015a 01          248 	.data.b	1
0000015b 5a          249 	.data.b	90
0000015c 534d4f43    250 	.data.b	67,79,77,83,84,65,67,75,84,89,80,69,95,65,82,95,82,69,76,69,65,83,69,95,82,69,86,73,83,73,79,78,95,86,69,82,83,73,79,78,32,40,51,117,41,0
00000160 4b434154 

                                                                      Page 9
                                                              C:\Users\Fengyuan\AppData\Local\Temp\gh_0000ujk1.s
00000164 45505954 
00000168 5f52415f 
0000016c 454c4552 
00000170 5f455341 
00000174 49564552 
00000178 4e4f4953 
0000017c 5245565f 
00000180 4e4f4953 
00000184 75332820 
00000188 0029 
0000018a 04          251 	.data.b	4
0000018b 04          252 	.data.b	4
0000018c 04          253 	.data.b	4
0000018d 03          254 	.data.b	3
0000018e 01c4        255 	.data.b	196,1
00000190 15          256 	.data.b	21
00000191 04          257 	.data.b	4
00000192 04          258 	.data.b	4
00000193 04          259 	.data.b	4
00000194 04          260 	.data.b	4
00000195 03          261 	.data.b	3
00000196 22          262 	.data.b	34
00000197 16          263 	.data.b	22
00000198 01          264 	.data.b	1
00000199 29          265 	.data.b	41
0000019a 4d554345    266 	.data.b	69,67,85,77,95,68,69,86,95,69,82,82,79,82,95,68,69,84,69,67,84,32,83,84,68,95,79,78,0
0000019e 5645445f 
000001a2 5252455f 
000001a6 445f524f 
000001aa 43455445 
000001ae 54532054 
000001b2 4e4f5f44 
000001b6 00 
000001b7 01          267 	.data.b	1
000001b8 36          268 	.data.b	54
000001b9 4d554345    269 	.data.b	69,67,85,77,95,86,69,82,83,73,79,78,95,73,78,70,79,95,65,80,73,32,40,83,84,68,95,79,70,70,41,0
000001bd 5245565f 
000001c1 4e4f4953 
000001c5 464e495f 
000001c9 50415f4f 
000001cd 53282049 
000001d1 4f5f4454 
000001d5 00294646 
000001d9 01          270 	.data.b	1
000001da 3b          271 	.data.b	59
000001db 4d554345    272 	.data.b	69,67,85,77,95,65,76,65,82,77,95,67,76,79,67,75,95,80,82,69,83,69,78,84,32,40,83,84,68,95,79,70,70,41,0
000001df 414c415f 
000001e3 435f4d52 
000001e7 4b434f4c 
000001eb 4552505f 
000001ef 544e4553 
000001f3 54532820 
000001f7 464f5f44 
000001fb 002946 
000001fe 01          273 	.data.b	1
000001ff 3c          274 	.data.b	60
00000200 4d554345    275 	.data.b	69,67,85,77,95,77,79,68,69,95,72,65,78,68,76,73,78,71,32,40,83,84,68,95,79,70,70,41,0
00000204 444f4d5f 
00000208 41485f45 
0000020c 494c444e 
00000210 2820474e 

                                                                      Page 10
                                                              C:\Users\Fengyuan\AppData\Local\Temp\gh_0000ujk1.s
00000214 5f445453 
00000218 2946464f 
0000021c 00 
0000021d 01          276 	.data.b	1
0000021e 41          277 	.data.b	65
0000021f 4d554345    278 	.data.b	69,67,85,77,95,70,73,88,69,68,95,66,69,72,65,86,73,79,82,32,40,83,84,68,95,79,70,70,41,0
00000223 5849465f 
00000227 425f4445 
0000022b 56414845 
0000022f 20524f49 
00000233 44545328 
00000237 46464f5f 
0000023b 0029 
0000023d 01          279 	.data.b	1
0000023e 45          280 	.data.b	69
0000023f 4d554345    281 	.data.b	69,67,85,77,95,73,78,67,76,85,68,69,95,78,86,82,65,77,95,77,71,82,32,40,83,84,68,95,79,70,70,41,0
00000243 434e495f 
00000247 4544554c 
0000024b 52564e5f 
0000024f 4d5f4d41 
00000253 28205247 
00000257 5f445453 
0000025b 2946464f 
0000025f 00 
00000260 01          282 	.data.b	1
00000261 68          283 	.data.b	104
00000262 4d554345    284 	.data.b	69,67,85,77,95,67,79,78,70,73,71,85,82,65,84,73,79,78,95,86,65,82,73,65,78,84,95,80,82,69,67,79,77,80,73,76,69,32,49,0
00000266 4e4f435f 
0000026a 55474946 
0000026e 49544152 
00000272 565f4e4f 
00000276 41495241 
0000027a 505f544e 
0000027e 4f434552 
00000282 4c49504d 
00000286 00312045 
0000028a 01          285 	.data.b	1
0000028b 6e          286 	.data.b	110
0000028c 4d554345    287 	.data.b	69,67,85,77,95,67,79,78,70,73,71,85,82,65,84,73,79,78,95,86,65,82,73,65,78,84,95,80,79,83,84,66,85,73,76,68,95,76,79,65,68,65,66,76,69,32,51,0
00000290 4e4f435f 
00000294 55474946 
00000298 49544152 
0000029c 565f4e4f 
000002a0 41495241 
000002a4 505f544e 
000002a8 4254534f 
000002ac 444c4955 
000002b0 414f4c5f 
000002b4 4c424144 
000002b8 00332045 
000002bc 01          288 	.data.b	1
000002bd 71          289 	.data.b	113
000002be 4d554345    290 	.data.b	69,67,85,77,95,67,79,78,70,73,71,85,82,65,84,73,79,78,95,86,65,82,73,65,78,84,32,69,67,85,77,95,67,79,78,70,73,71,85,82,65,84,73,79,78,95,86,65,82,73,65,78,84,95,80,82,69,67,79,77
000002c2 4e4f435f 
000002c6 55474946 
000002ca 49544152 
000002ce 565f4e4f 
000002d2 41495241 
000002d6 4520544e 
000002da 5f4d5543 
000002de 464e4f43 

                                                                      Page 11
                                                              C:\Users\Fengyuan\AppData\Local\Temp\gh_0000ujk1.s
000002e2 52554749 
000002e6 4f495441 
000002ea 41565f4e 
000002ee 4e414952 
000002f2 52505f54 
000002f6 4d4f4345 
000002fa 454c4950    291 	.data.b	80,73,76,69,0
000002fe 00 
000002ff 04          292 	.data.b	4
00000300 03          293 	.data.b	3
00000301 3d          294 	.data.b	61
00000302 17          295 	.data.b	23
00000303 04          296 	.data.b	4
00000304 03          297 	.data.b	3
00000305 0194        298 	.data.b	148,1
00000307 17          299 	.data.b	23
00000308 04          300 	.data.b	4
00000309 04          301 	.data.b	4
0000030a 03          302 	.data.b	3
0000030b 02bd        303 	.data.b	189,2
0000030d 17          304 	.data.b	23
0000030e 04          305 	.data.b	4
0000030f 03          306 	.data.b	3
00000310 07b5        307 	.data.b	181,7
00000312 17          308 	.data.b	23
00000313 04          309 	.data.b	4
00000314 04          310 	.data.b	4
00000315 04          311 	.data.b	4
00000316 04          312 	.data.b	4
00000317 04          313 	.data.b	4
00000318 00          314 	.data.b	0
                     315 	.section	.debug_abbrev
00000017 00          316 	.data.b	0
                     317 	.section	.debug_info
                     318 .Ldw_end:
