                                                                      Page 1
                                                              C:\Users\Fengyuan\AppData\Local\Temp\gh_00010b81.s
Command Line: C:\ghs\comp_201714\asarm.exe -elf -b0 -I../../../bsw/../thirdparty/mcal_s32k/supply/s32k14x_mcal4_2_rtm_hf3_1_0_1/eclipse/plugins/base_ts_t40d2m10i1r0/include -I../../../bsw/../thirdparty/mcal_s32k/supply/s32k14x_mcal4_2_rtm_hf3_1_0_1/eclipse/plugins/dio_ts_t40d2m10i1r0/include -I../../../bsw/../thirdparty/mcal_s32k/supply/s32k14x_mcal4_2_rtm_hf3_1_0_1/eclipse/plugins/mcu_ts_t40d2m10i1r0/include -I../../../bsw/../thirdparty/mcal_s32k/supply/s32k14x_mcal4_2_rtm_hf3_1_0_1/eclipse/plugins/port_ts_t40d2m10i1r0/include -I../../../bsw/../thirdparty/mcal_s32k/supply/s32k14x_mcal4_2_rtm_hf3_1_0_1/eclipse/plugins/spi_ts_t40d2m10i1r0/include -I../../../bsw/_common -I../../../bsw/bswm -I../../../bsw/can -I../../../bsw/canif -I../../../bsw/cansm -I../../../bsw/cantp -I../../../bsw/com -I../../../bsw/comm -I../../../bsw/dcm -I../../../bsw/dem -I../../../bsw/det -I../../../bsw/ecum -I../../../bsw/gendata -I../../../bsw/iohwab -I../../../bsw/mcal_s32k -I../../../bsw/os -I../../../bsw/pdur -I../../../bsw/vstdlib -I./shared/zbrs_armcommon -I./shared/zbrs_asrembeddedruntimesystemcfg5 -I./shared/zbrs_s32arm -Ic:/ghs/comp_201714/ansi -Ic:/ghs/comp_201714/include/arm -Igendata -Igendata/components -Igendata/include -Iinclude -IC:\ghs\comp_201714\lib\thumb2 -cpu=cortexm4 -fpu=soft -patch_dbo=C:\Vector\CBD1800257_D01_S32K1xx\Applications\S32K144_Start_new\Appl\obj\Os_Hal_Compiler_Arm.dbo -source=Os_Hal_Compiler_Arm.c -o obj\gh_00010b81.o -list=lst/Os_Hal_Compiler_Arm.lst C:\Users\Fengyuan\AppData\Local\Temp\gh_00010b81.s 
Original File: C:\Users\Fengyuan\AppData\Local\Temp\gh_00010b81.s
Source File: Os_Hal_Compiler_Arm.c
Directory: C:\Vector\CBD1800257_D01_S32K1xx\Applications\S32K144_Start_new\Appl
Host OS: Windows
EASE: Copyright (C) 1983-2016 Green Hills Software.  All Rights Reserved.
Release: Compiler v2017.1.4
Build Directory: [Directory] COMP-VAL-WIN47:l:/compiler/release-branch-2017-1-comp/build/v2017.1-2017-04-09/win32-comp-ecom
Revision: [VCInfo] http://toolsvc/branches/release-branch-2017-1-comp/src@589570 (built by auto-compiler)
Revision Date: Mon Apr 10 10:52:57 2017

Release Date: Mon Apr 10 08:00:05 2017

                       1 ;Driver Command: ccarm -DBRS_DERIVATIVE_S32K144 -DBRS_OSC_CLK=8
                       2 ;		-DBRS_TIMEBASE_CLOCK=96 -DBRS_OS_USECASE_OSGEN7 -DBRS_EVA_BOARD_
                       3 ;		-DBRS_PROGRAM_CODE_LOCATION_FLASH
                       4 ;		-DBRS_VECTOR_TABLE_LOCATION_FLASH -DBRS_CPU_CORE_CORTEX_M4
                       5 ;		-DBRS_STACK_SIZE=0xC800 -DBRS_PLATFORM_ARM -DBRS_COMP_GHS
                       6 ;		-DBRS_INSTRUCTION_SET_ARM -DBRS_OPTIONBYTES_ADR=1
                       7 ;		-DBRS_RAM_ETH_SIZE=0 -DBRS_RAM_ETH_MAPPING=0
                       8 ;		-DBRS_RAM_SIZE=0x0000F000 -DBRS_RAM_MAPPING=0x1FFF8000 -c
                       9 ;		-object_dir=obj -list=lst/Os_Hal_Compiler_Arm.lst
                      10 ;		--diag_suppress=1 -cpu=cortexm4 -noobj --long_long -g -dual_debug
                      11 ;		-farcalls -dwarf2 -no_misalign_pack -nostartfiles
                      12 ;		-act_like=2015.1 -pragma_asm_inline -thumb -thumb_lib -Osize
                      13 ;		-object_dir= -e Startup_Handler
                      14 ;		-I../../../bsw/../thirdparty/mcal_s32k/supply/s32k14x_mcal4_2_rtm_hf3_1_0_1/eclipse/plugins/base_ts_t40d2m10i1r0/include
                      15 ;		-I../../../bsw/../thirdparty/mcal_s32k/supply/s32k14x_mcal4_2_rtm_hf3_1_0_1/eclipse/plugins/dio_ts_t40d2m10i1r0/include
                      16 ;		-I../../../bsw/../thirdparty/mcal_s32k/supply/s32k14x_mcal4_2_rtm_hf3_1_0_1/eclipse/plugins/mcu_ts_t40d2m10i1r0/include
                      17 ;		-I../../../bsw/../thirdparty/mcal_s32k/supply/s32k14x_mcal4_2_rtm_hf3_1_0_1/eclipse/plugins/port_ts_t40d2m10i1r0/include
                      18 ;		-I../../../bsw/../thirdparty/mcal_s32k/supply/s32k14x_mcal4_2_rtm_hf3_1_0_1/eclipse/plugins/spi_ts_t40d2m10i1r0/include
                      19 ;		-I../../../bsw/_common -I../../../bsw/bswm -I../../../bsw/can
                      20 ;		-I../../../bsw/canif -I../../../bsw/cansm -I../../../bsw/cantp
                      21 ;		-I../../../bsw/com -I../../../bsw/comm -I../../../bsw/dcm
                      22 ;		-I../../../bsw/dem -I../../../bsw/det -I../../../bsw/ecum
                      23 ;		-I../../../bsw/gendata -I../../../bsw/iohwab
                      24 ;		-I../../../bsw/mcal_s32k -I../../../bsw/os -I../../../bsw/pdur
                      25 ;		-I../../../bsw/vstdlib -I./shared/zbrs_armcommon
                      26 ;		-I./shared/zbrs_asrembeddedruntimesystemcfg5
                      27 ;		-I./shared/zbrs_s32arm -Ic:/ghs/comp_201714/ansi
                      28 ;		-Ic:/ghs/comp_201714/include/arm -Igendata -Igendata/components
                      29 ;		-Igendata/include -Iinclude ../../../BSW/Os/Os_Hal_Compiler_Arm.c
                      30 ;Source File:   ../../../BSW/Os/Os_Hal_Compiler_Arm.c
                      31 ;Directory:     
                      32 ;		C:\Vector\CBD1800257_D01_S32K1xx\Applications\S32K144_Start_new\Appl
                      33 ;Compile Date:  Fri Jun 18 09:58:59 2021
                      34 ;Host OS:       Win32
                      35 ;Version:       C-ARM 2017.1.4 RELEASE VERSION
                      36 ;Release:       Compiler v2017.1.4
                      37 ;Revision Date: Tue Apr 11 01:37:22 2017
                      38 ;Release Date:  Mon Apr 10 08:00:05 2017
                      39 ; ecom  -g -w -OMS
                      40 
                      41 	.ghsnote info, 19, 3, 640
                      42 	.text
                      43 ..bof.C.3A.5CVector.5CCBD1800257_D01_S32K1xx.5CApplications.5CS32K144_Start_new.5CAppl.5Cobj.5COs_Hal_Compiler_Arm...43.3A.5CVector.5CCBD1800257_D01_S32K1xx.5CApplications.5CS32K144_Start_new.5CAppl..60CBFDE3..0::
                      44 ..eof.C.3A.5CVector.5CCBD1800257_D01_S32K1xx.5CApplications.5CS32K144_Start_new.5CAppl.5Cobj.5COs_Hal_Compiler_Arm...43.3A.5CVector.5CCBD1800257_D01_S32K1xx.5CApplications.5CS32K144_Start_new.5CAppl..60CBFDE3..0::
                      45 	.section	.debug_info
                      46 .Ldw_begin:
00000000 00000000*    47 	.data.w	.Ldw_end-.Ldw_begin-4
00000004 0002         48 	.data.b	2,0
00000006 00000000*    49 	.data.w	.Ldw_abbr_begin
0000000a 04           50 	.data.b	4

                                                                      Page 2
                                                              C:\Users\Fengyuan\AppData\Local\Temp\gh_00010b81.s
                      51 	.section	.debug_abbrev
                      52 .Ldw_abbr_begin:
                      53 	.section	.debug_info
0000000b 01           54 	.data.b	1
0000000c 00000000*    55 	.data.w	..bof.C.3A.5CVector.5CCBD1800257_D01_S32K1xx.5CApplications.5CS32K144_Start_new.5CAppl.5Cobj.5COs_Hal_Compiler_Arm...43.3A.5CVector.5CCBD1800257_D01_S32K1xx.5CApplications.5CS32K144_Start_new.5CAppl..60CBFDE3..0
00000010 00000000*    56 	.data.w	..eof.C.3A.5CVector.5CCBD1800257_D01_S32K1xx.5CApplications.5CS32K144_Start_new.5CAppl.5Cobj.5COs_Hal_Compiler_Arm...43.3A.5CVector.5CCBD1800257_D01_S32K1xx.5CApplications.5CS32K144_Start_new.5CAppl..60CBFDE3..0
00000014 2e2f2e2e     57 	.data.b	46,46,47,46,46,47,46,46,47,66,83,87,47,79,115,47,79,115,95,72,97,108,95,67,111,109,112,105,108,101,114,95,65,114,109,46,99,0
00000018 2e2e2f2e 
0000001c 5753422f 
00000020 2f734f2f 
00000024 485f734f 
00000028 435f6c61 
0000002c 69706d6f 
00000030 5f72656c 
00000034 2e6d7241 
00000038 0063 
0000003a 565c3a43     58 	.data.b	67,58,92,86,101,99,116,111,114,92,67,66,68,49,56,48,48,50,53,55,95,68,48,49,95,83,51,50,75,49,120,120,92,65,112,112,108,105,99,97,116,105,111,110,115,92,83,51,50,75,49,52,52,95,83,116,97,114,116,95
0000003e 6f746365 
00000042 42435c72 
00000046 30383144 
0000004a 37353230 
0000004e 3130445f 
00000052 3233535f 
00000056 7878314b 
0000005a 7070415c 
0000005e 6163696c 
00000062 6e6f6974 
00000066 33535c73 
0000006a 34314b32 
0000006e 74535f34 
00000072 5f747261 
00000076 5c77656e     59 	.data.b	110,101,119,92,65,112,112,108,0
0000007a 6c707041 
0000007e 00 
0000007f 20534847     60 	.data.b	71,72,83,32,67,32,50,48,49,55,46,49,46,52,32,91,100,117,97,108,93,0
00000083 30322043 
00000087 312e3731 
0000008b 5b20342e 
0000008f 6c617564 
00000093 005d 
00000095 0001         61 	.data.b	1,0
00000097 00000000*    62 	.data.w	.Ldw_line_begin
0000009b 00000000*    63 	.data.w	.Ldw_macinfo_begin
0000009f 00           64 	.data.b	0
                      65 
                      66 	.section	.debug_abbrev
00000000 01           67 	.data.b	1
00000001 11           68 	.data.b	17
00000002 01           69 	.data.b	1
00000003 0111         70 	.data.b	17,1
00000005 0112         71 	.data.b	18,1
00000007 0803         72 	.data.b	3,8
00000009 081b         73 	.data.b	27,8
0000000b 0825         74 	.data.b	37,8
0000000d 0513         75 	.data.b	19,5
0000000f 0610         76 	.data.b	16,6
00000011 0643         77 	.data.b	67,6
00000013 0b42         78 	.data.b	66,11
00000015 0000         79 	.data.b	0,0
                      80 
                      81 	.section	.debug_line

                                                                      Page 3
                                                              C:\Users\Fengyuan\AppData\Local\Temp\gh_00010b81.s
                      82 .Ldw_line_begin:
00000000 00000000*    83 	.data.w	.Ldw_line_end-.Ldw_line_begin-4
00000004 0002         84 	.data.b	2,0
00000006 00000000*    85 	.data.w	.Ldw_lpro_end-.Ldw_lpro_begin
                      86 .Ldw_lpro_begin:
0000000a 01           87 	.data.b	1
0000000b 00           88 	.data.b	0
0000000c 00           89 	.data.b	0
0000000d 04           90 	.data.b	4
0000000e 0a           91 	.data.b	10
0000000f 010100       92 	.data.b	0,1,1
00000012 000101       93 	.data.b	1,1,0
00000015 010000       94 	.data.b	0,0,1
00000018 00           95 	.data.b	0
00000019 2e2f2e2e     96 	.data.b	46,46,47,46,46,47,46,46,47,66,83,87,47,79,115,47,79,115,95,72,97,108,95,67,111,109,112,105,108,101,114,95,65,114,109,46,99,0
0000001d 2e2e2f2e 
00000021 5753422f 
00000025 2f734f2f 
00000029 485f734f 
0000002d 435f6c61 
00000031 69706d6f 
00000035 5f72656c 
00000039 2e6d7241 
0000003d 0063 
0000003f 000000       97 	.data.b	0,0,0
00000042 2e2f2e2e     98 	.data.b	46,46,47,46,46,47,46,46,47,98,115,119,47,95,99,111,109,109,111,110,47,83,116,100,95,84,121,112,101,115,46,104,0
00000046 2e2e2f2e 
0000004a 7773622f 
0000004e 6f635f2f 
00000052 6e6f6d6d 
00000056 6474532f 
0000005a 7079545f 
0000005e 682e7365 
00000062 00 
00000063 000000       99 	.data.b	0,0,0
00000066 2e2f2e2e    100 	.data.b	46,46,47,46,46,47,46,46,47,98,115,119,47,95,99,111,109,109,111,110,47,80,108,97,116,102,111,114,109,95,84,121,112,101,115,46,104,0
0000006a 2e2e2f2e 
0000006e 7773622f 
00000072 6f635f2f 
00000076 6e6f6d6d 
0000007a 616c502f 
0000007e 726f6674 
00000082 79545f6d 
00000086 2e736570 
0000008a 0068 
0000008c 000000      101 	.data.b	0,0,0
0000008f 2e2f2e2e    102 	.data.b	46,46,47,46,46,47,46,46,47,98,115,119,47,95,99,111,109,109,111,110,47,67,111,109,112,105,108,101,114,46,104,0
00000093 2e2e2f2e 
00000097 7773622f 
0000009b 6f635f2f 
0000009f 6e6f6d6d 
000000a3 6d6f432f 
000000a7 656c6970 
000000ab 00682e72 
000000af 000000      103 	.data.b	0,0,0
000000b2 6c636e69    104 	.data.b	105,110,99,108,117,100,101,92,67,111,109,112,105,108,101,114,95,67,102,103,46,104,0
000000b6 5c656475 
000000ba 706d6f43 
000000be 72656c69 
000000c2 6766435f 
000000c6 00682e 

                                                                      Page 4
                                                              C:\Users\Fengyuan\AppData\Local\Temp\gh_00010b81.s
000000c9 000000      105 	.data.b	0,0,0
000000cc 646e6567    106 	.data.b	103,101,110,100,97,116,97,92,82,116,101,95,67,111,109,112,105,108,101,114,95,67,102,103,46,104,0
000000d0 5c617461 
000000d4 5f657452 
000000d8 706d6f43 
000000dc 72656c69 
000000e0 6766435f 
000000e4 00682e 
000000e7 000000      107 	.data.b	0,0,0
000000ea 6c636e69    108 	.data.b	105,110,99,108,117,100,101,92,67,100,100,95,84,112,95,67,111,109,112,105,108,101,114,95,67,102,103,46,104,0
000000ee 5c656475 
000000f2 5f646443 
000000f6 435f7054 
000000fa 69706d6f 
000000fe 5f72656c 
00000102 2e676643 
00000106 0068 
00000108 000000      109 	.data.b	0,0,0
0000010b 6c636e69    110 	.data.b	105,110,99,108,117,100,101,92,67,100,100,95,67,111,109,95,67,111,109,112,105,108,101,114,95,67,102,103,46,104,0
0000010f 5c656475 
00000113 5f646443 
00000117 5f6d6f43 
0000011b 706d6f43 
0000011f 72656c69 
00000123 6766435f 
00000127 00682e 
0000012a 000000      111 	.data.b	0,0,0
0000012d 646e6567    112 	.data.b	103,101,110,100,97,116,97,92,79,115,95,67,111,109,112,105,108,101,114,95,67,102,103,46,104,0
00000131 5c617461 
00000135 435f734f 
00000139 69706d6f 
0000013d 5f72656c 
00000141 2e676643 
00000145 0068 
00000147 000000      113 	.data.b	0,0,0
0000014a 2e2f2e2e    114 	.data.b	46,46,47,46,46,47,46,46,47,66,83,87,47,79,115,47,79,115,95,72,97,108,95,67,111,109,112,105,108,101,114,46,104,0
0000014e 2e2e2f2e 
00000152 5753422f 
00000156 2f734f2f 
0000015a 485f734f 
0000015e 435f6c61 
00000162 69706d6f 
00000166 2e72656c 
0000016a 0068 
0000016c 000000      115 	.data.b	0,0,0
0000016f 2e2f2e2e    116 	.data.b	46,46,47,46,46,47,46,46,47,66,83,87,47,79,115,47,79,115,95,72,97,108,95,67,111,109,112,105,108,101,114,73,110,116,46,104,0
00000173 2e2e2f2e 
00000177 5753422f 
0000017b 2f734f2f 
0000017f 485f734f 
00000183 435f6c61 
00000187 69706d6f 
0000018b 4972656c 
0000018f 682e746e 
00000193 00 
00000194 000000      117 	.data.b	0,0,0
00000197 646e6567    118 	.data.b	103,101,110,100,97,116,97,92,79,115,95,67,102,103,46,104,0
0000019b 5c617461 
0000019f 435f734f 
000001a3 682e6766 
000001a7 00 

                                                                      Page 5
                                                              C:\Users\Fengyuan\AppData\Local\Temp\gh_00010b81.s
000001a8 000000      119 	.data.b	0,0,0
000001ab 646e6567    120 	.data.b	103,101,110,100,97,116,97,92,79,115,95,72,97,108,95,67,102,103,46,104,0
000001af 5c617461 
000001b3 485f734f 
000001b7 435f6c61 
000001bb 682e6766 
000001bf 00 
000001c0 000000      121 	.data.b	0,0,0
000001c3 2e2f2e2e    122 	.data.b	46,46,47,46,46,47,46,46,47,66,83,87,47,79,115,47,79,115,95,67,111,109,109,111,110,73,110,116,46,104,0
000001c7 2e2e2f2e 
000001cb 5753422f 
000001cf 2f734f2f 
000001d3 435f734f 
000001d7 6f6d6d6f 
000001db 746e496e 
000001df 00682e 
000001e2 000000      123 	.data.b	0,0,0
000001e5 2e2f2e2e    124 	.data.b	46,46,47,46,46,47,46,46,47,66,83,87,47,79,115,47,79,115,95,67,111,109,109,111,110,95,84,121,112,101,115,46,104,0
000001e9 2e2e2f2e 
000001ed 5753422f 
000001f1 2f734f2f 
000001f5 435f734f 
000001f9 6f6d6d6f 
000001fd 79545f6e 
00000201 2e736570 
00000205 0068 
00000207 000000      125 	.data.b	0,0,0
0000020a 2e2f2e2e    126 	.data.b	46,46,47,46,46,47,46,46,47,66,83,87,47,79,115,47,79,115,73,110,116,46,104,0
0000020e 2e2e2f2e 
00000212 5753422f 
00000216 2f734f2f 
0000021a 6e49734f 
0000021e 00682e74 
00000222 000000      127 	.data.b	0,0,0
00000225 646e6567    128 	.data.b	103,101,110,100,97,116,97,92,79,115,95,76,99,102,103,46,104,0
00000229 5c617461 
0000022d 4c5f734f 
00000231 2e676663 
00000235 0068 
00000237 000000      129 	.data.b	0,0,0
0000023a 2e2f2e2e    130 	.data.b	46,46,47,46,46,47,46,46,47,98,115,119,47,111,115,47,79,115,95,84,121,112,101,115,46,104,0
0000023e 2e2e2f2e 
00000242 7773622f 
00000246 2f736f2f 
0000024a 545f734f 
0000024e 73657079 
00000252 00682e 
00000255 000000      131 	.data.b	0,0,0
00000258 646e6567    132 	.data.b	103,101,110,100,97,116,97,92,79,115,95,84,121,112,101,115,95,76,99,102,103,46,104,0
0000025c 5c617461 
00000260 545f734f 
00000264 73657079 
00000268 66634c5f 
0000026c 00682e67 
00000270 000000      133 	.data.b	0,0,0
00000273 2e2f2e2e    134 	.data.b	46,46,47,46,46,47,46,46,47,98,115,119,47,111,115,47,79,115,95,72,97,108,95,79,115,95,84,121,112,101,115,46,104,0
00000277 2e2e2f2e 
0000027b 7773622f 
0000027f 2f736f2f 
00000283 485f734f 
00000287 4f5f6c61 

                                                                      Page 6
                                                              C:\Users\Fengyuan\AppData\Local\Temp\gh_00010b81.s
0000028b 79545f73 
0000028f 2e736570 
00000293 0068 
00000295 000000      135 	.data.b	0,0,0
00000298 646e6567    136 	.data.b	103,101,110,100,97,116,97,92,79,115,95,72,97,108,95,76,99,102,103,46,104,0
0000029c 5c617461 
000002a0 485f734f 
000002a4 4c5f6c61 
000002a8 2e676663 
000002ac 0068 
000002ae 000000      137 	.data.b	0,0,0
000002b1 6c636e69    138 	.data.b	105,110,99,108,117,100,101,92,77,101,109,77,97,112,46,104,0
000002b5 5c656475 
000002b9 4d6d654d 
000002bd 682e7061 
000002c1 00 
000002c2 000000      139 	.data.b	0,0,0
000002c5 2e2f2e2e    140 	.data.b	46,46,47,46,46,47,46,46,47,66,83,87,47,79,115,47,79,115,95,72,97,108,95,79,115,73,110,116,46,104,0
000002c9 2e2e2f2e 
000002cd 5753422f 
000002d1 2f734f2f 
000002d5 485f734f 
000002d9 4f5f6c61 
000002dd 746e4973 
000002e1 00682e 
000002e4 000000      141 	.data.b	0,0,0
000002e7 2e2f2e2e    142 	.data.b	46,46,47,46,46,47,46,46,47,66,83,87,47,79,115,47,79,115,95,72,97,108,95,79,115,95,84,121,112,101,115,46,104,0
000002eb 2e2e2f2e 
000002ef 5753422f 
000002f3 2f734f2f 
000002f7 485f734f 
000002fb 4f5f6c61 
000002ff 79545f73 
00000303 2e736570 
00000307 0068 
00000309 000000      143 	.data.b	0,0,0
0000030c 2e2f2e2e    144 	.data.b	46,46,47,46,46,47,46,46,47,66,83,87,47,79,115,47,79,115,95,72,111,111,107,95,84,121,112,101,115,46,104,0
00000310 2e2e2f2e 
00000314 5753422f 
00000318 2f734f2f 
0000031c 485f734f 
00000320 5f6b6f6f 
00000324 65707954 
00000328 00682e73 
0000032c 000000      145 	.data.b	0,0,0
0000032f 2e2f2e2e    146 	.data.b	46,46,47,46,46,47,46,46,47,66,83,87,47,79,115,47,79,115,95,77,101,109,77,97,112,95,79,115,67,111,100,101,46,104,0
00000333 2e2e2f2e 
00000337 5753422f 
0000033b 2f734f2f 
0000033f 4d5f734f 
00000343 614d6d65 
00000347 734f5f70 
0000034b 65646f43 
0000034f 00682e 
00000352 000000      147 	.data.b	0,0,0
00000355 646e6567    148 	.data.b	103,101,110,100,97,116,97,92,79,115,95,77,101,109,77,97,112,95,79,115,67,111,100,101,73,110,116,46,104,0
00000359 5c617461 
0000035d 4d5f734f 
00000361 614d6d65 
00000365 734f5f70 
00000369 65646f43 

                                                                      Page 7
                                                              C:\Users\Fengyuan\AppData\Local\Temp\gh_00010b81.s
0000036d 2e746e49 
00000371 0068 
00000373 000000      149 	.data.b	0,0,0
00000376 2e2f2e2e    150 	.data.b	46,46,47,46,46,47,46,46,47,66,83,87,47,79,115,47,79,115,95,72,97,108,95,68,101,114,105,118,97,116,105,118,101,46,104,0
0000037a 2e2e2f2e 
0000037e 5753422f 
00000382 2f734f2f 
00000386 485f734f 
0000038a 445f6c61 
0000038e 76697265 
00000392 76697461 
00000396 00682e65 
0000039a 000000      151 	.data.b	0,0,0
0000039d 2e2f2e2e    152 	.data.b	46,46,47,46,46,47,46,46,47,66,83,87,47,79,115,47,79,115,95,72,97,108,95,68,101,114,105,118,97,116,105,118,101,73,110,116,46,104,0
000003a1 2e2e2f2e 
000003a5 5753422f 
000003a9 2f734f2f 
000003ad 485f734f 
000003b1 445f6c61 
000003b5 76697265 
000003b9 76697461 
000003bd 746e4965 
000003c1 00682e 
000003c4 000000      153 	.data.b	0,0,0
000003c7 2e2f2e2e    154 	.data.b	46,46,47,46,46,47,46,46,47,66,83,87,47,79,115,47,79,115,95,72,97,108,95,68,101,114,105,118,97,116,105,118,101,95,83,51,50,75,49,52,56,73,110,116,46,104,0
000003cb 2e2e2f2e 
000003cf 5753422f 
000003d3 2f734f2f 
000003d7 485f734f 
000003db 445f6c61 
000003df 76697265 
000003e3 76697461 
000003e7 33535f65 
000003eb 34314b32 
000003ef 746e4938 
000003f3 00682e 
000003f6 000000      155 	.data.b	0,0,0
000003f9 2e2f2e2e    156 	.data.b	46,46,47,46,46,47,46,46,47,66,83,87,47,79,115,47,79,115,95,72,97,108,95,67,111,109,112,105,108,101,114,95,71,114,101,101,110,104,105,108,108,115,73,110,116,46,104,0
000003fd 2e2e2f2e 
00000401 5753422f 
00000405 2f734f2f 
00000409 485f734f 
0000040d 435f6c61 
00000411 69706d6f 
00000415 5f72656c 
00000419 65657247 
0000041d 6c69686e 
00000421 6e49736c 
00000425 00682e74 
00000429 000000      157 	.data.b	0,0,0
0000042c 672f3a63    158 	.data.b	99,58,47,103,104,115,47,99,111,109,112,95,50,48,49,55,49,52,47,105,110,99,108,117,100,101,47,97,114,109,47,97,114,109,95,103,104,115,46,104,0
00000430 632f7368 
00000434 5f706d6f 
00000438 37313032 
0000043c 692f3431 
00000440 756c636e 
00000444 612f6564 
00000448 612f6d72 
0000044c 675f6d72 
00000450 682e7368 
00000454 00 

                                                                      Page 8
                                                              C:\Users\Fengyuan\AppData\Local\Temp\gh_00010b81.s
00000455 000000      159 	.data.b	0,0,0
00000458 672f3a63    160 	.data.b	99,58,47,103,104,115,47,99,111,109,112,95,50,48,49,55,49,52,47,105,110,99,108,117,100,101,47,97,114,109,47,97,114,109,57,101,95,103,104,115,46,104,0
0000045c 632f7368 
00000460 5f706d6f 
00000464 37313032 
00000468 692f3431 
0000046c 756c636e 
00000470 612f6564 
00000474 612f6d72 
00000478 65396d72 
0000047c 7368675f 
00000480 00682e 
00000483 000000      161 	.data.b	0,0,0
00000486 672f3a63    162 	.data.b	99,58,47,103,104,115,47,99,111,109,112,95,50,48,49,55,49,52,47,105,110,99,108,117,100,101,47,97,114,109,47,97,114,109,49,49,95,103,104,115,46,104,0
0000048a 632f7368 
0000048e 5f706d6f 
00000492 37313032 
00000496 692f3431 
0000049a 756c636e 
0000049e 612f6564 
000004a2 612f6d72 
000004a6 31316d72 
000004aa 7368675f 
000004ae 00682e 
000004b1 000000      163 	.data.b	0,0,0
000004b4 672f3a63    164 	.data.b	99,58,47,103,104,115,47,99,111,109,112,95,50,48,49,55,49,52,47,105,110,99,108,117,100,101,47,97,114,109,47,97,114,109,118,55,95,103,104,115,46,104,0
000004b8 632f7368 
000004bc 5f706d6f 
000004c0 37313032 
000004c4 692f3431 
000004c8 756c636e 
000004cc 612f6564 
000004d0 612f6d72 
000004d4 37766d72 
000004d8 7368675f 
000004dc 00682e 
000004df 000000      165 	.data.b	0,0,0
000004e2 672f3a63    166 	.data.b	99,58,47,103,104,115,47,99,111,109,112,95,50,48,49,55,49,52,47,105,110,99,108,117,100,101,47,97,114,109,47,97,114,109,118,55,109,95,103,104,115,46,104,0
000004e6 632f7368 
000004ea 5f706d6f 
000004ee 37313032 
000004f2 692f3431 
000004f6 756c636e 
000004fa 612f6564 
000004fe 612f6d72 
00000502 37766d72 
00000506 68675f6d 
0000050a 00682e73 
0000050e 000000      167 	.data.b	0,0,0
00000511 672f3a63    168 	.data.b	99,58,47,103,104,115,47,99,111,109,112,95,50,48,49,55,49,52,47,97,110,115,105,47,115,116,100,100,101,102,46,104,0
00000515 632f7368 
00000519 5f706d6f 
0000051d 37313032 
00000521 612f3431 
00000525 2f69736e 
00000529 64647473 
0000052d 682e6665 
00000531 00 
00000532 000000      169 	.data.b	0,0,0
00000535 672f3a63    170 	.data.b	99,58,47,103,104,115,47,99,111,109,112,95,50,48,49,55,49,52,47,97,110,115,105,47,103,104,115,95,110,117,108,108,46,104,0
00000539 632f7368 

                                                                      Page 9
                                                              C:\Users\Fengyuan\AppData\Local\Temp\gh_00010b81.s
0000053d 5f706d6f 
00000541 37313032 
00000545 612f3431 
00000549 2f69736e 
0000054d 5f736867 
00000551 6c6c756e 
00000555 00682e 
00000558 000000      171 	.data.b	0,0,0
0000055b 672f3a63    172 	.data.b	99,58,47,103,104,115,47,99,111,109,112,95,50,48,49,55,49,52,47,97,110,115,105,47,103,104,115,95,119,99,104,97,114,46,104,0
0000055f 632f7368 
00000563 5f706d6f 
00000567 37313032 
0000056b 612f3431 
0000056f 2f69736e 
00000573 5f736867 
00000577 61686377 
0000057b 00682e72 
0000057f 000000      173 	.data.b	0,0,0
00000582 646e6567    174 	.data.b	103,101,110,100,97,116,97,92,79,115,95,67,111,114,101,95,67,102,103,46,104,0
00000586 5c617461 
0000058a 435f734f 
0000058e 5f65726f 
00000592 2e676643 
00000596 0068 
00000598 000000      175 	.data.b	0,0,0
0000059b 646e6567    176 	.data.b	103,101,110,100,97,116,97,92,79,115,95,72,97,108,95,73,110,116,101,114,114,117,112,116,95,67,102,103,46,104,0
0000059f 5c617461 
000005a3 485f734f 
000005a7 495f6c61 
000005ab 7265746e 
000005af 74707572 
000005b3 6766435f 
000005b7 00682e 
000005ba 000000      177 	.data.b	0,0,0
000005bd 646e6567    178 	.data.b	103,101,110,100,97,116,97,92,79,115,95,72,97,108,95,69,110,116,114,121,95,67,102,103,46,104,0
000005c1 5c617461 
000005c5 485f734f 
000005c9 455f6c61 
000005cd 7972746e 
000005d1 6766435f 
000005d5 00682e 
000005d8 000000      179 	.data.b	0,0,0
000005db 00          180 	.data.b	0
                     181 .Ldw_lpro_end:
                     182 	.section	.debug_macinfo
                     183 .Ldw_macinfo_begin:
                     184 	.section	.debug_info
                     185 .LDW_5c43758:
000000a0 30          186 	.data.b	48
000000a1 00          187 	.data.b	0
000000a2 6c          188 	.data.b	108
000000a3 01          189 	.data.b	1
000000a4 13          190 	.data.b	19
000000a5 04          191 	.data.b	4
000000a6 01          192 	.data.b	1
                     193 
                     194 	.section	.debug_abbrev
00000017 30          195 	.data.b	48
00000018 04          196 	.data.b	4
00000019 01          197 	.data.b	1
0000001a 0803        198 	.data.b	3,8

                                                                      Page 10
                                                              C:\Users\Fengyuan\AppData\Local\Temp\gh_00010b81.s
0000001c 0f3b        199 	.data.b	59,15
0000001e 0f39        200 	.data.b	57,15
00000020 0f3a        201 	.data.b	58,15
00000022 0f0b        202 	.data.b	11,15
00000024 0b32        203 	.data.b	50,11
00000026 0000        204 	.data.b	0,0
                     205 
                     206 	.section	.debug_info
                     207 .LDW_5db4fa0:
000000a7 2f          208 	.data.b	47
000000a8 74737953    209 	.data.b	83,121,115,116,101,109,65,112,112,108,105,99,97,116,105,111,110,95,79,115,67,111,114,101,48,0
000000ac 70416d65 
000000b0 63696c70 
000000b4 6f697461 
000000b8 734f5f6e 
000000bc 65726f43 
000000c0 0030 
000000c2 6d          210 	.data.b	109
000000c3 03          211 	.data.b	3
000000c4 13          212 	.data.b	19
000000c5 00          213 	.data.b	0
                     214 
                     215 	.section	.debug_abbrev
00000028 2f          216 	.data.b	47
00000029 28          217 	.data.b	40
0000002a 00          218 	.data.b	0
0000002b 0803        219 	.data.b	3,8
0000002d 0f3b        220 	.data.b	59,15
0000002f 0f39        221 	.data.b	57,15
00000031 0f3a        222 	.data.b	58,15
00000033 0d1c        223 	.data.b	28,13
00000035 0000        224 	.data.b	0,0
                     225 
                     226 	.section	.debug_info
                     227 .LDW_5c438b0:
000000c6 2f          228 	.data.b	47
000000c7 415f534f    229 	.data.b	79,83,95,65,80,80,73,68,95,67,79,85,78,84,0
000000cb 44495050 
000000cf 554f435f 
000000d3 00544e 
000000d6 6e          230 	.data.b	110
000000d7 03          231 	.data.b	3
000000d8 13          232 	.data.b	19
000000d9 01          233 	.data.b	1
                     234 
                     235 .LDW_5c438f0:
000000da 2f          236 	.data.b	47
000000db 41564e49    237 	.data.b	73,78,86,65,76,73,68,95,79,83,65,80,80,76,73,67,65,84,73,79,78,0
000000df 5f44494c 
000000e3 5041534f 
000000e7 43494c50 
000000eb 4f495441 
000000ef 004e 
000000f1 6f          238 	.data.b	111
000000f2 03          239 	.data.b	3
000000f3 13          240 	.data.b	19
000000f4 01          241 	.data.b	1
                     242 
000000f5 00          243 	.data.b	0
                     244 
                     245 .LDW_5c43288:

                                                                      Page 11
                                                              C:\Users\Fengyuan\AppData\Local\Temp\gh_00010b81.s
000000f6 2a          246 	.data.b	42
000000f7 6c707041    247 	.data.b	65,112,112,108,105,99,97,116,105,111,110,84,121,112,101,0
000000fb 74616369 
000000ff 546e6f69 
00000103 00657079 
00000107 70          248 	.data.b	112
00000108 03          249 	.data.b	3
00000109 13          250 	.data.b	19
0000010a 00000000*   251 	.data.w	.LDW_5c43758
                     252 
                     253 	.section	.debug_abbrev
00000037 2a          254 	.data.b	42
00000038 16          255 	.data.b	22
00000039 00          256 	.data.b	0
0000003a 0803        257 	.data.b	3,8
0000003c 0f3b        258 	.data.b	59,15
0000003e 0f39        259 	.data.b	57,15
00000040 0f3a        260 	.data.b	58,15
00000042 1049        261 	.data.b	73,16
00000044 0000        262 	.data.b	0,0
                     263 
                     264 	.section	.debug_info
                     265 .LDW_4a69ca0:
0000010e 30          266 	.data.b	48
0000010f 00          267 	.data.b	0
00000110 0186        268 	.data.b	134,1
00000112 01          269 	.data.b	1
00000113 13          270 	.data.b	19
00000114 04          271 	.data.b	4
00000115 01          272 	.data.b	1
                     273 
                     274 .LDW_5c439f0:
00000116 2f          275 	.data.b	47
00000117 61666544    276 	.data.b	68,101,102,97,117,108,116,95,73,110,105,116,95,84,97,115,107,0
0000011b 5f746c75 
0000011f 74696e49 
00000123 7361545f 
00000127 006b 
00000129 0187        277 	.data.b	135,1
0000012b 03          278 	.data.b	3
0000012c 13          279 	.data.b	19
0000012d 00          280 	.data.b	0
                     281 
                     282 .LDW_5c43a30:
0000012e 2f          283 	.data.b	47
0000012f 656c6449    284 	.data.b	73,100,108,101,84,97,115,107,95,79,115,67,111,114,101,48,0
00000133 6b736154 
00000137 43734f5f 
0000013b 3065726f 
0000013f 00 
00000140 0188        285 	.data.b	136,1
00000142 03          286 	.data.b	3
00000143 13          287 	.data.b	19
00000144 01          288 	.data.b	1
                     289 
                     290 .LDW_5c43a70:
00000145 2f          291 	.data.b	47
00000146 6154734f    292 	.data.b	79,115,84,97,115,107,95,65,80,80,0
0000014a 415f6b73 
0000014e 005050 
00000151 0189        293 	.data.b	137,1

                                                                      Page 12
                                                              C:\Users\Fengyuan\AppData\Local\Temp\gh_00010b81.s
00000153 03          294 	.data.b	3
00000154 13          295 	.data.b	19
00000155 02          296 	.data.b	2
                     297 
                     298 .LDW_5c43ab0:
00000156 2f          299 	.data.b	47
00000157 6154734f    300 	.data.b	79,115,84,97,115,107,95,66,83,87,95,83,67,72,77,0
0000015b 425f6b73 
0000015f 535f5753 
00000163 004d4843 
00000167 018a        301 	.data.b	138,1
00000169 03          302 	.data.b	3
0000016a 13          303 	.data.b	19
0000016b 03          304 	.data.b	3
                     305 
                     306 .LDW_5c43af0:
0000016c 2f          307 	.data.b	47
0000016d 545f534f    308 	.data.b	79,83,95,84,65,83,75,73,68,95,67,79,85,78,84,0
00000171 494b5341 
00000175 4f435f44 
00000179 00544e55 
0000017d 018b        309 	.data.b	139,1
0000017f 03          310 	.data.b	3
00000180 13          311 	.data.b	19
00000181 04          312 	.data.b	4
                     313 
                     314 .LDW_5c43b30:
00000182 2f          315 	.data.b	47
00000183 41564e49    316 	.data.b	73,78,86,65,76,73,68,95,84,65,83,75,0
00000187 5f44494c 
0000018b 4b534154 
0000018f 00 
00000190 018c        317 	.data.b	140,1
00000192 03          318 	.data.b	3
00000193 13          319 	.data.b	19
00000194 04          320 	.data.b	4
                     321 
00000195 00          322 	.data.b	0
                     323 
                     324 .LDW_4a69e00:
00000196 2a          325 	.data.b	42
00000197 6b736154    326 	.data.b	84,97,115,107,84,121,112,101,0
0000019b 65707954 
0000019f 00 
000001a0 018d        327 	.data.b	141,1
000001a2 03          328 	.data.b	3
000001a3 13          329 	.data.b	19
000001a4 00000000*   330 	.data.w	.LDW_4a69ca0
                     331 
                     332 .LDW_4a69da8:
000001a8 30          333 	.data.b	48
000001a9 00          334 	.data.b	0
000001aa 0191        335 	.data.b	145,1
000001ac 01          336 	.data.b	1
000001ad 13          337 	.data.b	19
000001ae 04          338 	.data.b	4
000001af 01          339 	.data.b	1
                     340 
                     341 .LDW_5c43b70:
000001b0 2f          342 	.data.b	47
000001b1 496e6143    343 	.data.b	67,97,110,73,115,114,95,48,95,66,117,115,79,102,102,0

                                                                      Page 13
                                                              C:\Users\Fengyuan\AppData\Local\Temp\gh_00010b81.s
000001b5 305f7273 
000001b9 7375425f 
000001bd 0066664f 
000001c1 0192        344 	.data.b	146,1
000001c3 03          345 	.data.b	3
000001c4 13          346 	.data.b	19
000001c5 00          347 	.data.b	0
                     348 
                     349 .LDW_4a6bc28:
000001c6 2f          350 	.data.b	47
000001c7 496e6143    351 	.data.b	67,97,110,73,115,114,95,48,95,77,66,48,48,84,111,49,53,0
000001cb 305f7273 
000001cf 30424d5f 
000001d3 316f5430 
000001d7 0035 
000001d9 0193        352 	.data.b	147,1
000001db 03          353 	.data.b	3
000001dc 13          354 	.data.b	19
000001dd 01          355 	.data.b	1
                     356 
                     357 .LDW_4a6bc68:
000001de 2f          358 	.data.b	47
000001df 496e6143    359 	.data.b	67,97,110,73,115,114,95,48,95,77,66,49,54,84,111,51,49,0
000001e3 305f7273 
000001e7 31424d5f 
000001eb 336f5436 
000001ef 0031 
000001f1 0194        360 	.data.b	148,1
000001f3 03          361 	.data.b	3
000001f4 13          362 	.data.b	19
000001f5 02          363 	.data.b	2
                     364 
                     365 .LDW_4a6b728:
000001f6 2f          366 	.data.b	47
000001f7 6e756f43    367 	.data.b	67,111,117,110,116,101,114,73,115,114,95,83,121,115,116,101,109,84,105,109,101,114,0
000001fb 49726574 
000001ff 535f7273 
00000203 65747379 
00000207 6d69546d 
0000020b 007265 
0000020e 0195        368 	.data.b	149,1
00000210 03          369 	.data.b	3
00000211 13          370 	.data.b	19
00000212 03          371 	.data.b	3
                     372 
                     373 .LDW_4a6b928:
00000213 2f          374 	.data.b	47
00000214 495f534f    375 	.data.b	79,83,95,73,83,82,73,68,95,67,79,85,78,84,0
00000218 44495253 
0000021c 554f435f 
00000220 00544e 
00000223 0196        376 	.data.b	150,1
00000225 03          377 	.data.b	3
00000226 13          378 	.data.b	19
00000227 04          379 	.data.b	4
                     380 
                     381 .LDW_4a6b768:
00000228 2f          382 	.data.b	47
00000229 41564e49    383 	.data.b	73,78,86,65,76,73,68,95,73,83,82,0
0000022d 5f44494c 
00000231 00525349 

                                                                      Page 14
                                                              C:\Users\Fengyuan\AppData\Local\Temp\gh_00010b81.s
00000235 0197        384 	.data.b	151,1
00000237 03          385 	.data.b	3
00000238 13          386 	.data.b	19
00000239 04          387 	.data.b	4
                     388 
0000023a 00          389 	.data.b	0
                     390 
                     391 .LDW_4a69d50:
0000023b 2a          392 	.data.b	42
0000023c 54525349    393 	.data.b	73,83,82,84,121,112,101,0
00000240 00657079 
00000244 0198        394 	.data.b	152,1
00000246 03          395 	.data.b	3
00000247 13          396 	.data.b	19
00000248 00000000*   397 	.data.w	.LDW_4a69da8
                     398 
                     399 .LDW_4a6a118:
0000024c 30          400 	.data.b	48
0000024d 00          401 	.data.b	0
0000024e 01bb        402 	.data.b	187,1
00000250 01          403 	.data.b	1
00000251 13          404 	.data.b	19
00000252 04          405 	.data.b	4
00000253 01          406 	.data.b	1
                     407 
                     408 .LDW_4a6b8a8:
00000254 2f          409 	.data.b	47
00000255 535f534f    410 	.data.b	79,83,95,83,80,73,78,76,79,67,75,73,68,95,67,79,85,78,84,0
00000259 4c4e4950 
0000025d 494b434f 
00000261 4f435f44 
00000265 00544e55 
00000269 01bc        411 	.data.b	188,1
0000026b 03          412 	.data.b	3
0000026c 13          413 	.data.b	19
0000026d 00          414 	.data.b	0
                     415 
                     416 .LDW_4a6ba68:
0000026e 2f          417 	.data.b	47
0000026f 41564e49    418 	.data.b	73,78,86,65,76,73,68,95,83,80,73,78,76,79,67,75,0
00000273 5f44494c 
00000277 4e495053 
0000027b 4b434f4c 
0000027f 00 
00000280 01bd        419 	.data.b	189,1
00000282 03          420 	.data.b	3
00000283 13          421 	.data.b	19
00000284 00          422 	.data.b	0
                     423 
00000285 00          424 	.data.b	0
                     425 
                     426 .LDW_4a69f60:
00000286 2a          427 	.data.b	42
00000287 6e697053    428 	.data.b	83,112,105,110,108,111,99,107,73,100,84,121,112,101,0
0000028b 6b636f6c 
0000028f 79546449 
00000293 006570 
00000296 01be        429 	.data.b	190,1
00000298 03          430 	.data.b	3
00000299 13          431 	.data.b	19
0000029a 00000000*   432 	.data.w	.LDW_4a6a118

                                                                      Page 15
                                                              C:\Users\Fengyuan\AppData\Local\Temp\gh_00010b81.s
                     433 
                     434 .LDW_4a69ae8:
0000029e 30          435 	.data.b	48
0000029f 00          436 	.data.b	0
000002a0 01ce        437 	.data.b	206,1
000002a2 01          438 	.data.b	1
000002a3 13          439 	.data.b	19
000002a4 04          440 	.data.b	4
000002a5 01          441 	.data.b	1
                     442 
                     443 .LDW_4a6be28:
000002a6 2f          444 	.data.b	47
000002a7 545f534f    445 	.data.b	79,83,95,84,82,65,67,69,95,84,72,82,69,65,68,73,68,95,67,79,85,78,84,0
000002ab 45434152 
000002af 5248545f 
000002b3 49444145 
000002b7 4f435f44 
000002bb 00544e55 
000002bf 01cf        446 	.data.b	207,1
000002c1 03          447 	.data.b	3
000002c2 13          448 	.data.b	19
000002c3 00          449 	.data.b	0
                     450 
                     451 .LDW_4a6b8e8:
000002c4 2f          452 	.data.b	47
000002c5 545f534f    453 	.data.b	79,83,95,84,82,65,67,69,95,73,78,86,65,76,73,68,95,84,72,82,69,65,68,0
000002c9 45434152 
000002cd 564e495f 
000002d1 44494c41 
000002d5 5248545f 
000002d9 00444145 
000002dd 01d0        454 	.data.b	208,1
000002df 03          455 	.data.b	3
000002e0 13          456 	.data.b	19
000002e1 01          457 	.data.b	1
                     458 
000002e2 00          459 	.data.b	0
                     460 
                     461 .LDW_4a697d0:
000002e3 2a          462 	.data.b	42
000002e4 545f734f    463 	.data.b	79,115,95,84,114,97,99,101,84,104,114,101,97,100,73,100,84,121,112,101,0
000002e8 65636172 
000002ec 65726854 
000002f0 64496461 
000002f4 65707954 
000002f8 00 
000002f9 01d1        464 	.data.b	209,1
000002fb 03          465 	.data.b	3
000002fc 13          466 	.data.b	19
000002fd 00000000*   467 	.data.w	.LDW_4a69ae8
                     468 
                     469 .LDW_4a699e0:
00000301 30          470 	.data.b	48
00000302 00          471 	.data.b	0
00000303 01d5        472 	.data.b	213,1
00000305 01          473 	.data.b	1
00000306 13          474 	.data.b	19
00000307 04          475 	.data.b	4
00000308 01          476 	.data.b	1
                     477 
                     478 .LDW_4a6bd68:

                                                                      Page 16
                                                              C:\Users\Fengyuan\AppData\Local\Temp\gh_00010b81.s
00000309 2f          479 	.data.b	47
0000030a 545f534f    480 	.data.b	79,83,95,84,82,65,67,69,95,78,85,77,66,69,82,95,79,70,95,67,79,78,70,73,71,85,82,69,68,95,83,80,73,78,76,79,67,75,83,0
0000030e 45434152 
00000312 4d554e5f 
00000316 5f524542 
0000031a 435f464f 
0000031e 49464e4f 
00000322 45525547 
00000326 50535f44 
0000032a 4f4c4e49 
0000032e 00534b43 
00000332 01d6        481 	.data.b	214,1
00000334 03          482 	.data.b	3
00000335 13          483 	.data.b	19
00000336 00          484 	.data.b	0
                     485 
                     486 .LDW_4a6baa8:
00000337 2f          487 	.data.b	47
00000338 545f534f    488 	.data.b	79,83,95,84,82,65,67,69,95,78,85,77,66,69,82,95,79,70,95,65,76,76,95,83,80,73,78,76,79,67,75,83,0
0000033c 45434152 
00000340 4d554e5f 
00000344 5f524542 
00000348 415f464f 
0000034c 535f4c4c 
00000350 4c4e4950 
00000354 534b434f 
00000358 00 
00000359 01d7        489 	.data.b	215,1
0000035b 03          490 	.data.b	3
0000035c 13          491 	.data.b	19
0000035d 00          492 	.data.b	0
                     493 
                     494 .LDW_4a6bea8:
0000035e 2f          495 	.data.b	47
0000035f 545f534f    496 	.data.b	79,83,95,84,82,65,67,69,95,73,78,86,65,76,73,68,95,83,80,73,78,76,79,67,75,0
00000363 45434152 
00000367 564e495f 
0000036b 44494c41 
0000036f 4950535f 
00000373 434f4c4e 
00000377 004b 
00000379 01d8        497 	.data.b	216,1
0000037b 03          498 	.data.b	3
0000037c 13          499 	.data.b	19
0000037d 01          500 	.data.b	1
                     501 
0000037e 00          502 	.data.b	0
                     503 
                     504 .LDW_4a6a1c8:
0000037f 2a          505 	.data.b	42
00000380 545f734f    506 	.data.b	79,115,95,84,114,97,99,101,83,112,105,110,108,111,99,107,73,100,84,121,112,101,0
00000384 65636172 
00000388 6e697053 
0000038c 6b636f6c 
00000390 79546449 
00000394 006570 
00000397 01d9        507 	.data.b	217,1
00000399 03          508 	.data.b	3
0000039a 13          509 	.data.b	19
0000039b 00000000*   510 	.data.w	.LDW_4a699e0
                     511 

                                                                      Page 17
                                                              C:\Users\Fengyuan\AppData\Local\Temp\gh_00010b81.s
0000039f 00          512 	.data.b	0
                     513 
                     514 	.section	.debug_line
                     515 .Ldw_line_end:
                     516 	.section	.debug_macinfo
00000000 01          517 	.data.b	1
00000001 00          518 	.data.b	0
00000002 68675f5f    519 	.data.b	95,95,103,104,115,95,95,32,49,0
00000006 205f5f73 
0000000a 0031 
0000000c 01          520 	.data.b	1
0000000d 00          521 	.data.b	0
0000000e 54535f5f    522 	.data.b	95,95,83,84,68,67,95,95,32,48,0
00000012 5f5f4344 
00000016 003020 
00000019 01          523 	.data.b	1
0000001a 00          524 	.data.b	0
0000001b 54415f5f    525 	.data.b	95,95,65,84,84,82,73,66,85,84,69,83,32,49,0
0000001f 42495254 
00000023 53455455 
00000027 003120 
0000002a 01          526 	.data.b	1
0000002b 00          527 	.data.b	0
0000002c 44455f5f    528 	.data.b	95,95,69,68,71,95,95,32,49,0
00000030 205f5f47 
00000034 0031 
00000036 01          529 	.data.b	1
00000037 00          530 	.data.b	0
00000038 4f435f5f    531 	.data.b	95,95,67,79,82,69,95,67,79,82,84,69,88,77,52,95,95,32,49,0
0000003c 435f4552 
00000040 4554524f 
00000044 5f344d58 
00000048 0031205f 
0000004c 01          532 	.data.b	1
0000004d 00          533 	.data.b	0
0000004e 48545f5f    534 	.data.b	95,95,84,72,85,77,66,50,95,65,87,65,82,69,32,49,0
00000052 32424d55 
00000056 4157415f 
0000005a 31204552 
0000005e 00 
0000005f 01          535 	.data.b	1
00000060 00          536 	.data.b	0
00000061 52415f5f    537 	.data.b	95,95,65,82,77,95,68,83,80,32,49,0
00000065 53445f4d 
00000069 00312050 
0000006d 01          538 	.data.b	1
0000006e 00          539 	.data.b	0
0000006f 68675f5f    540 	.data.b	95,95,103,104,115,95,109,97,120,95,112,97,99,107,95,118,97,108,117,101,32,52,0
00000073 616d5f73 
00000077 61705f78 
0000007b 765f6b63 
0000007f 65756c61 
00000083 003420 
00000086 01          541 	.data.b	1
00000087 00          542 	.data.b	0
00000088 48535f5f    543 	.data.b	95,95,83,72,82,84,95,66,73,84,32,49,54,0
0000008c 425f5452 
00000090 31205449 
00000094 0036 
00000096 01          544 	.data.b	1
00000097 00          545 	.data.b	0

                                                                      Page 18
                                                              C:\Users\Fengyuan\AppData\Local\Temp\gh_00010b81.s
00000098 4e495f5f    546 	.data.b	95,95,73,78,84,95,66,73,84,32,51,50,0
0000009c 49425f54 
000000a0 32332054 
000000a4 00 
000000a5 01          547 	.data.b	1
000000a6 00          548 	.data.b	0
000000a7 4f4c5f5f    549 	.data.b	95,95,76,79,78,71,95,66,73,84,32,51,50,0
000000ab 425f474e 
000000af 33205449 
000000b3 0032 
000000b5 01          550 	.data.b	1
000000b6 00          551 	.data.b	0
000000b7 43575f5f    552 	.data.b	95,95,87,67,72,65,82,95,66,73,84,32,49,54,0
000000bb 5f524148 
000000bf 20544942 
000000c3 003631 
000000c6 01          553 	.data.b	1
000000c7 00          554 	.data.b	0
000000c8 54505f5f    555 	.data.b	95,95,80,84,82,95,66,73,84,32,51,50,0
000000cc 49425f52 
000000d0 32332054 
000000d4 00 
000000d5 01          556 	.data.b	1
000000d6 00          557 	.data.b	0
000000d7 4c4c5f5f    558 	.data.b	95,95,76,76,79,78,71,95,66,73,84,32,54,52,0
000000db 5f474e4f 
000000df 20544942 
000000e3 003436 
000000e6 01          559 	.data.b	1
000000e7 00          560 	.data.b	0
000000e8 43575f5f    561 	.data.b	95,95,87,67,104,97,114,95,73,115,95,85,110,115,105,103,110,101,100,95,95,32,49,0
000000ec 5f726168 
000000f0 555f7349 
000000f4 6769736e 
000000f8 5f64656e 
000000fc 0031205f 
00000100 03          562 	.data.b	3
00000101 00          563 	.data.b	0
00000102 01          564 	.data.b	1
00000103 03          565 	.data.b	3
00000104 3d          566 	.data.b	61
00000105 02          567 	.data.b	2
00000106 03          568 	.data.b	3
00000107 3f          569 	.data.b	63
00000108 03          570 	.data.b	3
00000109 04          571 	.data.b	4
0000010a 03          572 	.data.b	3
0000010b 40          573 	.data.b	64
0000010c 04          574 	.data.b	4
0000010d 03          575 	.data.b	3
0000010e 3e          576 	.data.b	62
0000010f 05          577 	.data.b	5
00000110 03          578 	.data.b	3
00000111 7f          579 	.data.b	127
00000112 06          580 	.data.b	6
00000113 04          581 	.data.b	4
00000114 03          582 	.data.b	3
00000115 01d6        583 	.data.b	214,1
00000117 07          584 	.data.b	7
00000118 04          585 	.data.b	4
00000119 03          586 	.data.b	3

                                                                      Page 19
                                                              C:\Users\Fengyuan\AppData\Local\Temp\gh_00010b81.s
0000011a 01d7        587 	.data.b	215,1
0000011c 08          588 	.data.b	8
0000011d 04          589 	.data.b	4
0000011e 03          590 	.data.b	3
0000011f 06c5        591 	.data.b	197,6
00000121 09          592 	.data.b	9
00000122 04          593 	.data.b	4
00000123 04          594 	.data.b	4
00000124 01          595 	.data.b	1
00000125 75          596 	.data.b	117
00000126 434e5546    597 	.data.b	70,85,78,67,40,114,101,116,116,121,112,101,44,109,101,109,99,108,97,115,115,41,32,114,101,116,116,121,112,101,0
0000012a 74657228 
0000012e 65707974 
00000132 6d656d2c 
00000136 73616c63 
0000013a 72202973 
0000013e 79747465 
00000142 006570 
00000145 01          598 	.data.b	1
00000146 018a        599 	.data.b	138,1
00000148 41563250    600 	.data.b	80,50,86,65,82,40,112,116,114,116,121,112,101,44,109,101,109,99,108,97,115,115,44,112,116,114,99,108,97,115,115,41,32,112,116,114,116,121,112,101,42,0
0000014c 74702852 
00000150 70797472 
00000154 656d2c65 
00000158 616c636d 
0000015c 702c7373 
00000160 6c637274 
00000164 29737361 
00000168 72747020 
0000016c 65707974 
00000170 002a 
00000172 01          601 	.data.b	1
00000173 0191        602 	.data.b	145,1
00000175 4f433250    603 	.data.b	80,50,67,79,78,83,84,40,112,116,114,116,121,112,101,44,109,101,109,99,108,97,115,115,44,112,116,114,99,108,97,115,115,41,32,99,111,110,115,116,32,112,116,114,116,121,112,101,42,0
00000179 2854534e 
0000017d 74727470 
00000181 2c657079 
00000185 636d656d 
00000189 7373616c 
0000018d 7274702c 
00000191 73616c63 
00000195 63202973 
00000199 74736e6f 
0000019d 72747020 
000001a1 65707974 
000001a5 002a 
000001a7 04          604 	.data.b	4
000001a8 01          605 	.data.b	1
000001a9 6d          606 	.data.b	109
000001aa 5f445453    607 	.data.b	83,84,68,95,79,78,32,49,117,0
000001ae 31204e4f 
000001b2 0075 
000001b4 01          608 	.data.b	1
000001b5 6e          609 	.data.b	110
000001b6 5f445453    610 	.data.b	83,84,68,95,79,70,70,32,48,117,0
000001ba 2046464f 
000001be 007530 
000001c1 01          611 	.data.b	1
000001c2 7c          612 	.data.b	124
000001c3 4b4f5f45    613 	.data.b	69,95,79,75,32,48,117,0
000001c7 00753020 

                                                                      Page 20
                                                              C:\Users\Fengyuan\AppData\Local\Temp\gh_00010b81.s
000001cb 04          614 	.data.b	4
000001cc 03          615 	.data.b	3
000001cd 40          616 	.data.b	64
000001ce 0a          617 	.data.b	10
000001cf 03          618 	.data.b	3
000001d0 28          619 	.data.b	40
000001d1 0b          620 	.data.b	11
000001d2 03          621 	.data.b	3
000001d3 33          622 	.data.b	51
000001d4 0c          623 	.data.b	12
000001d5 01          624 	.data.b	1
000001d6 21          625 	.data.b	33
000001d7 435f534f    626 	.data.b	79,83,95,67,70,71,95,72,32,0
000001db 485f4746 
000001df 0020 
000001e1 03          627 	.data.b	3
000001e2 2e          628 	.data.b	46
000001e3 0d          629 	.data.b	13
000001e4 04          630 	.data.b	4
000001e5 01          631 	.data.b	1
000001e6 3f          632 	.data.b	63
000001e7 435f534f    633 	.data.b	79,83,95,67,70,71,95,68,69,82,73,86,65,84,73,86,69,71,82,79,85,80,95,83,51,50,75,49,52,56,32,40,83,84,68,95,79,78,41,0
000001eb 445f4746 
000001ef 56495245 
000001f3 56495441 
000001f7 4f524745 
000001fb 535f5055 
000001ff 314b3233 
00000203 28203834 
00000207 5f445453 
0000020b 00294e4f 
0000020f 01          634 	.data.b	1
00000210 45          635 	.data.b	69
00000211 435f534f    636 	.data.b	79,83,95,67,70,71,95,67,79,77,80,73,76,69,82,95,71,82,69,69,78,72,73,76,76,83,32,40,83,84,68,95,79,78,41,0
00000215 435f4746 
00000219 49504d4f 
0000021d 5f52454c 
00000221 45455247 
00000225 4c49484e 
00000229 2820534c 
0000022d 5f445453 
00000231 00294e4f 
00000235 01          637 	.data.b	1
00000236 4e          638 	.data.b	78
00000237 435f534f    639 	.data.b	79,83,95,67,70,71,95,80,82,69,84,65,83,75,72,79,79,75,32,40,83,84,68,95,79,70,70,41,0
0000023b 505f4746 
0000023f 41544552 
00000243 4f484b53 
00000247 28204b4f 
0000024b 5f445453 
0000024f 2946464f 
00000253 00 
00000254 01          640 	.data.b	1
00000255 51          641 	.data.b	81
00000256 435f534f    642 	.data.b	79,83,95,67,70,71,95,80,79,83,84,84,65,83,75,72,79,79,75,32,40,83,84,68,95,79,70,70,41,0
0000025a 505f4746 
0000025e 5454534f 
00000262 484b5341 
00000266 204b4f4f 
0000026a 44545328 
0000026e 46464f5f 

                                                                      Page 21
                                                              C:\Users\Fengyuan\AppData\Local\Temp\gh_00010b81.s
00000272 0029 
00000274 01          643 	.data.b	1
00000275 54          644 	.data.b	84
00000276 435f534f    645 	.data.b	79,83,95,67,70,71,95,80,65,78,73,67,72,79,79,75,32,40,83,84,68,95,79,78,41,0
0000027a 505f4746 
0000027e 43494e41 
00000282 4b4f4f48 
00000286 54532820 
0000028a 4e4f5f44 
0000028e 0029 
00000290 01          646 	.data.b	1
00000291 57          647 	.data.b	87
00000292 435f534f    648 	.data.b	79,83,95,67,70,71,95,83,84,65,82,84,85,80,72,79,79,75,95,83,89,83,84,69,77,32,40,83,84,68,95,79,70,70,41,0
00000296 535f4746 
0000029a 54524154 
0000029e 4f485055 
000002a2 535f4b4f 
000002a6 45545359 
000002aa 5328204d 
000002ae 4f5f4454 
000002b2 00294646 
000002b6 01          649 	.data.b	1
000002b7 5a          650 	.data.b	90
000002b8 435f534f    651 	.data.b	79,83,95,67,70,71,95,83,72,85,84,68,79,87,78,72,79,79,75,95,83,89,83,84,69,77,32,40,83,84,68,95,79,70,70,41,0
000002bc 535f4746 
000002c0 44545548 
000002c4 484e574f 
000002c8 5f4b4f4f 
000002cc 54535953 
000002d0 28204d45 
000002d4 5f445453 
000002d8 2946464f 
000002dc 00 
000002dd 01          652 	.data.b	1
000002de 5d          653 	.data.b	93
000002df 435f534f    654 	.data.b	79,83,95,67,70,71,95,69,82,82,79,82,72,79,79,75,95,83,89,83,84,69,77,32,40,83,84,68,95,79,78,41,0
000002e3 455f4746 
000002e7 524f5252 
000002eb 4b4f4f48 
000002ef 5359535f 
000002f3 204d4554 
000002f7 44545328 
000002fb 294e4f5f 
000002ff 00 
00000300 01          655 	.data.b	1
00000301 60          656 	.data.b	96
00000302 435f534f    657 	.data.b	79,83,95,67,70,71,95,80,82,79,84,69,67,84,73,79,78,72,79,79,75,95,83,89,83,84,69,77,32,40,83,84,68,95,79,70,70,41,0
00000306 505f4746 
0000030a 45544f52 
0000030e 4f495443 
00000312 4f4f484e 
00000316 59535f4b 
0000031a 4d455453 
0000031e 54532820 
00000322 464f5f44 
00000326 002946 
00000329 04          658 	.data.b	4
0000032a 03          659 	.data.b	3
0000032b 34          660 	.data.b	52
0000032c 0e          661 	.data.b	14
0000032d 03          662 	.data.b	3

                                                                      Page 22
                                                              C:\Users\Fengyuan\AppData\Local\Temp\gh_00010b81.s
0000032e 2b          663 	.data.b	43
0000032f 0f          664 	.data.b	15
00000330 01          665 	.data.b	1
00000331 1f          666 	.data.b	31
00000332 435f534f    667 	.data.b	79,83,95,67,79,77,77,79,78,95,84,89,80,69,83,95,72,32,0
00000336 4f4d4d4f 
0000033a 59545f4e 
0000033e 5f534550 
00000342 002048 
00000345 04          668 	.data.b	4
00000346 03          669 	.data.b	3
00000347 2c          670 	.data.b	44
00000348 10          671 	.data.b	16
00000349 03          672 	.data.b	3
0000034a 27          673 	.data.b	39
0000034b 11          674 	.data.b	17
0000034c 01          675 	.data.b	1
0000034d 21          676 	.data.b	33
0000034e 4c5f534f    677 	.data.b	79,83,95,76,67,70,71,95,72,32,0
00000352 5f474643 
00000356 002048 
00000359 03          678 	.data.b	3
0000035a 2b          679 	.data.b	43
0000035b 0c          680 	.data.b	12
0000035c 04          681 	.data.b	4
0000035d 03          682 	.data.b	3
0000035e 2c          683 	.data.b	44
0000035f 12          684 	.data.b	18
00000360 03          685 	.data.b	3
00000361 27          686 	.data.b	39
00000362 13          687 	.data.b	19
00000363 01          688 	.data.b	1
00000364 21          689 	.data.b	33
00000365 545f534f    690 	.data.b	79,83,95,84,89,80,69,83,95,76,67,70,71,95,72,32,0
00000369 53455059 
0000036d 46434c5f 
00000371 20485f47 
00000375 00 
00000376 01          691 	.data.b	1
00000377 35          692 	.data.b	53
00000378 74737953    693 	.data.b	83,121,115,116,101,109,65,112,112,108,105,99,97,116,105,111,110,95,79,115,67,111,114,101,48,32,83,121,115,116,101,109,65,112,112,108,105,99,97,116,105,111,110,95,79,115,67,111,114,101,48,0
0000037c 70416d65 
00000380 63696c70 
00000384 6f697461 
00000388 734f5f6e 
0000038c 65726f43 
00000390 79532030 
00000394 6d657473 
00000398 6c707041 
0000039c 74616369 
000003a0 5f6e6f69 
000003a4 6f43734f 
000003a8 00306572 
000003ac 01          694 	.data.b	1
000003ad 3e          695 	.data.b	62
000003ae 61666544    696 	.data.b	68,101,102,97,117,108,116,95,73,110,105,116,95,84,97,115,107,32,68,101,102,97,117,108,116,95,73,110,105,116,95,84,97,115,107,0
000003b2 5f746c75 
000003b6 74696e49 
000003ba 7361545f 
000003be 6544206b 
000003c2 6c756166 

                                                                      Page 23
                                                              C:\Users\Fengyuan\AppData\Local\Temp\gh_00010b81.s
000003c6 6e495f74 
000003ca 545f7469 
000003ce 006b7361 
000003d2 01          697 	.data.b	1
000003d3 3f          698 	.data.b	63
000003d4 656c6449    699 	.data.b	73,100,108,101,84,97,115,107,95,79,115,67,111,114,101,48,32,73,100,108,101,84,97,115,107,95,79,115,67,111,114,101,48,0
000003d8 6b736154 
000003dc 43734f5f 
000003e0 3065726f 
000003e4 6c644920 
000003e8 73615465 
000003ec 734f5f6b 
000003f0 65726f43 
000003f4 0030 
000003f6 01          700 	.data.b	1
000003f7 40          701 	.data.b	64
000003f8 6154734f    702 	.data.b	79,115,84,97,115,107,95,65,80,80,32,79,115,84,97,115,107,95,65,80,80,0
000003fc 415f6b73 
00000400 4f205050 
00000404 73615473 
00000408 50415f6b 
0000040c 0050 
0000040e 01          703 	.data.b	1
0000040f 41          704 	.data.b	65
00000410 6154734f    705 	.data.b	79,115,84,97,115,107,95,66,83,87,95,83,67,72,77,32,79,115,84,97,115,107,95,66,83,87,95,83,67,72,77,0
00000414 425f6b73 
00000418 535f5753 
0000041c 204d4843 
00000420 6154734f 
00000424 425f6b73 
00000428 535f5753 
0000042c 004d4843 
00000430 01          706 	.data.b	1
00000431 44          707 	.data.b	68
00000432 496e6143    708 	.data.b	67,97,110,73,115,114,95,48,95,66,117,115,79,102,102,32,67,97,110,73,115,114,95,48,95,66,117,115,79,102,102,0
00000436 305f7273 
0000043a 7375425f 
0000043e 2066664f 
00000442 496e6143 
00000446 305f7273 
0000044a 7375425f 
0000044e 0066664f 
00000452 01          709 	.data.b	1
00000453 45          710 	.data.b	69
00000454 496e6143    711 	.data.b	67,97,110,73,115,114,95,48,95,77,66,48,48,84,111,49,53,32,67,97,110,73,115,114,95,48,95,77,66,48,48,84,111,49,53,0
00000458 305f7273 
0000045c 30424d5f 
00000460 316f5430 
00000464 61432035 
00000468 7273496e 
0000046c 4d5f305f 
00000470 54303042 
00000474 0035316f 
00000478 01          712 	.data.b	1
00000479 46          713 	.data.b	70
0000047a 496e6143    714 	.data.b	67,97,110,73,115,114,95,48,95,77,66,49,54,84,111,51,49,32,67,97,110,73,115,114,95,48,95,77,66,49,54,84,111,51,49,0
0000047e 305f7273 
00000482 31424d5f 
00000486 336f5436 
0000048a 61432031 
0000048e 7273496e 

                                                                      Page 24
                                                              C:\Users\Fengyuan\AppData\Local\Temp\gh_00010b81.s
00000492 4d5f305f 
00000496 54363142 
0000049a 0031336f 
0000049e 01          715 	.data.b	1
0000049f 47          716 	.data.b	71
000004a0 6e756f43    717 	.data.b	67,111,117,110,116,101,114,73,115,114,95,83,121,115,116,101,109,84,105,109,101,114,32,67,111,117,110,116,101,114,73,115,114,95,83,121,115,116,101,109,84,105,109,101,114,0
000004a4 49726574 
000004a8 535f7273 
000004ac 65747379 
000004b0 6d69546d 
000004b4 43207265 
000004b8 746e756f 
000004bc 73497265 
000004c0 79535f72 
000004c4 6d657473 
000004c8 656d6954 
000004cc 0072 
000004ce 01          718 	.data.b	1
000004cf 4a          719 	.data.b	74
000004d0 5f657452    720 	.data.b	82,116,101,95,65,108,95,84,69,50,95,79,115,84,97,115,107,95,66,83,87,95,83,67,72,77,95,48,95,49,48,109,115,32,82,116,101,95,65,108,95,84,69,50,95,79,115,84,97,115,107,95,66,83,87,95,83,67,72,77
000004d4 545f6c41 
000004d8 4f5f3245 
000004dc 73615473 
000004e0 53425f6b 
000004e4 43535f57 
000004e8 305f4d48 
000004ec 6d30315f 
000004f0 74522073 
000004f4 6c415f65 
000004f8 3245545f 
000004fc 54734f5f 
00000500 5f6b7361 
00000504 5f575342 
00000508 4d484353 
0000050c 315f305f    721 	.data.b	95,48,95,49,48,109,115,0
00000510 00736d30 
00000514 01          722 	.data.b	1
00000515 4b          723 	.data.b	75
00000516 5f657452    724 	.data.b	82,116,101,95,65,108,95,84,69,50,95,79,115,84,97,115,107,95,66,83,87,95,83,67,72,77,95,48,95,50,48,109,115,32,82,116,101,95,65,108,95,84,69,50,95,79,115,84,97,115,107,95,66,83,87,95,83,67,72,77
0000051a 545f6c41 
0000051e 4f5f3245 
00000522 73615473 
00000526 53425f6b 
0000052a 43535f57 
0000052e 305f4d48 
00000532 6d30325f 
00000536 74522073 
0000053a 6c415f65 
0000053e 3245545f 
00000542 54734f5f 
00000546 5f6b7361 
0000054a 5f575342 
0000054e 4d484353 
00000552 325f305f    725 	.data.b	95,48,95,50,48,109,115,0
00000556 00736d30 
0000055a 01          726 	.data.b	1
0000055b 4c          727 	.data.b	76
0000055c 5f657452    728 	.data.b	82,116,101,95,65,108,95,84,69,95,67,97,110,84,112,95,67,97,110,84,112,95,77,97,105,110,70,117,110,99,116,105,111,110,32,82,116,101,95,65,108,95,84,69,95,67,97,110,84,112,95,67,97,110,84,112,95,77,97,105
00000560 545f6c41 
00000564 61435f45 
00000568 5f70546e 

                                                                      Page 25
                                                              C:\Users\Fengyuan\AppData\Local\Temp\gh_00010b81.s
0000056c 546e6143 
00000570 614d5f70 
00000574 75466e69 
00000578 6974636e 
0000057c 52206e6f 
00000580 415f6574 
00000584 45545f6c 
00000588 6e61435f 
0000058c 435f7054 
00000590 70546e61 
00000594 69614d5f 
00000598 6e75466e    729 	.data.b	110,70,117,110,99,116,105,111,110,0
0000059c 6f697463 
000005a0 006e 
000005a2 01          730 	.data.b	1
000005a3 4d          731 	.data.b	77
000005a4 5f657452    732 	.data.b	82,116,101,95,65,108,95,84,69,95,67,100,100,95,83,66,67,95,85,74,65,49,49,54,57,95,83,98,99,95,84,101,115,116,95,82,117,110,110,97,98,108,101,32,82,116,101,95,65,108,95,84,69,95,67,100,100,95,83,66
000005a8 545f6c41 
000005ac 64435f45 
000005b0 42535f64 
000005b4 4a555f43 
000005b8 36313141 
000005bc 62535f39 
000005c0 65545f63 
000005c4 525f7473 
000005c8 616e6e75 
000005cc 20656c62 
000005d0 5f657452 
000005d4 545f6c41 
000005d8 64435f45 
000005dc 42535f64 
000005e0 4a555f43    733 	.data.b	67,95,85,74,65,49,49,54,57,95,83,98,99,95,84,101,115,116,95,82,117,110,110,97,98,108,101,0
000005e4 36313141 
000005e8 62535f39 
000005ec 65545f63 
000005f0 525f7473 
000005f4 616e6e75 
000005f8 00656c62 
000005fc 01          734 	.data.b	1
000005fd 4e          735 	.data.b	78
000005fe 5f657452    736 	.data.b	82,116,101,95,65,108,95,84,69,95,67,112,76,101,100,84,97,115,107,95,76,101,100,82,117,110,110,97,98,108,101,32,82,116,101,95,65,108,95,84,69,95,67,112,76,101,100,84,97,115,107,95,76,101,100,82,117,110,110,97
00000602 545f6c41 
00000606 70435f45 
0000060a 5464654c 
0000060e 5f6b7361 
00000612 5264654c 
00000616 616e6e75 
0000061a 20656c62 
0000061e 5f657452 
00000622 545f6c41 
00000626 70435f45 
0000062a 5464654c 
0000062e 5f6b7361 
00000632 5264654c 
00000636 616e6e75 
0000063a 00656c62    737 	.data.b	98,108,101,0
0000063e 01          738 	.data.b	1
0000063f 51          739 	.data.b	81
00000640 74737953    740 	.data.b	83,121,115,116,101,109,84,105,109,101,114,32,83,121,115,116,101,109,84,105,109,101,114,0
00000644 69546d65 
00000648 2072656d 

                                                                      Page 26
                                                              C:\Users\Fengyuan\AppData\Local\Temp\gh_00010b81.s
0000064c 74737953 
00000650 69546d65 
00000654 0072656d 
00000658 01          741 	.data.b	1
00000659 56          742 	.data.b	86
0000065a 6552734f    743 	.data.b	79,115,82,101,115,111,117,114,99,101,32,79,115,82,101,115,111,117,114,99,101,0
0000065e 72756f73 
00000662 4f206563 
00000666 73655273 
0000066a 6372756f 
0000066e 0065 
00000670 04          744 	.data.b	4
00000671 03          745 	.data.b	3
00000672 2b          746 	.data.b	43
00000673 14          747 	.data.b	20
00000674 01          748 	.data.b	1
00000675 1c          749 	.data.b	28
00000676 485f534f    750 	.data.b	79,83,95,72,65,76,95,79,83,95,84,89,80,69,83,95,72,32,0
0000067a 4f5f4c41 
0000067e 59545f53 
00000682 5f534550 
00000686 002048 
00000689 04          751 	.data.b	4
0000068a 01          752 	.data.b	1
0000068b 33          753 	.data.b	51
0000068c 534f5f45    754 	.data.b	69,95,79,83,95,65,67,67,69,83,83,32,40,40,83,116,97,116,117,115,84,121,112,101,41,48,120,48,49,41,0
00000690 4343415f 
00000694 20535345 
00000698 74532828 
0000069c 73757461 
000006a0 65707954 
000006a4 30783029 
000006a8 002931 
000006ab 01          755 	.data.b	1
000006ac 35          756 	.data.b	53
000006ad 534f5f45    757 	.data.b	69,95,79,83,95,67,65,76,76,69,86,69,76,32,40,40,83,116,97,116,117,115,84,121,112,101,41,48,120,48,50,41,0
000006b1 4c41435f 
000006b5 4556454c 
000006b9 2828204c 
000006bd 74617453 
000006c1 79547375 
000006c5 30296570 
000006c9 29323078 
000006cd 00 
000006ce 01          758 	.data.b	1
000006cf 37          759 	.data.b	55
000006d0 534f5f45    760 	.data.b	69,95,79,83,95,73,68,32,40,40,83,116,97,116,117,115,84,121,112,101,41,48,120,48,51,41,0
000006d4 2044495f 
000006d8 74532828 
000006dc 73757461 
000006e0 65707954 
000006e4 30783029 
000006e8 002933 
000006eb 01          761 	.data.b	1
000006ec 39          762 	.data.b	57
000006ed 534f5f45    763 	.data.b	69,95,79,83,95,76,73,77,73,84,32,40,40,83,116,97,116,117,115,84,121,112,101,41,48,120,48,52,41,0
000006f1 4d494c5f 
000006f5 28205449 
000006f9 61745328 
000006fd 54737574 
00000701 29657079 

                                                                      Page 27
                                                              C:\Users\Fengyuan\AppData\Local\Temp\gh_00010b81.s
00000705 34307830 
00000709 0029 
0000070b 01          764 	.data.b	1
0000070c 3b          765 	.data.b	59
0000070d 534f5f45    766 	.data.b	69,95,79,83,95,78,79,70,85,78,67,32,40,40,83,116,97,116,117,115,84,121,112,101,41,48,120,48,53,41,0
00000711 464f4e5f 
00000715 20434e55 
00000719 74532828 
0000071d 73757461 
00000721 65707954 
00000725 30783029 
00000729 002935 
0000072c 01          767 	.data.b	1
0000072d 3d          768 	.data.b	61
0000072e 534f5f45    769 	.data.b	69,95,79,83,95,82,69,83,79,85,82,67,69,32,40,40,83,116,97,116,117,115,84,121,112,101,41,48,120,48,54,41,0
00000732 5345525f 
00000736 4352554f 
0000073a 28282045 
0000073e 74617453 
00000742 79547375 
00000746 30296570 
0000074a 29363078 
0000074e 00 
0000074f 01          770 	.data.b	1
00000750 3f          771 	.data.b	63
00000751 534f5f45    772 	.data.b	69,95,79,83,95,83,84,65,84,69,32,40,40,83,116,97,116,117,115,84,121,112,101,41,48,120,48,55,41,0
00000755 4154535f 
00000759 28204554 
0000075d 61745328 
00000761 54737574 
00000765 29657079 
00000769 37307830 
0000076d 0029 
0000076f 01          773 	.data.b	1
00000770 41          774 	.data.b	65
00000771 534f5f45    775 	.data.b	69,95,79,83,95,86,65,76,85,69,32,40,40,83,116,97,116,117,115,84,121,112,101,41,48,120,48,56,41,0
00000775 4c41565f 
00000779 28204555 
0000077d 61745328 
00000781 54737574 
00000785 29657079 
00000789 38307830 
0000078d 0029 
0000078f 01          776 	.data.b	1
00000790 45          777 	.data.b	69
00000791 534f5f45    778 	.data.b	69,95,79,83,95,83,69,82,86,73,67,69,73,68,32,40,40,83,116,97,116,117,115,84,121,112,101,41,48,120,48,57,41,0
00000795 5245535f 
00000799 45434956 
0000079d 28204449 
000007a1 61745328 
000007a5 54737574 
000007a9 29657079 
000007ad 39307830 
000007b1 0029 
000007b3 01          779 	.data.b	1
000007b4 49          780 	.data.b	73
000007b5 534f5f45    781 	.data.b	69,95,79,83,95,73,76,76,69,71,65,76,95,65,68,68,82,69,83,83,32,40,40,83,116,97,116,117,115,84,121,112,101,41,48,120,48,65,41,0
000007b9 4c4c495f 
000007bd 4c414745 
000007c1 4444415f 
000007c5 53534552 

                                                                      Page 28
                                                              C:\Users\Fengyuan\AppData\Local\Temp\gh_00010b81.s
000007c9 53282820 
000007cd 75746174 
000007d1 70795473 
000007d5 78302965 
000007d9 00294130 
000007dd 01          782 	.data.b	1
000007de 4b          783 	.data.b	75
000007df 534f5f45    784 	.data.b	69,95,79,83,95,77,73,83,83,73,78,71,69,78,68,32,40,40,83,116,97,116,117,115,84,121,112,101,41,48,120,48,66,41,0
000007e3 53494d5f 
000007e7 474e4953 
000007eb 20444e45 
000007ef 74532828 
000007f3 73757461 
000007f7 65707954 
000007fb 30783029 
000007ff 002942 
00000802 01          785 	.data.b	1
00000803 4d          786 	.data.b	77
00000804 534f5f45    787 	.data.b	69,95,79,83,95,68,73,83,65,66,76,69,68,73,78,84,32,40,40,83,116,97,116,117,115,84,121,112,101,41,48,120,48,67,41,0
00000808 5349445f 
0000080c 454c4241 
00000810 544e4944 
00000814 53282820 
00000818 75746174 
0000081c 70795473 
00000820 78302965 
00000824 00294330 
00000828 01          788 	.data.b	1
00000829 4f          789 	.data.b	79
0000082a 534f5f45    790 	.data.b	69,95,79,83,95,83,84,65,67,75,70,65,85,76,84,32,40,40,83,116,97,116,117,115,84,121,112,101,41,48,120,48,68,41,0
0000082e 4154535f 
00000832 41464b43 
00000836 20544c55 
0000083a 74532828 
0000083e 73757461 
00000842 65707954 
00000846 30783029 
0000084a 002944 
0000084d 01          791 	.data.b	1
0000084e 51          792 	.data.b	81
0000084f 534f5f45    793 	.data.b	69,95,79,83,95,80,82,79,84,69,67,84,73,79,78,95,77,69,77,79,82,89,32,40,40,83,116,97,116,117,115,84,121,112,101,41,48,120,48,69,41,0
00000853 4f52505f 
00000857 54434554 
0000085b 5f4e4f49 
0000085f 4f4d454d 
00000863 28205952 
00000867 61745328 
0000086b 54737574 
0000086f 29657079 
00000873 45307830 
00000877 0029 
00000879 01          794 	.data.b	1
0000087a 53          795 	.data.b	83
0000087b 534f5f45    796 	.data.b	69,95,79,83,95,80,82,79,84,69,67,84,73,79,78,95,84,73,77,69,32,40,40,83,116,97,116,117,115,84,121,112,101,41,48,120,48,70,41,0
0000087f 4f52505f 
00000883 54434554 
00000887 5f4e4f49 
0000088b 454d4954 
0000088f 53282820 
00000893 75746174 
00000897 70795473 

                                                                      Page 29
                                                              C:\Users\Fengyuan\AppData\Local\Temp\gh_00010b81.s
0000089b 78302965 
0000089f 00294630 
000008a3 01          797 	.data.b	1
000008a4 55          798 	.data.b	85
000008a5 534f5f45    799 	.data.b	69,95,79,83,95,80,82,79,84,69,67,84,73,79,78,95,65,82,82,73,86,65,76,32,40,40,83,116,97,116,117,115,84,121,112,101,41,48,120,49,48,41,0
000008a9 4f52505f 
000008ad 54434554 
000008b1 5f4e4f49 
000008b5 49525241 
000008b9 204c4156 
000008bd 74532828 
000008c1 73757461 
000008c5 65707954 
000008c9 31783029 
000008cd 002930 
000008d0 01          800 	.data.b	1
000008d1 57          801 	.data.b	87
000008d2 534f5f45    802 	.data.b	69,95,79,83,95,80,82,79,84,69,67,84,73,79,78,95,76,79,67,75,69,68,32,40,40,83,116,97,116,117,115,84,121,112,101,41,48,120,49,49,41,0
000008d6 4f52505f 
000008da 54434554 
000008de 5f4e4f49 
000008e2 4b434f4c 
000008e6 28204445 
000008ea 61745328 
000008ee 54737574 
000008f2 29657079 
000008f6 31317830 
000008fa 0029 
000008fc 01          803 	.data.b	1
000008fd 59          804 	.data.b	89
000008fe 534f5f45    805 	.data.b	69,95,79,83,95,80,82,79,84,69,67,84,73,79,78,95,69,88,67,69,80,84,73,79,78,32,40,40,83,116,97,116,117,115,84,121,112,101,41,48,120,49,50,41,0
00000902 4f52505f 
00000906 54434554 
0000090a 5f4e4f49 
0000090e 45435845 
00000912 4f495450 
00000916 2828204e 
0000091a 74617453 
0000091e 79547375 
00000922 30296570 
00000926 29323178 
0000092a 00 
0000092b 01          806 	.data.b	1
0000092c 5b          807 	.data.b	91
0000092d 534f5f45    808 	.data.b	69,95,79,83,95,73,78,84,69,82,70,69,82,69,78,67,69,95,68,69,65,68,76,79,67,75,32,40,40,83,116,97,116,117,115,84,121,112,101,41,48,120,49,51,41,0
00000931 544e495f 
00000935 45465245 
00000939 434e4552 
0000093d 45445f45 
00000941 4f4c4441 
00000945 28204b43 
00000949 61745328 
0000094d 54737574 
00000951 29657079 
00000955 33317830 
00000959 0029 
0000095b 01          809 	.data.b	1
0000095c 5d          810 	.data.b	93
0000095d 534f5f45    811 	.data.b	69,95,79,83,95,78,69,83,84,73,78,71,95,68,69,65,68,76,79,67,75,32,40,40,83,116,97,116,117,115,84,121,112,101,41,48,120,49,52,41,0
00000961 53454e5f 
00000965 474e4954 

                                                                      Page 30
                                                              C:\Users\Fengyuan\AppData\Local\Temp\gh_00010b81.s
00000969 4145445f 
0000096d 434f4c44 
00000971 2828204b 
00000975 74617453 
00000979 79547375 
0000097d 30296570 
00000981 29343178 
00000985 00 
00000986 01          812 	.data.b	1
00000987 5f          813 	.data.b	95
00000988 534f5f45    814 	.data.b	69,95,79,83,95,83,80,73,78,76,79,67,75,32,40,40,83,116,97,116,117,115,84,121,112,101,41,48,120,49,53,41,0
0000098c 4950535f 
00000990 434f4c4e 
00000994 2828204b 
00000998 74617453 
0000099c 79547375 
000009a0 30296570 
000009a4 29353178 
000009a8 00 
000009a9 01          815 	.data.b	1
000009aa 61          816 	.data.b	97
000009ab 534f5f45    817 	.data.b	69,95,79,83,95,67,79,82,69,32,40,40,83,116,97,116,117,115,84,121,112,101,41,48,120,49,54,41,0
000009af 524f435f 
000009b3 28282045 
000009b7 74617453 
000009bb 79547375 
000009bf 30296570 
000009c3 29363178 
000009c7 00 
000009c8 01          818 	.data.b	1
000009c9 63          819 	.data.b	99
000009ca 534f5f45    820 	.data.b	69,95,79,83,95,80,65,82,65,77,95,80,79,73,78,84,69,82,32,40,40,83,116,97,116,117,115,84,121,112,101,41,48,120,49,55,41,0
000009ce 5241505f 
000009d2 505f4d41 
000009d6 544e494f 
000009da 28205245 
000009de 61745328 
000009e2 54737574 
000009e6 29657079 
000009ea 37317830 
000009ee 0029 
000009f0 01          821 	.data.b	1
000009f1 67          822 	.data.b	103
000009f2 534f5f45    823 	.data.b	69,95,79,83,95,83,89,83,95,78,79,95,66,65,82,82,73,69,82,95,80,65,82,84,73,67,73,80,65,78,84,32,40,40,83,116,97,116,117,115,84,121,112,101,41,48,120,70,50,41,0
000009f6 5359535f 
000009fa 5f4f4e5f 
000009fe 52524142 
00000a02 5f524549 
00000a06 54524150 
00000a0a 50494349 
00000a0e 20544e41 
00000a12 74532828 
00000a16 73757461 
00000a1a 65707954 
00000a1e 46783029 
00000a22 002932 
00000a25 01          824 	.data.b	1
00000a26 6a          825 	.data.b	106
00000a27 534f5f45    826 	.data.b	69,95,79,83,95,83,89,83,95,85,78,73,77,80,76,69,77,69,78,84,69,68,95,70,85,78,67,84,73,79,78,65,76,73,84,89,32,40,40,83,116,97,116,117,115,84,121,112,101,41,48,120,70,51,41,0
00000a2b 5359535f 
00000a2f 494e555f 

                                                                      Page 31
                                                              C:\Users\Fengyuan\AppData\Local\Temp\gh_00010b81.s
00000a33 454c504d 
00000a37 544e454d 
00000a3b 465f4445 
00000a3f 54434e55 
00000a43 414e4f49 
00000a47 5954494c 
00000a4b 53282820 
00000a4f 75746174 
00000a53 70795473 
00000a57 78302965 
00000a5b 00293346 
00000a5f 01          827 	.data.b	1
00000a60 6c          828 	.data.b	108
00000a61 534f5f45    829 	.data.b	69,95,79,83,95,83,89,83,95,78,79,95,78,84,70,83,84,65,67,75,32,40,40,83,116,97,116,117,115,84,121,112,101,41,48,120,70,52,41,0
00000a65 5359535f 
00000a69 5f4f4e5f 
00000a6d 5346544e 
00000a71 4b434154 
00000a75 53282820 
00000a79 75746174 
00000a7d 70795473 
00000a81 78302965 
00000a85 00293446 
00000a89 01          830 	.data.b	1
00000a8a 6e          831 	.data.b	110
00000a8b 534f5f45    832 	.data.b	69,95,79,83,95,83,89,83,95,79,86,69,82,70,76,79,87,32,40,40,83,116,97,116,117,115,84,121,112,101,41,48,120,70,53,41,0
00000a8f 5359535f 
00000a93 45564f5f 
00000a97 4f4c4652 
00000a9b 28282057 
00000a9f 74617453 
00000aa3 79547375 
00000aa7 30296570 
00000aab 29354678 
00000aaf 00 
00000ab0 01          833 	.data.b	1
00000ab1 70          834 	.data.b	112
00000ab2 534f5f45    835 	.data.b	69,95,79,83,95,83,89,83,95,75,73,76,76,95,75,69,82,78,69,76,95,79,66,74,32,40,40,83,116,97,116,117,115,84,121,112,101,41,48,120,70,54,41,0
00000ab6 5359535f 
00000aba 4c494b5f 
00000abe 454b5f4c 
00000ac2 4c454e52 
00000ac6 4a424f5f 
00000aca 53282820 
00000ace 75746174 
00000ad2 70795473 
00000ad6 78302965 
00000ada 00293646 
00000ade 01          836 	.data.b	1
00000adf 72          837 	.data.b	114
00000ae0 534f5f45    838 	.data.b	69,95,79,83,95,83,89,83,95,78,79,95,82,69,83,84,65,82,84,84,65,83,75,32,40,40,83,116,97,116,117,115,84,121,112,101,41,48,120,70,55,41,0
00000ae4 5359535f 
00000ae8 5f4f4e5f 
00000aec 54534552 
00000af0 54545241 
00000af4 204b5341 
00000af8 74532828 
00000afc 73757461 
00000b00 65707954 
00000b04 46783029 
00000b08 002937 

                                                                      Page 32
                                                              C:\Users\Fengyuan\AppData\Local\Temp\gh_00010b81.s
00000b0b 01          839 	.data.b	1
00000b0c 74          840 	.data.b	116
00000b0d 534f5f45    841 	.data.b	69,95,79,83,95,83,89,83,95,67,65,76,76,95,78,79,84,95,65,76,76,79,87,69,68,32,40,40,83,116,97,116,117,115,84,121,112,101,41,48,120,70,56,41,0
00000b11 5359535f 
00000b15 4c41435f 
00000b19 4f4e5f4c 
00000b1d 4c415f54 
00000b21 45574f4c 
00000b25 28282044 
00000b29 74617453 
00000b2d 79547375 
00000b31 30296570 
00000b35 29384678 
00000b39 00 
00000b3a 01          842 	.data.b	1
00000b3b 76          843 	.data.b	118
00000b3c 534f5f45    844 	.data.b	69,95,79,83,95,83,89,83,95,70,85,78,67,84,73,79,78,95,85,78,65,86,65,73,76,65,66,76,69,32,40,40,83,116,97,116,117,115,84,121,112,101,41,48,120,70,57,41,0
00000b40 5359535f 
00000b44 4e55465f 
00000b48 4f495443 
00000b4c 4e555f4e 
00000b50 49415641 
00000b54 4c42414c 
00000b58 28282045 
00000b5c 74617453 
00000b60 79547375 
00000b64 30296570 
00000b68 29394678 
00000b6c 00 
00000b6d 01          845 	.data.b	1
00000b6e 78          846 	.data.b	120
00000b6f 534f5f45    847 	.data.b	69,95,79,83,95,83,89,83,95,80,82,79,84,69,67,84,73,79,78,95,83,89,83,67,65,76,76,32,40,40,83,116,97,116,117,115,84,121,112,101,41,48,120,70,65,41,0
00000b73 5359535f 
00000b77 4f52505f 
00000b7b 54434554 
00000b7f 5f4e4f49 
00000b83 43535953 
00000b87 204c4c41 
00000b8b 74532828 
00000b8f 73757461 
00000b93 65707954 
00000b97 46783029 
00000b9b 002941 
00000b9e 01          848 	.data.b	1
00000b9f 7a          849 	.data.b	122
00000ba0 534f5f45    850 	.data.b	69,95,79,83,95,83,89,83,95,80,82,79,84,69,67,84,73,79,78,95,73,82,81,32,40,40,83,116,97,116,117,115,84,121,112,101,41,48,120,70,66,41,0
00000ba4 5359535f 
00000ba8 4f52505f 
00000bac 54434554 
00000bb0 5f4e4f49 
00000bb4 20515249 
00000bb8 74532828 
00000bbc 73757461 
00000bc0 65707954 
00000bc4 46783029 
00000bc8 002942 
00000bcb 01          851 	.data.b	1
00000bcc 7c          852 	.data.b	124
00000bcd 534f5f45    853 	.data.b	69,95,79,83,95,83,89,83,95,65,80,73,95,69,82,82,79,82,32,40,40,83,116,97,116,117,115,84,121,112,101,41,48,120,70,67,41,0
00000bd1 5359535f 
00000bd5 4950415f 

                                                                      Page 33
                                                              C:\Users\Fengyuan\AppData\Local\Temp\gh_00010b81.s
00000bd9 5252455f 
00000bdd 2820524f 
00000be1 61745328 
00000be5 54737574 
00000be9 29657079 
00000bed 43467830 
00000bf1 0029 
00000bf3 01          854 	.data.b	1
00000bf4 7e          855 	.data.b	126
00000bf5 534f5f45    856 	.data.b	69,95,79,83,95,83,89,83,95,65,83,83,69,82,84,73,79,78,32,40,40,83,116,97,116,117,115,84,121,112,101,41,48,120,70,68,41,0
00000bf9 5359535f 
00000bfd 5353415f 
00000c01 49545245 
00000c05 28204e4f 
00000c09 61745328 
00000c0d 54737574 
00000c11 29657079 
00000c15 44467830 
00000c19 0029 
00000c1b 01          857 	.data.b	1
00000c1c 0180        858 	.data.b	128,1
00000c1e 534f5f45    859 	.data.b	69,95,79,83,95,83,89,83,95,79,86,69,82,76,79,65,68,32,40,40,83,116,97,116,117,115,84,121,112,101,41,48,120,70,69,41,0
00000c22 5359535f 
00000c26 45564f5f 
00000c2a 414f4c52 
00000c2e 28282044 
00000c32 74617453 
00000c36 79547375 
00000c3a 30296570 
00000c3e 29454678 
00000c42 00 
00000c43 01          860 	.data.b	1
00000c44 01bd        861 	.data.b	189,1
00000c46 535f534f    862 	.data.b	79,83,95,83,84,65,84,85,83,95,84,89,80,69,95,86,65,82,73,65,78,84,40,83,116,97,116,117,115,44,86,97,114,105,97,110,116,41,32,40,40,117,105,110,116,51,50,41,32,40,40,40,117,105,110,116,51,50,41,40
00000c4a 55544154 
00000c4e 59545f53 
00000c52 565f4550 
00000c56 41495241 
00000c5a 5328544e 
00000c5e 75746174 
00000c62 61562c73 
00000c66 6e616972 
00000c6a 28202974 
00000c6e 6e697528 
00000c72 29323374 
00000c76 28282820 
00000c7a 746e6975 
00000c7e 28293233 
00000c82 69726156    863 	.data.b	86,97,114,105,97,110,116,41,41,32,60,60,32,40,115,105,122,101,111,102,40,83,116,97,116,117,115,84,121,112,101,41,42,56,41,41,32,124,32,40,117,105,110,116,51,50,41,40,83,116,97,116,117,115,41,41,0
00000c86 29746e61 
00000c8a 3c3c2029 
00000c8e 69732820 
00000c92 666f657a 
00000c96 61745328 
00000c9a 54737574 
00000c9e 29657079 
00000ca2 2929382a 
00000ca6 28207c20 
00000caa 746e6975 
00000cae 28293233 
00000cb2 74617453 

                                                                      Page 34
                                                              C:\Users\Fengyuan\AppData\Local\Temp\gh_00010b81.s
00000cb6 29297375 
00000cba 00 
00000cbb 04          864 	.data.b	4
00000cbc 03          865 	.data.b	3
00000cbd 2d          866 	.data.b	45
00000cbe 13          867 	.data.b	19
00000cbf 04          868 	.data.b	4
00000cc0 03          869 	.data.b	3
00000cc1 32          870 	.data.b	50
00000cc2 15          871 	.data.b	21
00000cc3 03          872 	.data.b	3
00000cc4 2b          873 	.data.b	43
00000cc5 0c          874 	.data.b	12
00000cc6 04          875 	.data.b	4
00000cc7 01          876 	.data.b	1
00000cc8 37          877 	.data.b	55
00000cc9 435f534f    878 	.data.b	79,83,95,67,79,82,69,95,73,68,95,48,32,79,83,95,67,79,82,69,95,73,68,95,48,0
00000ccd 5f45524f 
00000cd1 305f4449 
00000cd5 5f534f20 
00000cd9 45524f43 
00000cdd 5f44495f 
00000ce1 0030 
00000ce3 04          879 	.data.b	4
00000ce4 03          880 	.data.b	3
00000ce5 50          881 	.data.b	80
00000ce6 16          882 	.data.b	22
00000ce7 04          883 	.data.b	4
00000ce8 03          884 	.data.b	3
00000ce9 58          885 	.data.b	88
00000cea 16          886 	.data.b	22
00000ceb 04          887 	.data.b	4
00000cec 03          888 	.data.b	3
00000ced 5c          889 	.data.b	92
00000cee 16          890 	.data.b	22
00000cef 04          891 	.data.b	4
00000cf0 03          892 	.data.b	3
00000cf1 64          893 	.data.b	100
00000cf2 16          894 	.data.b	22
00000cf3 04          895 	.data.b	4
00000cf4 03          896 	.data.b	3
00000cf5 68          897 	.data.b	104
00000cf6 16          898 	.data.b	22
00000cf7 04          899 	.data.b	4
00000cf8 03          900 	.data.b	3
00000cf9 70          901 	.data.b	112
00000cfa 16          902 	.data.b	22
00000cfb 04          903 	.data.b	4
00000cfc 03          904 	.data.b	3
00000cfd 74          905 	.data.b	116
00000cfe 16          906 	.data.b	22
00000cff 04          907 	.data.b	4
00000d00 03          908 	.data.b	3
00000d01 7c          909 	.data.b	124
00000d02 16          910 	.data.b	22
00000d03 04          911 	.data.b	4
00000d04 03          912 	.data.b	3
00000d05 0180        913 	.data.b	128,1
00000d07 16          914 	.data.b	22
00000d08 04          915 	.data.b	4
00000d09 03          916 	.data.b	3

                                                                      Page 35
                                                              C:\Users\Fengyuan\AppData\Local\Temp\gh_00010b81.s
00000d0a 0188        917 	.data.b	136,1
00000d0c 16          918 	.data.b	22
00000d0d 04          919 	.data.b	4
00000d0e 04          920 	.data.b	4
00000d0f 03          921 	.data.b	3
00000d10 2d          922 	.data.b	45
00000d11 17          923 	.data.b	23
00000d12 03          924 	.data.b	3
00000d13 2a          925 	.data.b	42
00000d14 18          926 	.data.b	24
00000d15 04          927 	.data.b	4
00000d16 03          928 	.data.b	3
00000d17 2d          929 	.data.b	45
00000d18 11          930 	.data.b	17
00000d19 04          931 	.data.b	4
00000d1a 04          932 	.data.b	4
00000d1b 03          933 	.data.b	3
00000d1c 02e4        934 	.data.b	228,2
00000d1e 16          935 	.data.b	22
00000d1f 04          936 	.data.b	4
00000d20 03          937 	.data.b	3
00000d21 02fd        938 	.data.b	253,2
00000d23 16          939 	.data.b	22
00000d24 04          940 	.data.b	4
00000d25 03          941 	.data.b	3
00000d26 03e0        942 	.data.b	224,3
00000d28 16          943 	.data.b	22
00000d29 04          944 	.data.b	4
00000d2a 03          945 	.data.b	3
00000d2b 03f4        946 	.data.b	244,3
00000d2d 16          947 	.data.b	22
00000d2e 04          948 	.data.b	4
00000d2f 04          949 	.data.b	4
00000d30 03          950 	.data.b	3
00000d31 2d          951 	.data.b	45
00000d32 19          952 	.data.b	25
00000d33 03          953 	.data.b	3
00000d34 2a          954 	.data.b	42
00000d35 0f          955 	.data.b	15
00000d36 04          956 	.data.b	4
00000d37 04          957 	.data.b	4
00000d38 01          958 	.data.b	1
00000d39 018c        959 	.data.b	140,1
00000d3b 535f534f    960 	.data.b	79,83,95,83,84,65,82,84,95,83,69,67,95,67,79,68,69,32,0
00000d3f 54524154 
00000d43 4345535f 
00000d47 444f435f 
00000d4b 002045 
00000d4e 03          961 	.data.b	3
00000d4f 018d        962 	.data.b	141,1
00000d51 1a          963 	.data.b	26
00000d52 01          964 	.data.b	1
00000d53 24          965 	.data.b	36
00000d54 4d4d454d    966 	.data.b	77,69,77,77,65,80,95,69,82,82,79,82,32,0
00000d58 455f5041 
00000d5c 524f5252 
00000d60 0020 
00000d62 03          967 	.data.b	3
00000d63 26          968 	.data.b	38
00000d64 1b          969 	.data.b	27
00000d65 01          970 	.data.b	1

                                                                      Page 36
                                                              C:\Users\Fengyuan\AppData\Local\Temp\gh_00010b81.s
00000d66 26          971 	.data.b	38
00000d67 4d5f534f    972 	.data.b	79,83,95,77,69,77,77,65,80,95,83,69,67,84,73,79,78,95,79,80,69,78,32,0
00000d6b 414d4d45 
00000d6f 45535f50 
00000d73 4f495443 
00000d77 504f5f4e 
00000d7b 00204e45 
00000d7f 01          973 	.data.b	1
00000d80 27          974 	.data.b	39
00000d81 435f534f    975 	.data.b	79,83,95,67,79,68,69,95,79,80,69,78,32,0
00000d85 5f45444f 
00000d89 4e45504f 
00000d8d 0020 
00000d8f 04          976 	.data.b	4
00000d90 04          977 	.data.b	4
00000d91 01          978 	.data.b	1
00000d92 0191        979 	.data.b	145,1
00000d94 535f534f    980 	.data.b	79,83,95,83,84,79,80,95,83,69,67,95,67,79,68,69,32,0
00000d98 5f504f54 
00000d9c 5f434553 
00000da0 45444f43 
00000da4 0020 
00000da6 03          981 	.data.b	3
00000da7 0192        982 	.data.b	146,1
00000da9 1a          983 	.data.b	26
00000daa 01          984 	.data.b	1
00000dab 24          985 	.data.b	36
00000dac 4d4d454d    986 	.data.b	77,69,77,77,65,80,95,69,82,82,79,82,32,0
00000db0 455f5041 
00000db4 524f5252 
00000db8 0020 
00000dba 03          987 	.data.b	3
00000dbb 26          988 	.data.b	38
00000dbc 1b          989 	.data.b	27
00000dbd 04          990 	.data.b	4
00000dbe 04          991 	.data.b	4
00000dbf 04          992 	.data.b	4
00000dc0 03          993 	.data.b	3
00000dc1 36          994 	.data.b	54
00000dc2 1c          995 	.data.b	28
00000dc3 03          996 	.data.b	3
00000dc4 25          997 	.data.b	37
00000dc5 1d          998 	.data.b	29
00000dc6 03          999 	.data.b	3
00000dc7 2b         1000 	.data.b	43
00000dc8 0c         1001 	.data.b	12
00000dc9 04         1002 	.data.b	4
00000dca 03         1003 	.data.b	3
00000dcb 35         1004 	.data.b	53
00000dcc 1e         1005 	.data.b	30
00000dcd 04         1006 	.data.b	4
00000dce 04         1007 	.data.b	4
00000dcf 04         1008 	.data.b	4
00000dd0 03         1009 	.data.b	3
00000dd1 3c         1010 	.data.b	60
00000dd2 1f         1011 	.data.b	31
00000dd3 03         1012 	.data.b	3
00000dd4 38         1013 	.data.b	56
00000dd5 20         1014 	.data.b	32
00000dd6 03         1015 	.data.b	3
00000dd7 05         1016 	.data.b	5

                                                                      Page 37
                                                              C:\Users\Fengyuan\AppData\Local\Temp\gh_00010b81.s
00000dd8 21         1017 	.data.b	33
00000dd9 01         1018 	.data.b	1
00000dda 0f         1019 	.data.b	15
00000ddb 52415f5f   1020 	.data.b	95,95,65,82,77,80,85,82,69,83,65,70,69,32,95,95,97,116,116,114,105,98,117,116,101,95,95,40,40,99,111,110,115,116,44,112,117,114,101,41,41,0
00000ddf 5255504d 
00000de3 46415345 
00000de7 5f5f2045 
00000deb 72747461 
00000def 74756269 
00000df3 285f5f65 
00000df7 6e6f6328 
00000dfb 702c7473 
00000dff 29657275 
00000e03 0029 
00000e05 04         1021 	.data.b	4
00000e06 03         1022 	.data.b	3
00000e07 09         1023 	.data.b	9
00000e08 22         1024 	.data.b	34
00000e09 04         1025 	.data.b	4
00000e0a 03         1026 	.data.b	3
00000e0b 1a         1027 	.data.b	26
00000e0c 23         1028 	.data.b	35
00000e0d 04         1029 	.data.b	4
00000e0e 03         1030 	.data.b	3
00000e0f 1f         1031 	.data.b	31
00000e10 24         1032 	.data.b	36
00000e11 04         1033 	.data.b	4
00000e12 03         1034 	.data.b	3
00000e13 01a3       1035 	.data.b	163,1
00000e15 25         1036 	.data.b	37
00000e16 01         1037 	.data.b	1
00000e17 11         1038 	.data.b	17
00000e18 4454535f   1039 	.data.b	95,83,84,68,68,69,70,95,72,32,0
00000e1c 5f464544 
00000e20 002048 
00000e23 03         1040 	.data.b	3
00000e24 13         1041 	.data.b	19
00000e25 26         1042 	.data.b	38
00000e26 04         1043 	.data.b	4
00000e27 03         1044 	.data.b	3
00000e28 14         1045 	.data.b	20
00000e29 27         1046 	.data.b	39
00000e2a 01         1047 	.data.b	1
00000e2b 2c         1048 	.data.b	44
00000e2c 43575f5f   1049 	.data.b	95,95,87,67,72,65,82,95,84,89,80,69,95,95,32,117,110,115,105,103,110,101,100,32,115,104,111,114,116,0
00000e30 5f524148 
00000e34 45505954 
00000e38 75205f5f 
00000e3c 6769736e 
00000e40 2064656e 
00000e44 726f6873 
00000e48 0074 
00000e4a 04         1050 	.data.b	4
00000e4b 04         1051 	.data.b	4
00000e4c 04         1052 	.data.b	4
00000e4d 03         1053 	.data.b	3
00000e4e 3c         1054 	.data.b	60
00000e4f 28         1055 	.data.b	40
00000e50 01         1056 	.data.b	1
00000e51 33         1057 	.data.b	51
00000e52 435f534f   1058 	.data.b	79,83,95,67,70,71,95,84,72,82,69,65,68,95,70,80,85,95,67,79,78,84,69,88,84,95,69,78,65,66,76,69,68,32,40,83,84,68,95,79,70,70,41,0

                                                                      Page 38
                                                              C:\Users\Fengyuan\AppData\Local\Temp\gh_00010b81.s
00000e56 545f4746 
00000e5a 41455248 
00000e5e 50465f44 
00000e62 4f435f55 
00000e66 5845544e 
00000e6a 4e455f54 
00000e6e 454c4241 
00000e72 53282044 
00000e76 4f5f4454 
00000e7a 00294646 
00000e7e 04         1059 	.data.b	4
00000e7f 03         1060 	.data.b	3
00000e80 3d         1061 	.data.b	61
00000e81 29         1062 	.data.b	41
00000e82 04         1063 	.data.b	4
00000e83 03         1064 	.data.b	3
00000e84 3e         1065 	.data.b	62
00000e85 2a         1066 	.data.b	42
00000e86 01         1067 	.data.b	1
00000e87 2c         1068 	.data.b	44
00000e88 435f534f   1069 	.data.b	79,83,95,67,70,71,95,72,65,76,95,71,76,79,66,65,76,95,68,73,83,65,66,76,69,95,76,69,86,69,76,32,40,51,50,41,0
00000e8c 485f4746 
00000e90 475f4c41 
00000e94 41424f4c 
00000e98 49445f4c 
00000e9c 4c424153 
00000ea0 454c5f45 
00000ea4 204c4556 
00000ea8 29323328 
00000eac 00 
00000ead 04         1070 	.data.b	4
00000eae 01         1071 	.data.b	1
00000eaf 0187       1072 	.data.b	135,1
00000eb1 415f534f   1073 	.data.b	79,83,95,65,76,87,65,89,83,95,73,78,76,73,78,69,32,0
00000eb5 5941574c 
00000eb9 4e495f53 
00000ebd 454e494c 
00000ec1 0020 
00000ec3 01         1074 	.data.b	1
00000ec4 018e       1075 	.data.b	142,1
00000ec6 4e5f534f   1076 	.data.b	79,83,95,78,79,82,69,84,85,82,78,32,95,95,97,116,116,114,105,98,117,116,101,95,95,40,40,110,111,114,101,116,117,114,110,41,41,0
00000eca 5445524f 
00000ece 204e5255 
00000ed2 74615f5f 
00000ed6 62697274 
00000eda 5f657475 
00000ede 6e28285f 
00000ee2 7465726f 
00000ee6 296e7275 
00000eea 0029 
00000eec 01         1077 	.data.b	1
00000eed 0194       1078 	.data.b	148,1
00000eef 465f534f   1079 	.data.b	79,83,95,70,76,65,84,84,69,78,32,0
00000ef3 5454414c 
00000ef7 00204e45 
00000efb 01         1080 	.data.b	1
00000efc 019c       1081 	.data.b	156,1
00000efe 4e5f534f   1082 	.data.b	79,83,95,78,79,83,73,68,69,69,70,70,69,67,84,83,32,0
00000f02 4449534f 
00000f06 46464545 
00000f0a 53544345 

                                                                      Page 39
                                                              C:\Users\Fengyuan\AppData\Local\Temp\gh_00010b81.s
00000f0e 0020 
00000f10 01         1083 	.data.b	1
00000f11 01a5       1084 	.data.b	165,1
00000f13 505f534f   1085 	.data.b	79,83,95,80,85,82,69,32,95,95,97,116,116,114,105,98,117,116,101,95,95,40,40,112,117,114,101,41,41,0
00000f17 20455255 
00000f1b 74615f5f 
00000f1f 62697274 
00000f23 5f657475 
00000f27 7028285f 
00000f2b 29657275 
00000f2f 0029 
00000f31 01         1086 	.data.b	1
00000f32 01ab       1087 	.data.b	171,1
00000f34 4e5f534f   1088 	.data.b	79,83,95,78,65,75,69,68,32,0
00000f38 44454b41 
00000f3c 0020 
00000f3e 04         1089 	.data.b	4
00000f3f 01         1090 	.data.b	1
00000f40 58         1091 	.data.b	88
00000f41 4c5f534f   1092 	.data.b	79,83,95,76,73,75,69,76,89,40,67,79,78,68,73,84,73,79,78,41,32,40,67,79,78,68,73,84,73,79,78,41,0
00000f45 4c454b49 
00000f49 4f432859 
00000f4d 5449444e 
00000f51 294e4f49 
00000f55 4f432820 
00000f59 5449444e 
00000f5d 294e4f49 
00000f61 00 
00000f62 01         1093 	.data.b	1
00000f63 5f         1094 	.data.b	95
00000f64 555f534f   1095 	.data.b	79,83,95,85,78,76,73,75,69,76,89,40,67,79,78,68,73,84,73,79,78,41,32,40,67,79,78,68,73,84,73,79,78,41,0
00000f68 4b494c4e 
00000f6c 28594c45 
00000f70 444e4f43 
00000f74 4f495449 
00000f78 2820294e 
00000f7c 444e4f43 
00000f80 4f495449 
00000f84 00294e 
00000f87 04         1096 	.data.b	4
00000f88 04         1097 	.data.b	4
00000f89 04         1098 	.data.b	4
00000f8a 00         1099 	.data.b	0
                    1100 	.section	.debug_abbrev
00000046 00         1101 	.data.b	0
                    1102 	.section	.debug_info
                    1103 .Ldw_end:
