                                                                      Page 1
                                                              C:\Users\Fengyuan\AppData\Local\Temp\gh_0000jo81.si
Command Line: C:\ghs\comp_201714\asarm.exe -elf -b0 -I../../../bsw/../thirdparty/mcal_s32k/supply/s32k14x_mcal4_2_rtm_hf3_1_0_1/eclipse/plugins/base_ts_t40d2m10i1r0/include -I../../../bsw/../thirdparty/mcal_s32k/supply/s32k14x_mcal4_2_rtm_hf3_1_0_1/eclipse/plugins/dio_ts_t40d2m10i1r0/include -I../../../bsw/../thirdparty/mcal_s32k/supply/s32k14x_mcal4_2_rtm_hf3_1_0_1/eclipse/plugins/mcu_ts_t40d2m10i1r0/include -I../../../bsw/../thirdparty/mcal_s32k/supply/s32k14x_mcal4_2_rtm_hf3_1_0_1/eclipse/plugins/port_ts_t40d2m10i1r0/include -I../../../bsw/../thirdparty/mcal_s32k/supply/s32k14x_mcal4_2_rtm_hf3_1_0_1/eclipse/plugins/spi_ts_t40d2m10i1r0/include -I../../../bsw/_common -I../../../bsw/bswm -I../../../bsw/can -I../../../bsw/canif -I../../../bsw/cansm -I../../../bsw/cantp -I../../../bsw/com -I../../../bsw/comm -I../../../bsw/dcm -I../../../bsw/dem -I../../../bsw/det -I../../../bsw/ecum -I../../../bsw/gendata -I../../../bsw/iohwab -I../../../bsw/mcal_s32k -I../../../bsw/os -I../../../bsw/pdur -I../../../bsw/vstdlib -I./shared/zbrs_armcommon -I./shared/zbrs_asrembeddedruntimesystemcfg5 -I./shared/zbrs_s32arm -Ic:/ghs/comp_201714/ansi -Ic:/ghs/comp_201714/include/arm -Igendata -Igendata/components -Igendata/include -Iinclude -IC:\ghs\comp_201714\lib\thumb2 -cpu=cortexm4 -fpu=soft -dbo=C:\Vector\CBD1800257_D01_S32K1xx\Applications\S32K144_Start_new\Appl\obj\Os_Hal_Compiler_TiInt.dbo -dwarf2 -source=../../../BSW/Os/Os_Hal_Compiler_TiInt.asm -o obj\gh_0000jo81.o -list=lst/Os_Hal_Compiler_TiInt.lst C:\Users\Fengyuan\AppData\Local\Temp\gh_0000jo81.si 
Original File: C:\Users\Fengyuan\AppData\Local\Temp\gh_0000jo81.si
Source File: ../../../BSW/Os/Os_Hal_Compiler_TiInt.asm
Directory: C:\Vector\CBD1800257_D01_S32K1xx\Applications\S32K144_Start_new\Appl
Host OS: Windows
EASE: Copyright (C) 1983-2016 Green Hills Software.  All Rights Reserved.
Release: Compiler v2017.1.4
Build Directory: [Directory] COMP-VAL-WIN47:l:/compiler/release-branch-2017-1-comp/build/v2017.1-2017-04-09/win32-comp-ecom
Revision: [VCInfo] http://toolsvc/branches/release-branch-2017-1-comp/src@589570 (built by auto-compiler)
Revision Date: Mon Apr 10 10:52:57 2017

Release Date: Mon Apr 10 08:00:05 2017

                       0 #line 1 "../../../BSW/Os/Os_Hal_Compiler_TiInt.asm"
                       1 
                       2 
                       3 
                       4 
                       5 
                       6 
                       7 
                       8 
                       9 
                      10 
                      11 
                      12 
                      13  
                      14 
                      15 
                      16 
                      17 
                      18 
                      19 
                      20 
                      21 
                      22  
                      23 
                      24 
                      25 
                      26 
                      27 
                      28  
                      29 
                      30 
                      31 
                      32 
                      33 
                      34 
                      35 
                      36 
                      37 
                      38 
                      39 
                      40 
                      41  
                       0 #line 1 "gendata\\Os_Hal_Interrupt_Cfg.h"
                       1 
                       2 
                       3 
                       4 
                       5 
                       6 
                       7 

                                                                      Page 2
                                                              C:\Users\Fengyuan\AppData\Local\Temp\gh_0000jo81.si
                       8 
                       9 
                      10 
                      11 
                      12 
                      13 
                      14 
                      15 
                      16 
                      17 
                      18 
                      19 
                      20 
                      21 
                      22 
                      23 
                      24 
                      25 
                      26 
                      27 
                      28 
                      29 
                      30  
                      31 
                      32 
                      33 
                      34 
                      35 
                      36 
                      37  
                      38 
                      39 
                      40 
                      41  
                      42 
                      43  
                      44 
                      45 
                      46  
                      47 
                      48 
                      49  
                      50 
                      51 
                      52 
                      53 
                      54 
                      55  
                      56 
                      57 
                      58 
                      59 
                      60 
                      61 
                      62  
                      42 #line 43 "../../../BSW/Os/Os_Hal_Compiler_TiInt.asm"
                       0 #line 1 "gendata\\Os_Hal_Entry_Cfg.h"
                       1 
                       2 
                       3 
                       4 

                                                                      Page 3
                                                              C:\Users\Fengyuan\AppData\Local\Temp\gh_0000jo81.si
                       5 
                       6 
                       7 
                       8 
                       9 
                      10 
                      11 
                      12 
                      13 
                      14 
                      15 
                      16 
                      17 
                      18 
                      19 
                      20 
                      21 
                      22 
                      23 
                      24 
                      25 
                      26 
                      27 
                      28 
                      29 
                      30  
                      31 
                      32 
                      33 
                      34 
                      35 
                      36 
                      37  
                      38 
                      39 
                      40 
                      41  
                      42 
                      43 
                      44 
                      45 
                      46 
                      47 
                      48 
                      49 
                      50  
                      51 
                      52 
                      53 
                      54 
                      55 
                      56 
                      57  
                      43 #line 44 "../../../BSW/Os/Os_Hal_Compiler_TiInt.asm"
                       0 #line 1 "../../../BSW/Os/Os_Hal_CompilerInt.inc"
                       1 
                       2 
                       3 
                       4 
                       5 
                       6 

                                                                      Page 4
                                                              C:\Users\Fengyuan\AppData\Local\Temp\gh_0000jo81.si
                       7 
                       8 
                       9 
                      10 
                      11 
                      12 
                      13  
                      14 
                      15 
                      16 
                      17 
                      18 
                      19 
                      20 
                      21 
                      22 
                      23 
                      24 
                      25 
                      26 
                      27 
                      28 
                      29 
                      30 
                      31 
                      32 
                      33 
                      34  
                      35 
                      36 
                      37 
                      38 
                      39 
                      40  
                      41 
                      42 
                      43 
                      44 
                      45 
                      46 
                      47  
                       0 #line 1 "gendata\\Os_Cfg.h"
                       1 
                       2 
                       3 
                       4 
                       5 
                       6 
                       7 
                       8 
                       9 
                      10 
                      11 
                      12 
                      13 
                      14 
                      15 
                      16 
                      17 
                      18 
                      19 

                                                                      Page 5
                                                              C:\Users\Fengyuan\AppData\Local\Temp\gh_0000jo81.si
                      20 
                      21 
                      22 
                      23 
                      24 
                      25 
                      26 
                      27 
                      28 
                      29 
                      30  
                      31 
                      32 
                      33 
                      34 
                      35 
                      36 
                      37  
                      38 
                      39  
                      40 
                      41  
                      42 
                      43  
                      44 
                      45  
                       0 #line 1 "gendata\\Os_Hal_Cfg.h"
                       1 
                       2 
                       3 
                       4 
                       5 
                       6 
                       7 
                       8 
                       9 
                      10 
                      11 
                      12 
                      13 
                      14 
                      15 
                      16 
                      17 
                      18 
                      19 
                      20 
                      21 
                      22 
                      23 
                      24 
                      25 
                      26 
                      27 
                      28 
                      29 
                      30  
                      31 
                      32 
                      33 
                      34 

                                                                      Page 6
                                                              C:\Users\Fengyuan\AppData\Local\Temp\gh_0000jo81.si
                      35 
                      36 
                      37  
                      38 
                      39 
                      40 
                      41  
                      42 
                      43  
                      44 
                      45 
                      46  
                      47 
                      48 
                      49  
                      50 
                      51 
                      52 
                      53 
                      54 
                      55 
                      56 
                      57 
                      58 
                      59  
                      60 
                      61  
                      62 
                      63 
                      64 
                      65 
                      66 
                      67  
                      68 
                      69 
                      70 
                      71 
                      72 
                      73  
                      74 
                      75  
                      76 
                      77 
                      78  
                      79 
                      80  
                      81 
                      82 
                      83  
                      84 
                      85  
                      86 
                      87 
                      88  
                      89 
                      90  
                      91 
                      92 
                      93 
                      94 
                      95 

                                                                      Page 7
                                                              C:\Users\Fengyuan\AppData\Local\Temp\gh_0000jo81.si
                      96 
                      97 
                      98 
                      99 
                     100 
                     101  
                     102 
                     103 
                     104 
                     105 
                     106 
                     107 
                     108  
                      46 #line 47 "gendata\\Os_Cfg.h"
                      47 
                      48 
                      49 
                      50 
                      51  
                      52 
                      53  
                      54 
                      55 
                      56  
                      57 
                      58 
                      59  
                      60 
                      61 
                      62  
                      63 
                      64 
                      65  
                      66 
                      67 
                      68  
                      69 
                      70 
                      71  
                      72 
                      73 
                      74  
                      75 
                      76 
                      77  
                      78 
                      79 
                      80  
                      81 
                      82 
                      83  
                      84 
                      85 
                      86  
                      87 
                      88 
                      89  
                      90 
                      91 
                      92  
                      93 

                                                                      Page 8
                                                              C:\Users\Fengyuan\AppData\Local\Temp\gh_0000jo81.si
                      94 
                      95  
                      96 
                      97 
                      98  
                      99 
                     100 
                     101  
                     102 
                     103 
                     104 
                     105 
                     106 
                     107  
                     108 
                     109 
                     110 
                     111 
                     112 
                     113 
                     114  
                     115 
                     116 
                     117 
                     118  
                     119 
                     120 
                     121 
                     122 
                     123 
                     124 
                     125  
                      48 #line 49 "../../../BSW/Os/Os_Hal_CompilerInt.inc"
                      49 
                       0 #line 1 "../../../BSW/Os/Os_Hal_Compiler_GreenhillsInt.inc"
                       1 
                       2 
                       3 
                       4 
                       5 
                       6 
                       7 
                       8 
                       9 
                      10 
                      11 
                      12 
                      13  
                      14 
                      15 
                      16 
                      17 
                      18 
                      19 
                      20 
                      21  
                      22 
                      23 
                      24 
                      25 
                      26 

                                                                      Page 9
                                                              C:\Users\Fengyuan\AppData\Local\Temp\gh_0000jo81.si
                      27  
                      28 
                      29 
                      30 
                      31 
                      32 
                      33 
                      34  
                      35 
                      36 
                      37 
                      38  
                      39 
                      40 
                      41 
                      42  
                      43 
                      44 
                      45 
                      46  
                      47 
                      48 
                      49 
                      50  
                      51 
                      52 
                      53 
                      54  
                      55 
                      56 
                      57 
                      58  
                      59 
                      60 
                      61 
                      62  
                      63 
                      64 
                      65 
                      66 
                      67 
                      68 
                      69  
                      70 
                      71 
                      72 
                      73 
                      74  
                      75 
                      76 
                      77 
                      78 
                      79  
                      80 
                      81 
                      82 
                      83  
                      84 
                      85 
                      86 
                      87  

                                                                      Page 10
                                                              C:\Users\Fengyuan\AppData\Local\Temp\gh_0000jo81.si
                      88 
                      89 
                      90 
                      91  
                      92 
                      93 
                      94 
                      95  
                      96 
                      97 
                      98 
                      99  
                     100 
                     101 
                     102 
                     103  
                     104 
                     105 
                     106 
                     107  
                     108 
                     109 
                     110 
                     111  
                     112 
                     113 
                     114 
                     115  
                     116 .macro Os_Hal_Asm_Load_Register_Immediate Register, Immediate
                     117   ldr Register, =Immediate
                     118   .endm
                     119 
                     120 
                     121  
                     122 .macro Os_Hal_Asm_Load_Register_Label Register, Label
                     123   ldr Register, =Label
                     124   .endm
                     125 
                     126 
                     127  
                     128 
                     129 
                     130 
                     131  
                     132 
                     133 
                     134 
                     135  
                     136 
                     137 
                     138 
                     139 
                     140 
                     141 
                     142 
                     143  
                     144 
                     145 
                     146 
                     147  
                      51 #line 52 "../../../BSW/Os/Os_Hal_CompilerInt.inc"

                                                                      Page 11
                                                              C:\Users\Fengyuan\AppData\Local\Temp\gh_0000jo81.si
                      52 
                      53 
                      54 
                      55 
                      56 
                      57 
                      58 
                      59 
                      60 
                      61 
                      62 
                      63 
                      64 
                      65 
                      66 
                      67 
                      68 
                      69  
                      70 
                      71 
                      72 
                      73  
                      44 #line 45 "../../../BSW/Os/Os_Hal_Compiler_TiInt.asm"
                      45 
                      46 
                     138 #line 139
                     139 
                     140 
                     141 
                     142  
                     143 
                     144 
                     145  
                     146 
                     147  end
